[0.196s] Invoking command in '/home/husarion/uros_ws/build/drive_base_msgs': CMAKE_PREFIX_PATH=${CMAKE_PREFIX_PATH}:/home/husarion/ROS2swarm/install/thymio_driver:/home/husarion/ROS2swarm/install/ros2swarm:/home/husarion/ROS2swarm/install/launch_gazebo:/opt/ros/foxy /usr/bin/cmake --build /home/husarion/uros_ws/build/drive_base_msgs -- -j4 -l4
[0.605s] [  1%] Built target drive_base_msgs__cpp
[0.637s] [ 12%] Built target drive_base_msgs__rosidl_generator_c
[0.868s] [ 23%] Built target drive_base_msgs__rosidl_typesupport_introspection_cpp
[0.895s] [ 34%] Built target drive_base_msgs__rosidl_typesupport_cpp
[0.916s] [ 45%] Built target drive_base_msgs__rosidl_typesupport_fastrtps_cpp
[0.930s] [ 56%] Built target drive_base_msgs__rosidl_typesupport_introspection_c
[1.242s] [ 67%] Built target drive_base_msgs__rosidl_typesupport_c
[1.243s] [ 78%] Built target drive_base_msgs__rosidl_typesupport_fastrtps_c
[1.355s] [ 78%] Built target drive_base_msgs
[1.501s] [ 80%] Built target drive_base_msgs__py
[1.666s] [ 89%] Built target drive_base_msgs__python
[1.900s] [ 92%] Built target drive_base_msgs__rosidl_typesupport_fastrtps_c__pyext
[1.917s] [ 96%] Built target drive_base_msgs__rosidl_typesupport_c__pyext
[1.934s] [100%] Built target drive_base_msgs__rosidl_typesupport_introspection_c__pyext
[1.993s] Invoked command in '/home/husarion/uros_ws/build/drive_base_msgs' returned '0': CMAKE_PREFIX_PATH=${CMAKE_PREFIX_PATH}:/home/husarion/ROS2swarm/install/thymio_driver:/home/husarion/ROS2swarm/install/ros2swarm:/home/husarion/ROS2swarm/install/launch_gazebo:/opt/ros/foxy /usr/bin/cmake --build /home/husarion/uros_ws/build/drive_base_msgs -- -j4 -l4
[2.524s] Invoking command in '/home/husarion/uros_ws/build/drive_base_msgs': CMAKE_PREFIX_PATH=${CMAKE_PREFIX_PATH}:/home/husarion/ROS2swarm/install/thymio_driver:/home/husarion/ROS2swarm/install/ros2swarm:/home/husarion/ROS2swarm/install/launch_gazebo:/opt/ros/foxy /usr/bin/cmake --install /home/husarion/uros_ws/build/drive_base_msgs
[2.581s] -- Install configuration: ""
[2.583s] -- Up-to-date: /home/husarion/uros_ws/install/drive_base_msgs/share/ament_index/resource_index/rosidl_interfaces/drive_base_msgs
[2.585s] -- Up-to-date: /home/husarion/uros_ws/install/drive_base_msgs/include/drive_base_msgs
[2.586s] -- Up-to-date: /home/husarion/uros_ws/install/drive_base_msgs/include/drive_base_msgs/msg
[2.587s] -- Up-to-date: /home/husarion/uros_ws/install/drive_base_msgs/include/drive_base_msgs/msg/detail
[2.588s] -- Up-to-date: /home/husarion/uros_ws/install/drive_base_msgs/include/drive_base_msgs/msg/detail/base_info__functions.c
[2.589s] -- Up-to-date: /home/husarion/uros_ws/install/drive_base_msgs/include/drive_base_msgs/msg/detail/trv_command__type_support.h
[2.590s] -- Up-to-date: /home/husarion/uros_ws/install/drive_base_msgs/include/drive_base_msgs/msg/detail/trv_command__struct.h
[2.590s] -- Up-to-date: /home/husarion/uros_ws/install/drive_base_msgs/include/drive_base_msgs/msg/detail/command_status__type_support.h
[2.591s] -- Up-to-date: /home/husarion/uros_ws/install/drive_base_msgs/include/drive_base_msgs/msg/detail/trv_command__functions.h
[2.592s] -- Up-to-date: /home/husarion/uros_ws/install/drive_base_msgs/include/drive_base_msgs/msg/detail/command_header__functions.c
[2.593s] -- Up-to-date: /home/husarion/uros_ws/install/drive_base_msgs/include/drive_base_msgs/msg/detail/base_info__struct.h
[2.594s] -- Up-to-date: /home/husarion/uros_ws/install/drive_base_msgs/include/drive_base_msgs/msg/detail/trv_command__functions.c
[2.595s] -- Up-to-date: /home/husarion/uros_ws/install/drive_base_msgs/include/drive_base_msgs/msg/detail/command_header__struct.h
[2.595s] -- Up-to-date: /home/husarion/uros_ws/install/drive_base_msgs/include/drive_base_msgs/msg/detail/base_info__type_support.h
[2.596s] -- Up-to-date: /home/husarion/uros_ws/install/drive_base_msgs/include/drive_base_msgs/msg/detail/command_header__functions.h
[2.597s] -- Up-to-date: /home/husarion/uros_ws/install/drive_base_msgs/include/drive_base_msgs/msg/detail/command_status__functions.c
[2.597s] -- Up-to-date: /home/husarion/uros_ws/install/drive_base_msgs/include/drive_base_msgs/msg/detail/command_header__type_support.h
[2.598s] -- Up-to-date: /home/husarion/uros_ws/install/drive_base_msgs/include/drive_base_msgs/msg/detail/command_status__struct.h
[2.600s] -- Up-to-date: /home/husarion/uros_ws/install/drive_base_msgs/include/drive_base_msgs/msg/detail/command_status__functions.h
[2.601s] -- Up-to-date: /home/husarion/uros_ws/install/drive_base_msgs/include/drive_base_msgs/msg/detail/base_info__functions.h
[2.601s] -- Up-to-date: /home/husarion/uros_ws/install/drive_base_msgs/include/drive_base_msgs/msg/trv_command.h
[2.602s] -- Up-to-date: /home/husarion/uros_ws/install/drive_base_msgs/include/drive_base_msgs/msg/rosidl_generator_c__visibility_control.h
[2.603s] -- Up-to-date: /home/husarion/uros_ws/install/drive_base_msgs/include/drive_base_msgs/msg/command_header.h
[2.603s] -- Up-to-date: /home/husarion/uros_ws/install/drive_base_msgs/include/drive_base_msgs/msg/base_info.h
[2.604s] -- Up-to-date: /home/husarion/uros_ws/install/drive_base_msgs/include/drive_base_msgs/msg/command_status.h
[2.605s] -- Up-to-date: /home/husarion/uros_ws/install/drive_base_msgs/share/drive_base_msgs/environment/library_path.sh
[2.607s] -- Up-to-date: /home/husarion/uros_ws/install/drive_base_msgs/share/drive_base_msgs/environment/library_path.dsv
[2.607s] -- Up-to-date: /home/husarion/uros_ws/install/drive_base_msgs/lib/libdrive_base_msgs__rosidl_generator_c.so
[2.608s] -- Up-to-date: /home/husarion/uros_ws/install/drive_base_msgs/include/drive_base_msgs
[2.609s] -- Up-to-date: /home/husarion/uros_ws/install/drive_base_msgs/include/drive_base_msgs/msg
[2.609s] -- Up-to-date: /home/husarion/uros_ws/install/drive_base_msgs/include/drive_base_msgs/msg/detail
[2.610s] -- Up-to-date: /home/husarion/uros_ws/install/drive_base_msgs/include/drive_base_msgs/msg/detail/trv_command__rosidl_typesupport_fastrtps_c.h
[2.611s] -- Up-to-date: /home/husarion/uros_ws/install/drive_base_msgs/include/drive_base_msgs/msg/detail/command_status__rosidl_typesupport_fastrtps_c.h
[2.611s] -- Up-to-date: /home/husarion/uros_ws/install/drive_base_msgs/include/drive_base_msgs/msg/detail/base_info__rosidl_typesupport_fastrtps_c.h
[2.612s] -- Up-to-date: /home/husarion/uros_ws/install/drive_base_msgs/include/drive_base_msgs/msg/detail/command_header__rosidl_typesupport_fastrtps_c.h
[2.614s] -- Up-to-date: /home/husarion/uros_ws/install/drive_base_msgs/include/drive_base_msgs/msg/rosidl_typesupport_fastrtps_c__visibility_control.h
[2.615s] -- Up-to-date: /home/husarion/uros_ws/install/drive_base_msgs/lib/libdrive_base_msgs__rosidl_typesupport_fastrtps_c.so
[2.617s] -- Up-to-date: /home/husarion/uros_ws/install/drive_base_msgs/include/drive_base_msgs
[2.618s] -- Up-to-date: /home/husarion/uros_ws/install/drive_base_msgs/include/drive_base_msgs/msg
[2.620s] -- Up-to-date: /home/husarion/uros_ws/install/drive_base_msgs/include/drive_base_msgs/msg/detail
[2.621s] -- Up-to-date: /home/husarion/uros_ws/install/drive_base_msgs/include/drive_base_msgs/msg/detail/base_info__rosidl_typesupport_fastrtps_cpp.hpp
[2.621s] -- Up-to-date: /home/husarion/uros_ws/install/drive_base_msgs/include/drive_base_msgs/msg/detail/command_header__rosidl_typesupport_fastrtps_cpp.hpp
[2.622s] -- Up-to-date: /home/husarion/uros_ws/install/drive_base_msgs/include/drive_base_msgs/msg/detail/trv_command__rosidl_typesupport_fastrtps_cpp.hpp
[2.623s] -- Up-to-date: /home/husarion/uros_ws/install/drive_base_msgs/include/drive_base_msgs/msg/detail/dds_fastrtps
[2.623s] -- Up-to-date: /home/husarion/uros_ws/install/drive_base_msgs/include/drive_base_msgs/msg/detail/command_status__rosidl_typesupport_fastrtps_cpp.hpp
[2.624s] -- Up-to-date: /home/husarion/uros_ws/install/drive_base_msgs/include/drive_base_msgs/msg/rosidl_typesupport_fastrtps_cpp__visibility_control.h
[2.624s] -- Up-to-date: /home/husarion/uros_ws/install/drive_base_msgs/lib/libdrive_base_msgs__rosidl_typesupport_fastrtps_cpp.so
[2.625s] -- Up-to-date: /home/husarion/uros_ws/install/drive_base_msgs/include/drive_base_msgs
[2.626s] -- Up-to-date: /home/husarion/uros_ws/install/drive_base_msgs/include/drive_base_msgs/msg
[2.627s] -- Up-to-date: /home/husarion/uros_ws/install/drive_base_msgs/include/drive_base_msgs/msg/rosidl_typesupport_introspection_c__visibility_control.h
[2.627s] -- Up-to-date: /home/husarion/uros_ws/install/drive_base_msgs/include/drive_base_msgs/msg/detail
[2.628s] -- Up-to-date: /home/husarion/uros_ws/install/drive_base_msgs/include/drive_base_msgs/msg/detail/trv_command__rosidl_typesupport_introspection_c.h
[2.629s] -- Up-to-date: /home/husarion/uros_ws/install/drive_base_msgs/include/drive_base_msgs/msg/detail/trv_command__type_support.c
[2.630s] -- Up-to-date: /home/husarion/uros_ws/install/drive_base_msgs/include/drive_base_msgs/msg/detail/base_info__rosidl_typesupport_introspection_c.h
[2.631s] -- Up-to-date: /home/husarion/uros_ws/install/drive_base_msgs/include/drive_base_msgs/msg/detail/command_status__rosidl_typesupport_introspection_c.h
[2.631s] -- Up-to-date: /home/husarion/uros_ws/install/drive_base_msgs/include/drive_base_msgs/msg/detail/command_header__type_support.c
[2.632s] -- Up-to-date: /home/husarion/uros_ws/install/drive_base_msgs/include/drive_base_msgs/msg/detail/base_info__type_support.c
[2.632s] -- Up-to-date: /home/husarion/uros_ws/install/drive_base_msgs/include/drive_base_msgs/msg/detail/command_status__type_support.c
[2.632s] -- Up-to-date: /home/husarion/uros_ws/install/drive_base_msgs/include/drive_base_msgs/msg/detail/command_header__rosidl_typesupport_introspection_c.h
[2.633s] -- Up-to-date: /home/husarion/uros_ws/install/drive_base_msgs/lib/libdrive_base_msgs__rosidl_typesupport_introspection_c.so
[2.633s] -- Up-to-date: /home/husarion/uros_ws/install/drive_base_msgs/lib/libdrive_base_msgs__rosidl_typesupport_c.so
[2.634s] -- Up-to-date: /home/husarion/uros_ws/install/drive_base_msgs/include/drive_base_msgs
[2.635s] -- Up-to-date: /home/husarion/uros_ws/install/drive_base_msgs/include/drive_base_msgs/msg
[2.635s] -- Up-to-date: /home/husarion/uros_ws/install/drive_base_msgs/include/drive_base_msgs/msg/trv_command.hpp
[2.636s] -- Up-to-date: /home/husarion/uros_ws/install/drive_base_msgs/include/drive_base_msgs/msg/detail
[2.636s] -- Up-to-date: /home/husarion/uros_ws/install/drive_base_msgs/include/drive_base_msgs/msg/detail/trv_command__struct.hpp
[2.637s] -- Up-to-date: /home/husarion/uros_ws/install/drive_base_msgs/include/drive_base_msgs/msg/detail/base_info__traits.hpp
[2.637s] -- Up-to-date: /home/husarion/uros_ws/install/drive_base_msgs/include/drive_base_msgs/msg/detail/command_status__traits.hpp
[2.638s] -- Up-to-date: /home/husarion/uros_ws/install/drive_base_msgs/include/drive_base_msgs/msg/detail/trv_command__builder.hpp
[2.639s] -- Up-to-date: /home/husarion/uros_ws/install/drive_base_msgs/include/drive_base_msgs/msg/detail/base_info__struct.hpp
[2.639s] -- Up-to-date: /home/husarion/uros_ws/install/drive_base_msgs/include/drive_base_msgs/msg/detail/command_header__traits.hpp
[2.640s] -- Up-to-date: /home/husarion/uros_ws/install/drive_base_msgs/include/drive_base_msgs/msg/detail/command_status__struct.hpp
[2.640s] -- Up-to-date: /home/husarion/uros_ws/install/drive_base_msgs/include/drive_base_msgs/msg/detail/command_status__builder.hpp
[2.641s] -- Up-to-date: /home/husarion/uros_ws/install/drive_base_msgs/include/drive_base_msgs/msg/detail/trv_command__traits.hpp
[2.642s] -- Up-to-date: /home/husarion/uros_ws/install/drive_base_msgs/include/drive_base_msgs/msg/detail/base_info__builder.hpp
[2.642s] -- Up-to-date: /home/husarion/uros_ws/install/drive_base_msgs/include/drive_base_msgs/msg/detail/command_header__builder.hpp
[2.643s] -- Up-to-date: /home/husarion/uros_ws/install/drive_base_msgs/include/drive_base_msgs/msg/detail/command_header__struct.hpp
[2.643s] -- Up-to-date: /home/husarion/uros_ws/install/drive_base_msgs/include/drive_base_msgs/msg/command_status.hpp
[2.644s] -- Up-to-date: /home/husarion/uros_ws/install/drive_base_msgs/include/drive_base_msgs/msg/command_header.hpp
[2.644s] -- Up-to-date: /home/husarion/uros_ws/install/drive_base_msgs/include/drive_base_msgs/msg/base_info.hpp
[2.645s] -- Up-to-date: /home/husarion/uros_ws/install/drive_base_msgs/include/drive_base_msgs
[2.646s] -- Up-to-date: /home/husarion/uros_ws/install/drive_base_msgs/include/drive_base_msgs/msg
[2.646s] -- Up-to-date: /home/husarion/uros_ws/install/drive_base_msgs/include/drive_base_msgs/msg/detail
[2.647s] -- Up-to-date: /home/husarion/uros_ws/install/drive_base_msgs/include/drive_base_msgs/msg/detail/base_info__rosidl_typesupport_introspection_cpp.hpp
[2.648s] -- Up-to-date: /home/husarion/uros_ws/install/drive_base_msgs/include/drive_base_msgs/msg/detail/trv_command__type_support.cpp
[2.648s] -- Up-to-date: /home/husarion/uros_ws/install/drive_base_msgs/include/drive_base_msgs/msg/detail/base_info__type_support.cpp
[2.649s] -- Up-to-date: /home/husarion/uros_ws/install/drive_base_msgs/include/drive_base_msgs/msg/detail/command_status__type_support.cpp
[2.649s] -- Up-to-date: /home/husarion/uros_ws/install/drive_base_msgs/include/drive_base_msgs/msg/detail/trv_command__rosidl_typesupport_introspection_cpp.hpp
[2.650s] -- Up-to-date: /home/husarion/uros_ws/install/drive_base_msgs/include/drive_base_msgs/msg/detail/command_status__rosidl_typesupport_introspection_cpp.hpp
[2.651s] -- Up-to-date: /home/husarion/uros_ws/install/drive_base_msgs/include/drive_base_msgs/msg/detail/command_header__rosidl_typesupport_introspection_cpp.hpp
[2.651s] -- Up-to-date: /home/husarion/uros_ws/install/drive_base_msgs/include/drive_base_msgs/msg/detail/command_header__type_support.cpp
[2.652s] -- Up-to-date: /home/husarion/uros_ws/install/drive_base_msgs/lib/libdrive_base_msgs__rosidl_typesupport_introspection_cpp.so
[2.652s] -- Up-to-date: /home/husarion/uros_ws/install/drive_base_msgs/lib/libdrive_base_msgs__rosidl_typesupport_cpp.so
[2.653s] -- Up-to-date: /home/husarion/uros_ws/install/drive_base_msgs/share/drive_base_msgs/environment/pythonpath.sh
[2.653s] -- Up-to-date: /home/husarion/uros_ws/install/drive_base_msgs/share/drive_base_msgs/environment/pythonpath.dsv
[2.654s] -- Up-to-date: /home/husarion/uros_ws/install/drive_base_msgs/lib/python3.8/site-packages/drive_base_msgs/__init__.py
[2.886s] -- Up-to-date: /home/husarion/uros_ws/install/drive_base_msgs/lib/python3.8/site-packages/drive_base_msgs/msg
[2.887s] -- Up-to-date: /home/husarion/uros_ws/install/drive_base_msgs/lib/python3.8/site-packages/drive_base_msgs/msg/_command_status.py
[2.887s] -- Up-to-date: /home/husarion/uros_ws/install/drive_base_msgs/lib/python3.8/site-packages/drive_base_msgs/msg/_command_header.py
[2.888s] -- Up-to-date: /home/husarion/uros_ws/install/drive_base_msgs/lib/python3.8/site-packages/drive_base_msgs/msg/_base_info.py
[2.888s] -- Up-to-date: /home/husarion/uros_ws/install/drive_base_msgs/lib/python3.8/site-packages/drive_base_msgs/msg/_trv_command.py
[2.889s] -- Up-to-date: /home/husarion/uros_ws/install/drive_base_msgs/lib/python3.8/site-packages/drive_base_msgs/msg/_base_info_s.c
[2.889s] -- Up-to-date: /home/husarion/uros_ws/install/drive_base_msgs/lib/python3.8/site-packages/drive_base_msgs/msg/_trv_command_s.c
[2.890s] -- Up-to-date: /home/husarion/uros_ws/install/drive_base_msgs/lib/python3.8/site-packages/drive_base_msgs/msg/__init__.py
[2.891s] -- Up-to-date: /home/husarion/uros_ws/install/drive_base_msgs/lib/python3.8/site-packages/drive_base_msgs/msg/_command_status_s.c
[2.891s] -- Up-to-date: /home/husarion/uros_ws/install/drive_base_msgs/lib/python3.8/site-packages/drive_base_msgs/msg/_command_header_s.c
[2.892s] -- Up-to-date: /home/husarion/uros_ws/install/drive_base_msgs/lib/python3.8/site-packages/drive_base_msgs/drive_base_msgs_s__rosidl_typesupport_fastrtps_c.cpython-38-x86_64-linux-gnu.so
[2.896s] -- Up-to-date: /home/husarion/uros_ws/install/drive_base_msgs/lib/python3.8/site-packages/drive_base_msgs/drive_base_msgs_s__rosidl_typesupport_introspection_c.cpython-38-x86_64-linux-gnu.so
[2.902s] -- Up-to-date: /home/husarion/uros_ws/install/drive_base_msgs/lib/python3.8/site-packages/drive_base_msgs/drive_base_msgs_s__rosidl_typesupport_c.cpython-38-x86_64-linux-gnu.so
[2.907s] -- Up-to-date: /home/husarion/uros_ws/install/drive_base_msgs/lib/libdrive_base_msgs__python.so
[2.909s] -- Up-to-date: /home/husarion/uros_ws/install/drive_base_msgs/share/drive_base_msgs/msg/CommandHeader.idl
[2.910s] -- Up-to-date: /home/husarion/uros_ws/install/drive_base_msgs/share/drive_base_msgs/msg/BaseInfo.idl
[2.911s] -- Up-to-date: /home/husarion/uros_ws/install/drive_base_msgs/share/drive_base_msgs/msg/CommandStatus.idl
[2.912s] -- Up-to-date: /home/husarion/uros_ws/install/drive_base_msgs/share/drive_base_msgs/msg/TRVCommand.idl
[2.913s] -- Up-to-date: /home/husarion/uros_ws/install/drive_base_msgs/share/drive_base_msgs/msg/CommandHeader.msg
[2.915s] -- Up-to-date: /home/husarion/uros_ws/install/drive_base_msgs/share/drive_base_msgs/msg/BaseInfo.msg
[2.916s] -- Up-to-date: /home/husarion/uros_ws/install/drive_base_msgs/share/drive_base_msgs/msg/CommandStatus.msg
[2.917s] -- Up-to-date: /home/husarion/uros_ws/install/drive_base_msgs/share/drive_base_msgs/msg/TRVCommand.msg
[2.918s] -- Up-to-date: /home/husarion/uros_ws/install/drive_base_msgs/share/ament_index/resource_index/package_run_dependencies/drive_base_msgs
[2.919s] -- Up-to-date: /home/husarion/uros_ws/install/drive_base_msgs/share/ament_index/resource_index/parent_prefix_path/drive_base_msgs
[2.919s] -- Up-to-date: /home/husarion/uros_ws/install/drive_base_msgs/share/drive_base_msgs/environment/ament_prefix_path.sh
[2.920s] -- Up-to-date: /home/husarion/uros_ws/install/drive_base_msgs/share/drive_base_msgs/environment/ament_prefix_path.dsv
[2.921s] -- Up-to-date: /home/husarion/uros_ws/install/drive_base_msgs/share/drive_base_msgs/environment/path.sh
[2.922s] -- Up-to-date: /home/husarion/uros_ws/install/drive_base_msgs/share/drive_base_msgs/environment/path.dsv
[2.922s] -- Up-to-date: /home/husarion/uros_ws/install/drive_base_msgs/share/drive_base_msgs/local_setup.bash
[2.923s] -- Up-to-date: /home/husarion/uros_ws/install/drive_base_msgs/share/drive_base_msgs/local_setup.sh
[2.924s] -- Up-to-date: /home/husarion/uros_ws/install/drive_base_msgs/share/drive_base_msgs/local_setup.zsh
[2.925s] -- Up-to-date: /home/husarion/uros_ws/install/drive_base_msgs/share/drive_base_msgs/local_setup.dsv
[2.925s] -- Installing: /home/husarion/uros_ws/install/drive_base_msgs/share/drive_base_msgs/package.dsv
[2.926s] -- Up-to-date: /home/husarion/uros_ws/install/drive_base_msgs/share/ament_index/resource_index/packages/drive_base_msgs
[2.927s] -- Up-to-date: /home/husarion/uros_ws/install/drive_base_msgs/share/drive_base_msgs/cmake/drive_base_msgs__rosidl_generator_cExport.cmake
[2.928s] -- Up-to-date: /home/husarion/uros_ws/install/drive_base_msgs/share/drive_base_msgs/cmake/drive_base_msgs__rosidl_generator_cExport-noconfig.cmake
[2.928s] -- Up-to-date: /home/husarion/uros_ws/install/drive_base_msgs/share/drive_base_msgs/cmake/drive_base_msgs__rosidl_typesupport_introspection_cExport.cmake
[2.929s] -- Up-to-date: /home/husarion/uros_ws/install/drive_base_msgs/share/drive_base_msgs/cmake/drive_base_msgs__rosidl_typesupport_introspection_cExport-noconfig.cmake
[2.929s] -- Up-to-date: /home/husarion/uros_ws/install/drive_base_msgs/share/drive_base_msgs/cmake/drive_base_msgs__rosidl_typesupport_cExport.cmake
[2.930s] -- Up-to-date: /home/husarion/uros_ws/install/drive_base_msgs/share/drive_base_msgs/cmake/drive_base_msgs__rosidl_typesupport_cExport-noconfig.cmake
[2.931s] -- Up-to-date: /home/husarion/uros_ws/install/drive_base_msgs/share/drive_base_msgs/cmake/drive_base_msgs__rosidl_generator_cppExport.cmake
[2.933s] -- Up-to-date: /home/husarion/uros_ws/install/drive_base_msgs/share/drive_base_msgs/cmake/drive_base_msgs__rosidl_typesupport_introspection_cppExport.cmake
[2.934s] -- Up-to-date: /home/husarion/uros_ws/install/drive_base_msgs/share/drive_base_msgs/cmake/drive_base_msgs__rosidl_typesupport_introspection_cppExport-noconfig.cmake
[2.937s] -- Up-to-date: /home/husarion/uros_ws/install/drive_base_msgs/share/drive_base_msgs/cmake/drive_base_msgs__rosidl_typesupport_cppExport.cmake
[2.938s] -- Up-to-date: /home/husarion/uros_ws/install/drive_base_msgs/share/drive_base_msgs/cmake/drive_base_msgs__rosidl_typesupport_cppExport-noconfig.cmake
[2.939s] -- Up-to-date: /home/husarion/uros_ws/install/drive_base_msgs/share/drive_base_msgs/cmake/rosidl_cmake-extras.cmake
[2.941s] -- Up-to-date: /home/husarion/uros_ws/install/drive_base_msgs/share/drive_base_msgs/cmake/ament_cmake_export_dependencies-extras.cmake
[2.941s] -- Up-to-date: /home/husarion/uros_ws/install/drive_base_msgs/share/drive_base_msgs/cmake/ament_cmake_export_libraries-extras.cmake
[2.942s] -- Up-to-date: /home/husarion/uros_ws/install/drive_base_msgs/share/drive_base_msgs/cmake/ament_cmake_export_targets-extras.cmake
[2.943s] -- Up-to-date: /home/husarion/uros_ws/install/drive_base_msgs/share/drive_base_msgs/cmake/ament_cmake_export_include_directories-extras.cmake
[2.944s] -- Up-to-date: /home/husarion/uros_ws/install/drive_base_msgs/share/drive_base_msgs/cmake/rosidl_cmake_export_typesupport_libraries-extras.cmake
[2.944s] -- Up-to-date: /home/husarion/uros_ws/install/drive_base_msgs/share/drive_base_msgs/cmake/rosidl_cmake_export_typesupport_targets-extras.cmake
[2.945s] -- Up-to-date: /home/husarion/uros_ws/install/drive_base_msgs/share/drive_base_msgs/cmake/drive_base_msgsConfig.cmake
[2.945s] -- Up-to-date: /home/husarion/uros_ws/install/drive_base_msgs/share/drive_base_msgs/cmake/drive_base_msgsConfig-version.cmake
[2.946s] -- Up-to-date: /home/husarion/uros_ws/install/drive_base_msgs/share/drive_base_msgs/package.xml
[2.961s] Invoked command in '/home/husarion/uros_ws/build/drive_base_msgs' returned '0': CMAKE_PREFIX_PATH=${CMAKE_PREFIX_PATH}:/home/husarion/ROS2swarm/install/thymio_driver:/home/husarion/ROS2swarm/install/ros2swarm:/home/husarion/ROS2swarm/install/launch_gazebo:/opt/ros/foxy /usr/bin/cmake --install /home/husarion/uros_ws/build/drive_base_msgs
