-- The C compiler identification is GNU 11.3.0
-- The CXX compiler identification is GNU 11.3.0
-- Detecting C compiler ABI info
-- Detecting C compiler ABI info - done
-- Check for working C compiler: /usr/bin/cc - skipped
-- Detecting C compile features
-- Detecting C compile features - done
-- Detecting CXX compiler ABI info
-- Detecting CXX compiler ABI info - done
-- Check for working CXX compiler: /usr/bin/c++ - skipped
-- Detecting CXX compile features
-- Detecting CXX compile features - done
-- Found ament_cmake: 1.3.3 (/opt/ros/humble/share/ament_cmake/cmake)
-- Found Python3: /usr/bin/python3.10 (found version "3.10.6") found components: Interpreter 
-- Found controller_interface: 2.26.0 (/opt/ros/humble/share/controller_interface/cmake)
-- Found rosidl_generator_c: 3.1.4 (/opt/ros/humble/share/rosidl_generator_c/cmake)
-- Found rosidl_adapter: 3.1.4 (/opt/ros/humble/share/rosidl_adapter/cmake)
-- Found rosidl_generator_cpp: 3.1.4 (/opt/ros/humble/share/rosidl_generator_cpp/cmake)
-- Using all available rosidl_typesupport_c: rosidl_typesupport_fastrtps_c;rosidl_typesupport_introspection_c
-- Using all available rosidl_typesupport_cpp: rosidl_typesupport_fastrtps_cpp;rosidl_typesupport_introspection_cpp
-- Found rmw_implementation_cmake: 6.1.1 (/opt/ros/humble/share/rmw_implementation_cmake/cmake)
-- Found rmw_fastrtps_cpp: 6.2.2 (/opt/ros/humble/share/rmw_fastrtps_cpp/cmake)
-- Found OpenSSL: /usr/lib/x86_64-linux-gnu/libcrypto.so (found version "3.0.2")  
-- Found FastRTPS: /opt/ros/humble/include  
-- Using RMW implementation 'rmw_fastrtps_cpp' as default
-- Looking for pthread.h
-- Looking for pthread.h - found
-- Performing Test CMAKE_HAVE_LIBC_PTHREAD
-- Performing Test CMAKE_HAVE_LIBC_PTHREAD - Success
-- Found Threads: TRUE  
-- Found nav_msgs: 4.2.3 (/opt/ros/humble/share/nav_msgs/cmake)
-- Found realtime_tools: 2.5.0 (/opt/ros/humble/share/realtime_tools/cmake)
-- Found tf2: 0.25.2 (/opt/ros/humble/share/tf2/cmake)
-- Found tf2_msgs: 0.25.2 (/opt/ros/humble/share/tf2_msgs/cmake)
-- Configuring done
-- Generating done
-- Build files have been written to: /ros2_ws/build/mecanum_drive_controller
[ 25%] Building CXX object CMakeFiles/mecanum_drive_controller.dir/src/mecanum_drive_controller.cpp.o
[ 50%] Building CXX object CMakeFiles/mecanum_drive_controller.dir/src/odometry.cpp.o
[ 75%] Building CXX object CMakeFiles/mecanum_drive_controller.dir/src/speed_limiter.cpp.o
[100%] Linking CXX shared library libmecanum_drive_controller.so
[100%] Built target mecanum_drive_controller
-- Install configuration: ""
-- Installing: /ros2_ws/install/mecanum_drive_controller/share/mecanum_drive_controller/mecanum_drive_plugin.xml
-- Installing: /ros2_ws/install/mecanum_drive_controller/include
-- Installing: /ros2_ws/install/mecanum_drive_controller/include/mecanum_drive_controller
-- Installing: /ros2_ws/install/mecanum_drive_controller/include/mecanum_drive_controller/mecanum_drive_controller.hpp
-- Installing: /ros2_ws/install/mecanum_drive_controller/include/mecanum_drive_controller/speed_limiter.hpp
-- Installing: /ros2_ws/install/mecanum_drive_controller/include/mecanum_drive_controller/visibility_control.h
-- Installing: /ros2_ws/install/mecanum_drive_controller/include/mecanum_drive_controller/odometry.hpp
-- Installing: /ros2_ws/install/mecanum_drive_controller/lib/libmecanum_drive_controller.so
-- Set runtime path of "/ros2_ws/install/mecanum_drive_controller/lib/libmecanum_drive_controller.so" to ""
-- Installing: /ros2_ws/install/mecanum_drive_controller/share/mecanum_drive_controller/environment/library_path.sh
-- Installing: /ros2_ws/install/mecanum_drive_controller/share/mecanum_drive_controller/environment/library_path.dsv
-- Installing: /ros2_ws/install/mecanum_drive_controller/share/ament_index/resource_index/package_run_dependencies/mecanum_drive_controller
-- Installing: /ros2_ws/install/mecanum_drive_controller/share/ament_index/resource_index/parent_prefix_path/mecanum_drive_controller
-- Installing: /ros2_ws/install/mecanum_drive_controller/share/mecanum_drive_controller/environment/ament_prefix_path.sh
-- Installing: /ros2_ws/install/mecanum_drive_controller/share/mecanum_drive_controller/environment/ament_prefix_path.dsv
-- Installing: /ros2_ws/install/mecanum_drive_controller/share/mecanum_drive_controller/environment/path.sh
-- Installing: /ros2_ws/install/mecanum_drive_controller/share/mecanum_drive_controller/environment/path.dsv
-- Installing: /ros2_ws/install/mecanum_drive_controller/share/mecanum_drive_controller/local_setup.bash
-- Installing: /ros2_ws/install/mecanum_drive_controller/share/mecanum_drive_controller/local_setup.sh
-- Installing: /ros2_ws/install/mecanum_drive_controller/share/mecanum_drive_controller/local_setup.zsh
-- Installing: /ros2_ws/install/mecanum_drive_controller/share/mecanum_drive_controller/local_setup.dsv
-- Installing: /ros2_ws/install/mecanum_drive_controller/share/mecanum_drive_controller/package.dsv
-- Installing: /ros2_ws/install/mecanum_drive_controller/share/ament_index/resource_index/packages/mecanum_drive_controller
-- Installing: /ros2_ws/install/mecanum_drive_controller/share/ament_index/resource_index/controller_interface__pluginlib__plugin/mecanum_drive_controller
-- Installing: /ros2_ws/install/mecanum_drive_controller/share/mecanum_drive_controller/cmake/ament_cmake_export_dependencies-extras.cmake
-- Installing: /ros2_ws/install/mecanum_drive_controller/share/mecanum_drive_controller/cmake/ament_cmake_export_include_directories-extras.cmake
-- Installing: /ros2_ws/install/mecanum_drive_controller/share/mecanum_drive_controller/cmake/ament_cmake_export_libraries-extras.cmake
-- Installing: /ros2_ws/install/mecanum_drive_controller/share/mecanum_drive_controller/cmake/mecanum_drive_controllerConfig.cmake
-- Installing: /ros2_ws/install/mecanum_drive_controller/share/mecanum_drive_controller/cmake/mecanum_drive_controllerConfig-version.cmake
-- Installing: /ros2_ws/install/mecanum_drive_controller/share/mecanum_drive_controller/package.xml
