[0.010s] Invoking command in '/ros2_ws/build/mecanum_drive_controller': CMAKE_PREFIX_PATH=/opt/ros/humble /usr/bin/cmake /ros2_ws/src/rosbot_controllers/mecanum_drive_controller -DCMAKE_INSTALL_PREFIX=/ros2_ws/install/mecanum_drive_controller
[0.083s] -- The C compiler identification is GNU 11.3.0
[0.165s] -- The CXX compiler identification is GNU 11.3.0
[0.175s] -- Detecting C compiler ABI info
[0.274s] -- Detecting C compiler ABI info - done
[0.279s] -- Check for working C compiler: /usr/bin/cc - skipped
[0.279s] -- Detecting C compile features
[0.280s] -- Detecting C compile features - done
[0.285s] -- Detecting CXX compiler ABI info
[0.403s] -- Detecting CXX compiler ABI info - done
[0.412s] -- Check for working CXX compiler: /usr/bin/c++ - skipped
[0.412s] -- Detecting CXX compile features
[0.413s] -- Detecting CXX compile features - done
[0.418s] -- Found ament_cmake: 1.3.3 (/opt/ros/humble/share/ament_cmake/cmake)
[0.634s] -- Found Python3: /usr/bin/python3.10 (found version "3.10.6") found components: Interpreter 
[0.758s] -- Found controller_interface: 2.26.0 (/opt/ros/humble/share/controller_interface/cmake)
[0.811s] -- Found rosidl_generator_c: 3.1.4 (/opt/ros/humble/share/rosidl_generator_c/cmake)
[0.818s] -- Found rosidl_adapter: 3.1.4 (/opt/ros/humble/share/rosidl_adapter/cmake)
[0.831s] -- Found rosidl_generator_cpp: 3.1.4 (/opt/ros/humble/share/rosidl_generator_cpp/cmake)
[0.853s] -- Using all available rosidl_typesupport_c: rosidl_typesupport_fastrtps_c;rosidl_typesupport_introspection_c
[0.882s] -- Using all available rosidl_typesupport_cpp: rosidl_typesupport_fastrtps_cpp;rosidl_typesupport_introspection_cpp
[2.472s] -- Found rmw_implementation_cmake: 6.1.1 (/opt/ros/humble/share/rmw_implementation_cmake/cmake)
[2.483s] -- Found rmw_fastrtps_cpp: 6.2.2 (/opt/ros/humble/share/rmw_fastrtps_cpp/cmake)
[2.900s] -- Found OpenSSL: /usr/lib/x86_64-linux-gnu/libcrypto.so (found version "3.0.2")  
[2.955s] -- Found FastRTPS: /opt/ros/humble/include  
[3.060s] -- Using RMW implementation 'rmw_fastrtps_cpp' as default
[3.098s] -- Looking for pthread.h
[3.401s] -- Looking for pthread.h - found
[3.401s] -- Performing Test CMAKE_HAVE_LIBC_PTHREAD
[3.679s] -- Performing Test CMAKE_HAVE_LIBC_PTHREAD - Success
[3.681s] -- Found Threads: TRUE  
[4.451s] -- Found nav_msgs: 4.2.3 (/opt/ros/humble/share/nav_msgs/cmake)
[4.729s] -- Found realtime_tools: 2.5.0 (/opt/ros/humble/share/realtime_tools/cmake)
[4.832s] -- Found tf2: 0.25.2 (/opt/ros/humble/share/tf2/cmake)
[4.850s] -- Found tf2_msgs: 0.25.2 (/opt/ros/humble/share/tf2_msgs/cmake)
[5.761s] -- Configuring done
[5.860s] -- Generating done
[5.873s] -- Build files have been written to: /ros2_ws/build/mecanum_drive_controller
[5.905s] Invoked command in '/ros2_ws/build/mecanum_drive_controller' returned '0': CMAKE_PREFIX_PATH=/opt/ros/humble /usr/bin/cmake /ros2_ws/src/rosbot_controllers/mecanum_drive_controller -DCMAKE_INSTALL_PREFIX=/ros2_ws/install/mecanum_drive_controller
[5.906s] Invoking command in '/ros2_ws/build/mecanum_drive_controller': CMAKE_PREFIX_PATH=/opt/ros/humble /usr/bin/cmake --build /ros2_ws/build/mecanum_drive_controller -- -j2 -l2
[6.093s] [ 25%] Building CXX object CMakeFiles/mecanum_drive_controller.dir/src/mecanum_drive_controller.cpp.o
[6.115s] [ 50%] Building CXX object CMakeFiles/mecanum_drive_controller.dir/src/odometry.cpp.o
[8.631s] [ 75%] Building CXX object CMakeFiles/mecanum_drive_controller.dir/src/speed_limiter.cpp.o
[35.919s] [100%] Linking CXX shared library libmecanum_drive_controller.so
[37.120s] [100%] Built target mecanum_drive_controller
[37.135s] Invoked command in '/ros2_ws/build/mecanum_drive_controller' returned '0': CMAKE_PREFIX_PATH=/opt/ros/humble /usr/bin/cmake --build /ros2_ws/build/mecanum_drive_controller -- -j2 -l2
[37.177s] Invoking command in '/ros2_ws/build/mecanum_drive_controller': CMAKE_PREFIX_PATH=/opt/ros/humble /usr/bin/cmake --install /ros2_ws/build/mecanum_drive_controller
[37.187s] -- Install configuration: ""
[37.187s] -- Installing: /ros2_ws/install/mecanum_drive_controller/share/mecanum_drive_controller/mecanum_drive_plugin.xml
[37.188s] -- Installing: /ros2_ws/install/mecanum_drive_controller/include
[37.188s] -- Installing: /ros2_ws/install/mecanum_drive_controller/include/mecanum_drive_controller
[37.188s] -- Installing: /ros2_ws/install/mecanum_drive_controller/include/mecanum_drive_controller/mecanum_drive_controller.hpp
[37.188s] -- Installing: /ros2_ws/install/mecanum_drive_controller/include/mecanum_drive_controller/speed_limiter.hpp
[37.188s] -- Installing: /ros2_ws/install/mecanum_drive_controller/include/mecanum_drive_controller/visibility_control.h
[37.189s] -- Installing: /ros2_ws/install/mecanum_drive_controller/include/mecanum_drive_controller/odometry.hpp
[37.189s] -- Installing: /ros2_ws/install/mecanum_drive_controller/lib/libmecanum_drive_controller.so
[37.211s] -- Set runtime path of "/ros2_ws/install/mecanum_drive_controller/lib/libmecanum_drive_controller.so" to ""
[37.211s] -- Installing: /ros2_ws/install/mecanum_drive_controller/share/mecanum_drive_controller/environment/library_path.sh
[37.211s] -- Installing: /ros2_ws/install/mecanum_drive_controller/share/mecanum_drive_controller/environment/library_path.dsv
[37.211s] -- Installing: /ros2_ws/install/mecanum_drive_controller/share/ament_index/resource_index/package_run_dependencies/mecanum_drive_controller
[37.211s] -- Installing: /ros2_ws/install/mecanum_drive_controller/share/ament_index/resource_index/parent_prefix_path/mecanum_drive_controller
[37.212s] -- Installing: /ros2_ws/install/mecanum_drive_controller/share/mecanum_drive_controller/environment/ament_prefix_path.sh
[37.212s] -- Installing: /ros2_ws/install/mecanum_drive_controller/share/mecanum_drive_controller/environment/ament_prefix_path.dsv
[37.212s] -- Installing: /ros2_ws/install/mecanum_drive_controller/share/mecanum_drive_controller/environment/path.sh
[37.212s] -- Installing: /ros2_ws/install/mecanum_drive_controller/share/mecanum_drive_controller/environment/path.dsv
[37.212s] -- Installing: /ros2_ws/install/mecanum_drive_controller/share/mecanum_drive_controller/local_setup.bash
[37.213s] -- Installing: /ros2_ws/install/mecanum_drive_controller/share/mecanum_drive_controller/local_setup.sh
[37.213s] -- Installing: /ros2_ws/install/mecanum_drive_controller/share/mecanum_drive_controller/local_setup.zsh
[37.213s] -- Installing: /ros2_ws/install/mecanum_drive_controller/share/mecanum_drive_controller/local_setup.dsv
[37.213s] -- Installing: /ros2_ws/install/mecanum_drive_controller/share/mecanum_drive_controller/package.dsv
[37.214s] -- Installing: /ros2_ws/install/mecanum_drive_controller/share/ament_index/resource_index/packages/mecanum_drive_controller
[37.214s] -- Installing: /ros2_ws/install/mecanum_drive_controller/share/ament_index/resource_index/controller_interface__pluginlib__plugin/mecanum_drive_controller
[37.214s] -- Installing: /ros2_ws/install/mecanum_drive_controller/share/mecanum_drive_controller/cmake/ament_cmake_export_dependencies-extras.cmake
[37.215s] -- Installing: /ros2_ws/install/mecanum_drive_controller/share/mecanum_drive_controller/cmake/ament_cmake_export_include_directories-extras.cmake
[37.215s] -- Installing: /ros2_ws/install/mecanum_drive_controller/share/mecanum_drive_controller/cmake/ament_cmake_export_libraries-extras.cmake
[37.215s] -- Installing: /ros2_ws/install/mecanum_drive_controller/share/mecanum_drive_controller/cmake/mecanum_drive_controllerConfig.cmake
[37.215s] -- Installing: /ros2_ws/install/mecanum_drive_controller/share/mecanum_drive_controller/cmake/mecanum_drive_controllerConfig-version.cmake
[37.216s] -- Installing: /ros2_ws/install/mecanum_drive_controller/share/mecanum_drive_controller/package.xml
[37.221s] Invoked command in '/ros2_ws/build/mecanum_drive_controller' returned '0': CMAKE_PREFIX_PATH=/opt/ros/humble /usr/bin/cmake --install /ros2_ws/build/mecanum_drive_controller
