[0.088s] Invoking command in '/home/husarion/rosbot_ws/build/rosbot_description': AMENT_PREFIX_PATH=/home/husarion/rosbot_ws/install/ros_components_description:${AMENT_PREFIX_PATH} CMAKE_PREFIX_PATH=/home/husarion/rosbot_ws/install/ros_components_description:/home/husarion/micro_ws/install/micro_ros_msgs:/home/husarion/micro_ws/install/micro_ros_setup:/home/husarion/microros_ws/install/micro_ros_setup:/home/husarion/microros_ws/install/micro_ros_agent:/home/husarion/microros_ws/install/micro_ros_msgs:/home/husarion/ROS2swarm/install/thymio_msgs:/home/husarion/ROS2swarm/install/thymio_description:/home/husarion/ROS2swarm/install/communication_interfaces:/home/husarion/husarion_ws/install/rplidar_ros:/home/husarion/husarion_ws/install/route_admin_panel:/home/husarion/husarion_ws/install/rosbot_description:/home/husarion/husarion_ws/install/astra_camera:/home/husarion/ROS2swarm/install/thymio_driver:/home/husarion/ROS2swarm/install/ros2swarm:/home/husarion/ROS2swarm/install/launch_gazebo:/opt/ros/foxy /usr/bin/cmake /home/husarion/rosbot_ws/src/rosbot_description -DCMAKE_INSTALL_PREFIX=/home/husarion/rosbot_ws/install/rosbot_description
[0.423s] -- The C compiler identification is GNU 9.4.0
[0.749s] -- The CXX compiler identification is GNU 9.4.0
[0.780s] -- Check for working C compiler: /usr/bin/cc
[1.150s] -- Check for working C compiler: /usr/bin/cc -- works
[1.154s] -- Detecting C compiler ABI info
[1.525s] -- Detecting C compiler ABI info - done
[1.598s] -- Detecting C compile features
[1.600s] -- Detecting C compile features - done
[1.615s] -- Check for working CXX compiler: /usr/bin/c++
[2.040s] -- Check for working CXX compiler: /usr/bin/c++ -- works
[2.048s] -- Detecting CXX compiler ABI info
[2.489s] -- Detecting CXX compiler ABI info - done
[2.565s] -- Detecting CXX compile features
[2.568s] -- Detecting CXX compile features - done
[2.587s] -- Found ament_cmake: 0.9.9 (/opt/ros/foxy/share/ament_cmake/cmake)
[2.797s] -- Found PythonInterp: /usr/bin/python3 (found suitable version "3.8.10", minimum required is "3") 
[2.798s] -- Using PYTHON_EXECUTABLE: /usr/bin/python3
[4.658s] -- Configuring done
[4.668s] -- Generating done
[4.673s] -- Build files have been written to: /home/husarion/rosbot_ws/build/rosbot_description
[4.699s] Invoked command in '/home/husarion/rosbot_ws/build/rosbot_description' returned '0': AMENT_PREFIX_PATH=/home/husarion/rosbot_ws/install/ros_components_description:${AMENT_PREFIX_PATH} CMAKE_PREFIX_PATH=/home/husarion/rosbot_ws/install/ros_components_description:/home/husarion/micro_ws/install/micro_ros_msgs:/home/husarion/micro_ws/install/micro_ros_setup:/home/husarion/microros_ws/install/micro_ros_setup:/home/husarion/microros_ws/install/micro_ros_agent:/home/husarion/microros_ws/install/micro_ros_msgs:/home/husarion/ROS2swarm/install/thymio_msgs:/home/husarion/ROS2swarm/install/thymio_description:/home/husarion/ROS2swarm/install/communication_interfaces:/home/husarion/husarion_ws/install/rplidar_ros:/home/husarion/husarion_ws/install/route_admin_panel:/home/husarion/husarion_ws/install/rosbot_description:/home/husarion/husarion_ws/install/astra_camera:/home/husarion/ROS2swarm/install/thymio_driver:/home/husarion/ROS2swarm/install/ros2swarm:/home/husarion/ROS2swarm/install/launch_gazebo:/opt/ros/foxy /usr/bin/cmake /home/husarion/rosbot_ws/src/rosbot_description -DCMAKE_INSTALL_PREFIX=/home/husarion/rosbot_ws/install/rosbot_description
[4.708s] Invoking command in '/home/husarion/rosbot_ws/build/rosbot_description': AMENT_PREFIX_PATH=/home/husarion/rosbot_ws/install/ros_components_description:${AMENT_PREFIX_PATH} CMAKE_PREFIX_PATH=/home/husarion/rosbot_ws/install/ros_components_description:/home/husarion/micro_ws/install/micro_ros_msgs:/home/husarion/micro_ws/install/micro_ros_setup:/home/husarion/microros_ws/install/micro_ros_setup:/home/husarion/microros_ws/install/micro_ros_agent:/home/husarion/microros_ws/install/micro_ros_msgs:/home/husarion/ROS2swarm/install/thymio_msgs:/home/husarion/ROS2swarm/install/thymio_description:/home/husarion/ROS2swarm/install/communication_interfaces:/home/husarion/husarion_ws/install/rplidar_ros:/home/husarion/husarion_ws/install/route_admin_panel:/home/husarion/husarion_ws/install/rosbot_description:/home/husarion/husarion_ws/install/astra_camera:/home/husarion/ROS2swarm/install/thymio_driver:/home/husarion/ROS2swarm/install/ros2swarm:/home/husarion/ROS2swarm/install/launch_gazebo:/opt/ros/foxy /usr/bin/cmake --build /home/husarion/rosbot_ws/build/rosbot_description -- -j4 -l4
[4.931s] Invoked command in '/home/husarion/rosbot_ws/build/rosbot_description' returned '0': AMENT_PREFIX_PATH=/home/husarion/rosbot_ws/install/ros_components_description:${AMENT_PREFIX_PATH} CMAKE_PREFIX_PATH=/home/husarion/rosbot_ws/install/ros_components_description:/home/husarion/micro_ws/install/micro_ros_msgs:/home/husarion/micro_ws/install/micro_ros_setup:/home/husarion/microros_ws/install/micro_ros_setup:/home/husarion/microros_ws/install/micro_ros_agent:/home/husarion/microros_ws/install/micro_ros_msgs:/home/husarion/ROS2swarm/install/thymio_msgs:/home/husarion/ROS2swarm/install/thymio_description:/home/husarion/ROS2swarm/install/communication_interfaces:/home/husarion/husarion_ws/install/rplidar_ros:/home/husarion/husarion_ws/install/route_admin_panel:/home/husarion/husarion_ws/install/rosbot_description:/home/husarion/husarion_ws/install/astra_camera:/home/husarion/ROS2swarm/install/thymio_driver:/home/husarion/ROS2swarm/install/ros2swarm:/home/husarion/ROS2swarm/install/launch_gazebo:/opt/ros/foxy /usr/bin/cmake --build /home/husarion/rosbot_ws/build/rosbot_description -- -j4 -l4
[5.059s] Invoking command in '/home/husarion/rosbot_ws/build/rosbot_description': AMENT_PREFIX_PATH=/home/husarion/rosbot_ws/install/ros_components_description:${AMENT_PREFIX_PATH} CMAKE_PREFIX_PATH=/home/husarion/rosbot_ws/install/ros_components_description:/home/husarion/micro_ws/install/micro_ros_msgs:/home/husarion/micro_ws/install/micro_ros_setup:/home/husarion/microros_ws/install/micro_ros_setup:/home/husarion/microros_ws/install/micro_ros_agent:/home/husarion/microros_ws/install/micro_ros_msgs:/home/husarion/ROS2swarm/install/thymio_msgs:/home/husarion/ROS2swarm/install/thymio_description:/home/husarion/ROS2swarm/install/communication_interfaces:/home/husarion/husarion_ws/install/rplidar_ros:/home/husarion/husarion_ws/install/route_admin_panel:/home/husarion/husarion_ws/install/rosbot_description:/home/husarion/husarion_ws/install/astra_camera:/home/husarion/ROS2swarm/install/thymio_driver:/home/husarion/ROS2swarm/install/ros2swarm:/home/husarion/ROS2swarm/install/launch_gazebo:/opt/ros/foxy /usr/bin/cmake --install /home/husarion/rosbot_ws/build/rosbot_description
[5.115s] -- Install configuration: ""
[5.116s] -- Installing: /home/husarion/rosbot_ws/install/rosbot_description/share/rosbot_description/meshes
[5.117s] -- Installing: /home/husarion/rosbot_ws/install/rosbot_description/share/rosbot_description/meshes/body.stl
[5.125s] -- Installing: /home/husarion/rosbot_ws/install/rosbot_description/share/rosbot_description/meshes/cover.stl
[5.127s] -- Installing: /home/husarion/rosbot_ws/install/rosbot_description/share/rosbot_description/meshes/wheel_a.dae
[5.131s] -- Installing: /home/husarion/rosbot_ws/install/rosbot_description/share/rosbot_description/meshes/wheel_b.dae
[5.136s] -- Installing: /home/husarion/rosbot_ws/install/rosbot_description/share/rosbot_description/meshes/mecanum_b.dae
[5.189s] -- Installing: /home/husarion/rosbot_ws/install/rosbot_description/share/rosbot_description/meshes/mecanum_a.dae
[5.245s] -- Installing: /home/husarion/rosbot_ws/install/rosbot_description/share/rosbot_description/urdf
[5.246s] -- Installing: /home/husarion/rosbot_ws/install/rosbot_description/share/rosbot_description/urdf/rosbot.urdf.xacro
[5.247s] -- Installing: /home/husarion/rosbot_ws/install/rosbot_description/share/rosbot_description/urdf/wheel.urdf.xacro
[5.249s] -- Installing: /home/husarion/rosbot_ws/install/rosbot_description/share/rosbot_description/urdf/body.urdf.xacro
[5.251s] -- Installing: /home/husarion/rosbot_ws/install/rosbot_description/share/rosbot_description/urdf/rosbot_macro.urdf.xacro
[5.252s] -- Installing: /home/husarion/rosbot_ws/install/rosbot_description/share/rosbot_description/urdf/components
[5.253s] -- Installing: /home/husarion/rosbot_ws/install/rosbot_description/share/rosbot_description/urdf/components/vl53lox.urdf.xacro
[5.255s] -- Installing: /home/husarion/rosbot_ws/install/rosbot_description/share/ament_index/resource_index/package_run_dependencies/rosbot_description
[5.256s] -- Installing: /home/husarion/rosbot_ws/install/rosbot_description/share/ament_index/resource_index/parent_prefix_path/rosbot_description
[5.258s] -- Installing: /home/husarion/rosbot_ws/install/rosbot_description/share/rosbot_description/environment/ament_prefix_path.sh
[5.259s] -- Installing: /home/husarion/rosbot_ws/install/rosbot_description/share/rosbot_description/environment/ament_prefix_path.dsv
[5.261s] -- Installing: /home/husarion/rosbot_ws/install/rosbot_description/share/rosbot_description/environment/path.sh
[5.263s] -- Installing: /home/husarion/rosbot_ws/install/rosbot_description/share/rosbot_description/environment/path.dsv
[5.264s] -- Installing: /home/husarion/rosbot_ws/install/rosbot_description/share/rosbot_description/local_setup.bash
[5.264s] -- Installing: /home/husarion/rosbot_ws/install/rosbot_description/share/rosbot_description/local_setup.sh
[5.265s] -- Installing: /home/husarion/rosbot_ws/install/rosbot_description/share/rosbot_description/local_setup.zsh
[5.266s] -- Installing: /home/husarion/rosbot_ws/install/rosbot_description/share/rosbot_description/local_setup.dsv
[5.267s] -- Installing: /home/husarion/rosbot_ws/install/rosbot_description/share/rosbot_description/package.dsv
[5.268s] -- Installing: /home/husarion/rosbot_ws/install/rosbot_description/share/ament_index/resource_index/packages/rosbot_description
[5.270s] -- Installing: /home/husarion/rosbot_ws/install/rosbot_description/share/rosbot_description/cmake/rosbot_descriptionConfig.cmake
[5.271s] -- Installing: /home/husarion/rosbot_ws/install/rosbot_description/share/rosbot_description/cmake/rosbot_descriptionConfig-version.cmake
[5.272s] -- Installing: /home/husarion/rosbot_ws/install/rosbot_description/share/rosbot_description/package.xml
[5.291s] Invoked command in '/home/husarion/rosbot_ws/build/rosbot_description' returned '0': AMENT_PREFIX_PATH=/home/husarion/rosbot_ws/install/ros_components_description:${AMENT_PREFIX_PATH} CMAKE_PREFIX_PATH=/home/husarion/rosbot_ws/install/ros_components_description:/home/husarion/micro_ws/install/micro_ros_msgs:/home/husarion/micro_ws/install/micro_ros_setup:/home/husarion/microros_ws/install/micro_ros_setup:/home/husarion/microros_ws/install/micro_ros_agent:/home/husarion/microros_ws/install/micro_ros_msgs:/home/husarion/ROS2swarm/install/thymio_msgs:/home/husarion/ROS2swarm/install/thymio_description:/home/husarion/ROS2swarm/install/communication_interfaces:/home/husarion/husarion_ws/install/rplidar_ros:/home/husarion/husarion_ws/install/route_admin_panel:/home/husarion/husarion_ws/install/rosbot_description:/home/husarion/husarion_ws/install/astra_camera:/home/husarion/ROS2swarm/install/thymio_driver:/home/husarion/ROS2swarm/install/ros2swarm:/home/husarion/ROS2swarm/install/launch_gazebo:/opt/ros/foxy /usr/bin/cmake --install /home/husarion/rosbot_ws/build/rosbot_description
