[0.117s] Invoking command in '/home/husarion/uros_ws/build/micro_ros_msgs': CMAKE_PREFIX_PATH=${CMAKE_PREFIX_PATH}:/home/husarion/ROS2swarm/install/thymio_driver:/home/husarion/ROS2swarm/install/ros2swarm:/home/husarion/ROS2swarm/install/launch_gazebo:/opt/ros/foxy /usr/bin/cmake /home/husarion/uros_ws/src/uros/micro_ros_msgs -DUAGENT_BUILD_EXECUTABLE=OFF -DUAGENT_P2P_PROFILE=OFF --no-warn-unused-cli -DCMAKE_INSTALL_PREFIX=/home/husarion/uros_ws/install/micro_ros_msgs
[0.157s] Not searching for unused variables given on the command line.
[0.466s] -- The C compiler identification is GNU 9.4.0
[0.795s] -- The CXX compiler identification is GNU 9.4.0
[0.823s] -- Check for working C compiler: /usr/bin/cc
[1.252s] -- Check for working C compiler: /usr/bin/cc -- works
[1.262s] -- Detecting C compiler ABI info
[1.670s] -- Detecting C compiler ABI info - done
[1.753s] -- Detecting C compile features
[1.755s] -- Detecting C compile features - done
[1.769s] -- Check for working CXX compiler: /usr/bin/c++
[2.240s] -- Check for working CXX compiler: /usr/bin/c++ -- works
[2.245s] -- Detecting CXX compiler ABI info
[2.719s] -- Detecting CXX compiler ABI info - done
[2.794s] -- Detecting CXX compile features
[2.797s] -- Detecting CXX compile features - done
[2.813s] -- Found ament_cmake: 0.9.9 (/opt/ros/foxy/share/ament_cmake/cmake)
[3.005s] -- Found PythonInterp: /usr/bin/python3 (found suitable version "3.8.10", minimum required is "3") 
[3.007s] -- Using PYTHON_EXECUTABLE: /usr/bin/python3
[4.386s] -- Found rosidl_default_generators: 1.0.1 (/opt/ros/foxy/share/rosidl_default_generators/cmake)
[4.435s] -- Using all available rosidl_typesupport_c: rosidl_typesupport_fastrtps_c;rosidl_typesupport_introspection_c
[4.497s] -- Found rosidl_adapter: 1.2.1 (/opt/ros/foxy/share/rosidl_adapter/cmake)
[5.249s] -- Found OpenSSL: /usr/lib/x86_64-linux-gnu/libcrypto.so (found version "1.1.1f")  
[5.408s] -- Found FastRTPS: /opt/ros/foxy/include  
[5.994s] -- Using all available rosidl_typesupport_cpp: rosidl_typesupport_fastrtps_cpp;rosidl_typesupport_introspection_cpp
[6.224s] -- Found ament_lint_auto: 0.9.6 (/opt/ros/foxy/share/ament_lint_auto/cmake)
[6.870s] -- Found PythonInterp: /usr/bin/python3 (found version "3.8.10") 
[7.407s] -- Found ament_cmake_ros: 0.9.2 (/opt/ros/foxy/share/ament_cmake_ros/cmake)
[8.057s] -- Using all available rosidl_typesupport_c: rosidl_typesupport_fastrtps_c;rosidl_typesupport_introspection_c
[8.122s] -- Using all available rosidl_typesupport_cpp: rosidl_typesupport_fastrtps_cpp;rosidl_typesupport_introspection_cpp
[8.308s] -- Found PythonInterp: /usr/bin/python3 (found suitable version "3.8.10", minimum required is "3.5") 
[8.351s] -- Found python_cmake_module: 0.8.1 (/opt/ros/foxy/share/python_cmake_module/cmake)
[8.620s] -- Found PythonLibs: /usr/lib/x86_64-linux-gnu/libpython3.8.so (found suitable version "3.8.10", minimum required is "3.5") 
[8.621s] -- Using PYTHON_EXECUTABLE: /usr/bin/python3
[8.621s] -- Using PYTHON_INCLUDE_DIRS: /usr/include/python3.8
[8.622s] -- Using PYTHON_LIBRARIES: /usr/lib/x86_64-linux-gnu/libpython3.8.so
[8.793s] -- Found PythonExtra: .so  
[9.159s] -- Added test 'copyright' to check source files copyright and LICENSE
[9.269s] -- Added test 'lint_cmake' to check CMake code style
[9.329s] -- Added test 'xmllint' to check XML markup files
[9.403s] -- Configuring done
[9.635s] -- Generating done
[9.651s] -- Build files have been written to: /home/husarion/uros_ws/build/micro_ros_msgs
[9.681s] Invoked command in '/home/husarion/uros_ws/build/micro_ros_msgs' returned '0': CMAKE_PREFIX_PATH=${CMAKE_PREFIX_PATH}:/home/husarion/ROS2swarm/install/thymio_driver:/home/husarion/ROS2swarm/install/ros2swarm:/home/husarion/ROS2swarm/install/launch_gazebo:/opt/ros/foxy /usr/bin/cmake /home/husarion/uros_ws/src/uros/micro_ros_msgs -DUAGENT_BUILD_EXECUTABLE=OFF -DUAGENT_P2P_PROFILE=OFF --no-warn-unused-cli -DCMAKE_INSTALL_PREFIX=/home/husarion/uros_ws/install/micro_ros_msgs
[9.695s] Invoking command in '/home/husarion/uros_ws/build/micro_ros_msgs': CMAKE_PREFIX_PATH=${CMAKE_PREFIX_PATH}:/home/husarion/ROS2swarm/install/thymio_driver:/home/husarion/ROS2swarm/install/ros2swarm:/home/husarion/ROS2swarm/install/launch_gazebo:/opt/ros/foxy /usr/bin/cmake --build /home/husarion/uros_ws/build/micro_ros_msgs -- -j4 -l4
[9.929s] [35m[1mScanning dependencies of target micro_ros_msgs__cpp[0m
[9.934s] [  2%] [34m[1mGenerating C code for ROS interfaces[0m
[9.986s] [  4%] [34m[1mGenerating C++ code for ROS interfaces[0m
[12.171s] [  4%] Built target micro_ros_msgs__cpp
[12.228s] [  6%] [34m[1mGenerating C++ introspection for ROS interfaces[0m
[12.308s] [  8%] [34m[1mGenerating C++ type support for eProsima Fast-RTPS[0m
[12.317s] [ 10%] [34m[1mGenerating C++ type support dispatch for ROS interfaces[0m
[12.329s] [35m[1mScanning dependencies of target micro_ros_msgs__rosidl_generator_c[0m
[12.449s] [ 12%] [32mBuilding C object CMakeFiles/micro_ros_msgs__rosidl_generator_c.dir/rosidl_generator_c/micro_ros_msgs/msg/detail/graph__functions.c.o[0m
[12.742s] [ 14%] [32mBuilding C object CMakeFiles/micro_ros_msgs__rosidl_generator_c.dir/rosidl_generator_c/micro_ros_msgs/msg/detail/node__functions.c.o[0m
[13.035s] [ 17%] [32mBuilding C object CMakeFiles/micro_ros_msgs__rosidl_generator_c.dir/rosidl_generator_c/micro_ros_msgs/msg/detail/entity__functions.c.o[0m
[13.285s] [ 19%] [32m[1mLinking C shared library libmicro_ros_msgs__rosidl_generator_c.so[0m
[13.496s] [ 19%] Built target micro_ros_msgs__rosidl_generator_c
[13.557s] [ 21%] [34m[1mGenerating C type support dispatch for ROS interfaces[0m
[14.185s] [35m[1mScanning dependencies of target micro_ros_msgs__rosidl_typesupport_cpp[0m
[14.302s] [ 23%] [32mBuilding CXX object CMakeFiles/micro_ros_msgs__rosidl_typesupport_cpp.dir/rosidl_typesupport_cpp/micro_ros_msgs/msg/graph__type_support.cpp.o[0m
[14.387s] [35m[1mScanning dependencies of target micro_ros_msgs__rosidl_typesupport_introspection_cpp[0m
[14.476s] [ 25%] [32mBuilding CXX object CMakeFiles/micro_ros_msgs__rosidl_typesupport_introspection_cpp.dir/rosidl_typesupport_introspection_cpp/micro_ros_msgs/msg/detail/graph__type_support.cpp.o[0m
[14.718s] [35m[1mScanning dependencies of target micro_ros_msgs__rosidl_typesupport_fastrtps_cpp[0m
[14.836s] [ 27%] [32mBuilding CXX object CMakeFiles/micro_ros_msgs__rosidl_typesupport_fastrtps_cpp.dir/rosidl_typesupport_fastrtps_cpp/micro_ros_msgs/msg/detail/dds_fastrtps/graph__type_support.cpp.o[0m
[15.633s] [35m[1mScanning dependencies of target micro_ros_msgs__rosidl_typesupport_c[0m
[15.748s] [ 29%] [32mBuilding CXX object CMakeFiles/micro_ros_msgs__rosidl_typesupport_c.dir/rosidl_typesupport_c/micro_ros_msgs/msg/graph__type_support.cpp.o[0m
[15.978s] [ 31%] [32mBuilding CXX object CMakeFiles/micro_ros_msgs__rosidl_typesupport_c.dir/rosidl_typesupport_c/micro_ros_msgs/msg/node__type_support.cpp.o[0m
[16.163s] [ 34%] [32mBuilding CXX object CMakeFiles/micro_ros_msgs__rosidl_typesupport_c.dir/rosidl_typesupport_c/micro_ros_msgs/msg/entity__type_support.cpp.o[0m
[16.354s] [ 36%] [32m[1mLinking CXX shared library libmicro_ros_msgs__rosidl_typesupport_c.so[0m
[16.445s] [ 38%] [32mBuilding CXX object CMakeFiles/micro_ros_msgs__rosidl_typesupport_cpp.dir/rosidl_typesupport_cpp/micro_ros_msgs/msg/node__type_support.cpp.o[0m
[16.606s] [ 38%] Built target micro_ros_msgs__rosidl_typesupport_c
[16.663s] [ 40%] [32mBuilding CXX object CMakeFiles/micro_ros_msgs__rosidl_typesupport_cpp.dir/rosidl_typesupport_cpp/micro_ros_msgs/msg/entity__type_support.cpp.o[0m
[16.979s] [ 42%] [32mBuilding CXX object CMakeFiles/micro_ros_msgs__rosidl_typesupport_introspection_cpp.dir/rosidl_typesupport_introspection_cpp/micro_ros_msgs/msg/detail/node__type_support.cpp.o[0m
[18.380s] [ 44%] [32mBuilding CXX object CMakeFiles/micro_ros_msgs__rosidl_typesupport_fastrtps_cpp.dir/rosidl_typesupport_fastrtps_cpp/micro_ros_msgs/msg/detail/dds_fastrtps/node__type_support.cpp.o[0m
[18.458s] [ 46%] [32mBuilding CXX object CMakeFiles/micro_ros_msgs__rosidl_typesupport_fastrtps_cpp.dir/rosidl_typesupport_fastrtps_cpp/micro_ros_msgs/msg/detail/dds_fastrtps/entity__type_support.cpp.o[0m
[18.764s] [ 48%] [32m[1mLinking CXX shared library libmicro_ros_msgs__rosidl_typesupport_cpp.so[0m
[18.997s] [ 48%] Built target micro_ros_msgs__rosidl_typesupport_cpp
[19.058s] [ 51%] [34m[1mGenerating C introspection for ROS interfaces[0m
[19.367s] [ 53%] [32mBuilding CXX object CMakeFiles/micro_ros_msgs__rosidl_typesupport_introspection_cpp.dir/rosidl_typesupport_introspection_cpp/micro_ros_msgs/msg/detail/entity__type_support.cpp.o[0m
[21.548s] [ 55%] [32m[1mLinking CXX shared library libmicro_ros_msgs__rosidl_typesupport_introspection_cpp.so[0m
[21.561s] [35m[1mScanning dependencies of target micro_ros_msgs__rosidl_typesupport_introspection_c[0m
[21.663s] [ 57%] [32mBuilding C object CMakeFiles/micro_ros_msgs__rosidl_typesupport_introspection_c.dir/rosidl_typesupport_introspection_c/micro_ros_msgs/msg/detail/graph__type_support.c.o[0m
[21.678s] [ 59%] [32mBuilding C object CMakeFiles/micro_ros_msgs__rosidl_typesupport_introspection_c.dir/rosidl_typesupport_introspection_c/micro_ros_msgs/msg/detail/node__type_support.c.o[0m
[21.924s] [ 61%] [32mBuilding C object CMakeFiles/micro_ros_msgs__rosidl_typesupport_introspection_c.dir/rosidl_typesupport_introspection_c/micro_ros_msgs/msg/detail/entity__type_support.c.o[0m
[22.053s] [ 63%] [32m[1mLinking CXX shared library libmicro_ros_msgs__rosidl_typesupport_fastrtps_cpp.so[0m
[22.065s] [ 63%] Built target micro_ros_msgs__rosidl_typesupport_introspection_cpp
[22.128s] [ 65%] [32m[1mLinking C shared library libmicro_ros_msgs__rosidl_typesupport_introspection_c.so[0m
[22.289s] [ 65%] Built target micro_ros_msgs__rosidl_typesupport_introspection_c
[22.645s] [ 65%] Built target micro_ros_msgs__rosidl_typesupport_fastrtps_cpp
[22.703s] [ 68%] [34m[1mGenerating C type support for eProsima Fast-RTPS[0m
[24.708s] [35m[1mScanning dependencies of target micro_ros_msgs__rosidl_typesupport_fastrtps_c[0m
[24.822s] [ 70%] [32mBuilding CXX object CMakeFiles/micro_ros_msgs__rosidl_typesupport_fastrtps_c.dir/rosidl_typesupport_fastrtps_c/micro_ros_msgs/msg/detail/node__type_support_c.cpp.o[0m
[24.829s] [ 72%] [32mBuilding CXX object CMakeFiles/micro_ros_msgs__rosidl_typesupport_fastrtps_c.dir/rosidl_typesupport_fastrtps_c/micro_ros_msgs/msg/detail/graph__type_support_c.cpp.o[0m
[24.836s] [ 74%] [32mBuilding CXX object CMakeFiles/micro_ros_msgs__rosidl_typesupport_fastrtps_c.dir/rosidl_typesupport_fastrtps_c/micro_ros_msgs/msg/detail/entity__type_support_c.cpp.o[0m
[27.203s] [ 76%] [32m[1mLinking CXX shared library libmicro_ros_msgs__rosidl_typesupport_fastrtps_c.so[0m
[27.742s] [ 76%] Built target micro_ros_msgs__rosidl_typesupport_fastrtps_c
[27.802s] [35m[1mScanning dependencies of target micro_ros_msgs[0m
[27.860s] [ 76%] Built target micro_ros_msgs
[27.922s] [35m[1mScanning dependencies of target micro_ros_msgs__py[0m
[27.985s] [ 78%] [34m[1mGenerating Python code for ROS interfaces[0m
[31.683s] [ 78%] Built target micro_ros_msgs__py
[31.744s] [35m[1mScanning dependencies of target micro_ros_msgs__python[0m
[31.937s] [ 80%] [32mBuilding C object CMakeFiles/micro_ros_msgs__python.dir/rosidl_generator_py/micro_ros_msgs/msg/_node_s.c.o[0m
[31.944s] [ 85%] [32mBuilding C object CMakeFiles/micro_ros_msgs__python.dir/rosidl_generator_py/micro_ros_msgs/msg/_graph_s.c.o[0m
[31.945s] [ 85%] [32mBuilding C object CMakeFiles/micro_ros_msgs__python.dir/rosidl_generator_py/micro_ros_msgs/msg/_entity_s.c.o[0m
[32.622s] [ 87%] [32m[1mLinking C shared library rosidl_generator_py/micro_ros_msgs/libmicro_ros_msgs__python.so[0m
[32.881s] [ 87%] Built target micro_ros_msgs__python
[32.936s] [35m[1mScanning dependencies of target micro_ros_msgs__rosidl_typesupport_fastrtps_c__pyext[0m
[32.939s] [35m[1mScanning dependencies of target micro_ros_msgs__rosidl_typesupport_introspection_c__pyext[0m
[32.941s] [35m[1mScanning dependencies of target micro_ros_msgs__rosidl_typesupport_c__pyext[0m
[33.045s] [ 89%] [32mBuilding C object CMakeFiles/micro_ros_msgs__rosidl_typesupport_introspection_c__pyext.dir/rosidl_generator_py/micro_ros_msgs/_micro_ros_msgs_s.ep.rosidl_typesupport_introspection_c.c.o[0m
[33.051s] [ 91%] [32mBuilding C object CMakeFiles/micro_ros_msgs__rosidl_typesupport_c__pyext.dir/rosidl_generator_py/micro_ros_msgs/_micro_ros_msgs_s.ep.rosidl_typesupport_c.c.o[0m
[33.054s] [ 93%] [32mBuilding C object CMakeFiles/micro_ros_msgs__rosidl_typesupport_fastrtps_c__pyext.dir/rosidl_generator_py/micro_ros_msgs/_micro_ros_msgs_s.ep.rosidl_typesupport_fastrtps_c.c.o[0m
[33.593s] [ 95%] [32m[1mLinking C shared library rosidl_generator_py/micro_ros_msgs/micro_ros_msgs_s__rosidl_typesupport_c.cpython-38-x86_64-linux-gnu.so[0m
[33.637s] [100%] [32m[1mLinking CXX shared library rosidl_generator_py/micro_ros_msgs/micro_ros_msgs_s__rosidl_typesupport_fastrtps_c.cpython-38-x86_64-linux-gnu.so[0m
[33.638s] [100%] [32m[1mLinking C shared library rosidl_generator_py/micro_ros_msgs/micro_ros_msgs_s__rosidl_typesupport_introspection_c.cpython-38-x86_64-linux-gnu.so[0m
[33.776s] [100%] Built target micro_ros_msgs__rosidl_typesupport_c__pyext
[33.866s] [100%] Built target micro_ros_msgs__rosidl_typesupport_introspection_c__pyext
[33.997s] [100%] Built target micro_ros_msgs__rosidl_typesupport_fastrtps_c__pyext
[34.070s] Invoked command in '/home/husarion/uros_ws/build/micro_ros_msgs' returned '0': CMAKE_PREFIX_PATH=${CMAKE_PREFIX_PATH}:/home/husarion/ROS2swarm/install/thymio_driver:/home/husarion/ROS2swarm/install/ros2swarm:/home/husarion/ROS2swarm/install/launch_gazebo:/opt/ros/foxy /usr/bin/cmake --build /home/husarion/uros_ws/build/micro_ros_msgs -- -j4 -l4
[34.685s] Invoking command in '/home/husarion/uros_ws/build/micro_ros_msgs': CMAKE_PREFIX_PATH=${CMAKE_PREFIX_PATH}:/home/husarion/ROS2swarm/install/thymio_driver:/home/husarion/ROS2swarm/install/ros2swarm:/home/husarion/ROS2swarm/install/launch_gazebo:/opt/ros/foxy /usr/bin/cmake --install /home/husarion/uros_ws/build/micro_ros_msgs
[34.726s] -- Install configuration: ""
[34.727s] -- Installing: /home/husarion/uros_ws/install/micro_ros_msgs/share/ament_index/resource_index/rosidl_interfaces/micro_ros_msgs
[34.728s] -- Installing: /home/husarion/uros_ws/install/micro_ros_msgs/include/micro_ros_msgs
[34.729s] -- Installing: /home/husarion/uros_ws/install/micro_ros_msgs/include/micro_ros_msgs/msg
[34.730s] -- Installing: /home/husarion/uros_ws/install/micro_ros_msgs/include/micro_ros_msgs/msg/detail
[34.731s] -- Installing: /home/husarion/uros_ws/install/micro_ros_msgs/include/micro_ros_msgs/msg/detail/node__functions.c
[34.732s] -- Installing: /home/husarion/uros_ws/install/micro_ros_msgs/include/micro_ros_msgs/msg/detail/node__functions.h
[34.733s] -- Installing: /home/husarion/uros_ws/install/micro_ros_msgs/include/micro_ros_msgs/msg/detail/graph__struct.h
[34.735s] -- Installing: /home/husarion/uros_ws/install/micro_ros_msgs/include/micro_ros_msgs/msg/detail/node__type_support.h
[34.736s] -- Installing: /home/husarion/uros_ws/install/micro_ros_msgs/include/micro_ros_msgs/msg/detail/node__struct.h
[34.736s] -- Installing: /home/husarion/uros_ws/install/micro_ros_msgs/include/micro_ros_msgs/msg/detail/graph__type_support.h
[34.738s] -- Installing: /home/husarion/uros_ws/install/micro_ros_msgs/include/micro_ros_msgs/msg/detail/entity__functions.c
[34.739s] -- Installing: /home/husarion/uros_ws/install/micro_ros_msgs/include/micro_ros_msgs/msg/detail/graph__functions.h
[34.740s] -- Installing: /home/husarion/uros_ws/install/micro_ros_msgs/include/micro_ros_msgs/msg/detail/entity__struct.h
[34.741s] -- Installing: /home/husarion/uros_ws/install/micro_ros_msgs/include/micro_ros_msgs/msg/detail/graph__functions.c
[34.741s] -- Installing: /home/husarion/uros_ws/install/micro_ros_msgs/include/micro_ros_msgs/msg/detail/entity__functions.h
[34.742s] -- Installing: /home/husarion/uros_ws/install/micro_ros_msgs/include/micro_ros_msgs/msg/detail/entity__type_support.h
[34.743s] -- Installing: /home/husarion/uros_ws/install/micro_ros_msgs/include/micro_ros_msgs/msg/entity.h
[34.743s] -- Installing: /home/husarion/uros_ws/install/micro_ros_msgs/include/micro_ros_msgs/msg/rosidl_generator_c__visibility_control.h
[34.744s] -- Installing: /home/husarion/uros_ws/install/micro_ros_msgs/include/micro_ros_msgs/msg/node.h
[34.745s] -- Installing: /home/husarion/uros_ws/install/micro_ros_msgs/include/micro_ros_msgs/msg/graph.h
[34.746s] -- Installing: /home/husarion/uros_ws/install/micro_ros_msgs/share/micro_ros_msgs/environment/library_path.sh
[34.747s] -- Installing: /home/husarion/uros_ws/install/micro_ros_msgs/share/micro_ros_msgs/environment/library_path.dsv
[34.748s] -- Installing: /home/husarion/uros_ws/install/micro_ros_msgs/lib/libmicro_ros_msgs__rosidl_generator_c.so
[34.749s] -- Set runtime path of "/home/husarion/uros_ws/install/micro_ros_msgs/lib/libmicro_ros_msgs__rosidl_generator_c.so" to ""
[34.749s] -- Up-to-date: /home/husarion/uros_ws/install/micro_ros_msgs/include/micro_ros_msgs
[34.750s] -- Up-to-date: /home/husarion/uros_ws/install/micro_ros_msgs/include/micro_ros_msgs/msg
[34.751s] -- Up-to-date: /home/husarion/uros_ws/install/micro_ros_msgs/include/micro_ros_msgs/msg/detail
[34.752s] -- Installing: /home/husarion/uros_ws/install/micro_ros_msgs/include/micro_ros_msgs/msg/detail/entity__rosidl_typesupport_fastrtps_c.h
[34.753s] -- Installing: /home/husarion/uros_ws/install/micro_ros_msgs/include/micro_ros_msgs/msg/detail/graph__rosidl_typesupport_fastrtps_c.h
[34.754s] -- Installing: /home/husarion/uros_ws/install/micro_ros_msgs/include/micro_ros_msgs/msg/detail/node__rosidl_typesupport_fastrtps_c.h
[34.756s] -- Installing: /home/husarion/uros_ws/install/micro_ros_msgs/include/micro_ros_msgs/msg/rosidl_typesupport_fastrtps_c__visibility_control.h
[34.758s] -- Installing: /home/husarion/uros_ws/install/micro_ros_msgs/lib/libmicro_ros_msgs__rosidl_typesupport_fastrtps_c.so
[34.760s] -- Set runtime path of "/home/husarion/uros_ws/install/micro_ros_msgs/lib/libmicro_ros_msgs__rosidl_typesupport_fastrtps_c.so" to ""
[34.761s] -- Up-to-date: /home/husarion/uros_ws/install/micro_ros_msgs/include/micro_ros_msgs
[34.762s] -- Up-to-date: /home/husarion/uros_ws/install/micro_ros_msgs/include/micro_ros_msgs/msg
[34.763s] -- Up-to-date: /home/husarion/uros_ws/install/micro_ros_msgs/include/micro_ros_msgs/msg/detail
[34.764s] -- Installing: /home/husarion/uros_ws/install/micro_ros_msgs/include/micro_ros_msgs/msg/detail/entity__rosidl_typesupport_fastrtps_cpp.hpp
[34.764s] -- Installing: /home/husarion/uros_ws/install/micro_ros_msgs/include/micro_ros_msgs/msg/detail/graph__rosidl_typesupport_fastrtps_cpp.hpp
[34.765s] -- Installing: /home/husarion/uros_ws/install/micro_ros_msgs/include/micro_ros_msgs/msg/detail/dds_fastrtps
[34.765s] -- Installing: /home/husarion/uros_ws/install/micro_ros_msgs/include/micro_ros_msgs/msg/detail/node__rosidl_typesupport_fastrtps_cpp.hpp
[34.766s] -- Installing: /home/husarion/uros_ws/install/micro_ros_msgs/include/micro_ros_msgs/msg/rosidl_typesupport_fastrtps_cpp__visibility_control.h
[34.766s] -- Installing: /home/husarion/uros_ws/install/micro_ros_msgs/lib/libmicro_ros_msgs__rosidl_typesupport_fastrtps_cpp.so
[34.767s] -- Set runtime path of "/home/husarion/uros_ws/install/micro_ros_msgs/lib/libmicro_ros_msgs__rosidl_typesupport_fastrtps_cpp.so" to ""
[34.767s] -- Up-to-date: /home/husarion/uros_ws/install/micro_ros_msgs/include/micro_ros_msgs
[34.768s] -- Up-to-date: /home/husarion/uros_ws/install/micro_ros_msgs/include/micro_ros_msgs/msg
[34.768s] -- Installing: /home/husarion/uros_ws/install/micro_ros_msgs/include/micro_ros_msgs/msg/rosidl_typesupport_introspection_c__visibility_control.h
[34.769s] -- Up-to-date: /home/husarion/uros_ws/install/micro_ros_msgs/include/micro_ros_msgs/msg/detail
[34.770s] -- Installing: /home/husarion/uros_ws/install/micro_ros_msgs/include/micro_ros_msgs/msg/detail/entity__type_support.c
[34.771s] -- Installing: /home/husarion/uros_ws/install/micro_ros_msgs/include/micro_ros_msgs/msg/detail/graph__type_support.c
[34.771s] -- Installing: /home/husarion/uros_ws/install/micro_ros_msgs/include/micro_ros_msgs/msg/detail/node__type_support.c
[34.772s] -- Installing: /home/husarion/uros_ws/install/micro_ros_msgs/include/micro_ros_msgs/msg/detail/node__rosidl_typesupport_introspection_c.h
[34.772s] -- Installing: /home/husarion/uros_ws/install/micro_ros_msgs/include/micro_ros_msgs/msg/detail/graph__rosidl_typesupport_introspection_c.h
[34.773s] -- Installing: /home/husarion/uros_ws/install/micro_ros_msgs/include/micro_ros_msgs/msg/detail/entity__rosidl_typesupport_introspection_c.h
[34.773s] -- Installing: /home/husarion/uros_ws/install/micro_ros_msgs/lib/libmicro_ros_msgs__rosidl_typesupport_introspection_c.so
[34.774s] -- Set runtime path of "/home/husarion/uros_ws/install/micro_ros_msgs/lib/libmicro_ros_msgs__rosidl_typesupport_introspection_c.so" to ""
[34.775s] -- Installing: /home/husarion/uros_ws/install/micro_ros_msgs/lib/libmicro_ros_msgs__rosidl_typesupport_c.so
[34.775s] -- Set runtime path of "/home/husarion/uros_ws/install/micro_ros_msgs/lib/libmicro_ros_msgs__rosidl_typesupport_c.so" to ""
[34.776s] -- Up-to-date: /home/husarion/uros_ws/install/micro_ros_msgs/include/micro_ros_msgs
[34.776s] -- Up-to-date: /home/husarion/uros_ws/install/micro_ros_msgs/include/micro_ros_msgs/msg
[34.777s] -- Up-to-date: /home/husarion/uros_ws/install/micro_ros_msgs/include/micro_ros_msgs/msg/detail
[34.778s] -- Installing: /home/husarion/uros_ws/install/micro_ros_msgs/include/micro_ros_msgs/msg/detail/node__builder.hpp
[34.778s] -- Installing: /home/husarion/uros_ws/install/micro_ros_msgs/include/micro_ros_msgs/msg/detail/graph__traits.hpp
[34.779s] -- Installing: /home/husarion/uros_ws/install/micro_ros_msgs/include/micro_ros_msgs/msg/detail/graph__struct.hpp
[34.780s] -- Installing: /home/husarion/uros_ws/install/micro_ros_msgs/include/micro_ros_msgs/msg/detail/entity__traits.hpp
[34.780s] -- Installing: /home/husarion/uros_ws/install/micro_ros_msgs/include/micro_ros_msgs/msg/detail/entity__struct.hpp
[34.781s] -- Installing: /home/husarion/uros_ws/install/micro_ros_msgs/include/micro_ros_msgs/msg/detail/node__struct.hpp
[34.781s] -- Installing: /home/husarion/uros_ws/install/micro_ros_msgs/include/micro_ros_msgs/msg/detail/entity__builder.hpp
[34.782s] -- Installing: /home/husarion/uros_ws/install/micro_ros_msgs/include/micro_ros_msgs/msg/detail/graph__builder.hpp
[34.782s] -- Installing: /home/husarion/uros_ws/install/micro_ros_msgs/include/micro_ros_msgs/msg/detail/node__traits.hpp
[34.783s] -- Installing: /home/husarion/uros_ws/install/micro_ros_msgs/include/micro_ros_msgs/msg/node.hpp
[34.783s] -- Installing: /home/husarion/uros_ws/install/micro_ros_msgs/include/micro_ros_msgs/msg/entity.hpp
[34.784s] -- Installing: /home/husarion/uros_ws/install/micro_ros_msgs/include/micro_ros_msgs/msg/graph.hpp
[34.785s] -- Up-to-date: /home/husarion/uros_ws/install/micro_ros_msgs/include/micro_ros_msgs
[34.785s] -- Up-to-date: /home/husarion/uros_ws/install/micro_ros_msgs/include/micro_ros_msgs/msg
[34.786s] -- Up-to-date: /home/husarion/uros_ws/install/micro_ros_msgs/include/micro_ros_msgs/msg/detail
[34.787s] -- Installing: /home/husarion/uros_ws/install/micro_ros_msgs/include/micro_ros_msgs/msg/detail/node__rosidl_typesupport_introspection_cpp.hpp
[34.787s] -- Installing: /home/husarion/uros_ws/install/micro_ros_msgs/include/micro_ros_msgs/msg/detail/graph__type_support.cpp
[34.787s] -- Installing: /home/husarion/uros_ws/install/micro_ros_msgs/include/micro_ros_msgs/msg/detail/entity__rosidl_typesupport_introspection_cpp.hpp
[34.788s] -- Installing: /home/husarion/uros_ws/install/micro_ros_msgs/include/micro_ros_msgs/msg/detail/graph__rosidl_typesupport_introspection_cpp.hpp
[34.789s] -- Installing: /home/husarion/uros_ws/install/micro_ros_msgs/include/micro_ros_msgs/msg/detail/node__type_support.cpp
[34.790s] -- Installing: /home/husarion/uros_ws/install/micro_ros_msgs/include/micro_ros_msgs/msg/detail/entity__type_support.cpp
[34.790s] -- Installing: /home/husarion/uros_ws/install/micro_ros_msgs/lib/libmicro_ros_msgs__rosidl_typesupport_introspection_cpp.so
[34.791s] -- Set runtime path of "/home/husarion/uros_ws/install/micro_ros_msgs/lib/libmicro_ros_msgs__rosidl_typesupport_introspection_cpp.so" to ""
[34.791s] -- Installing: /home/husarion/uros_ws/install/micro_ros_msgs/lib/libmicro_ros_msgs__rosidl_typesupport_cpp.so
[34.792s] -- Set runtime path of "/home/husarion/uros_ws/install/micro_ros_msgs/lib/libmicro_ros_msgs__rosidl_typesupport_cpp.so" to ""
[34.792s] -- Installing: /home/husarion/uros_ws/install/micro_ros_msgs/share/micro_ros_msgs/environment/pythonpath.sh
[34.793s] -- Installing: /home/husarion/uros_ws/install/micro_ros_msgs/share/micro_ros_msgs/environment/pythonpath.dsv
[34.794s] -- Installing: /home/husarion/uros_ws/install/micro_ros_msgs/lib/python3.8/site-packages/micro_ros_msgs/__init__.py
[35.027s] Compiling '/home/husarion/uros_ws/install/micro_ros_msgs/lib/python3.8/site-packages/micro_ros_msgs/__init__.py'...
[35.051s] -- Installing: /home/husarion/uros_ws/install/micro_ros_msgs/lib/python3.8/site-packages/micro_ros_msgs/msg
[35.052s] -- Installing: /home/husarion/uros_ws/install/micro_ros_msgs/lib/python3.8/site-packages/micro_ros_msgs/msg/_graph.py
[35.055s] -- Installing: /home/husarion/uros_ws/install/micro_ros_msgs/lib/python3.8/site-packages/micro_ros_msgs/msg/_entity_s.c
[35.057s] -- Installing: /home/husarion/uros_ws/install/micro_ros_msgs/lib/python3.8/site-packages/micro_ros_msgs/msg/__init__.py
[35.059s] -- Installing: /home/husarion/uros_ws/install/micro_ros_msgs/lib/python3.8/site-packages/micro_ros_msgs/msg/_node.py
[35.061s] -- Installing: /home/husarion/uros_ws/install/micro_ros_msgs/lib/python3.8/site-packages/micro_ros_msgs/msg/_graph_s.c
[35.061s] -- Installing: /home/husarion/uros_ws/install/micro_ros_msgs/lib/python3.8/site-packages/micro_ros_msgs/msg/_entity.py
[35.063s] -- Installing: /home/husarion/uros_ws/install/micro_ros_msgs/lib/python3.8/site-packages/micro_ros_msgs/msg/_node_s.c
[35.063s] -- Installing: /home/husarion/uros_ws/install/micro_ros_msgs/lib/python3.8/site-packages/micro_ros_msgs/micro_ros_msgs_s__rosidl_typesupport_fastrtps_c.cpython-38-x86_64-linux-gnu.so
[35.065s] -- Set runtime path of "/home/husarion/uros_ws/install/micro_ros_msgs/lib/python3.8/site-packages/micro_ros_msgs/micro_ros_msgs_s__rosidl_typesupport_fastrtps_c.cpython-38-x86_64-linux-gnu.so" to ""
[35.066s] -- Installing: /home/husarion/uros_ws/install/micro_ros_msgs/lib/python3.8/site-packages/micro_ros_msgs/micro_ros_msgs_s__rosidl_typesupport_introspection_c.cpython-38-x86_64-linux-gnu.so
[35.069s] -- Set runtime path of "/home/husarion/uros_ws/install/micro_ros_msgs/lib/python3.8/site-packages/micro_ros_msgs/micro_ros_msgs_s__rosidl_typesupport_introspection_c.cpython-38-x86_64-linux-gnu.so" to ""
[35.069s] -- Installing: /home/husarion/uros_ws/install/micro_ros_msgs/lib/python3.8/site-packages/micro_ros_msgs/micro_ros_msgs_s__rosidl_typesupport_c.cpython-38-x86_64-linux-gnu.so
[35.072s] -- Set runtime path of "/home/husarion/uros_ws/install/micro_ros_msgs/lib/python3.8/site-packages/micro_ros_msgs/micro_ros_msgs_s__rosidl_typesupport_c.cpython-38-x86_64-linux-gnu.so" to ""
[35.073s] -- Installing: /home/husarion/uros_ws/install/micro_ros_msgs/lib/libmicro_ros_msgs__python.so
[35.075s] -- Set runtime path of "/home/husarion/uros_ws/install/micro_ros_msgs/lib/libmicro_ros_msgs__python.so" to ""
[35.076s] -- Installing: /home/husarion/uros_ws/install/micro_ros_msgs/share/micro_ros_msgs/msg/Graph.idl
[35.077s] -- Installing: /home/husarion/uros_ws/install/micro_ros_msgs/share/micro_ros_msgs/msg/Node.idl
[35.078s] -- Installing: /home/husarion/uros_ws/install/micro_ros_msgs/share/micro_ros_msgs/msg/Entity.idl
[35.079s] -- Installing: /home/husarion/uros_ws/install/micro_ros_msgs/share/micro_ros_msgs/msg/Graph.msg
[35.080s] -- Installing: /home/husarion/uros_ws/install/micro_ros_msgs/share/micro_ros_msgs/msg/Node.msg
[35.080s] -- Installing: /home/husarion/uros_ws/install/micro_ros_msgs/share/micro_ros_msgs/msg/Entity.msg
[35.081s] -- Installing: /home/husarion/uros_ws/install/micro_ros_msgs/share/ament_index/resource_index/package_run_dependencies/micro_ros_msgs
[35.082s] -- Installing: /home/husarion/uros_ws/install/micro_ros_msgs/share/ament_index/resource_index/parent_prefix_path/micro_ros_msgs
[35.083s] -- Installing: /home/husarion/uros_ws/install/micro_ros_msgs/share/micro_ros_msgs/environment/ament_prefix_path.sh
[35.084s] -- Installing: /home/husarion/uros_ws/install/micro_ros_msgs/share/micro_ros_msgs/environment/ament_prefix_path.dsv
[35.085s] -- Installing: /home/husarion/uros_ws/install/micro_ros_msgs/share/micro_ros_msgs/environment/path.sh
[35.086s] -- Installing: /home/husarion/uros_ws/install/micro_ros_msgs/share/micro_ros_msgs/environment/path.dsv
[35.088s] -- Installing: /home/husarion/uros_ws/install/micro_ros_msgs/share/micro_ros_msgs/local_setup.bash
[35.089s] -- Installing: /home/husarion/uros_ws/install/micro_ros_msgs/share/micro_ros_msgs/local_setup.sh
[35.090s] -- Installing: /home/husarion/uros_ws/install/micro_ros_msgs/share/micro_ros_msgs/local_setup.zsh
[35.091s] -- Installing: /home/husarion/uros_ws/install/micro_ros_msgs/share/micro_ros_msgs/local_setup.dsv
[35.092s] -- Installing: /home/husarion/uros_ws/install/micro_ros_msgs/share/micro_ros_msgs/package.dsv
[35.092s] -- Installing: /home/husarion/uros_ws/install/micro_ros_msgs/share/ament_index/resource_index/packages/micro_ros_msgs
[35.093s] -- Installing: /home/husarion/uros_ws/install/micro_ros_msgs/share/micro_ros_msgs/cmake/micro_ros_msgs__rosidl_generator_cExport.cmake
[35.094s] -- Installing: /home/husarion/uros_ws/install/micro_ros_msgs/share/micro_ros_msgs/cmake/micro_ros_msgs__rosidl_generator_cExport-noconfig.cmake
[35.095s] -- Installing: /home/husarion/uros_ws/install/micro_ros_msgs/share/micro_ros_msgs/cmake/micro_ros_msgs__rosidl_typesupport_introspection_cExport.cmake
[35.096s] -- Installing: /home/husarion/uros_ws/install/micro_ros_msgs/share/micro_ros_msgs/cmake/micro_ros_msgs__rosidl_typesupport_introspection_cExport-noconfig.cmake
[35.098s] -- Installing: /home/husarion/uros_ws/install/micro_ros_msgs/share/micro_ros_msgs/cmake/micro_ros_msgs__rosidl_typesupport_cExport.cmake
[35.099s] -- Installing: /home/husarion/uros_ws/install/micro_ros_msgs/share/micro_ros_msgs/cmake/micro_ros_msgs__rosidl_typesupport_cExport-noconfig.cmake
[35.099s] -- Installing: /home/husarion/uros_ws/install/micro_ros_msgs/share/micro_ros_msgs/cmake/micro_ros_msgs__rosidl_generator_cppExport.cmake
[35.100s] -- Installing: /home/husarion/uros_ws/install/micro_ros_msgs/share/micro_ros_msgs/cmake/micro_ros_msgs__rosidl_typesupport_introspection_cppExport.cmake
[35.101s] -- Installing: /home/husarion/uros_ws/install/micro_ros_msgs/share/micro_ros_msgs/cmake/micro_ros_msgs__rosidl_typesupport_introspection_cppExport-noconfig.cmake
[35.101s] -- Installing: /home/husarion/uros_ws/install/micro_ros_msgs/share/micro_ros_msgs/cmake/micro_ros_msgs__rosidl_typesupport_cppExport.cmake
[35.102s] -- Installing: /home/husarion/uros_ws/install/micro_ros_msgs/share/micro_ros_msgs/cmake/micro_ros_msgs__rosidl_typesupport_cppExport-noconfig.cmake
[35.102s] -- Installing: /home/husarion/uros_ws/install/micro_ros_msgs/share/micro_ros_msgs/cmake/rosidl_cmake-extras.cmake
[35.103s] -- Installing: /home/husarion/uros_ws/install/micro_ros_msgs/share/micro_ros_msgs/cmake/ament_cmake_export_dependencies-extras.cmake
[35.104s] -- Installing: /home/husarion/uros_ws/install/micro_ros_msgs/share/micro_ros_msgs/cmake/ament_cmake_export_libraries-extras.cmake
[35.105s] -- Installing: /home/husarion/uros_ws/install/micro_ros_msgs/share/micro_ros_msgs/cmake/ament_cmake_export_targets-extras.cmake
[35.105s] -- Installing: /home/husarion/uros_ws/install/micro_ros_msgs/share/micro_ros_msgs/cmake/ament_cmake_export_include_directories-extras.cmake
[35.106s] -- Installing: /home/husarion/uros_ws/install/micro_ros_msgs/share/micro_ros_msgs/cmake/rosidl_cmake_export_typesupport_libraries-extras.cmake
[35.107s] -- Installing: /home/husarion/uros_ws/install/micro_ros_msgs/share/micro_ros_msgs/cmake/rosidl_cmake_export_typesupport_targets-extras.cmake
[35.108s] -- Installing: /home/husarion/uros_ws/install/micro_ros_msgs/share/micro_ros_msgs/cmake/micro_ros_msgsConfig.cmake
[35.108s] -- Installing: /home/husarion/uros_ws/install/micro_ros_msgs/share/micro_ros_msgs/cmake/micro_ros_msgsConfig-version.cmake
[35.109s] -- Installing: /home/husarion/uros_ws/install/micro_ros_msgs/share/micro_ros_msgs/package.xml
[35.121s] Invoked command in '/home/husarion/uros_ws/build/micro_ros_msgs' returned '0': CMAKE_PREFIX_PATH=${CMAKE_PREFIX_PATH}:/home/husarion/ROS2swarm/install/thymio_driver:/home/husarion/ROS2swarm/install/ros2swarm:/home/husarion/ROS2swarm/install/launch_gazebo:/opt/ros/foxy /usr/bin/cmake --install /home/husarion/uros_ws/build/micro_ros_msgs
