[1.302s] DEBUG:colcon:Command line arguments: ['/usr/bin/colcon', 'build']
[1.303s] DEBUG:colcon:Parsed command line arguments: Namespace(allow_overriding=[], ament_cmake_args=None, base_paths=['.'], build_base='build', catkin_cmake_args=None, catkin_skip_building_tests=False, cmake_args=None, cmake_clean_cache=False, cmake_clean_first=False, cmake_force_configure=False, cmake_target=None, cmake_target_skip_unavailable=False, continue_on_error=False, event_handlers=None, executor='parallel', ignore_user_meta=False, install_base='install', log_base=None, log_level=None, main=<bound method BuildVerb.main of <colcon_core.verb.build.BuildVerb object at 0x7f79a7b69070>>, merge_install=False, metas=['./colcon.meta'], packages_above=None, packages_above_and_dependencies=None, packages_above_depth=None, packages_end=None, packages_ignore=None, packages_ignore_regex=None, packages_select=None, packages_select_build_failed=False, packages_select_by_dep=None, packages_select_regex=None, packages_select_test_failures=False, packages_skip=None, packages_skip_build_finished=False, packages_skip_by_dep=None, packages_skip_regex=None, packages_skip_test_passed=False, packages_skip_up_to=None, packages_start=None, packages_up_to=None, packages_up_to_regex=None, parallel_workers=4, paths=None, symlink_install=False, test_result_base=None, verb_extension=<colcon_core.verb.build.BuildVerb object at 0x7f79a7b69070>, verb_name='build', verb_parser=<colcon_defaults.argument_parser.defaults.DefaultArgumentsDecorator object at 0x7f79a7b695b0>)
[1.520s] Level 1:colcon.colcon_core.package_discovery:discover_packages(colcon_meta) check parameters
[1.521s] Level 1:colcon.colcon_core.package_discovery:discover_packages(recursive) check parameters
[1.521s] Level 1:colcon.colcon_core.package_discovery:discover_packages(ignore) check parameters
[1.521s] Level 1:colcon.colcon_core.package_discovery:discover_packages(path) check parameters
[1.522s] Level 1:colcon.colcon_core.package_discovery:discover_packages(colcon_meta) discover
[1.522s] Level 1:colcon.colcon_core.package_discovery:discover_packages(recursive) discover
[1.522s] INFO:colcon.colcon_core.package_discovery:Crawling recursively for packages in '/home/husarion/uros_ws'
[1.523s] Level 1:colcon.colcon_core.package_identification:_identify(.) by extensions ['ignore', 'ignore_ament_install']
[1.523s] Level 1:colcon.colcon_core.package_identification:_identify(.) by extension 'ignore'
[1.524s] Level 1:colcon.colcon_core.package_identification:_identify(.) by extension 'ignore_ament_install'
[1.524s] Level 1:colcon.colcon_core.package_identification:_identify(.) by extensions ['colcon_pkg']
[1.524s] Level 1:colcon.colcon_core.package_identification:_identify(.) by extension 'colcon_pkg'
[1.524s] Level 1:colcon.colcon_core.package_identification:_identify(.) by extensions ['colcon_meta']
[1.525s] Level 1:colcon.colcon_core.package_identification:_identify(.) by extension 'colcon_meta'
[1.525s] Level 1:colcon.colcon_core.package_identification:_identify(.) by extensions ['ros']
[1.525s] Level 1:colcon.colcon_core.package_identification:_identify(.) by extension 'ros'
[1.608s] Level 1:colcon.colcon_core.package_identification:_identify(.) by extensions ['cmake', 'python']
[1.609s] Level 1:colcon.colcon_core.package_identification:_identify(.) by extension 'cmake'
[1.609s] Level 1:colcon.colcon_core.package_identification:_identify(.) by extension 'python'
[1.609s] Level 1:colcon.colcon_core.package_identification:_identify(.) by extensions ['python_setup_py']
[1.609s] Level 1:colcon.colcon_core.package_identification:_identify(.) by extension 'python_setup_py'
[1.610s] Level 1:colcon.colcon_core.package_identification:_identify(build) by extensions ['ignore', 'ignore_ament_install']
[1.610s] Level 1:colcon.colcon_core.package_identification:_identify(build) by extension 'ignore'
[1.611s] Level 1:colcon.colcon_core.package_identification:_identify(build) ignored
[1.611s] Level 1:colcon.colcon_core.package_identification:_identify(install) by extensions ['ignore', 'ignore_ament_install']
[1.612s] Level 1:colcon.colcon_core.package_identification:_identify(install) by extension 'ignore'
[1.612s] Level 1:colcon.colcon_core.package_identification:_identify(install) ignored
[1.613s] Level 1:colcon.colcon_core.package_identification:_identify(log) by extensions ['ignore', 'ignore_ament_install']
[1.613s] Level 1:colcon.colcon_core.package_identification:_identify(log) by extension 'ignore'
[1.613s] Level 1:colcon.colcon_core.package_identification:_identify(log) ignored
[1.616s] Level 1:colcon.colcon_core.package_identification:_identify(src) by extensions ['ignore', 'ignore_ament_install']
[1.617s] Level 1:colcon.colcon_core.package_identification:_identify(src) by extension 'ignore'
[1.617s] Level 1:colcon.colcon_core.package_identification:_identify(src) by extension 'ignore_ament_install'
[1.618s] Level 1:colcon.colcon_core.package_identification:_identify(src) by extensions ['colcon_pkg']
[1.618s] Level 1:colcon.colcon_core.package_identification:_identify(src) by extension 'colcon_pkg'
[1.619s] Level 1:colcon.colcon_core.package_identification:_identify(src) by extensions ['colcon_meta']
[1.619s] Level 1:colcon.colcon_core.package_identification:_identify(src) by extension 'colcon_meta'
[1.620s] Level 1:colcon.colcon_core.package_identification:_identify(src) by extensions ['ros']
[1.620s] Level 1:colcon.colcon_core.package_identification:_identify(src) by extension 'ros'
[1.621s] Level 1:colcon.colcon_core.package_identification:_identify(src) by extensions ['cmake', 'python']
[1.621s] Level 1:colcon.colcon_core.package_identification:_identify(src) by extension 'cmake'
[1.622s] Level 1:colcon.colcon_core.package_identification:_identify(src) by extension 'python'
[1.622s] Level 1:colcon.colcon_core.package_identification:_identify(src) by extensions ['python_setup_py']
[1.622s] Level 1:colcon.colcon_core.package_identification:_identify(src) by extension 'python_setup_py'
[1.624s] Level 1:colcon.colcon_core.package_identification:_identify(src/micro_ros_setup) by extensions ['ignore', 'ignore_ament_install']
[1.625s] Level 1:colcon.colcon_core.package_identification:_identify(src/micro_ros_setup) by extension 'ignore'
[1.625s] Level 1:colcon.colcon_core.package_identification:_identify(src/micro_ros_setup) by extension 'ignore_ament_install'
[1.626s] Level 1:colcon.colcon_core.package_identification:_identify(src/micro_ros_setup) by extensions ['colcon_pkg']
[1.626s] Level 1:colcon.colcon_core.package_identification:_identify(src/micro_ros_setup) by extension 'colcon_pkg'
[1.627s] Level 1:colcon.colcon_core.package_identification:_identify(src/micro_ros_setup) by extensions ['colcon_meta']
[1.627s] Level 1:colcon.colcon_core.package_identification:_identify(src/micro_ros_setup) by extension 'colcon_meta'
[1.628s] Level 1:colcon.colcon_core.package_identification:_identify(src/micro_ros_setup) by extensions ['ros']
[1.628s] Level 1:colcon.colcon_core.package_identification:_identify(src/micro_ros_setup) by extension 'ros'
[1.646s] DEBUG:colcon.colcon_core.package_identification:Package 'src/micro_ros_setup' with type 'ros.ament_cmake' and name 'micro_ros_setup'
[1.647s] Level 1:colcon.colcon_core.package_identification:_identify(src/uros) by extensions ['ignore', 'ignore_ament_install']
[1.647s] Level 1:colcon.colcon_core.package_identification:_identify(src/uros) by extension 'ignore'
[1.648s] Level 1:colcon.colcon_core.package_identification:_identify(src/uros) by extension 'ignore_ament_install'
[1.648s] Level 1:colcon.colcon_core.package_identification:_identify(src/uros) by extensions ['colcon_pkg']
[1.648s] Level 1:colcon.colcon_core.package_identification:_identify(src/uros) by extension 'colcon_pkg'
[1.649s] Level 1:colcon.colcon_core.package_identification:_identify(src/uros) by extensions ['colcon_meta']
[1.649s] Level 1:colcon.colcon_core.package_identification:_identify(src/uros) by extension 'colcon_meta'
[1.649s] Level 1:colcon.colcon_core.package_identification:_identify(src/uros) by extensions ['ros']
[1.649s] Level 1:colcon.colcon_core.package_identification:_identify(src/uros) by extension 'ros'
[1.650s] Level 1:colcon.colcon_core.package_identification:_identify(src/uros) by extensions ['cmake', 'python']
[1.650s] Level 1:colcon.colcon_core.package_identification:_identify(src/uros) by extension 'cmake'
[1.650s] Level 1:colcon.colcon_core.package_identification:_identify(src/uros) by extension 'python'
[1.651s] Level 1:colcon.colcon_core.package_identification:_identify(src/uros) by extensions ['python_setup_py']
[1.651s] Level 1:colcon.colcon_core.package_identification:_identify(src/uros) by extension 'python_setup_py'
[1.652s] Level 1:colcon.colcon_core.package_identification:_identify(src/uros/drive_base) by extensions ['ignore', 'ignore_ament_install']
[1.653s] Level 1:colcon.colcon_core.package_identification:_identify(src/uros/drive_base) by extension 'ignore'
[1.653s] Level 1:colcon.colcon_core.package_identification:_identify(src/uros/drive_base) by extension 'ignore_ament_install'
[1.653s] Level 1:colcon.colcon_core.package_identification:_identify(src/uros/drive_base) by extensions ['colcon_pkg']
[1.653s] Level 1:colcon.colcon_core.package_identification:_identify(src/uros/drive_base) by extension 'colcon_pkg'
[1.654s] Level 1:colcon.colcon_core.package_identification:_identify(src/uros/drive_base) by extensions ['colcon_meta']
[1.654s] Level 1:colcon.colcon_core.package_identification:_identify(src/uros/drive_base) by extension 'colcon_meta'
[1.654s] Level 1:colcon.colcon_core.package_identification:_identify(src/uros/drive_base) by extensions ['ros']
[1.654s] Level 1:colcon.colcon_core.package_identification:_identify(src/uros/drive_base) by extension 'ros'
[1.655s] Level 1:colcon.colcon_core.package_identification:_identify(src/uros/drive_base) by extensions ['cmake', 'python']
[1.655s] Level 1:colcon.colcon_core.package_identification:_identify(src/uros/drive_base) by extension 'cmake'
[1.655s] Level 1:colcon.colcon_core.package_identification:_identify(src/uros/drive_base) by extension 'python'
[1.656s] Level 1:colcon.colcon_core.package_identification:_identify(src/uros/drive_base) by extensions ['python_setup_py']
[1.656s] Level 1:colcon.colcon_core.package_identification:_identify(src/uros/drive_base) by extension 'python_setup_py'
[1.657s] Level 1:colcon.colcon_core.package_identification:_identify(src/uros/drive_base/drive_base_msgs) by extensions ['ignore', 'ignore_ament_install']
[1.657s] Level 1:colcon.colcon_core.package_identification:_identify(src/uros/drive_base/drive_base_msgs) by extension 'ignore'
[1.658s] Level 1:colcon.colcon_core.package_identification:_identify(src/uros/drive_base/drive_base_msgs) by extension 'ignore_ament_install'
[1.658s] Level 1:colcon.colcon_core.package_identification:_identify(src/uros/drive_base/drive_base_msgs) by extensions ['colcon_pkg']
[1.658s] Level 1:colcon.colcon_core.package_identification:_identify(src/uros/drive_base/drive_base_msgs) by extension 'colcon_pkg'
[1.659s] Level 1:colcon.colcon_core.package_identification:_identify(src/uros/drive_base/drive_base_msgs) by extensions ['colcon_meta']
[1.659s] Level 1:colcon.colcon_core.package_identification:_identify(src/uros/drive_base/drive_base_msgs) by extension 'colcon_meta'
[1.659s] Level 1:colcon.colcon_core.package_identification:_identify(src/uros/drive_base/drive_base_msgs) by extensions ['ros']
[1.659s] Level 1:colcon.colcon_core.package_identification:_identify(src/uros/drive_base/drive_base_msgs) by extension 'ros'
[1.663s] DEBUG:colcon.colcon_core.package_identification:Package 'src/uros/drive_base/drive_base_msgs' with type 'ros.ament_cmake' and name 'drive_base_msgs'
[1.664s] Level 1:colcon.colcon_core.package_identification:_identify(src/uros/micro-ROS-Agent) by extensions ['ignore', 'ignore_ament_install']
[1.665s] Level 1:colcon.colcon_core.package_identification:_identify(src/uros/micro-ROS-Agent) by extension 'ignore'
[1.665s] Level 1:colcon.colcon_core.package_identification:_identify(src/uros/micro-ROS-Agent) by extension 'ignore_ament_install'
[1.666s] Level 1:colcon.colcon_core.package_identification:_identify(src/uros/micro-ROS-Agent) by extensions ['colcon_pkg']
[1.666s] Level 1:colcon.colcon_core.package_identification:_identify(src/uros/micro-ROS-Agent) by extension 'colcon_pkg'
[1.666s] Level 1:colcon.colcon_core.package_identification:_identify(src/uros/micro-ROS-Agent) by extensions ['colcon_meta']
[1.666s] Level 1:colcon.colcon_core.package_identification:_identify(src/uros/micro-ROS-Agent) by extension 'colcon_meta'
[1.667s] Level 1:colcon.colcon_core.package_identification:_identify(src/uros/micro-ROS-Agent) by extensions ['ros']
[1.667s] Level 1:colcon.colcon_core.package_identification:_identify(src/uros/micro-ROS-Agent) by extension 'ros'
[1.667s] Level 1:colcon.colcon_core.package_identification:_identify(src/uros/micro-ROS-Agent) by extensions ['cmake', 'python']
[1.668s] Level 1:colcon.colcon_core.package_identification:_identify(src/uros/micro-ROS-Agent) by extension 'cmake'
[1.668s] Level 1:colcon.colcon_core.package_identification:_identify(src/uros/micro-ROS-Agent) by extension 'python'
[1.668s] Level 1:colcon.colcon_core.package_identification:_identify(src/uros/micro-ROS-Agent) by extensions ['python_setup_py']
[1.668s] Level 1:colcon.colcon_core.package_identification:_identify(src/uros/micro-ROS-Agent) by extension 'python_setup_py'
[1.670s] Level 1:colcon.colcon_core.package_identification:_identify(src/uros/micro-ROS-Agent/micro_ros_agent) by extensions ['ignore', 'ignore_ament_install']
[1.670s] Level 1:colcon.colcon_core.package_identification:_identify(src/uros/micro-ROS-Agent/micro_ros_agent) by extension 'ignore'
[1.670s] Level 1:colcon.colcon_core.package_identification:_identify(src/uros/micro-ROS-Agent/micro_ros_agent) by extension 'ignore_ament_install'
[1.671s] Level 1:colcon.colcon_core.package_identification:_identify(src/uros/micro-ROS-Agent/micro_ros_agent) by extensions ['colcon_pkg']
[1.671s] Level 1:colcon.colcon_core.package_identification:_identify(src/uros/micro-ROS-Agent/micro_ros_agent) by extension 'colcon_pkg'
[1.671s] Level 1:colcon.colcon_core.package_identification:_identify(src/uros/micro-ROS-Agent/micro_ros_agent) by extensions ['colcon_meta']
[1.671s] Level 1:colcon.colcon_core.package_identification:_identify(src/uros/micro-ROS-Agent/micro_ros_agent) by extension 'colcon_meta'
[1.672s] Level 1:colcon.colcon_core.package_identification:_identify(src/uros/micro-ROS-Agent/micro_ros_agent) by extensions ['ros']
[1.672s] Level 1:colcon.colcon_core.package_identification:_identify(src/uros/micro-ROS-Agent/micro_ros_agent) by extension 'ros'
[1.678s] DEBUG:colcon.colcon_core.package_identification:Package 'src/uros/micro-ROS-Agent/micro_ros_agent' with type 'ros.ament_cmake' and name 'micro_ros_agent'
[1.680s] Level 1:colcon.colcon_core.package_identification:_identify(src/uros/micro-ROS-Agent/snap) by extensions ['ignore', 'ignore_ament_install']
[1.681s] Level 1:colcon.colcon_core.package_identification:_identify(src/uros/micro-ROS-Agent/snap) by extension 'ignore'
[1.681s] Level 1:colcon.colcon_core.package_identification:_identify(src/uros/micro-ROS-Agent/snap) by extension 'ignore_ament_install'
[1.681s] Level 1:colcon.colcon_core.package_identification:_identify(src/uros/micro-ROS-Agent/snap) by extensions ['colcon_pkg']
[1.682s] Level 1:colcon.colcon_core.package_identification:_identify(src/uros/micro-ROS-Agent/snap) by extension 'colcon_pkg'
[1.682s] Level 1:colcon.colcon_core.package_identification:_identify(src/uros/micro-ROS-Agent/snap) by extensions ['colcon_meta']
[1.682s] Level 1:colcon.colcon_core.package_identification:_identify(src/uros/micro-ROS-Agent/snap) by extension 'colcon_meta'
[1.682s] Level 1:colcon.colcon_core.package_identification:_identify(src/uros/micro-ROS-Agent/snap) by extensions ['ros']
[1.682s] Level 1:colcon.colcon_core.package_identification:_identify(src/uros/micro-ROS-Agent/snap) by extension 'ros'
[1.683s] Level 1:colcon.colcon_core.package_identification:_identify(src/uros/micro-ROS-Agent/snap) by extensions ['cmake', 'python']
[1.683s] Level 1:colcon.colcon_core.package_identification:_identify(src/uros/micro-ROS-Agent/snap) by extension 'cmake'
[1.683s] Level 1:colcon.colcon_core.package_identification:_identify(src/uros/micro-ROS-Agent/snap) by extension 'python'
[1.684s] Level 1:colcon.colcon_core.package_identification:_identify(src/uros/micro-ROS-Agent/snap) by extensions ['python_setup_py']
[1.684s] Level 1:colcon.colcon_core.package_identification:_identify(src/uros/micro-ROS-Agent/snap) by extension 'python_setup_py'
[1.685s] Level 1:colcon.colcon_core.package_identification:_identify(src/uros/micro-ROS-Agent/snap/hooks) by extensions ['ignore', 'ignore_ament_install']
[1.686s] Level 1:colcon.colcon_core.package_identification:_identify(src/uros/micro-ROS-Agent/snap/hooks) by extension 'ignore'
[1.686s] Level 1:colcon.colcon_core.package_identification:_identify(src/uros/micro-ROS-Agent/snap/hooks) by extension 'ignore_ament_install'
[1.687s] Level 1:colcon.colcon_core.package_identification:_identify(src/uros/micro-ROS-Agent/snap/hooks) by extensions ['colcon_pkg']
[1.687s] Level 1:colcon.colcon_core.package_identification:_identify(src/uros/micro-ROS-Agent/snap/hooks) by extension 'colcon_pkg'
[1.687s] Level 1:colcon.colcon_core.package_identification:_identify(src/uros/micro-ROS-Agent/snap/hooks) by extensions ['colcon_meta']
[1.687s] Level 1:colcon.colcon_core.package_identification:_identify(src/uros/micro-ROS-Agent/snap/hooks) by extension 'colcon_meta'
[1.688s] Level 1:colcon.colcon_core.package_identification:_identify(src/uros/micro-ROS-Agent/snap/hooks) by extensions ['ros']
[1.688s] Level 1:colcon.colcon_core.package_identification:_identify(src/uros/micro-ROS-Agent/snap/hooks) by extension 'ros'
[1.688s] Level 1:colcon.colcon_core.package_identification:_identify(src/uros/micro-ROS-Agent/snap/hooks) by extensions ['cmake', 'python']
[1.689s] Level 1:colcon.colcon_core.package_identification:_identify(src/uros/micro-ROS-Agent/snap/hooks) by extension 'cmake'
[1.689s] Level 1:colcon.colcon_core.package_identification:_identify(src/uros/micro-ROS-Agent/snap/hooks) by extension 'python'
[1.689s] Level 1:colcon.colcon_core.package_identification:_identify(src/uros/micro-ROS-Agent/snap/hooks) by extensions ['python_setup_py']
[1.689s] Level 1:colcon.colcon_core.package_identification:_identify(src/uros/micro-ROS-Agent/snap/hooks) by extension 'python_setup_py'
[1.691s] Level 1:colcon.colcon_core.package_identification:_identify(src/uros/micro-ROS-Agent/snap/local) by extensions ['ignore', 'ignore_ament_install']
[1.691s] Level 1:colcon.colcon_core.package_identification:_identify(src/uros/micro-ROS-Agent/snap/local) by extension 'ignore'
[1.692s] Level 1:colcon.colcon_core.package_identification:_identify(src/uros/micro-ROS-Agent/snap/local) by extension 'ignore_ament_install'
[1.692s] Level 1:colcon.colcon_core.package_identification:_identify(src/uros/micro-ROS-Agent/snap/local) by extensions ['colcon_pkg']
[1.692s] Level 1:colcon.colcon_core.package_identification:_identify(src/uros/micro-ROS-Agent/snap/local) by extension 'colcon_pkg'
[1.693s] Level 1:colcon.colcon_core.package_identification:_identify(src/uros/micro-ROS-Agent/snap/local) by extensions ['colcon_meta']
[1.693s] Level 1:colcon.colcon_core.package_identification:_identify(src/uros/micro-ROS-Agent/snap/local) by extension 'colcon_meta'
[1.693s] Level 1:colcon.colcon_core.package_identification:_identify(src/uros/micro-ROS-Agent/snap/local) by extensions ['ros']
[1.693s] Level 1:colcon.colcon_core.package_identification:_identify(src/uros/micro-ROS-Agent/snap/local) by extension 'ros'
[1.694s] Level 1:colcon.colcon_core.package_identification:_identify(src/uros/micro-ROS-Agent/snap/local) by extensions ['cmake', 'python']
[1.694s] Level 1:colcon.colcon_core.package_identification:_identify(src/uros/micro-ROS-Agent/snap/local) by extension 'cmake'
[1.694s] Level 1:colcon.colcon_core.package_identification:_identify(src/uros/micro-ROS-Agent/snap/local) by extension 'python'
[1.694s] Level 1:colcon.colcon_core.package_identification:_identify(src/uros/micro-ROS-Agent/snap/local) by extensions ['python_setup_py']
[1.695s] Level 1:colcon.colcon_core.package_identification:_identify(src/uros/micro-ROS-Agent/snap/local) by extension 'python_setup_py'
[1.696s] Level 1:colcon.colcon_core.package_identification:_identify(src/uros/micro_ros_msgs) by extensions ['ignore', 'ignore_ament_install']
[1.696s] Level 1:colcon.colcon_core.package_identification:_identify(src/uros/micro_ros_msgs) by extension 'ignore'
[1.697s] Level 1:colcon.colcon_core.package_identification:_identify(src/uros/micro_ros_msgs) by extension 'ignore_ament_install'
[1.697s] Level 1:colcon.colcon_core.package_identification:_identify(src/uros/micro_ros_msgs) by extensions ['colcon_pkg']
[1.697s] Level 1:colcon.colcon_core.package_identification:_identify(src/uros/micro_ros_msgs) by extension 'colcon_pkg'
[1.698s] Level 1:colcon.colcon_core.package_identification:_identify(src/uros/micro_ros_msgs) by extensions ['colcon_meta']
[1.698s] Level 1:colcon.colcon_core.package_identification:_identify(src/uros/micro_ros_msgs) by extension 'colcon_meta'
[1.698s] Level 1:colcon.colcon_core.package_identification:_identify(src/uros/micro_ros_msgs) by extensions ['ros']
[1.698s] Level 1:colcon.colcon_core.package_identification:_identify(src/uros/micro_ros_msgs) by extension 'ros'
[1.702s] DEBUG:colcon.colcon_core.package_identification:Package 'src/uros/micro_ros_msgs' with type 'ros.ament_cmake' and name 'micro_ros_msgs'
[1.702s] Level 1:colcon.colcon_core.package_discovery:discover_packages(recursive) using defaults
[1.702s] Level 1:colcon.colcon_core.package_discovery:discover_packages(ignore) discover
[1.703s] Level 1:colcon.colcon_core.package_discovery:discover_packages(ignore) using defaults
[1.703s] Level 1:colcon.colcon_core.package_discovery:discover_packages(path) discover
[1.703s] Level 1:colcon.colcon_core.package_discovery:discover_packages(path) using defaults
[1.884s] Level 1:colcon.colcon_core.package_discovery:discover_packages(prefix_path) check parameters
[1.884s] Level 1:colcon.colcon_core.package_discovery:discover_packages(prefix_path) discover
[1.911s] DEBUG:colcon.colcon_installed_package_information.package_discovery:Found 6 installed packages in /home/husarion/ROS2swarm/install
[1.918s] DEBUG:colcon.colcon_installed_package_information.package_discovery:Found 4 installed packages in /home/husarion/husarion_ws/install
[1.932s] DEBUG:colcon.colcon_installed_package_information.package_discovery:Found 299 installed packages in /opt/ros/foxy
[1.947s] Level 1:colcon.colcon_core.package_discovery:discover_packages(prefix_path) using defaults
[2.497s] Level 5:colcon.colcon_core.verb:set package 'drive_base_msgs' build argument 'cmake_args' from command line to 'None'
[2.497s] Level 5:colcon.colcon_core.verb:set package 'drive_base_msgs' build argument 'cmake_target' from command line to 'None'
[2.497s] Level 5:colcon.colcon_core.verb:set package 'drive_base_msgs' build argument 'cmake_target_skip_unavailable' from command line to 'False'
[2.497s] Level 5:colcon.colcon_core.verb:set package 'drive_base_msgs' build argument 'cmake_clean_cache' from command line to 'False'
[2.497s] Level 5:colcon.colcon_core.verb:set package 'drive_base_msgs' build argument 'cmake_clean_first' from command line to 'False'
[2.498s] Level 5:colcon.colcon_core.verb:set package 'drive_base_msgs' build argument 'cmake_force_configure' from command line to 'False'
[2.498s] Level 5:colcon.colcon_core.verb:set package 'drive_base_msgs' build argument 'ament_cmake_args' from command line to 'None'
[2.498s] Level 5:colcon.colcon_core.verb:set package 'drive_base_msgs' build argument 'catkin_cmake_args' from command line to 'None'
[2.498s] Level 5:colcon.colcon_core.verb:set package 'drive_base_msgs' build argument 'catkin_skip_building_tests' from command line to 'False'
[2.498s] DEBUG:colcon.colcon_core.verb:Building package 'drive_base_msgs' with the following arguments: {'ament_cmake_args': None, 'build_base': '/home/husarion/uros_ws/build/drive_base_msgs', 'catkin_cmake_args': None, 'catkin_skip_building_tests': False, 'cmake_args': None, 'cmake_clean_cache': False, 'cmake_clean_first': False, 'cmake_force_configure': False, 'cmake_target': None, 'cmake_target_skip_unavailable': False, 'install_base': '/home/husarion/uros_ws/install/drive_base_msgs', 'merge_install': False, 'path': '/home/husarion/uros_ws/src/uros/drive_base/drive_base_msgs', 'symlink_install': False, 'test_result_base': None}
[2.505s] Level 5:colcon.colcon_core.verb:set package 'micro_ros_msgs' build argument 'cmake_args' from command line to 'None'
[2.505s] Level 5:colcon.colcon_core.verb:set package 'micro_ros_msgs' build argument 'cmake_target' from command line to 'None'
[2.506s] Level 5:colcon.colcon_core.verb:set package 'micro_ros_msgs' build argument 'cmake_target_skip_unavailable' from command line to 'False'
[2.506s] Level 5:colcon.colcon_core.verb:set package 'micro_ros_msgs' build argument 'cmake_clean_cache' from command line to 'False'
[2.506s] Level 5:colcon.colcon_core.verb:set package 'micro_ros_msgs' build argument 'cmake_clean_first' from command line to 'False'
[2.506s] Level 5:colcon.colcon_core.verb:set package 'micro_ros_msgs' build argument 'cmake_force_configure' from command line to 'False'
[2.506s] Level 5:colcon.colcon_core.verb:set package 'micro_ros_msgs' build argument 'ament_cmake_args' from command line to 'None'
[2.506s] Level 5:colcon.colcon_core.verb:set package 'micro_ros_msgs' build argument 'catkin_cmake_args' from command line to 'None'
[2.507s] Level 5:colcon.colcon_core.verb:set package 'micro_ros_msgs' build argument 'catkin_skip_building_tests' from command line to 'False'
[2.507s] DEBUG:colcon.colcon_core.verb:Building package 'micro_ros_msgs' with the following arguments: {'ament_cmake_args': None, 'build_base': '/home/husarion/uros_ws/build/micro_ros_msgs', 'catkin_cmake_args': None, 'catkin_skip_building_tests': False, 'cmake_args': None, 'cmake_clean_cache': False, 'cmake_clean_first': False, 'cmake_force_configure': False, 'cmake_target': None, 'cmake_target_skip_unavailable': False, 'install_base': '/home/husarion/uros_ws/install/micro_ros_msgs', 'merge_install': False, 'path': '/home/husarion/uros_ws/src/uros/micro_ros_msgs', 'symlink_install': False, 'test_result_base': None}
[2.513s] Level 5:colcon.colcon_core.verb:set package 'micro_ros_setup' build argument 'cmake_args' from command line to 'None'
[2.514s] Level 5:colcon.colcon_core.verb:set package 'micro_ros_setup' build argument 'cmake_target' from command line to 'None'
[2.514s] Level 5:colcon.colcon_core.verb:set package 'micro_ros_setup' build argument 'cmake_target_skip_unavailable' from command line to 'False'
[2.514s] Level 5:colcon.colcon_core.verb:set package 'micro_ros_setup' build argument 'cmake_clean_cache' from command line to 'False'
[2.514s] Level 5:colcon.colcon_core.verb:set package 'micro_ros_setup' build argument 'cmake_clean_first' from command line to 'False'
[2.514s] Level 5:colcon.colcon_core.verb:set package 'micro_ros_setup' build argument 'cmake_force_configure' from command line to 'False'
[2.514s] Level 5:colcon.colcon_core.verb:set package 'micro_ros_setup' build argument 'ament_cmake_args' from command line to 'None'
[2.515s] Level 5:colcon.colcon_core.verb:set package 'micro_ros_setup' build argument 'catkin_cmake_args' from command line to 'None'
[2.515s] Level 5:colcon.colcon_core.verb:set package 'micro_ros_setup' build argument 'catkin_skip_building_tests' from command line to 'False'
[2.515s] DEBUG:colcon.colcon_core.verb:Building package 'micro_ros_setup' with the following arguments: {'ament_cmake_args': None, 'build_base': '/home/husarion/uros_ws/build/micro_ros_setup', 'catkin_cmake_args': None, 'catkin_skip_building_tests': False, 'cmake_args': None, 'cmake_clean_cache': False, 'cmake_clean_first': False, 'cmake_force_configure': False, 'cmake_target': None, 'cmake_target_skip_unavailable': False, 'install_base': '/home/husarion/uros_ws/install/micro_ros_setup', 'merge_install': False, 'path': '/home/husarion/uros_ws/src/micro_ros_setup', 'symlink_install': False, 'test_result_base': None}
[2.522s] Level 5:colcon.colcon_core.verb:set package 'micro_ros_agent' build argument 'cmake_args' from command line to 'None'
[2.522s] Level 5:colcon.colcon_core.verb:set package 'micro_ros_agent' build argument 'cmake_target' from command line to 'None'
[2.522s] Level 5:colcon.colcon_core.verb:set package 'micro_ros_agent' build argument 'cmake_target_skip_unavailable' from command line to 'False'
[2.522s] Level 5:colcon.colcon_core.verb:set package 'micro_ros_agent' build argument 'cmake_clean_cache' from command line to 'False'
[2.523s] Level 5:colcon.colcon_core.verb:set package 'micro_ros_agent' build argument 'cmake_clean_first' from command line to 'False'
[2.523s] Level 5:colcon.colcon_core.verb:set package 'micro_ros_agent' build argument 'cmake_force_configure' from command line to 'False'
[2.523s] Level 5:colcon.colcon_core.verb:set package 'micro_ros_agent' build argument 'ament_cmake_args' from command line to 'None'
[2.523s] Level 5:colcon.colcon_core.verb:set package 'micro_ros_agent' build argument 'catkin_cmake_args' from command line to 'None'
[2.523s] Level 5:colcon.colcon_core.verb:set package 'micro_ros_agent' build argument 'catkin_skip_building_tests' from command line to 'False'
[2.523s] DEBUG:colcon.colcon_core.verb:Building package 'micro_ros_agent' with the following arguments: {'ament_cmake_args': None, 'build_base': '/home/husarion/uros_ws/build/micro_ros_agent', 'catkin_cmake_args': None, 'catkin_skip_building_tests': False, 'cmake_args': None, 'cmake_clean_cache': False, 'cmake_clean_first': False, 'cmake_force_configure': False, 'cmake_target': None, 'cmake_target_skip_unavailable': False, 'install_base': '/home/husarion/uros_ws/install/micro_ros_agent', 'merge_install': False, 'path': '/home/husarion/uros_ws/src/uros/micro-ROS-Agent/micro_ros_agent', 'symlink_install': False, 'test_result_base': None}
[2.528s] INFO:colcon.colcon_core.executor:Executing jobs using 'parallel' executor
[2.556s] DEBUG:colcon.colcon_parallel_executor.executor.parallel:run_until_complete
[2.558s] INFO:colcon.colcon_ros.task.ament_cmake.build:Building ROS package in '/home/husarion/uros_ws/src/uros/micro_ros_msgs' with build type 'ament_cmake'
[2.560s] INFO:colcon.colcon_cmake.task.cmake.build:Building CMake package in '/home/husarion/uros_ws/src/uros/micro_ros_msgs'
[2.622s] INFO:colcon.colcon_core.plugin_system:Skipping extension 'colcon_core.shell.bat': Not used on non-Windows systems
[2.623s] INFO:colcon.colcon_core.shell:Skip shell extension 'powershell' for command environment: Not usable outside of PowerShell
[2.623s] DEBUG:colcon.colcon_core.shell:Skip shell extension 'dsv' for command environment
[2.678s] INFO:colcon.colcon_ros.task.ament_cmake.build:Building ROS package in '/home/husarion/uros_ws/src/uros/drive_base/drive_base_msgs' with build type 'ament_cmake'
[2.680s] INFO:colcon.colcon_cmake.task.cmake.build:Building CMake package in '/home/husarion/uros_ws/src/uros/drive_base/drive_base_msgs'
[2.696s] INFO:colcon.colcon_core.shell:Skip shell extension 'powershell' for command environment: Not usable outside of PowerShell
[2.697s] DEBUG:colcon.colcon_core.shell:Skip shell extension 'dsv' for command environment
[2.747s] INFO:colcon.colcon_ros.task.ament_cmake.build:Building ROS package in '/home/husarion/uros_ws/src/micro_ros_setup' with build type 'ament_cmake'
[2.751s] INFO:colcon.colcon_cmake.task.cmake.build:Building CMake package in '/home/husarion/uros_ws/src/micro_ros_setup'
[2.772s] INFO:colcon.colcon_core.shell:Skip shell extension 'powershell' for command environment: Not usable outside of PowerShell
[2.773s] DEBUG:colcon.colcon_core.shell:Skip shell extension 'dsv' for command environment
[2.891s] DEBUG:colcon.colcon_core.event_handler.log_command:Invoking command in '/home/husarion/uros_ws/build/micro_ros_msgs': CMAKE_PREFIX_PATH=${CMAKE_PREFIX_PATH}:/home/husarion/ROS2swarm/install/thymio_driver:/home/husarion/ROS2swarm/install/ros2swarm:/home/husarion/ROS2swarm/install/launch_gazebo:/opt/ros/foxy /usr/bin/cmake /home/husarion/uros_ws/src/uros/micro_ros_msgs -DCMAKE_INSTALL_PREFIX=/home/husarion/uros_ws/install/micro_ros_msgs
[2.933s] DEBUG:colcon.colcon_core.event_handler.log_command:Invoking command in '/home/husarion/uros_ws/build/drive_base_msgs': CMAKE_PREFIX_PATH=${CMAKE_PREFIX_PATH}:/home/husarion/ROS2swarm/install/thymio_driver:/home/husarion/ROS2swarm/install/ros2swarm:/home/husarion/ROS2swarm/install/launch_gazebo:/opt/ros/foxy /usr/bin/cmake /home/husarion/uros_ws/src/uros/drive_base/drive_base_msgs -DCMAKE_INSTALL_PREFIX=/home/husarion/uros_ws/install/drive_base_msgs
[2.976s] DEBUG:colcon.colcon_core.event_handler.log_command:Invoking command in '/home/husarion/uros_ws/build/micro_ros_setup': CMAKE_PREFIX_PATH=${CMAKE_PREFIX_PATH}:/home/husarion/ROS2swarm/install/thymio_driver:/home/husarion/ROS2swarm/install/ros2swarm:/home/husarion/ROS2swarm/install/launch_gazebo:/opt/ros/foxy /usr/bin/cmake --build /home/husarion/uros_ws/build/micro_ros_setup -- -j4 -l4
[3.242s] DEBUG:colcon.colcon_core.event_handler.log_command:Invoked command in '/home/husarion/uros_ws/build/micro_ros_setup' returned '0': CMAKE_PREFIX_PATH=${CMAKE_PREFIX_PATH}:/home/husarion/ROS2swarm/install/thymio_driver:/home/husarion/ROS2swarm/install/ros2swarm:/home/husarion/ROS2swarm/install/launch_gazebo:/opt/ros/foxy /usr/bin/cmake --build /home/husarion/uros_ws/build/micro_ros_setup -- -j4 -l4
[3.415s] DEBUG:colcon.colcon_core.event_handler.log_command:Invoking command in '/home/husarion/uros_ws/build/micro_ros_setup': CMAKE_PREFIX_PATH=${CMAKE_PREFIX_PATH}:/home/husarion/ROS2swarm/install/thymio_driver:/home/husarion/ROS2swarm/install/ros2swarm:/home/husarion/ROS2swarm/install/launch_gazebo:/opt/ros/foxy /usr/bin/cmake --install /home/husarion/uros_ws/build/micro_ros_setup
[3.540s] Level 1:colcon.colcon_core.environment:create_environment_scripts_only(micro_ros_setup)
[3.671s] Level 1:colcon.colcon_core.environment:checking '/home/husarion/uros_ws/install/micro_ros_setup' for CMake module files
[3.686s] Level 1:colcon.colcon_core.environment:checking '/home/husarion/uros_ws/install/micro_ros_setup' for CMake config files
[3.708s] DEBUG:colcon.colcon_core.event_handler.log_command:Invoked command in '/home/husarion/uros_ws/build/micro_ros_setup' returned '0': CMAKE_PREFIX_PATH=${CMAKE_PREFIX_PATH}:/home/husarion/ROS2swarm/install/thymio_driver:/home/husarion/ROS2swarm/install/ros2swarm:/home/husarion/ROS2swarm/install/launch_gazebo:/opt/ros/foxy /usr/bin/cmake --install /home/husarion/uros_ws/build/micro_ros_setup
[3.716s] Level 1:colcon.colcon_core.shell:create_environment_hook('micro_ros_setup', 'cmake_prefix_path')
[3.727s] INFO:colcon.colcon_core.shell:Creating environment hook '/home/husarion/uros_ws/install/micro_ros_setup/share/micro_ros_setup/hook/cmake_prefix_path.ps1'
[3.734s] INFO:colcon.colcon_core.shell:Creating environment descriptor '/home/husarion/uros_ws/install/micro_ros_setup/share/micro_ros_setup/hook/cmake_prefix_path.dsv'
[3.739s] INFO:colcon.colcon_core.shell:Creating environment hook '/home/husarion/uros_ws/install/micro_ros_setup/share/micro_ros_setup/hook/cmake_prefix_path.sh'
[3.746s] Level 1:colcon.colcon_core.environment:checking '/home/husarion/uros_ws/install/micro_ros_setup/lib'
[3.747s] Level 1:colcon.colcon_core.environment:checking '/home/husarion/uros_ws/install/micro_ros_setup/bin'
[3.748s] Level 1:colcon.colcon_core.environment:checking '/home/husarion/uros_ws/install/micro_ros_setup/lib/pkgconfig/micro_ros_setup.pc'
[3.750s] Level 1:colcon.colcon_core.environment:checking '/home/husarion/uros_ws/install/micro_ros_setup/lib/python3.8/site-packages'
[3.751s] Level 1:colcon.colcon_core.environment:checking '/home/husarion/uros_ws/install/micro_ros_setup/bin'
[3.764s] INFO:colcon.colcon_core.shell:Creating package script '/home/husarion/uros_ws/install/micro_ros_setup/share/micro_ros_setup/package.ps1'
[3.771s] INFO:colcon.colcon_core.shell:Creating package descriptor '/home/husarion/uros_ws/install/micro_ros_setup/share/micro_ros_setup/package.dsv'
[3.775s] INFO:colcon.colcon_core.shell:Creating package script '/home/husarion/uros_ws/install/micro_ros_setup/share/micro_ros_setup/package.sh'
[3.781s] INFO:colcon.colcon_core.shell:Creating package script '/home/husarion/uros_ws/install/micro_ros_setup/share/micro_ros_setup/package.bash'
[3.792s] INFO:colcon.colcon_core.shell:Creating package script '/home/husarion/uros_ws/install/micro_ros_setup/share/micro_ros_setup/package.zsh'
[3.798s] Level 1:colcon.colcon_core.environment:create_file_with_runtime_dependencies(/home/husarion/uros_ws/install/micro_ros_setup/share/colcon-core/packages/micro_ros_setup)
[3.922s] Level 1:colcon.colcon_core.environment:create_environment_scripts_only(micro_ros_setup)
[3.938s] Level 1:colcon.colcon_core.environment:checking '/home/husarion/uros_ws/install/micro_ros_setup' for CMake module files
[3.943s] Level 1:colcon.colcon_core.environment:checking '/home/husarion/uros_ws/install/micro_ros_setup' for CMake config files
[3.948s] Level 1:colcon.colcon_core.shell:create_environment_hook('micro_ros_setup', 'cmake_prefix_path')
[3.957s] INFO:colcon.colcon_core.shell:Creating environment hook '/home/husarion/uros_ws/install/micro_ros_setup/share/micro_ros_setup/hook/cmake_prefix_path.ps1'
[3.960s] INFO:colcon.colcon_core.shell:Creating environment descriptor '/home/husarion/uros_ws/install/micro_ros_setup/share/micro_ros_setup/hook/cmake_prefix_path.dsv'
[3.963s] INFO:colcon.colcon_core.shell:Creating environment hook '/home/husarion/uros_ws/install/micro_ros_setup/share/micro_ros_setup/hook/cmake_prefix_path.sh'
[3.966s] Level 1:colcon.colcon_core.environment:checking '/home/husarion/uros_ws/install/micro_ros_setup/lib'
[3.967s] Level 1:colcon.colcon_core.environment:checking '/home/husarion/uros_ws/install/micro_ros_setup/bin'
[3.967s] Level 1:colcon.colcon_core.environment:checking '/home/husarion/uros_ws/install/micro_ros_setup/lib/pkgconfig/micro_ros_setup.pc'
[3.968s] Level 1:colcon.colcon_core.environment:checking '/home/husarion/uros_ws/install/micro_ros_setup/lib/python3.8/site-packages'
[3.970s] Level 1:colcon.colcon_core.environment:checking '/home/husarion/uros_ws/install/micro_ros_setup/bin'
[3.979s] INFO:colcon.colcon_core.shell:Creating package script '/home/husarion/uros_ws/install/micro_ros_setup/share/micro_ros_setup/package.ps1'
[3.982s] INFO:colcon.colcon_core.shell:Creating package descriptor '/home/husarion/uros_ws/install/micro_ros_setup/share/micro_ros_setup/package.dsv'
[3.985s] INFO:colcon.colcon_core.shell:Creating package script '/home/husarion/uros_ws/install/micro_ros_setup/share/micro_ros_setup/package.sh'
[3.988s] INFO:colcon.colcon_core.shell:Creating package script '/home/husarion/uros_ws/install/micro_ros_setup/share/micro_ros_setup/package.bash'
[3.991s] INFO:colcon.colcon_core.shell:Creating package script '/home/husarion/uros_ws/install/micro_ros_setup/share/micro_ros_setup/package.zsh'
[3.995s] Level 1:colcon.colcon_core.environment:create_file_with_runtime_dependencies(/home/husarion/uros_ws/install/micro_ros_setup/share/colcon-core/packages/micro_ros_setup)
[8.673s] DEBUG:colcon.colcon_core.event_handler.log_command:Invoked command in '/home/husarion/uros_ws/build/micro_ros_msgs' returned '0': CMAKE_PREFIX_PATH=${CMAKE_PREFIX_PATH}:/home/husarion/ROS2swarm/install/thymio_driver:/home/husarion/ROS2swarm/install/ros2swarm:/home/husarion/ROS2swarm/install/launch_gazebo:/opt/ros/foxy /usr/bin/cmake /home/husarion/uros_ws/src/uros/micro_ros_msgs -DCMAKE_INSTALL_PREFIX=/home/husarion/uros_ws/install/micro_ros_msgs
[8.683s] DEBUG:colcon.colcon_core.event_handler.log_command:Invoking command in '/home/husarion/uros_ws/build/micro_ros_msgs': CMAKE_PREFIX_PATH=${CMAKE_PREFIX_PATH}:/home/husarion/ROS2swarm/install/thymio_driver:/home/husarion/ROS2swarm/install/ros2swarm:/home/husarion/ROS2swarm/install/launch_gazebo:/opt/ros/foxy /usr/bin/cmake --build /home/husarion/uros_ws/build/micro_ros_msgs -- -j4 -l4
[9.870s] DEBUG:colcon.colcon_core.event_handler.log_command:Invoked command in '/home/husarion/uros_ws/build/micro_ros_msgs' returned '0': CMAKE_PREFIX_PATH=${CMAKE_PREFIX_PATH}:/home/husarion/ROS2swarm/install/thymio_driver:/home/husarion/ROS2swarm/install/ros2swarm:/home/husarion/ROS2swarm/install/launch_gazebo:/opt/ros/foxy /usr/bin/cmake --build /home/husarion/uros_ws/build/micro_ros_msgs -- -j4 -l4
[10.309s] DEBUG:colcon.colcon_core.event_handler.log_command:Invoking command in '/home/husarion/uros_ws/build/micro_ros_msgs': CMAKE_PREFIX_PATH=${CMAKE_PREFIX_PATH}:/home/husarion/ROS2swarm/install/thymio_driver:/home/husarion/ROS2swarm/install/ros2swarm:/home/husarion/ROS2swarm/install/launch_gazebo:/opt/ros/foxy /usr/bin/cmake --install /home/husarion/uros_ws/build/micro_ros_msgs
[10.773s] Level 1:colcon.colcon_core.environment:create_environment_scripts_only(micro_ros_msgs)
[10.790s] DEBUG:colcon.colcon_core.event_handler.log_command:Invoked command in '/home/husarion/uros_ws/build/micro_ros_msgs' returned '0': CMAKE_PREFIX_PATH=${CMAKE_PREFIX_PATH}:/home/husarion/ROS2swarm/install/thymio_driver:/home/husarion/ROS2swarm/install/ros2swarm:/home/husarion/ROS2swarm/install/launch_gazebo:/opt/ros/foxy /usr/bin/cmake --install /home/husarion/uros_ws/build/micro_ros_msgs
[10.791s] Level 1:colcon.colcon_core.environment:checking '/home/husarion/uros_ws/install/micro_ros_msgs' for CMake module files
[10.795s] Level 1:colcon.colcon_core.environment:checking '/home/husarion/uros_ws/install/micro_ros_msgs' for CMake config files
[10.802s] Level 1:colcon.colcon_core.shell:create_environment_hook('micro_ros_msgs', 'cmake_prefix_path')
[10.811s] INFO:colcon.colcon_core.shell:Creating environment hook '/home/husarion/uros_ws/install/micro_ros_msgs/share/micro_ros_msgs/hook/cmake_prefix_path.ps1'
[10.814s] INFO:colcon.colcon_core.shell:Creating environment descriptor '/home/husarion/uros_ws/install/micro_ros_msgs/share/micro_ros_msgs/hook/cmake_prefix_path.dsv'
[10.816s] INFO:colcon.colcon_core.shell:Creating environment hook '/home/husarion/uros_ws/install/micro_ros_msgs/share/micro_ros_msgs/hook/cmake_prefix_path.sh'
[10.819s] Level 1:colcon.colcon_core.environment:checking '/home/husarion/uros_ws/install/micro_ros_msgs/lib'
[10.820s] Level 1:colcon.colcon_core.shell:create_environment_hook('micro_ros_msgs', 'ld_library_path_lib')
[10.829s] INFO:colcon.colcon_core.shell:Creating environment hook '/home/husarion/uros_ws/install/micro_ros_msgs/share/micro_ros_msgs/hook/ld_library_path_lib.ps1'
[10.831s] INFO:colcon.colcon_core.shell:Creating environment descriptor '/home/husarion/uros_ws/install/micro_ros_msgs/share/micro_ros_msgs/hook/ld_library_path_lib.dsv'
[10.833s] INFO:colcon.colcon_core.shell:Creating environment hook '/home/husarion/uros_ws/install/micro_ros_msgs/share/micro_ros_msgs/hook/ld_library_path_lib.sh'
[10.836s] Level 1:colcon.colcon_core.environment:checking '/home/husarion/uros_ws/install/micro_ros_msgs/bin'
[10.837s] Level 1:colcon.colcon_core.environment:checking '/home/husarion/uros_ws/install/micro_ros_msgs/lib/pkgconfig/micro_ros_msgs.pc'
[10.838s] Level 1:colcon.colcon_core.environment:checking '/home/husarion/uros_ws/install/micro_ros_msgs/lib/python3.8/site-packages'
[10.838s] Level 1:colcon.colcon_core.shell:create_environment_hook('micro_ros_msgs', 'pythonpath')
[10.847s] INFO:colcon.colcon_core.shell:Creating environment hook '/home/husarion/uros_ws/install/micro_ros_msgs/share/micro_ros_msgs/hook/pythonpath.ps1'
[10.849s] INFO:colcon.colcon_core.shell:Creating environment descriptor '/home/husarion/uros_ws/install/micro_ros_msgs/share/micro_ros_msgs/hook/pythonpath.dsv'
[10.851s] INFO:colcon.colcon_core.shell:Creating environment hook '/home/husarion/uros_ws/install/micro_ros_msgs/share/micro_ros_msgs/hook/pythonpath.sh'
[10.854s] Level 1:colcon.colcon_core.environment:checking '/home/husarion/uros_ws/install/micro_ros_msgs/bin'
[10.864s] INFO:colcon.colcon_core.shell:Creating package script '/home/husarion/uros_ws/install/micro_ros_msgs/share/micro_ros_msgs/package.ps1'
[10.867s] INFO:colcon.colcon_core.shell:Creating package descriptor '/home/husarion/uros_ws/install/micro_ros_msgs/share/micro_ros_msgs/package.dsv'
[10.871s] INFO:colcon.colcon_core.shell:Creating package script '/home/husarion/uros_ws/install/micro_ros_msgs/share/micro_ros_msgs/package.sh'
[10.874s] INFO:colcon.colcon_core.shell:Creating package script '/home/husarion/uros_ws/install/micro_ros_msgs/share/micro_ros_msgs/package.bash'
[10.876s] INFO:colcon.colcon_core.shell:Creating package script '/home/husarion/uros_ws/install/micro_ros_msgs/share/micro_ros_msgs/package.zsh'
[10.879s] Level 1:colcon.colcon_core.environment:create_file_with_runtime_dependencies(/home/husarion/uros_ws/install/micro_ros_msgs/share/colcon-core/packages/micro_ros_msgs)
[11.342s] Level 1:colcon.colcon_core.environment:create_environment_scripts_only(micro_ros_msgs)
[11.359s] Level 1:colcon.colcon_core.environment:checking '/home/husarion/uros_ws/install/micro_ros_msgs' for CMake module files
[11.363s] Level 1:colcon.colcon_core.environment:checking '/home/husarion/uros_ws/install/micro_ros_msgs' for CMake config files
[11.367s] Level 1:colcon.colcon_core.shell:create_environment_hook('micro_ros_msgs', 'cmake_prefix_path')
[11.377s] INFO:colcon.colcon_core.shell:Creating environment hook '/home/husarion/uros_ws/install/micro_ros_msgs/share/micro_ros_msgs/hook/cmake_prefix_path.ps1'
[11.380s] INFO:colcon.colcon_core.shell:Creating environment descriptor '/home/husarion/uros_ws/install/micro_ros_msgs/share/micro_ros_msgs/hook/cmake_prefix_path.dsv'
[11.382s] INFO:colcon.colcon_core.shell:Creating environment hook '/home/husarion/uros_ws/install/micro_ros_msgs/share/micro_ros_msgs/hook/cmake_prefix_path.sh'
[11.385s] Level 1:colcon.colcon_core.environment:checking '/home/husarion/uros_ws/install/micro_ros_msgs/lib'
[11.386s] Level 1:colcon.colcon_core.shell:create_environment_hook('micro_ros_msgs', 'ld_library_path_lib')
[11.395s] INFO:colcon.colcon_core.shell:Creating environment hook '/home/husarion/uros_ws/install/micro_ros_msgs/share/micro_ros_msgs/hook/ld_library_path_lib.ps1'
[11.398s] INFO:colcon.colcon_core.shell:Creating environment descriptor '/home/husarion/uros_ws/install/micro_ros_msgs/share/micro_ros_msgs/hook/ld_library_path_lib.dsv'
[11.402s] INFO:colcon.colcon_core.shell:Creating environment hook '/home/husarion/uros_ws/install/micro_ros_msgs/share/micro_ros_msgs/hook/ld_library_path_lib.sh'
[11.404s] Level 1:colcon.colcon_core.environment:checking '/home/husarion/uros_ws/install/micro_ros_msgs/bin'
[11.405s] Level 1:colcon.colcon_core.environment:checking '/home/husarion/uros_ws/install/micro_ros_msgs/lib/pkgconfig/micro_ros_msgs.pc'
[11.406s] Level 1:colcon.colcon_core.environment:checking '/home/husarion/uros_ws/install/micro_ros_msgs/lib/python3.8/site-packages'
[11.407s] Level 1:colcon.colcon_core.shell:create_environment_hook('micro_ros_msgs', 'pythonpath')
[11.416s] INFO:colcon.colcon_core.shell:Creating environment hook '/home/husarion/uros_ws/install/micro_ros_msgs/share/micro_ros_msgs/hook/pythonpath.ps1'
[11.419s] INFO:colcon.colcon_core.shell:Creating environment descriptor '/home/husarion/uros_ws/install/micro_ros_msgs/share/micro_ros_msgs/hook/pythonpath.dsv'
[11.421s] INFO:colcon.colcon_core.shell:Creating environment hook '/home/husarion/uros_ws/install/micro_ros_msgs/share/micro_ros_msgs/hook/pythonpath.sh'
[11.424s] Level 1:colcon.colcon_core.environment:checking '/home/husarion/uros_ws/install/micro_ros_msgs/bin'
[11.435s] INFO:colcon.colcon_core.shell:Creating package script '/home/husarion/uros_ws/install/micro_ros_msgs/share/micro_ros_msgs/package.ps1'
[11.438s] INFO:colcon.colcon_core.shell:Creating package descriptor '/home/husarion/uros_ws/install/micro_ros_msgs/share/micro_ros_msgs/package.dsv'
[11.442s] INFO:colcon.colcon_core.shell:Creating package script '/home/husarion/uros_ws/install/micro_ros_msgs/share/micro_ros_msgs/package.sh'
[11.448s] INFO:colcon.colcon_core.shell:Creating package script '/home/husarion/uros_ws/install/micro_ros_msgs/share/micro_ros_msgs/package.bash'
[11.454s] INFO:colcon.colcon_core.shell:Creating package script '/home/husarion/uros_ws/install/micro_ros_msgs/share/micro_ros_msgs/package.zsh'
[11.458s] Level 1:colcon.colcon_core.environment:create_file_with_runtime_dependencies(/home/husarion/uros_ws/install/micro_ros_msgs/share/colcon-core/packages/micro_ros_msgs)
[11.460s] INFO:colcon.colcon_ros.task.ament_cmake.build:Building ROS package in '/home/husarion/uros_ws/src/uros/micro-ROS-Agent/micro_ros_agent' with build type 'ament_cmake'
[11.461s] INFO:colcon.colcon_cmake.task.cmake.build:Building CMake package in '/home/husarion/uros_ws/src/uros/micro-ROS-Agent/micro_ros_agent'
[11.471s] INFO:colcon.colcon_core.shell:Skip shell extension 'powershell' for command environment: Not usable outside of PowerShell
[11.472s] DEBUG:colcon.colcon_core.shell:Skip shell extension 'dsv' for command environment
[11.570s] DEBUG:colcon.colcon_core.event_handler.log_command:Invoking command in '/home/husarion/uros_ws/build/micro_ros_agent': AMENT_PREFIX_PATH=/home/husarion/uros_ws/install/micro_ros_msgs:${AMENT_PREFIX_PATH} CMAKE_PREFIX_PATH=/home/husarion/uros_ws/install/micro_ros_msgs:/home/husarion/ROS2swarm/install/thymio_msgs:/home/husarion/ROS2swarm/install/thymio_description:/home/husarion/ROS2swarm/install/communication_interfaces:/home/husarion/husarion_ws/install/rplidar_ros:/home/husarion/husarion_ws/install/route_admin_panel:/home/husarion/husarion_ws/install/rosbot_description:/home/husarion/husarion_ws/install/astra_camera:/home/husarion/ROS2swarm/install/thymio_driver:/home/husarion/ROS2swarm/install/ros2swarm:/home/husarion/ROS2swarm/install/launch_gazebo:/opt/ros/foxy LD_LIBRARY_PATH=/home/husarion/uros_ws/install/micro_ros_msgs/lib:${LD_LIBRARY_PATH} PYTHONPATH=/home/husarion/uros_ws/install/micro_ros_msgs/lib/python3.8/site-packages:${PYTHONPATH} /usr/bin/cmake /home/husarion/uros_ws/src/uros/micro-ROS-Agent/micro_ros_agent -DCMAKE_INSTALL_PREFIX=/home/husarion/uros_ws/install/micro_ros_agent
[14.284s] DEBUG:colcon.colcon_core.event_handler.log_command:Invoked command in '/home/husarion/uros_ws/build/drive_base_msgs' returned '0': CMAKE_PREFIX_PATH=${CMAKE_PREFIX_PATH}:/home/husarion/ROS2swarm/install/thymio_driver:/home/husarion/ROS2swarm/install/ros2swarm:/home/husarion/ROS2swarm/install/launch_gazebo:/opt/ros/foxy /usr/bin/cmake /home/husarion/uros_ws/src/uros/drive_base/drive_base_msgs -DCMAKE_INSTALL_PREFIX=/home/husarion/uros_ws/install/drive_base_msgs
[14.296s] DEBUG:colcon.colcon_core.event_handler.log_command:Invoking command in '/home/husarion/uros_ws/build/drive_base_msgs': CMAKE_PREFIX_PATH=${CMAKE_PREFIX_PATH}:/home/husarion/ROS2swarm/install/thymio_driver:/home/husarion/ROS2swarm/install/ros2swarm:/home/husarion/ROS2swarm/install/launch_gazebo:/opt/ros/foxy /usr/bin/cmake --build /home/husarion/uros_ws/build/drive_base_msgs -- -j4 -l4
[15.162s] DEBUG:colcon.colcon_core.event_handler.log_command:Invoked command in '/home/husarion/uros_ws/build/micro_ros_agent' returned '0': AMENT_PREFIX_PATH=/home/husarion/uros_ws/install/micro_ros_msgs:${AMENT_PREFIX_PATH} CMAKE_PREFIX_PATH=/home/husarion/uros_ws/install/micro_ros_msgs:/home/husarion/ROS2swarm/install/thymio_msgs:/home/husarion/ROS2swarm/install/thymio_description:/home/husarion/ROS2swarm/install/communication_interfaces:/home/husarion/husarion_ws/install/rplidar_ros:/home/husarion/husarion_ws/install/route_admin_panel:/home/husarion/husarion_ws/install/rosbot_description:/home/husarion/husarion_ws/install/astra_camera:/home/husarion/ROS2swarm/install/thymio_driver:/home/husarion/ROS2swarm/install/ros2swarm:/home/husarion/ROS2swarm/install/launch_gazebo:/opt/ros/foxy LD_LIBRARY_PATH=/home/husarion/uros_ws/install/micro_ros_msgs/lib:${LD_LIBRARY_PATH} PYTHONPATH=/home/husarion/uros_ws/install/micro_ros_msgs/lib/python3.8/site-packages:${PYTHONPATH} /usr/bin/cmake /home/husarion/uros_ws/src/uros/micro-ROS-Agent/micro_ros_agent -DCMAKE_INSTALL_PREFIX=/home/husarion/uros_ws/install/micro_ros_agent
[15.165s] DEBUG:colcon.colcon_core.event_handler.log_command:Invoking command in '/home/husarion/uros_ws/build/micro_ros_agent': AMENT_PREFIX_PATH=/home/husarion/uros_ws/install/micro_ros_msgs:${AMENT_PREFIX_PATH} CMAKE_PREFIX_PATH=/home/husarion/uros_ws/install/micro_ros_msgs:/home/husarion/ROS2swarm/install/thymio_msgs:/home/husarion/ROS2swarm/install/thymio_description:/home/husarion/ROS2swarm/install/communication_interfaces:/home/husarion/husarion_ws/install/rplidar_ros:/home/husarion/husarion_ws/install/route_admin_panel:/home/husarion/husarion_ws/install/rosbot_description:/home/husarion/husarion_ws/install/astra_camera:/home/husarion/ROS2swarm/install/thymio_driver:/home/husarion/ROS2swarm/install/ros2swarm:/home/husarion/ROS2swarm/install/launch_gazebo:/opt/ros/foxy LD_LIBRARY_PATH=/home/husarion/uros_ws/install/micro_ros_msgs/lib:${LD_LIBRARY_PATH} PYTHONPATH=/home/husarion/uros_ws/install/micro_ros_msgs/lib/python3.8/site-packages:${PYTHONPATH} /usr/bin/cmake --build /home/husarion/uros_ws/build/micro_ros_agent -- -j4 -l4
[15.648s] DEBUG:colcon.colcon_core.event_handler.log_command:Invoked command in '/home/husarion/uros_ws/build/micro_ros_agent' returned '0': AMENT_PREFIX_PATH=/home/husarion/uros_ws/install/micro_ros_msgs:${AMENT_PREFIX_PATH} CMAKE_PREFIX_PATH=/home/husarion/uros_ws/install/micro_ros_msgs:/home/husarion/ROS2swarm/install/thymio_msgs:/home/husarion/ROS2swarm/install/thymio_description:/home/husarion/ROS2swarm/install/communication_interfaces:/home/husarion/husarion_ws/install/rplidar_ros:/home/husarion/husarion_ws/install/route_admin_panel:/home/husarion/husarion_ws/install/rosbot_description:/home/husarion/husarion_ws/install/astra_camera:/home/husarion/ROS2swarm/install/thymio_driver:/home/husarion/ROS2swarm/install/ros2swarm:/home/husarion/ROS2swarm/install/launch_gazebo:/opt/ros/foxy LD_LIBRARY_PATH=/home/husarion/uros_ws/install/micro_ros_msgs/lib:${LD_LIBRARY_PATH} PYTHONPATH=/home/husarion/uros_ws/install/micro_ros_msgs/lib/python3.8/site-packages:${PYTHONPATH} /usr/bin/cmake --build /home/husarion/uros_ws/build/micro_ros_agent -- -j4 -l4
[15.810s] DEBUG:colcon.colcon_core.event_handler.log_command:Invoking command in '/home/husarion/uros_ws/build/micro_ros_agent': AMENT_PREFIX_PATH=/home/husarion/uros_ws/install/micro_ros_msgs:${AMENT_PREFIX_PATH} CMAKE_PREFIX_PATH=/home/husarion/uros_ws/install/micro_ros_msgs:/home/husarion/ROS2swarm/install/thymio_msgs:/home/husarion/ROS2swarm/install/thymio_description:/home/husarion/ROS2swarm/install/communication_interfaces:/home/husarion/husarion_ws/install/rplidar_ros:/home/husarion/husarion_ws/install/route_admin_panel:/home/husarion/husarion_ws/install/rosbot_description:/home/husarion/husarion_ws/install/astra_camera:/home/husarion/ROS2swarm/install/thymio_driver:/home/husarion/ROS2swarm/install/ros2swarm:/home/husarion/ROS2swarm/install/launch_gazebo:/opt/ros/foxy LD_LIBRARY_PATH=/home/husarion/uros_ws/install/micro_ros_msgs/lib:${LD_LIBRARY_PATH} PYTHONPATH=/home/husarion/uros_ws/install/micro_ros_msgs/lib/python3.8/site-packages:${PYTHONPATH} /usr/bin/cmake --install /home/husarion/uros_ws/build/micro_ros_agent
[15.901s] Level 1:colcon.colcon_core.environment:create_environment_scripts_only(micro_ros_agent)
[15.918s] DEBUG:colcon.colcon_core.event_handler.log_command:Invoked command in '/home/husarion/uros_ws/build/micro_ros_agent' returned '0': AMENT_PREFIX_PATH=/home/husarion/uros_ws/install/micro_ros_msgs:${AMENT_PREFIX_PATH} CMAKE_PREFIX_PATH=/home/husarion/uros_ws/install/micro_ros_msgs:/home/husarion/ROS2swarm/install/thymio_msgs:/home/husarion/ROS2swarm/install/thymio_description:/home/husarion/ROS2swarm/install/communication_interfaces:/home/husarion/husarion_ws/install/rplidar_ros:/home/husarion/husarion_ws/install/route_admin_panel:/home/husarion/husarion_ws/install/rosbot_description:/home/husarion/husarion_ws/install/astra_camera:/home/husarion/ROS2swarm/install/thymio_driver:/home/husarion/ROS2swarm/install/ros2swarm:/home/husarion/ROS2swarm/install/launch_gazebo:/opt/ros/foxy LD_LIBRARY_PATH=/home/husarion/uros_ws/install/micro_ros_msgs/lib:${LD_LIBRARY_PATH} PYTHONPATH=/home/husarion/uros_ws/install/micro_ros_msgs/lib/python3.8/site-packages:${PYTHONPATH} /usr/bin/cmake --install /home/husarion/uros_ws/build/micro_ros_agent
[15.919s] Level 1:colcon.colcon_core.environment:checking '/home/husarion/uros_ws/install/micro_ros_agent' for CMake module files
[15.923s] Level 1:colcon.colcon_core.environment:checking '/home/husarion/uros_ws/install/micro_ros_agent' for CMake config files
[15.924s] Level 1:colcon.colcon_core.shell:create_environment_hook('micro_ros_agent', 'cmake_prefix_path')
[15.934s] INFO:colcon.colcon_core.shell:Creating environment hook '/home/husarion/uros_ws/install/micro_ros_agent/share/micro_ros_agent/hook/cmake_prefix_path.ps1'
[15.939s] INFO:colcon.colcon_core.shell:Creating environment descriptor '/home/husarion/uros_ws/install/micro_ros_agent/share/micro_ros_agent/hook/cmake_prefix_path.dsv'
[15.941s] INFO:colcon.colcon_core.shell:Creating environment hook '/home/husarion/uros_ws/install/micro_ros_agent/share/micro_ros_agent/hook/cmake_prefix_path.sh'
[15.944s] Level 1:colcon.colcon_core.environment:checking '/home/husarion/uros_ws/install/micro_ros_agent/lib'
[15.945s] Level 1:colcon.colcon_core.shell:create_environment_hook('micro_ros_agent', 'ld_library_path_lib')
[15.954s] INFO:colcon.colcon_core.shell:Creating environment hook '/home/husarion/uros_ws/install/micro_ros_agent/share/micro_ros_agent/hook/ld_library_path_lib.ps1'
[15.957s] INFO:colcon.colcon_core.shell:Creating environment descriptor '/home/husarion/uros_ws/install/micro_ros_agent/share/micro_ros_agent/hook/ld_library_path_lib.dsv'
[15.959s] INFO:colcon.colcon_core.shell:Creating environment hook '/home/husarion/uros_ws/install/micro_ros_agent/share/micro_ros_agent/hook/ld_library_path_lib.sh'
[15.961s] Level 1:colcon.colcon_core.environment:checking '/home/husarion/uros_ws/install/micro_ros_agent/bin'
[15.962s] Level 1:colcon.colcon_core.environment:checking '/home/husarion/uros_ws/install/micro_ros_agent/lib/pkgconfig/micro_ros_agent.pc'
[15.964s] Level 1:colcon.colcon_core.environment:checking '/home/husarion/uros_ws/install/micro_ros_agent/lib/python3.8/site-packages'
[15.965s] Level 1:colcon.colcon_core.environment:checking '/home/husarion/uros_ws/install/micro_ros_agent/bin'
[15.975s] INFO:colcon.colcon_core.shell:Creating package script '/home/husarion/uros_ws/install/micro_ros_agent/share/micro_ros_agent/package.ps1'
[15.979s] INFO:colcon.colcon_core.shell:Creating package descriptor '/home/husarion/uros_ws/install/micro_ros_agent/share/micro_ros_agent/package.dsv'
[15.982s] INFO:colcon.colcon_core.shell:Creating package script '/home/husarion/uros_ws/install/micro_ros_agent/share/micro_ros_agent/package.sh'
[15.986s] INFO:colcon.colcon_core.shell:Creating package script '/home/husarion/uros_ws/install/micro_ros_agent/share/micro_ros_agent/package.bash'
[15.989s] INFO:colcon.colcon_core.shell:Creating package script '/home/husarion/uros_ws/install/micro_ros_agent/share/micro_ros_agent/package.zsh'
[15.991s] Level 1:colcon.colcon_core.environment:create_file_with_runtime_dependencies(/home/husarion/uros_ws/install/micro_ros_agent/share/colcon-core/packages/micro_ros_agent)
[16.157s] Level 1:colcon.colcon_core.environment:create_environment_scripts_only(micro_ros_agent)
[16.172s] Level 1:colcon.colcon_core.environment:checking '/home/husarion/uros_ws/install/micro_ros_agent' for CMake module files
[16.176s] Level 1:colcon.colcon_core.environment:checking '/home/husarion/uros_ws/install/micro_ros_agent' for CMake config files
[16.177s] Level 1:colcon.colcon_core.shell:create_environment_hook('micro_ros_agent', 'cmake_prefix_path')
[16.186s] INFO:colcon.colcon_core.shell:Creating environment hook '/home/husarion/uros_ws/install/micro_ros_agent/share/micro_ros_agent/hook/cmake_prefix_path.ps1'
[16.191s] INFO:colcon.colcon_core.shell:Creating environment descriptor '/home/husarion/uros_ws/install/micro_ros_agent/share/micro_ros_agent/hook/cmake_prefix_path.dsv'
[16.193s] INFO:colcon.colcon_core.shell:Creating environment hook '/home/husarion/uros_ws/install/micro_ros_agent/share/micro_ros_agent/hook/cmake_prefix_path.sh'
[16.197s] Level 1:colcon.colcon_core.environment:checking '/home/husarion/uros_ws/install/micro_ros_agent/lib'
[16.197s] Level 1:colcon.colcon_core.shell:create_environment_hook('micro_ros_agent', 'ld_library_path_lib')
[16.207s] INFO:colcon.colcon_core.shell:Creating environment hook '/home/husarion/uros_ws/install/micro_ros_agent/share/micro_ros_agent/hook/ld_library_path_lib.ps1'
[16.209s] INFO:colcon.colcon_core.shell:Creating environment descriptor '/home/husarion/uros_ws/install/micro_ros_agent/share/micro_ros_agent/hook/ld_library_path_lib.dsv'
[16.211s] INFO:colcon.colcon_core.shell:Creating environment hook '/home/husarion/uros_ws/install/micro_ros_agent/share/micro_ros_agent/hook/ld_library_path_lib.sh'
[16.214s] Level 1:colcon.colcon_core.environment:checking '/home/husarion/uros_ws/install/micro_ros_agent/bin'
[16.214s] Level 1:colcon.colcon_core.environment:checking '/home/husarion/uros_ws/install/micro_ros_agent/lib/pkgconfig/micro_ros_agent.pc'
[16.216s] Level 1:colcon.colcon_core.environment:checking '/home/husarion/uros_ws/install/micro_ros_agent/lib/python3.8/site-packages'
[16.217s] Level 1:colcon.colcon_core.environment:checking '/home/husarion/uros_ws/install/micro_ros_agent/bin'
[16.226s] INFO:colcon.colcon_core.shell:Creating package script '/home/husarion/uros_ws/install/micro_ros_agent/share/micro_ros_agent/package.ps1'
[16.230s] INFO:colcon.colcon_core.shell:Creating package descriptor '/home/husarion/uros_ws/install/micro_ros_agent/share/micro_ros_agent/package.dsv'
[16.233s] INFO:colcon.colcon_core.shell:Creating package script '/home/husarion/uros_ws/install/micro_ros_agent/share/micro_ros_agent/package.sh'
[16.236s] INFO:colcon.colcon_core.shell:Creating package script '/home/husarion/uros_ws/install/micro_ros_agent/share/micro_ros_agent/package.bash'
[16.239s] INFO:colcon.colcon_core.shell:Creating package script '/home/husarion/uros_ws/install/micro_ros_agent/share/micro_ros_agent/package.zsh'
[16.242s] Level 1:colcon.colcon_core.environment:create_file_with_runtime_dependencies(/home/husarion/uros_ws/install/micro_ros_agent/share/colcon-core/packages/micro_ros_agent)
[50.010s] DEBUG:colcon.colcon_core.event_handler.log_command:Invoked command in '/home/husarion/uros_ws/build/drive_base_msgs' returned '0': CMAKE_PREFIX_PATH=${CMAKE_PREFIX_PATH}:/home/husarion/ROS2swarm/install/thymio_driver:/home/husarion/ROS2swarm/install/ros2swarm:/home/husarion/ROS2swarm/install/launch_gazebo:/opt/ros/foxy /usr/bin/cmake --build /home/husarion/uros_ws/build/drive_base_msgs -- -j4 -l4
[50.713s] DEBUG:colcon.colcon_core.event_handler.log_command:Invoking command in '/home/husarion/uros_ws/build/drive_base_msgs': CMAKE_PREFIX_PATH=${CMAKE_PREFIX_PATH}:/home/husarion/ROS2swarm/install/thymio_driver:/home/husarion/ROS2swarm/install/ros2swarm:/home/husarion/ROS2swarm/install/launch_gazebo:/opt/ros/foxy /usr/bin/cmake --install /home/husarion/uros_ws/build/drive_base_msgs
[51.108s] Level 1:colcon.colcon_core.environment:create_environment_scripts_only(drive_base_msgs)
[51.125s] DEBUG:colcon.colcon_core.event_handler.log_command:Invoked command in '/home/husarion/uros_ws/build/drive_base_msgs' returned '0': CMAKE_PREFIX_PATH=${CMAKE_PREFIX_PATH}:/home/husarion/ROS2swarm/install/thymio_driver:/home/husarion/ROS2swarm/install/ros2swarm:/home/husarion/ROS2swarm/install/launch_gazebo:/opt/ros/foxy /usr/bin/cmake --install /home/husarion/uros_ws/build/drive_base_msgs
[51.127s] Level 1:colcon.colcon_core.environment:checking '/home/husarion/uros_ws/install/drive_base_msgs' for CMake module files
[51.132s] Level 1:colcon.colcon_core.environment:checking '/home/husarion/uros_ws/install/drive_base_msgs' for CMake config files
[51.135s] Level 1:colcon.colcon_core.shell:create_environment_hook('drive_base_msgs', 'cmake_prefix_path')
[51.144s] INFO:colcon.colcon_core.shell:Creating environment hook '/home/husarion/uros_ws/install/drive_base_msgs/share/drive_base_msgs/hook/cmake_prefix_path.ps1'
[51.147s] INFO:colcon.colcon_core.shell:Creating environment descriptor '/home/husarion/uros_ws/install/drive_base_msgs/share/drive_base_msgs/hook/cmake_prefix_path.dsv'
[51.148s] INFO:colcon.colcon_core.shell:Creating environment hook '/home/husarion/uros_ws/install/drive_base_msgs/share/drive_base_msgs/hook/cmake_prefix_path.sh'
[51.151s] Level 1:colcon.colcon_core.environment:checking '/home/husarion/uros_ws/install/drive_base_msgs/lib'
[51.152s] Level 1:colcon.colcon_core.shell:create_environment_hook('drive_base_msgs', 'ld_library_path_lib')
[51.161s] INFO:colcon.colcon_core.shell:Creating environment hook '/home/husarion/uros_ws/install/drive_base_msgs/share/drive_base_msgs/hook/ld_library_path_lib.ps1'
[51.163s] INFO:colcon.colcon_core.shell:Creating environment descriptor '/home/husarion/uros_ws/install/drive_base_msgs/share/drive_base_msgs/hook/ld_library_path_lib.dsv'
[51.165s] INFO:colcon.colcon_core.shell:Creating environment hook '/home/husarion/uros_ws/install/drive_base_msgs/share/drive_base_msgs/hook/ld_library_path_lib.sh'
[51.167s] Level 1:colcon.colcon_core.environment:checking '/home/husarion/uros_ws/install/drive_base_msgs/bin'
[51.168s] Level 1:colcon.colcon_core.environment:checking '/home/husarion/uros_ws/install/drive_base_msgs/lib/pkgconfig/drive_base_msgs.pc'
[51.169s] Level 1:colcon.colcon_core.environment:checking '/home/husarion/uros_ws/install/drive_base_msgs/lib/python3.8/site-packages'
[51.169s] Level 1:colcon.colcon_core.shell:create_environment_hook('drive_base_msgs', 'pythonpath')
[51.178s] INFO:colcon.colcon_core.shell:Creating environment hook '/home/husarion/uros_ws/install/drive_base_msgs/share/drive_base_msgs/hook/pythonpath.ps1'
[51.180s] INFO:colcon.colcon_core.shell:Creating environment descriptor '/home/husarion/uros_ws/install/drive_base_msgs/share/drive_base_msgs/hook/pythonpath.dsv'
[51.182s] INFO:colcon.colcon_core.shell:Creating environment hook '/home/husarion/uros_ws/install/drive_base_msgs/share/drive_base_msgs/hook/pythonpath.sh'
[51.184s] Level 1:colcon.colcon_core.environment:checking '/home/husarion/uros_ws/install/drive_base_msgs/bin'
[51.194s] INFO:colcon.colcon_core.shell:Creating package script '/home/husarion/uros_ws/install/drive_base_msgs/share/drive_base_msgs/package.ps1'
[51.197s] INFO:colcon.colcon_core.shell:Creating package descriptor '/home/husarion/uros_ws/install/drive_base_msgs/share/drive_base_msgs/package.dsv'
[51.200s] INFO:colcon.colcon_core.shell:Creating package script '/home/husarion/uros_ws/install/drive_base_msgs/share/drive_base_msgs/package.sh'
[51.203s] INFO:colcon.colcon_core.shell:Creating package script '/home/husarion/uros_ws/install/drive_base_msgs/share/drive_base_msgs/package.bash'
[51.205s] INFO:colcon.colcon_core.shell:Creating package script '/home/husarion/uros_ws/install/drive_base_msgs/share/drive_base_msgs/package.zsh'
[51.206s] Level 1:colcon.colcon_core.environment:create_file_with_runtime_dependencies(/home/husarion/uros_ws/install/drive_base_msgs/share/colcon-core/packages/drive_base_msgs)
[51.906s] Level 1:colcon.colcon_core.environment:create_environment_scripts_only(drive_base_msgs)
[51.920s] Level 1:colcon.colcon_core.environment:checking '/home/husarion/uros_ws/install/drive_base_msgs' for CMake module files
[51.924s] Level 1:colcon.colcon_core.environment:checking '/home/husarion/uros_ws/install/drive_base_msgs' for CMake config files
[51.928s] Level 1:colcon.colcon_core.shell:create_environment_hook('drive_base_msgs', 'cmake_prefix_path')
[51.937s] INFO:colcon.colcon_core.shell:Creating environment hook '/home/husarion/uros_ws/install/drive_base_msgs/share/drive_base_msgs/hook/cmake_prefix_path.ps1'
[51.940s] INFO:colcon.colcon_core.shell:Creating environment descriptor '/home/husarion/uros_ws/install/drive_base_msgs/share/drive_base_msgs/hook/cmake_prefix_path.dsv'
[51.942s] INFO:colcon.colcon_core.shell:Creating environment hook '/home/husarion/uros_ws/install/drive_base_msgs/share/drive_base_msgs/hook/cmake_prefix_path.sh'
[51.945s] Level 1:colcon.colcon_core.environment:checking '/home/husarion/uros_ws/install/drive_base_msgs/lib'
[51.945s] Level 1:colcon.colcon_core.shell:create_environment_hook('drive_base_msgs', 'ld_library_path_lib')
[51.954s] INFO:colcon.colcon_core.shell:Creating environment hook '/home/husarion/uros_ws/install/drive_base_msgs/share/drive_base_msgs/hook/ld_library_path_lib.ps1'
[51.956s] INFO:colcon.colcon_core.shell:Creating environment descriptor '/home/husarion/uros_ws/install/drive_base_msgs/share/drive_base_msgs/hook/ld_library_path_lib.dsv'
[51.958s] INFO:colcon.colcon_core.shell:Creating environment hook '/home/husarion/uros_ws/install/drive_base_msgs/share/drive_base_msgs/hook/ld_library_path_lib.sh'
[51.961s] Level 1:colcon.colcon_core.environment:checking '/home/husarion/uros_ws/install/drive_base_msgs/bin'
[51.962s] Level 1:colcon.colcon_core.environment:checking '/home/husarion/uros_ws/install/drive_base_msgs/lib/pkgconfig/drive_base_msgs.pc'
[51.963s] Level 1:colcon.colcon_core.environment:checking '/home/husarion/uros_ws/install/drive_base_msgs/lib/python3.8/site-packages'
[51.964s] Level 1:colcon.colcon_core.shell:create_environment_hook('drive_base_msgs', 'pythonpath')
[51.972s] INFO:colcon.colcon_core.shell:Creating environment hook '/home/husarion/uros_ws/install/drive_base_msgs/share/drive_base_msgs/hook/pythonpath.ps1'
[51.977s] INFO:colcon.colcon_core.shell:Creating environment descriptor '/home/husarion/uros_ws/install/drive_base_msgs/share/drive_base_msgs/hook/pythonpath.dsv'
[51.979s] INFO:colcon.colcon_core.shell:Creating environment hook '/home/husarion/uros_ws/install/drive_base_msgs/share/drive_base_msgs/hook/pythonpath.sh'
[51.982s] Level 1:colcon.colcon_core.environment:checking '/home/husarion/uros_ws/install/drive_base_msgs/bin'
[51.992s] INFO:colcon.colcon_core.shell:Creating package script '/home/husarion/uros_ws/install/drive_base_msgs/share/drive_base_msgs/package.ps1'
[51.996s] INFO:colcon.colcon_core.shell:Creating package descriptor '/home/husarion/uros_ws/install/drive_base_msgs/share/drive_base_msgs/package.dsv'
[51.999s] INFO:colcon.colcon_core.shell:Creating package script '/home/husarion/uros_ws/install/drive_base_msgs/share/drive_base_msgs/package.sh'
[52.002s] INFO:colcon.colcon_core.shell:Creating package script '/home/husarion/uros_ws/install/drive_base_msgs/share/drive_base_msgs/package.bash'
[52.005s] INFO:colcon.colcon_core.shell:Creating package script '/home/husarion/uros_ws/install/drive_base_msgs/share/drive_base_msgs/package.zsh'
[52.007s] Level 1:colcon.colcon_core.environment:create_file_with_runtime_dependencies(/home/husarion/uros_ws/install/drive_base_msgs/share/colcon-core/packages/drive_base_msgs)
[52.009s] DEBUG:colcon.colcon_parallel_executor.executor.parallel:closing loop
[52.011s] DEBUG:colcon.colcon_parallel_executor.executor.parallel:loop closed
[52.012s] DEBUG:colcon.colcon_parallel_executor.executor.parallel:run_until_complete finished with '0'
[52.013s] DEBUG:colcon.colcon_core.event_reactor:joining thread
[52.065s] INFO:colcon.colcon_core.plugin_system:Skipping extension 'colcon_notification.desktop_notification.terminal_notifier': Not used on non-Darwin systems
[52.065s] INFO:colcon.colcon_core.plugin_system:Skipping extension 'colcon_notification.desktop_notification.win32': Not used on non-Windows systems
[52.066s] INFO:colcon.colcon_notification.desktop_notification:Sending desktop notification using 'notify2'
[52.297s] DEBUG:colcon.colcon_core.event_reactor:joined thread
[52.314s] INFO:colcon.colcon_core.shell:Creating prefix script '/home/husarion/uros_ws/install/local_setup.ps1'
[52.321s] INFO:colcon.colcon_core.shell:Creating prefix util module '/home/husarion/uros_ws/install/_local_setup_util_ps1.py'
[52.335s] INFO:colcon.colcon_core.shell:Creating prefix chain script '/home/husarion/uros_ws/install/setup.ps1'
[52.345s] INFO:colcon.colcon_core.shell:Creating prefix script '/home/husarion/uros_ws/install/local_setup.sh'
[52.350s] INFO:colcon.colcon_core.shell:Creating prefix util module '/home/husarion/uros_ws/install/_local_setup_util_sh.py'
[52.353s] INFO:colcon.colcon_core.shell:Creating prefix chain script '/home/husarion/uros_ws/install/setup.sh'
[52.363s] INFO:colcon.colcon_core.shell:Creating prefix script '/home/husarion/uros_ws/install/local_setup.bash'
[52.367s] INFO:colcon.colcon_core.shell:Creating prefix chain script '/home/husarion/uros_ws/install/setup.bash'
[52.377s] INFO:colcon.colcon_core.shell:Creating prefix script '/home/husarion/uros_ws/install/local_setup.zsh'
[52.381s] INFO:colcon.colcon_core.shell:Creating prefix chain script '/home/husarion/uros_ws/install/setup.zsh'
