[0.018s] Invoking command in '/ros2_ws/build/rosbot_bringup': AMENT_PREFIX_PATH=/ros2_ws/install/rosbot_controller:/ros2_ws/install/rosbot_description:/ros2_ws/install/rosbot_hardware_interfaces:/ros2_ws/install/ros_components_description:${AMENT_PREFIX_PATH} CMAKE_PREFIX_PATH=/ros2_ws/install/rosbot_controller:/ros2_ws/install/rosbot_description:/ros2_ws/install/rosbot_hardware_interfaces:/ros2_ws/install/ros_components_description:/opt/ros/humble LD_LIBRARY_PATH=/ros2_ws/install/rosbot_hardware_interfaces/lib:${LD_LIBRARY_PATH} /usr/bin/cmake /ros2_ws/src/rosbot_bringup -DCMAKE_INSTALL_PREFIX=/ros2_ws/install/rosbot_bringup
[0.092s] -- The C compiler identification is GNU 11.3.0
[0.166s] -- The CXX compiler identification is GNU 11.3.0
[0.181s] -- Detecting C compiler ABI info
[0.274s] -- Detecting C compiler ABI info - done
[0.287s] -- Check for working C compiler: /usr/bin/cc - skipped
[0.288s] -- Detecting C compile features
[0.289s] -- Detecting C compile features - done
[0.294s] -- Detecting CXX compiler ABI info
[0.406s] -- Detecting CXX compiler ABI info - done
[0.412s] -- Check for working CXX compiler: /usr/bin/c++ - skipped
[0.413s] -- Detecting CXX compile features
[0.414s] -- Detecting CXX compile features - done
[0.418s] -- Found ament_cmake: 1.3.3 (/opt/ros/humble/share/ament_cmake/cmake)
[0.627s] -- Found Python3: /usr/bin/python3.10 (found version "3.10.6") found components: Interpreter 
[0.853s] -- Configuring done
[0.858s] -- Generating done
[0.859s] -- Build files have been written to: /ros2_ws/build/rosbot_bringup
[0.867s] Invoked command in '/ros2_ws/build/rosbot_bringup' returned '0': AMENT_PREFIX_PATH=/ros2_ws/install/rosbot_controller:/ros2_ws/install/rosbot_description:/ros2_ws/install/rosbot_hardware_interfaces:/ros2_ws/install/ros_components_description:${AMENT_PREFIX_PATH} CMAKE_PREFIX_PATH=/ros2_ws/install/rosbot_controller:/ros2_ws/install/rosbot_description:/ros2_ws/install/rosbot_hardware_interfaces:/ros2_ws/install/ros_components_description:/opt/ros/humble LD_LIBRARY_PATH=/ros2_ws/install/rosbot_hardware_interfaces/lib:${LD_LIBRARY_PATH} /usr/bin/cmake /ros2_ws/src/rosbot_bringup -DCMAKE_INSTALL_PREFIX=/ros2_ws/install/rosbot_bringup
[0.867s] Invoking command in '/ros2_ws/build/rosbot_bringup': AMENT_PREFIX_PATH=/ros2_ws/install/rosbot_controller:/ros2_ws/install/rosbot_description:/ros2_ws/install/rosbot_hardware_interfaces:/ros2_ws/install/ros_components_description:${AMENT_PREFIX_PATH} CMAKE_PREFIX_PATH=/ros2_ws/install/rosbot_controller:/ros2_ws/install/rosbot_description:/ros2_ws/install/rosbot_hardware_interfaces:/ros2_ws/install/ros_components_description:/opt/ros/humble LD_LIBRARY_PATH=/ros2_ws/install/rosbot_hardware_interfaces/lib:${LD_LIBRARY_PATH} /usr/bin/cmake --build /ros2_ws/build/rosbot_bringup -- -j2 -l2
[0.919s] Invoked command in '/ros2_ws/build/rosbot_bringup' returned '0': AMENT_PREFIX_PATH=/ros2_ws/install/rosbot_controller:/ros2_ws/install/rosbot_description:/ros2_ws/install/rosbot_hardware_interfaces:/ros2_ws/install/ros_components_description:${AMENT_PREFIX_PATH} CMAKE_PREFIX_PATH=/ros2_ws/install/rosbot_controller:/ros2_ws/install/rosbot_description:/ros2_ws/install/rosbot_hardware_interfaces:/ros2_ws/install/ros_components_description:/opt/ros/humble LD_LIBRARY_PATH=/ros2_ws/install/rosbot_hardware_interfaces/lib:${LD_LIBRARY_PATH} /usr/bin/cmake --build /ros2_ws/build/rosbot_bringup -- -j2 -l2
[0.949s] Invoking command in '/ros2_ws/build/rosbot_bringup': AMENT_PREFIX_PATH=/ros2_ws/install/rosbot_controller:/ros2_ws/install/rosbot_description:/ros2_ws/install/rosbot_hardware_interfaces:/ros2_ws/install/ros_components_description:${AMENT_PREFIX_PATH} CMAKE_PREFIX_PATH=/ros2_ws/install/rosbot_controller:/ros2_ws/install/rosbot_description:/ros2_ws/install/rosbot_hardware_interfaces:/ros2_ws/install/ros_components_description:/opt/ros/humble LD_LIBRARY_PATH=/ros2_ws/install/rosbot_hardware_interfaces/lib:${LD_LIBRARY_PATH} /usr/bin/cmake --install /ros2_ws/build/rosbot_bringup
[0.962s] -- Install configuration: ""
[0.963s] -- Installing: /ros2_ws/install/rosbot_bringup/share/rosbot_bringup/launch
[0.963s] -- Installing: /ros2_ws/install/rosbot_bringup/share/rosbot_bringup/launch/bringup.launch.py
[0.964s] -- Installing: /ros2_ws/install/rosbot_bringup/share/rosbot_bringup/config
[0.965s] -- Installing: /ros2_ws/install/rosbot_bringup/share/rosbot_bringup/config/ekf.yaml
[0.966s] -- Installing: /ros2_ws/install/rosbot_bringup/share/ament_index/resource_index/package_run_dependencies/rosbot_bringup
[0.967s] -- Installing: /ros2_ws/install/rosbot_bringup/share/ament_index/resource_index/parent_prefix_path/rosbot_bringup
[0.967s] -- Installing: /ros2_ws/install/rosbot_bringup/share/rosbot_bringup/environment/ament_prefix_path.sh
[0.968s] -- Installing: /ros2_ws/install/rosbot_bringup/share/rosbot_bringup/environment/ament_prefix_path.dsv
[0.969s] -- Installing: /ros2_ws/install/rosbot_bringup/share/rosbot_bringup/environment/path.sh
[0.969s] -- Installing: /ros2_ws/install/rosbot_bringup/share/rosbot_bringup/environment/path.dsv
[0.970s] -- Installing: /ros2_ws/install/rosbot_bringup/share/rosbot_bringup/local_setup.bash
[0.971s] -- Installing: /ros2_ws/install/rosbot_bringup/share/rosbot_bringup/local_setup.sh
[0.971s] -- Installing: /ros2_ws/install/rosbot_bringup/share/rosbot_bringup/local_setup.zsh
[0.972s] -- Installing: /ros2_ws/install/rosbot_bringup/share/rosbot_bringup/local_setup.dsv
[0.972s] -- Installing: /ros2_ws/install/rosbot_bringup/share/rosbot_bringup/package.dsv
[0.973s] -- Installing: /ros2_ws/install/rosbot_bringup/share/ament_index/resource_index/packages/rosbot_bringup
[0.973s] -- Installing: /ros2_ws/install/rosbot_bringup/share/rosbot_bringup/cmake/rosbot_bringupConfig.cmake
[0.974s] -- Installing: /ros2_ws/install/rosbot_bringup/share/rosbot_bringup/cmake/rosbot_bringupConfig-version.cmake
[0.974s] -- Installing: /ros2_ws/install/rosbot_bringup/share/rosbot_bringup/package.xml
[0.982s] Invoked command in '/ros2_ws/build/rosbot_bringup' returned '0': AMENT_PREFIX_PATH=/ros2_ws/install/rosbot_controller:/ros2_ws/install/rosbot_description:/ros2_ws/install/rosbot_hardware_interfaces:/ros2_ws/install/ros_components_description:${AMENT_PREFIX_PATH} CMAKE_PREFIX_PATH=/ros2_ws/install/rosbot_controller:/ros2_ws/install/rosbot_description:/ros2_ws/install/rosbot_hardware_interfaces:/ros2_ws/install/ros_components_description:/opt/ros/humble LD_LIBRARY_PATH=/ros2_ws/install/rosbot_hardware_interfaces/lib:${LD_LIBRARY_PATH} /usr/bin/cmake --install /ros2_ws/build/rosbot_bringup
