[0.193s] Invoking command in '/home/husarion/rosbot_ws/build/mecanum_drive_controller': CMAKE_PREFIX_PATH=${CMAKE_PREFIX_PATH}:/home/husarion/ROS2swarm/install/thymio_driver:/home/husarion/ROS2swarm/install/ros2swarm:/home/husarion/ROS2swarm/install/launch_gazebo:/opt/ros/foxy /usr/bin/cmake /home/husarion/rosbot_ws/src/rosbot_controllers/mecanum_drive_controller -DCMAKE_INSTALL_PREFIX=/home/husarion/rosbot_ws/install/mecanum_drive_controller
[0.529s] -- The C compiler identification is GNU 9.4.0
[0.857s] -- The CXX compiler identification is GNU 9.4.0
[0.888s] -- Check for working C compiler: /usr/bin/cc
[1.282s] -- Check for working C compiler: /usr/bin/cc -- works
[1.292s] -- Detecting C compiler ABI info
[1.687s] -- Detecting C compiler ABI info - done
[1.761s] -- Detecting C compile features
[1.763s] -- Detecting C compile features - done
[1.778s] -- Check for working CXX compiler: /usr/bin/c++
[2.221s] -- Check for working CXX compiler: /usr/bin/c++ -- works
[2.226s] -- Detecting CXX compiler ABI info
[2.692s] -- Detecting CXX compiler ABI info - done
[2.774s] -- Detecting CXX compile features
[2.776s] -- Detecting CXX compile features - done
[2.795s] -- Found ament_cmake: 0.9.9 (/opt/ros/foxy/share/ament_cmake/cmake)
[2.999s] -- Found PythonInterp: /usr/bin/python3 (found suitable version "3.8.10", minimum required is "3") 
[3.000s] -- Using PYTHON_EXECUTABLE: /usr/bin/python3
[4.492s] -- Found controller_interface: 0.11.0 (/opt/ros/foxy/share/controller_interface/cmake)
[4.775s] -- Using all available rosidl_typesupport_c: rosidl_typesupport_fastrtps_c;rosidl_typesupport_introspection_c
[4.840s] -- Found rosidl_adapter: 1.2.1 (/opt/ros/foxy/share/rosidl_adapter/cmake)
[5.354s] -- Found OpenSSL: /usr/lib/x86_64-linux-gnu/libcrypto.so (found version "1.1.1f")  
[5.517s] -- Found FastRTPS: /opt/ros/foxy/include  
[6.053s] -- Using all available rosidl_typesupport_cpp: rosidl_typesupport_fastrtps_cpp;rosidl_typesupport_introspection_cpp
[10.078s] -- Found rmw_implementation_cmake: 1.0.3 (/opt/ros/foxy/share/rmw_implementation_cmake/cmake)
[10.094s] -- Using RMW implementation 'rmw_fastrtps_cpp' as default
[10.099s] -- Looking for pthread.h
[10.526s] -- Looking for pthread.h - found
[10.528s] -- Performing Test CMAKE_HAVE_LIBC_PTHREAD
[10.975s] -- Performing Test CMAKE_HAVE_LIBC_PTHREAD - Failed
[10.978s] -- Looking for pthread_create in pthreads
[11.321s] -- Looking for pthread_create in pthreads - not found
[11.323s] -- Looking for pthread_create in pthread
[11.703s] -- Looking for pthread_create in pthread - found
[11.709s] -- Found Threads: TRUE  
[13.864s] -- Found nav_msgs: 2.0.5 (/opt/ros/foxy/share/nav_msgs/cmake)
[14.433s] CMake Error at CMakeLists.txt:32 (find_package):
[14.435s]   By not providing "Findrealtime_tools.cmake" in CMAKE_MODULE_PATH this
[14.437s]   project has asked CMake to find a package configuration file provided by
[14.438s]   "realtime_tools", but CMake did not find one.
[14.440s] 
[14.441s]   Could not find a package configuration file provided by "realtime_tools"
[14.442s]   with any of the following names:
[14.443s] 
[14.443s]     realtime_toolsConfig.cmake
[14.444s]     realtime_tools-config.cmake
[14.444s] 
[14.445s]   Add the installation prefix of "realtime_tools" to CMAKE_PREFIX_PATH or set
[14.445s]   "realtime_tools_DIR" to a directory containing one of the above files.  If
[14.445s]   "realtime_tools" provides a separate development package or SDK, be sure it
[14.446s]   has been installed.
[14.446s] 
[14.447s] 
[14.447s] -- Configuring incomplete, errors occurred!
[14.448s] See also "/home/husarion/rosbot_ws/build/mecanum_drive_controller/CMakeFiles/CMakeOutput.log".
[14.448s] See also "/home/husarion/rosbot_ws/build/mecanum_drive_controller/CMakeFiles/CMakeError.log".
