[0.917s] DEBUG:colcon:Command line arguments: ['/usr/bin/colcon', 'build', '--packages-up-to', 'micro_ros_agent', '--cmake-args', '-DUAGENT_BUILD_EXECUTABLE=OFF', '-DUAGENT_P2P_PROFILE=OFF', '--no-warn-unused-cli']
[0.917s] DEBUG:colcon:Parsed command line arguments: Namespace(allow_overriding=[], ament_cmake_args=None, base_paths=['.'], build_base='build', catkin_cmake_args=None, catkin_skip_building_tests=False, cmake_args=['-DUAGENT_BUILD_EXECUTABLE=OFF', '-DUAGENT_P2P_PROFILE=OFF', '--no-warn-unused-cli'], cmake_clean_cache=False, cmake_clean_first=False, cmake_force_configure=False, cmake_target=None, cmake_target_skip_unavailable=False, continue_on_error=False, event_handlers=None, executor='parallel', ignore_user_meta=False, install_base='install', log_base=None, log_level=None, main=<bound method BuildVerb.main of <colcon_core.verb.build.BuildVerb object at 0x7fbe22dfafd0>>, merge_install=False, metas=['./colcon.meta'], packages_above=None, packages_above_and_dependencies=None, packages_above_depth=None, packages_end=None, packages_ignore=None, packages_ignore_regex=None, packages_select=None, packages_select_build_failed=False, packages_select_by_dep=None, packages_select_regex=None, packages_select_test_failures=False, packages_skip=None, packages_skip_build_finished=False, packages_skip_by_dep=None, packages_skip_regex=None, packages_skip_test_passed=False, packages_skip_up_to=None, packages_start=None, packages_up_to=['micro_ros_agent'], packages_up_to_regex=None, parallel_workers=4, paths=None, symlink_install=False, test_result_base=None, verb_extension=<colcon_core.verb.build.BuildVerb object at 0x7fbe22dfafd0>, verb_name='build', verb_parser=<colcon_defaults.argument_parser.defaults.DefaultArgumentsDecorator object at 0x7fbe22e05520>)
[1.059s] Level 1:colcon.colcon_core.package_discovery:discover_packages(colcon_meta) check parameters
[1.060s] Level 1:colcon.colcon_core.package_discovery:discover_packages(recursive) check parameters
[1.060s] Level 1:colcon.colcon_core.package_discovery:discover_packages(ignore) check parameters
[1.060s] Level 1:colcon.colcon_core.package_discovery:discover_packages(path) check parameters
[1.060s] Level 1:colcon.colcon_core.package_discovery:discover_packages(colcon_meta) discover
[1.061s] Level 1:colcon.colcon_core.package_discovery:discover_packages(recursive) discover
[1.061s] INFO:colcon.colcon_core.package_discovery:Crawling recursively for packages in '/home/husarion/uros_ws'
[1.062s] Level 1:colcon.colcon_core.package_identification:_identify(.) by extensions ['ignore', 'ignore_ament_install']
[1.062s] Level 1:colcon.colcon_core.package_identification:_identify(.) by extension 'ignore'
[1.062s] Level 1:colcon.colcon_core.package_identification:_identify(.) by extension 'ignore_ament_install'
[1.063s] Level 1:colcon.colcon_core.package_identification:_identify(.) by extensions ['colcon_pkg']
[1.063s] Level 1:colcon.colcon_core.package_identification:_identify(.) by extension 'colcon_pkg'
[1.063s] Level 1:colcon.colcon_core.package_identification:_identify(.) by extensions ['colcon_meta']
[1.063s] Level 1:colcon.colcon_core.package_identification:_identify(.) by extension 'colcon_meta'
[1.064s] Level 1:colcon.colcon_core.package_identification:_identify(.) by extensions ['ros']
[1.064s] Level 1:colcon.colcon_core.package_identification:_identify(.) by extension 'ros'
[1.130s] Level 1:colcon.colcon_core.package_identification:_identify(.) by extensions ['cmake', 'python']
[1.131s] Level 1:colcon.colcon_core.package_identification:_identify(.) by extension 'cmake'
[1.131s] Level 1:colcon.colcon_core.package_identification:_identify(.) by extension 'python'
[1.131s] Level 1:colcon.colcon_core.package_identification:_identify(.) by extensions ['python_setup_py']
[1.131s] Level 1:colcon.colcon_core.package_identification:_identify(.) by extension 'python_setup_py'
[1.132s] Level 1:colcon.colcon_core.package_identification:_identify(build) by extensions ['ignore', 'ignore_ament_install']
[1.133s] Level 1:colcon.colcon_core.package_identification:_identify(build) by extension 'ignore'
[1.133s] Level 1:colcon.colcon_core.package_identification:_identify(build) ignored
[1.134s] Level 1:colcon.colcon_core.package_identification:_identify(install) by extensions ['ignore', 'ignore_ament_install']
[1.134s] Level 1:colcon.colcon_core.package_identification:_identify(install) by extension 'ignore'
[1.134s] Level 1:colcon.colcon_core.package_identification:_identify(install) ignored
[1.135s] Level 1:colcon.colcon_core.package_identification:_identify(log) by extensions ['ignore', 'ignore_ament_install']
[1.135s] Level 1:colcon.colcon_core.package_identification:_identify(log) by extension 'ignore'
[1.136s] Level 1:colcon.colcon_core.package_identification:_identify(log) ignored
[1.136s] Level 1:colcon.colcon_core.package_identification:_identify(src) by extensions ['ignore', 'ignore_ament_install']
[1.136s] Level 1:colcon.colcon_core.package_identification:_identify(src) by extension 'ignore'
[1.137s] Level 1:colcon.colcon_core.package_identification:_identify(src) by extension 'ignore_ament_install'
[1.137s] Level 1:colcon.colcon_core.package_identification:_identify(src) by extensions ['colcon_pkg']
[1.137s] Level 1:colcon.colcon_core.package_identification:_identify(src) by extension 'colcon_pkg'
[1.137s] Level 1:colcon.colcon_core.package_identification:_identify(src) by extensions ['colcon_meta']
[1.138s] Level 1:colcon.colcon_core.package_identification:_identify(src) by extension 'colcon_meta'
[1.138s] Level 1:colcon.colcon_core.package_identification:_identify(src) by extensions ['ros']
[1.138s] Level 1:colcon.colcon_core.package_identification:_identify(src) by extension 'ros'
[1.139s] Level 1:colcon.colcon_core.package_identification:_identify(src) by extensions ['cmake', 'python']
[1.139s] Level 1:colcon.colcon_core.package_identification:_identify(src) by extension 'cmake'
[1.139s] Level 1:colcon.colcon_core.package_identification:_identify(src) by extension 'python'
[1.139s] Level 1:colcon.colcon_core.package_identification:_identify(src) by extensions ['python_setup_py']
[1.139s] Level 1:colcon.colcon_core.package_identification:_identify(src) by extension 'python_setup_py'
[1.140s] Level 1:colcon.colcon_core.package_identification:_identify(src/micro_ros_setup) by extensions ['ignore', 'ignore_ament_install']
[1.141s] Level 1:colcon.colcon_core.package_identification:_identify(src/micro_ros_setup) by extension 'ignore'
[1.141s] Level 1:colcon.colcon_core.package_identification:_identify(src/micro_ros_setup) by extension 'ignore_ament_install'
[1.141s] Level 1:colcon.colcon_core.package_identification:_identify(src/micro_ros_setup) by extensions ['colcon_pkg']
[1.141s] Level 1:colcon.colcon_core.package_identification:_identify(src/micro_ros_setup) by extension 'colcon_pkg'
[1.142s] Level 1:colcon.colcon_core.package_identification:_identify(src/micro_ros_setup) by extensions ['colcon_meta']
[1.142s] Level 1:colcon.colcon_core.package_identification:_identify(src/micro_ros_setup) by extension 'colcon_meta'
[1.142s] Level 1:colcon.colcon_core.package_identification:_identify(src/micro_ros_setup) by extensions ['ros']
[1.142s] Level 1:colcon.colcon_core.package_identification:_identify(src/micro_ros_setup) by extension 'ros'
[1.156s] DEBUG:colcon.colcon_core.package_identification:Package 'src/micro_ros_setup' with type 'ros.ament_cmake' and name 'micro_ros_setup'
[1.157s] Level 1:colcon.colcon_core.package_identification:_identify(src/uros) by extensions ['ignore', 'ignore_ament_install']
[1.157s] Level 1:colcon.colcon_core.package_identification:_identify(src/uros) by extension 'ignore'
[1.158s] Level 1:colcon.colcon_core.package_identification:_identify(src/uros) by extension 'ignore_ament_install'
[1.158s] Level 1:colcon.colcon_core.package_identification:_identify(src/uros) by extensions ['colcon_pkg']
[1.158s] Level 1:colcon.colcon_core.package_identification:_identify(src/uros) by extension 'colcon_pkg'
[1.159s] Level 1:colcon.colcon_core.package_identification:_identify(src/uros) by extensions ['colcon_meta']
[1.159s] Level 1:colcon.colcon_core.package_identification:_identify(src/uros) by extension 'colcon_meta'
[1.159s] Level 1:colcon.colcon_core.package_identification:_identify(src/uros) by extensions ['ros']
[1.159s] Level 1:colcon.colcon_core.package_identification:_identify(src/uros) by extension 'ros'
[1.160s] Level 1:colcon.colcon_core.package_identification:_identify(src/uros) by extensions ['cmake', 'python']
[1.160s] Level 1:colcon.colcon_core.package_identification:_identify(src/uros) by extension 'cmake'
[1.160s] Level 1:colcon.colcon_core.package_identification:_identify(src/uros) by extension 'python'
[1.160s] Level 1:colcon.colcon_core.package_identification:_identify(src/uros) by extensions ['python_setup_py']
[1.161s] Level 1:colcon.colcon_core.package_identification:_identify(src/uros) by extension 'python_setup_py'
[1.161s] Level 1:colcon.colcon_core.package_identification:_identify(src/uros/drive_base) by extensions ['ignore', 'ignore_ament_install']
[1.162s] Level 1:colcon.colcon_core.package_identification:_identify(src/uros/drive_base) by extension 'ignore'
[1.162s] Level 1:colcon.colcon_core.package_identification:_identify(src/uros/drive_base) by extension 'ignore_ament_install'
[1.162s] Level 1:colcon.colcon_core.package_identification:_identify(src/uros/drive_base) by extensions ['colcon_pkg']
[1.163s] Level 1:colcon.colcon_core.package_identification:_identify(src/uros/drive_base) by extension 'colcon_pkg'
[1.163s] Level 1:colcon.colcon_core.package_identification:_identify(src/uros/drive_base) by extensions ['colcon_meta']
[1.163s] Level 1:colcon.colcon_core.package_identification:_identify(src/uros/drive_base) by extension 'colcon_meta'
[1.163s] Level 1:colcon.colcon_core.package_identification:_identify(src/uros/drive_base) by extensions ['ros']
[1.163s] Level 1:colcon.colcon_core.package_identification:_identify(src/uros/drive_base) by extension 'ros'
[1.164s] Level 1:colcon.colcon_core.package_identification:_identify(src/uros/drive_base) by extensions ['cmake', 'python']
[1.164s] Level 1:colcon.colcon_core.package_identification:_identify(src/uros/drive_base) by extension 'cmake'
[1.164s] Level 1:colcon.colcon_core.package_identification:_identify(src/uros/drive_base) by extension 'python'
[1.165s] Level 1:colcon.colcon_core.package_identification:_identify(src/uros/drive_base) by extensions ['python_setup_py']
[1.165s] Level 1:colcon.colcon_core.package_identification:_identify(src/uros/drive_base) by extension 'python_setup_py'
[1.165s] Level 1:colcon.colcon_core.package_identification:_identify(src/uros/drive_base/drive_base_msgs) by extensions ['ignore', 'ignore_ament_install']
[1.166s] Level 1:colcon.colcon_core.package_identification:_identify(src/uros/drive_base/drive_base_msgs) by extension 'ignore'
[1.166s] Level 1:colcon.colcon_core.package_identification:_identify(src/uros/drive_base/drive_base_msgs) by extension 'ignore_ament_install'
[1.167s] Level 1:colcon.colcon_core.package_identification:_identify(src/uros/drive_base/drive_base_msgs) by extensions ['colcon_pkg']
[1.167s] Level 1:colcon.colcon_core.package_identification:_identify(src/uros/drive_base/drive_base_msgs) by extension 'colcon_pkg'
[1.167s] Level 1:colcon.colcon_core.package_identification:_identify(src/uros/drive_base/drive_base_msgs) by extensions ['colcon_meta']
[1.167s] Level 1:colcon.colcon_core.package_identification:_identify(src/uros/drive_base/drive_base_msgs) by extension 'colcon_meta'
[1.167s] Level 1:colcon.colcon_core.package_identification:_identify(src/uros/drive_base/drive_base_msgs) by extensions ['ros']
[1.168s] Level 1:colcon.colcon_core.package_identification:_identify(src/uros/drive_base/drive_base_msgs) by extension 'ros'
[1.171s] DEBUG:colcon.colcon_core.package_identification:Package 'src/uros/drive_base/drive_base_msgs' with type 'ros.ament_cmake' and name 'drive_base_msgs'
[1.172s] Level 1:colcon.colcon_core.package_identification:_identify(src/uros/micro-ROS-Agent) by extensions ['ignore', 'ignore_ament_install']
[1.172s] Level 1:colcon.colcon_core.package_identification:_identify(src/uros/micro-ROS-Agent) by extension 'ignore'
[1.173s] Level 1:colcon.colcon_core.package_identification:_identify(src/uros/micro-ROS-Agent) by extension 'ignore_ament_install'
[1.173s] Level 1:colcon.colcon_core.package_identification:_identify(src/uros/micro-ROS-Agent) by extensions ['colcon_pkg']
[1.173s] Level 1:colcon.colcon_core.package_identification:_identify(src/uros/micro-ROS-Agent) by extension 'colcon_pkg'
[1.173s] Level 1:colcon.colcon_core.package_identification:_identify(src/uros/micro-ROS-Agent) by extensions ['colcon_meta']
[1.174s] Level 1:colcon.colcon_core.package_identification:_identify(src/uros/micro-ROS-Agent) by extension 'colcon_meta'
[1.174s] Level 1:colcon.colcon_core.package_identification:_identify(src/uros/micro-ROS-Agent) by extensions ['ros']
[1.174s] Level 1:colcon.colcon_core.package_identification:_identify(src/uros/micro-ROS-Agent) by extension 'ros'
[1.175s] Level 1:colcon.colcon_core.package_identification:_identify(src/uros/micro-ROS-Agent) by extensions ['cmake', 'python']
[1.175s] Level 1:colcon.colcon_core.package_identification:_identify(src/uros/micro-ROS-Agent) by extension 'cmake'
[1.175s] Level 1:colcon.colcon_core.package_identification:_identify(src/uros/micro-ROS-Agent) by extension 'python'
[1.175s] Level 1:colcon.colcon_core.package_identification:_identify(src/uros/micro-ROS-Agent) by extensions ['python_setup_py']
[1.175s] Level 1:colcon.colcon_core.package_identification:_identify(src/uros/micro-ROS-Agent) by extension 'python_setup_py'
[1.176s] Level 1:colcon.colcon_core.package_identification:_identify(src/uros/micro-ROS-Agent/micro_ros_agent) by extensions ['ignore', 'ignore_ament_install']
[1.177s] Level 1:colcon.colcon_core.package_identification:_identify(src/uros/micro-ROS-Agent/micro_ros_agent) by extension 'ignore'
[1.177s] Level 1:colcon.colcon_core.package_identification:_identify(src/uros/micro-ROS-Agent/micro_ros_agent) by extension 'ignore_ament_install'
[1.177s] Level 1:colcon.colcon_core.package_identification:_identify(src/uros/micro-ROS-Agent/micro_ros_agent) by extensions ['colcon_pkg']
[1.177s] Level 1:colcon.colcon_core.package_identification:_identify(src/uros/micro-ROS-Agent/micro_ros_agent) by extension 'colcon_pkg'
[1.178s] Level 1:colcon.colcon_core.package_identification:_identify(src/uros/micro-ROS-Agent/micro_ros_agent) by extensions ['colcon_meta']
[1.178s] Level 1:colcon.colcon_core.package_identification:_identify(src/uros/micro-ROS-Agent/micro_ros_agent) by extension 'colcon_meta'
[1.178s] Level 1:colcon.colcon_core.package_identification:_identify(src/uros/micro-ROS-Agent/micro_ros_agent) by extensions ['ros']
[1.178s] Level 1:colcon.colcon_core.package_identification:_identify(src/uros/micro-ROS-Agent/micro_ros_agent) by extension 'ros'
[1.184s] DEBUG:colcon.colcon_core.package_identification:Package 'src/uros/micro-ROS-Agent/micro_ros_agent' with type 'ros.ament_cmake' and name 'micro_ros_agent'
[1.185s] Level 1:colcon.colcon_core.package_identification:_identify(src/uros/micro-ROS-Agent/snap) by extensions ['ignore', 'ignore_ament_install']
[1.185s] Level 1:colcon.colcon_core.package_identification:_identify(src/uros/micro-ROS-Agent/snap) by extension 'ignore'
[1.186s] Level 1:colcon.colcon_core.package_identification:_identify(src/uros/micro-ROS-Agent/snap) by extension 'ignore_ament_install'
[1.186s] Level 1:colcon.colcon_core.package_identification:_identify(src/uros/micro-ROS-Agent/snap) by extensions ['colcon_pkg']
[1.186s] Level 1:colcon.colcon_core.package_identification:_identify(src/uros/micro-ROS-Agent/snap) by extension 'colcon_pkg'
[1.186s] Level 1:colcon.colcon_core.package_identification:_identify(src/uros/micro-ROS-Agent/snap) by extensions ['colcon_meta']
[1.187s] Level 1:colcon.colcon_core.package_identification:_identify(src/uros/micro-ROS-Agent/snap) by extension 'colcon_meta'
[1.187s] Level 1:colcon.colcon_core.package_identification:_identify(src/uros/micro-ROS-Agent/snap) by extensions ['ros']
[1.187s] Level 1:colcon.colcon_core.package_identification:_identify(src/uros/micro-ROS-Agent/snap) by extension 'ros'
[1.188s] Level 1:colcon.colcon_core.package_identification:_identify(src/uros/micro-ROS-Agent/snap) by extensions ['cmake', 'python']
[1.188s] Level 1:colcon.colcon_core.package_identification:_identify(src/uros/micro-ROS-Agent/snap) by extension 'cmake'
[1.188s] Level 1:colcon.colcon_core.package_identification:_identify(src/uros/micro-ROS-Agent/snap) by extension 'python'
[1.188s] Level 1:colcon.colcon_core.package_identification:_identify(src/uros/micro-ROS-Agent/snap) by extensions ['python_setup_py']
[1.189s] Level 1:colcon.colcon_core.package_identification:_identify(src/uros/micro-ROS-Agent/snap) by extension 'python_setup_py'
[1.189s] Level 1:colcon.colcon_core.package_identification:_identify(src/uros/micro-ROS-Agent/snap/hooks) by extensions ['ignore', 'ignore_ament_install']
[1.190s] Level 1:colcon.colcon_core.package_identification:_identify(src/uros/micro-ROS-Agent/snap/hooks) by extension 'ignore'
[1.190s] Level 1:colcon.colcon_core.package_identification:_identify(src/uros/micro-ROS-Agent/snap/hooks) by extension 'ignore_ament_install'
[1.190s] Level 1:colcon.colcon_core.package_identification:_identify(src/uros/micro-ROS-Agent/snap/hooks) by extensions ['colcon_pkg']
[1.191s] Level 1:colcon.colcon_core.package_identification:_identify(src/uros/micro-ROS-Agent/snap/hooks) by extension 'colcon_pkg'
[1.191s] Level 1:colcon.colcon_core.package_identification:_identify(src/uros/micro-ROS-Agent/snap/hooks) by extensions ['colcon_meta']
[1.191s] Level 1:colcon.colcon_core.package_identification:_identify(src/uros/micro-ROS-Agent/snap/hooks) by extension 'colcon_meta'
[1.191s] Level 1:colcon.colcon_core.package_identification:_identify(src/uros/micro-ROS-Agent/snap/hooks) by extensions ['ros']
[1.192s] Level 1:colcon.colcon_core.package_identification:_identify(src/uros/micro-ROS-Agent/snap/hooks) by extension 'ros'
[1.192s] Level 1:colcon.colcon_core.package_identification:_identify(src/uros/micro-ROS-Agent/snap/hooks) by extensions ['cmake', 'python']
[1.192s] Level 1:colcon.colcon_core.package_identification:_identify(src/uros/micro-ROS-Agent/snap/hooks) by extension 'cmake'
[1.192s] Level 1:colcon.colcon_core.package_identification:_identify(src/uros/micro-ROS-Agent/snap/hooks) by extension 'python'
[1.193s] Level 1:colcon.colcon_core.package_identification:_identify(src/uros/micro-ROS-Agent/snap/hooks) by extensions ['python_setup_py']
[1.193s] Level 1:colcon.colcon_core.package_identification:_identify(src/uros/micro-ROS-Agent/snap/hooks) by extension 'python_setup_py'
[1.194s] Level 1:colcon.colcon_core.package_identification:_identify(src/uros/micro-ROS-Agent/snap/local) by extensions ['ignore', 'ignore_ament_install']
[1.194s] Level 1:colcon.colcon_core.package_identification:_identify(src/uros/micro-ROS-Agent/snap/local) by extension 'ignore'
[1.194s] Level 1:colcon.colcon_core.package_identification:_identify(src/uros/micro-ROS-Agent/snap/local) by extension 'ignore_ament_install'
[1.195s] Level 1:colcon.colcon_core.package_identification:_identify(src/uros/micro-ROS-Agent/snap/local) by extensions ['colcon_pkg']
[1.195s] Level 1:colcon.colcon_core.package_identification:_identify(src/uros/micro-ROS-Agent/snap/local) by extension 'colcon_pkg'
[1.195s] Level 1:colcon.colcon_core.package_identification:_identify(src/uros/micro-ROS-Agent/snap/local) by extensions ['colcon_meta']
[1.195s] Level 1:colcon.colcon_core.package_identification:_identify(src/uros/micro-ROS-Agent/snap/local) by extension 'colcon_meta'
[1.196s] Level 1:colcon.colcon_core.package_identification:_identify(src/uros/micro-ROS-Agent/snap/local) by extensions ['ros']
[1.196s] Level 1:colcon.colcon_core.package_identification:_identify(src/uros/micro-ROS-Agent/snap/local) by extension 'ros'
[1.196s] Level 1:colcon.colcon_core.package_identification:_identify(src/uros/micro-ROS-Agent/snap/local) by extensions ['cmake', 'python']
[1.196s] Level 1:colcon.colcon_core.package_identification:_identify(src/uros/micro-ROS-Agent/snap/local) by extension 'cmake'
[1.197s] Level 1:colcon.colcon_core.package_identification:_identify(src/uros/micro-ROS-Agent/snap/local) by extension 'python'
[1.197s] Level 1:colcon.colcon_core.package_identification:_identify(src/uros/micro-ROS-Agent/snap/local) by extensions ['python_setup_py']
[1.197s] Level 1:colcon.colcon_core.package_identification:_identify(src/uros/micro-ROS-Agent/snap/local) by extension 'python_setup_py'
[1.198s] Level 1:colcon.colcon_core.package_identification:_identify(src/uros/micro_ros_msgs) by extensions ['ignore', 'ignore_ament_install']
[1.198s] Level 1:colcon.colcon_core.package_identification:_identify(src/uros/micro_ros_msgs) by extension 'ignore'
[1.199s] Level 1:colcon.colcon_core.package_identification:_identify(src/uros/micro_ros_msgs) by extension 'ignore_ament_install'
[1.199s] Level 1:colcon.colcon_core.package_identification:_identify(src/uros/micro_ros_msgs) by extensions ['colcon_pkg']
[1.199s] Level 1:colcon.colcon_core.package_identification:_identify(src/uros/micro_ros_msgs) by extension 'colcon_pkg'
[1.199s] Level 1:colcon.colcon_core.package_identification:_identify(src/uros/micro_ros_msgs) by extensions ['colcon_meta']
[1.199s] Level 1:colcon.colcon_core.package_identification:_identify(src/uros/micro_ros_msgs) by extension 'colcon_meta'
[1.200s] Level 1:colcon.colcon_core.package_identification:_identify(src/uros/micro_ros_msgs) by extensions ['ros']
[1.200s] Level 1:colcon.colcon_core.package_identification:_identify(src/uros/micro_ros_msgs) by extension 'ros'
[1.203s] DEBUG:colcon.colcon_core.package_identification:Package 'src/uros/micro_ros_msgs' with type 'ros.ament_cmake' and name 'micro_ros_msgs'
[1.203s] Level 1:colcon.colcon_core.package_discovery:discover_packages(recursive) using defaults
[1.203s] Level 1:colcon.colcon_core.package_discovery:discover_packages(ignore) discover
[1.204s] Level 1:colcon.colcon_core.package_discovery:discover_packages(ignore) using defaults
[1.204s] Level 1:colcon.colcon_core.package_discovery:discover_packages(path) discover
[1.204s] Level 1:colcon.colcon_core.package_discovery:discover_packages(path) using defaults
[1.361s] INFO:colcon.colcon_core.package_selection:Skipping package 'micro_ros_setup' in 'src/micro_ros_setup'
[1.361s] INFO:colcon.colcon_core.package_selection:Skipping package 'drive_base_msgs' in 'src/uros/drive_base/drive_base_msgs'
[1.364s] Level 1:colcon.colcon_core.package_discovery:discover_packages(prefix_path) check parameters
[1.365s] Level 1:colcon.colcon_core.package_discovery:discover_packages(prefix_path) discover
[1.385s] DEBUG:colcon.colcon_installed_package_information.package_discovery:Found 6 installed packages in /home/husarion/ROS2swarm/install
[1.392s] DEBUG:colcon.colcon_installed_package_information.package_discovery:Found 4 installed packages in /home/husarion/husarion_ws/install
[1.398s] DEBUG:colcon.colcon_installed_package_information.package_discovery:Found 4 installed packages in /home/husarion/uros_ws/install
[1.413s] DEBUG:colcon.colcon_installed_package_information.package_discovery:Found 299 installed packages in /opt/ros/foxy
[1.427s] Level 1:colcon.colcon_core.package_discovery:discover_packages(prefix_path) using defaults
[1.936s] Level 5:colcon.colcon_core.verb:set package 'micro_ros_msgs' build argument 'cmake_args' from command line to '['-DUAGENT_BUILD_EXECUTABLE=OFF', '-DUAGENT_P2P_PROFILE=OFF', '--no-warn-unused-cli']'
[1.936s] Level 5:colcon.colcon_core.verb:set package 'micro_ros_msgs' build argument 'cmake_target' from command line to 'None'
[1.936s] Level 5:colcon.colcon_core.verb:set package 'micro_ros_msgs' build argument 'cmake_target_skip_unavailable' from command line to 'False'
[1.937s] Level 5:colcon.colcon_core.verb:set package 'micro_ros_msgs' build argument 'cmake_clean_cache' from command line to 'False'
[1.937s] Level 5:colcon.colcon_core.verb:set package 'micro_ros_msgs' build argument 'cmake_clean_first' from command line to 'False'
[1.937s] Level 5:colcon.colcon_core.verb:set package 'micro_ros_msgs' build argument 'cmake_force_configure' from command line to 'False'
[1.937s] Level 5:colcon.colcon_core.verb:set package 'micro_ros_msgs' build argument 'ament_cmake_args' from command line to 'None'
[1.937s] Level 5:colcon.colcon_core.verb:set package 'micro_ros_msgs' build argument 'catkin_cmake_args' from command line to 'None'
[1.937s] Level 5:colcon.colcon_core.verb:set package 'micro_ros_msgs' build argument 'catkin_skip_building_tests' from command line to 'False'
[1.938s] DEBUG:colcon.colcon_core.verb:Building package 'micro_ros_msgs' with the following arguments: {'ament_cmake_args': None, 'build_base': '/home/husarion/uros_ws/build/micro_ros_msgs', 'catkin_cmake_args': None, 'catkin_skip_building_tests': False, 'cmake_args': ['-DUAGENT_BUILD_EXECUTABLE=OFF', '-DUAGENT_P2P_PROFILE=OFF', '--no-warn-unused-cli'], 'cmake_clean_cache': False, 'cmake_clean_first': False, 'cmake_force_configure': False, 'cmake_target': None, 'cmake_target_skip_unavailable': False, 'install_base': '/home/husarion/uros_ws/install/micro_ros_msgs', 'merge_install': False, 'path': '/home/husarion/uros_ws/src/uros/micro_ros_msgs', 'symlink_install': False, 'test_result_base': None}
[1.944s] Level 5:colcon.colcon_core.verb:set package 'micro_ros_agent' build argument 'cmake_args' from command line to '['-DUAGENT_BUILD_EXECUTABLE=OFF', '-DUAGENT_P2P_PROFILE=OFF', '--no-warn-unused-cli']'
[1.945s] Level 5:colcon.colcon_core.verb:set package 'micro_ros_agent' build argument 'cmake_target' from command line to 'None'
[1.945s] Level 5:colcon.colcon_core.verb:set package 'micro_ros_agent' build argument 'cmake_target_skip_unavailable' from command line to 'False'
[1.945s] Level 5:colcon.colcon_core.verb:set package 'micro_ros_agent' build argument 'cmake_clean_cache' from command line to 'False'
[1.945s] Level 5:colcon.colcon_core.verb:set package 'micro_ros_agent' build argument 'cmake_clean_first' from command line to 'False'
[1.945s] Level 5:colcon.colcon_core.verb:set package 'micro_ros_agent' build argument 'cmake_force_configure' from command line to 'False'
[1.945s] Level 5:colcon.colcon_core.verb:set package 'micro_ros_agent' build argument 'ament_cmake_args' from command line to 'None'
[1.946s] Level 5:colcon.colcon_core.verb:set package 'micro_ros_agent' build argument 'catkin_cmake_args' from command line to 'None'
[1.946s] Level 5:colcon.colcon_core.verb:set package 'micro_ros_agent' build argument 'catkin_skip_building_tests' from command line to 'False'
[1.946s] DEBUG:colcon.colcon_core.verb:Building package 'micro_ros_agent' with the following arguments: {'ament_cmake_args': None, 'build_base': '/home/husarion/uros_ws/build/micro_ros_agent', 'catkin_cmake_args': None, 'catkin_skip_building_tests': False, 'cmake_args': ['-DUAGENT_BUILD_EXECUTABLE=OFF', '-DUAGENT_P2P_PROFILE=OFF', '--no-warn-unused-cli'], 'cmake_clean_cache': False, 'cmake_clean_first': False, 'cmake_force_configure': False, 'cmake_target': None, 'cmake_target_skip_unavailable': False, 'install_base': '/home/husarion/uros_ws/install/micro_ros_agent', 'merge_install': False, 'path': '/home/husarion/uros_ws/src/uros/micro-ROS-Agent/micro_ros_agent', 'symlink_install': False, 'test_result_base': None}
[1.950s] INFO:colcon.colcon_core.executor:Executing jobs using 'parallel' executor
[1.981s] DEBUG:colcon.colcon_parallel_executor.executor.parallel:run_until_complete
[1.982s] INFO:colcon.colcon_ros.task.ament_cmake.build:Building ROS package in '/home/husarion/uros_ws/src/uros/micro_ros_msgs' with build type 'ament_cmake'
[1.984s] INFO:colcon.colcon_cmake.task.cmake.build:Building CMake package in '/home/husarion/uros_ws/src/uros/micro_ros_msgs'
[2.014s] INFO:colcon.colcon_core.plugin_system:Skipping extension 'colcon_core.shell.bat': Not used on non-Windows systems
[2.015s] INFO:colcon.colcon_core.shell:Skip shell extension 'powershell' for command environment: Not usable outside of PowerShell
[2.015s] DEBUG:colcon.colcon_core.shell:Skip shell extension 'dsv' for command environment
[2.092s] DEBUG:colcon.colcon_core.event_handler.log_command:Invoking command in '/home/husarion/uros_ws/build/micro_ros_msgs': CMAKE_PREFIX_PATH=${CMAKE_PREFIX_PATH}:/home/husarion/ROS2swarm/install/thymio_driver:/home/husarion/ROS2swarm/install/ros2swarm:/home/husarion/ROS2swarm/install/launch_gazebo:/opt/ros/foxy /usr/bin/cmake /home/husarion/uros_ws/src/uros/micro_ros_msgs -DUAGENT_BUILD_EXECUTABLE=OFF -DUAGENT_P2P_PROFILE=OFF --no-warn-unused-cli -DCMAKE_INSTALL_PREFIX=/home/husarion/uros_ws/install/micro_ros_msgs
[7.083s] DEBUG:colcon.colcon_core.event_handler.log_command:Invoked command in '/home/husarion/uros_ws/build/micro_ros_msgs' returned '0': CMAKE_PREFIX_PATH=${CMAKE_PREFIX_PATH}:/home/husarion/ROS2swarm/install/thymio_driver:/home/husarion/ROS2swarm/install/ros2swarm:/home/husarion/ROS2swarm/install/launch_gazebo:/opt/ros/foxy /usr/bin/cmake /home/husarion/uros_ws/src/uros/micro_ros_msgs -DUAGENT_BUILD_EXECUTABLE=OFF -DUAGENT_P2P_PROFILE=OFF --no-warn-unused-cli -DCMAKE_INSTALL_PREFIX=/home/husarion/uros_ws/install/micro_ros_msgs
[7.105s] DEBUG:colcon.colcon_core.event_handler.log_command:Invoking command in '/home/husarion/uros_ws/build/micro_ros_msgs': CMAKE_PREFIX_PATH=${CMAKE_PREFIX_PATH}:/home/husarion/ROS2swarm/install/thymio_driver:/home/husarion/ROS2swarm/install/ros2swarm:/home/husarion/ROS2swarm/install/launch_gazebo:/opt/ros/foxy /usr/bin/cmake --build /home/husarion/uros_ws/build/micro_ros_msgs -- -j4 -l4
[8.343s] DEBUG:colcon.colcon_core.event_handler.log_command:Invoked command in '/home/husarion/uros_ws/build/micro_ros_msgs' returned '0': CMAKE_PREFIX_PATH=${CMAKE_PREFIX_PATH}:/home/husarion/ROS2swarm/install/thymio_driver:/home/husarion/ROS2swarm/install/ros2swarm:/home/husarion/ROS2swarm/install/launch_gazebo:/opt/ros/foxy /usr/bin/cmake --build /home/husarion/uros_ws/build/micro_ros_msgs -- -j4 -l4
[9.063s] DEBUG:colcon.colcon_core.event_handler.log_command:Invoking command in '/home/husarion/uros_ws/build/micro_ros_msgs': CMAKE_PREFIX_PATH=${CMAKE_PREFIX_PATH}:/home/husarion/ROS2swarm/install/thymio_driver:/home/husarion/ROS2swarm/install/ros2swarm:/home/husarion/ROS2swarm/install/launch_gazebo:/opt/ros/foxy /usr/bin/cmake --install /home/husarion/uros_ws/build/micro_ros_msgs
[9.414s] Level 1:colcon.colcon_core.environment:create_environment_scripts_only(micro_ros_msgs)
[9.418s] DEBUG:colcon.colcon_core.event_handler.log_command:Invoked command in '/home/husarion/uros_ws/build/micro_ros_msgs' returned '0': CMAKE_PREFIX_PATH=${CMAKE_PREFIX_PATH}:/home/husarion/ROS2swarm/install/thymio_driver:/home/husarion/ROS2swarm/install/ros2swarm:/home/husarion/ROS2swarm/install/launch_gazebo:/opt/ros/foxy /usr/bin/cmake --install /home/husarion/uros_ws/build/micro_ros_msgs
[9.449s] Level 1:colcon.colcon_core.environment:checking '/home/husarion/uros_ws/install/micro_ros_msgs' for CMake module files
[9.454s] Level 1:colcon.colcon_core.environment:checking '/home/husarion/uros_ws/install/micro_ros_msgs' for CMake config files
[9.457s] Level 1:colcon.colcon_core.shell:create_environment_hook('micro_ros_msgs', 'cmake_prefix_path')
[9.466s] INFO:colcon.colcon_core.shell:Creating environment hook '/home/husarion/uros_ws/install/micro_ros_msgs/share/micro_ros_msgs/hook/cmake_prefix_path.ps1'
[9.471s] INFO:colcon.colcon_core.shell:Creating environment descriptor '/home/husarion/uros_ws/install/micro_ros_msgs/share/micro_ros_msgs/hook/cmake_prefix_path.dsv'
[9.473s] INFO:colcon.colcon_core.shell:Creating environment hook '/home/husarion/uros_ws/install/micro_ros_msgs/share/micro_ros_msgs/hook/cmake_prefix_path.sh'
[9.478s] Level 1:colcon.colcon_core.environment:checking '/home/husarion/uros_ws/install/micro_ros_msgs/lib'
[9.479s] Level 1:colcon.colcon_core.shell:create_environment_hook('micro_ros_msgs', 'ld_library_path_lib')
[9.488s] INFO:colcon.colcon_core.shell:Creating environment hook '/home/husarion/uros_ws/install/micro_ros_msgs/share/micro_ros_msgs/hook/ld_library_path_lib.ps1'
[9.490s] INFO:colcon.colcon_core.shell:Creating environment descriptor '/home/husarion/uros_ws/install/micro_ros_msgs/share/micro_ros_msgs/hook/ld_library_path_lib.dsv'
[9.493s] INFO:colcon.colcon_core.shell:Creating environment hook '/home/husarion/uros_ws/install/micro_ros_msgs/share/micro_ros_msgs/hook/ld_library_path_lib.sh'
[9.495s] Level 1:colcon.colcon_core.environment:checking '/home/husarion/uros_ws/install/micro_ros_msgs/bin'
[9.496s] Level 1:colcon.colcon_core.environment:checking '/home/husarion/uros_ws/install/micro_ros_msgs/lib/pkgconfig/micro_ros_msgs.pc'
[9.497s] Level 1:colcon.colcon_core.environment:checking '/home/husarion/uros_ws/install/micro_ros_msgs/lib/python3.8/site-packages'
[9.497s] Level 1:colcon.colcon_core.shell:create_environment_hook('micro_ros_msgs', 'pythonpath')
[9.506s] INFO:colcon.colcon_core.shell:Creating environment hook '/home/husarion/uros_ws/install/micro_ros_msgs/share/micro_ros_msgs/hook/pythonpath.ps1'
[9.509s] INFO:colcon.colcon_core.shell:Creating environment descriptor '/home/husarion/uros_ws/install/micro_ros_msgs/share/micro_ros_msgs/hook/pythonpath.dsv'
[9.511s] INFO:colcon.colcon_core.shell:Creating environment hook '/home/husarion/uros_ws/install/micro_ros_msgs/share/micro_ros_msgs/hook/pythonpath.sh'
[9.513s] Level 1:colcon.colcon_core.environment:checking '/home/husarion/uros_ws/install/micro_ros_msgs/bin'
[9.523s] INFO:colcon.colcon_core.shell:Creating package script '/home/husarion/uros_ws/install/micro_ros_msgs/share/micro_ros_msgs/package.ps1'
[9.528s] INFO:colcon.colcon_core.shell:Creating package descriptor '/home/husarion/uros_ws/install/micro_ros_msgs/share/micro_ros_msgs/package.dsv'
[9.532s] INFO:colcon.colcon_core.shell:Creating package script '/home/husarion/uros_ws/install/micro_ros_msgs/share/micro_ros_msgs/package.sh'
[9.537s] INFO:colcon.colcon_core.shell:Creating package script '/home/husarion/uros_ws/install/micro_ros_msgs/share/micro_ros_msgs/package.bash'
[9.541s] INFO:colcon.colcon_core.shell:Creating package script '/home/husarion/uros_ws/install/micro_ros_msgs/share/micro_ros_msgs/package.zsh'
[9.545s] Level 1:colcon.colcon_core.environment:create_file_with_runtime_dependencies(/home/husarion/uros_ws/install/micro_ros_msgs/share/colcon-core/packages/micro_ros_msgs)
[10.184s] Level 1:colcon.colcon_core.environment:create_environment_scripts_only(micro_ros_msgs)
[10.201s] Level 1:colcon.colcon_core.environment:checking '/home/husarion/uros_ws/install/micro_ros_msgs' for CMake module files
[10.206s] Level 1:colcon.colcon_core.environment:checking '/home/husarion/uros_ws/install/micro_ros_msgs' for CMake config files
[10.209s] Level 1:colcon.colcon_core.shell:create_environment_hook('micro_ros_msgs', 'cmake_prefix_path')
[10.218s] INFO:colcon.colcon_core.shell:Creating environment hook '/home/husarion/uros_ws/install/micro_ros_msgs/share/micro_ros_msgs/hook/cmake_prefix_path.ps1'
[10.221s] INFO:colcon.colcon_core.shell:Creating environment descriptor '/home/husarion/uros_ws/install/micro_ros_msgs/share/micro_ros_msgs/hook/cmake_prefix_path.dsv'
[10.223s] INFO:colcon.colcon_core.shell:Creating environment hook '/home/husarion/uros_ws/install/micro_ros_msgs/share/micro_ros_msgs/hook/cmake_prefix_path.sh'
[10.226s] Level 1:colcon.colcon_core.environment:checking '/home/husarion/uros_ws/install/micro_ros_msgs/lib'
[10.226s] Level 1:colcon.colcon_core.shell:create_environment_hook('micro_ros_msgs', 'ld_library_path_lib')
[10.235s] INFO:colcon.colcon_core.shell:Creating environment hook '/home/husarion/uros_ws/install/micro_ros_msgs/share/micro_ros_msgs/hook/ld_library_path_lib.ps1'
[10.237s] INFO:colcon.colcon_core.shell:Creating environment descriptor '/home/husarion/uros_ws/install/micro_ros_msgs/share/micro_ros_msgs/hook/ld_library_path_lib.dsv'
[10.239s] INFO:colcon.colcon_core.shell:Creating environment hook '/home/husarion/uros_ws/install/micro_ros_msgs/share/micro_ros_msgs/hook/ld_library_path_lib.sh'
[10.242s] Level 1:colcon.colcon_core.environment:checking '/home/husarion/uros_ws/install/micro_ros_msgs/bin'
[10.242s] Level 1:colcon.colcon_core.environment:checking '/home/husarion/uros_ws/install/micro_ros_msgs/lib/pkgconfig/micro_ros_msgs.pc'
[10.244s] Level 1:colcon.colcon_core.environment:checking '/home/husarion/uros_ws/install/micro_ros_msgs/lib/python3.8/site-packages'
[10.245s] Level 1:colcon.colcon_core.shell:create_environment_hook('micro_ros_msgs', 'pythonpath')
[10.254s] INFO:colcon.colcon_core.shell:Creating environment hook '/home/husarion/uros_ws/install/micro_ros_msgs/share/micro_ros_msgs/hook/pythonpath.ps1'
[10.256s] INFO:colcon.colcon_core.shell:Creating environment descriptor '/home/husarion/uros_ws/install/micro_ros_msgs/share/micro_ros_msgs/hook/pythonpath.dsv'
[10.258s] INFO:colcon.colcon_core.shell:Creating environment hook '/home/husarion/uros_ws/install/micro_ros_msgs/share/micro_ros_msgs/hook/pythonpath.sh'
[10.261s] Level 1:colcon.colcon_core.environment:checking '/home/husarion/uros_ws/install/micro_ros_msgs/bin'
[10.271s] INFO:colcon.colcon_core.shell:Creating package script '/home/husarion/uros_ws/install/micro_ros_msgs/share/micro_ros_msgs/package.ps1'
[10.274s] INFO:colcon.colcon_core.shell:Creating package descriptor '/home/husarion/uros_ws/install/micro_ros_msgs/share/micro_ros_msgs/package.dsv'
[10.278s] INFO:colcon.colcon_core.shell:Creating package script '/home/husarion/uros_ws/install/micro_ros_msgs/share/micro_ros_msgs/package.sh'
[10.281s] INFO:colcon.colcon_core.shell:Creating package script '/home/husarion/uros_ws/install/micro_ros_msgs/share/micro_ros_msgs/package.bash'
[10.283s] INFO:colcon.colcon_core.shell:Creating package script '/home/husarion/uros_ws/install/micro_ros_msgs/share/micro_ros_msgs/package.zsh'
[10.286s] Level 1:colcon.colcon_core.environment:create_file_with_runtime_dependencies(/home/husarion/uros_ws/install/micro_ros_msgs/share/colcon-core/packages/micro_ros_msgs)
[10.288s] INFO:colcon.colcon_ros.task.ament_cmake.build:Building ROS package in '/home/husarion/uros_ws/src/uros/micro-ROS-Agent/micro_ros_agent' with build type 'ament_cmake'
[10.289s] INFO:colcon.colcon_cmake.task.cmake.build:Building CMake package in '/home/husarion/uros_ws/src/uros/micro-ROS-Agent/micro_ros_agent'
[10.299s] INFO:colcon.colcon_core.shell:Skip shell extension 'powershell' for command environment: Not usable outside of PowerShell
[10.300s] DEBUG:colcon.colcon_core.shell:Skip shell extension 'dsv' for command environment
[10.415s] DEBUG:colcon.colcon_core.event_handler.log_command:Invoking command in '/home/husarion/uros_ws/build/micro_ros_agent': CMAKE_PREFIX_PATH=/home/husarion/uros_ws/install/micro_ros_msgs:/home/husarion/uros_ws/install/micro_ros_setup:/home/husarion/uros_ws/install/micro_ros_agent:/home/husarion/uros_ws/install/drive_base_msgs:/home/husarion/ROS2swarm/install/thymio_msgs:/home/husarion/ROS2swarm/install/thymio_description:/home/husarion/ROS2swarm/install/communication_interfaces:/home/husarion/husarion_ws/install/rplidar_ros:/home/husarion/husarion_ws/install/route_admin_panel:/home/husarion/husarion_ws/install/rosbot_description:/home/husarion/husarion_ws/install/astra_camera:/home/husarion/ROS2swarm/install/thymio_driver:/home/husarion/ROS2swarm/install/ros2swarm:/home/husarion/ROS2swarm/install/launch_gazebo:/opt/ros/foxy LD_LIBRARY_PATH=/home/husarion/uros_ws/install/micro_ros_msgs/lib:/home/husarion/uros_ws/install/micro_ros_agent/lib:/home/husarion/uros_ws/install/drive_base_msgs/lib:/home/husarion/ROS2swarm/install/thymio_msgs/lib:/home/husarion/ROS2swarm/install/communication_interfaces/lib:/home/husarion/husarion_ws/install/rplidar_ros/lib:/home/husarion/husarion_ws/install/astra_camera/lib:/usr/lib/x86_64-linux-gnu/gazebo-11/plugins:/opt/ros/foxy/opt/yaml_cpp_vendor/lib:/opt/ros/foxy/opt/rviz_ogre_vendor/lib:/opt/ros/foxy/lib/x86_64-linux-gnu:/opt/ros/foxy/lib /usr/bin/cmake /home/husarion/uros_ws/src/uros/micro-ROS-Agent/micro_ros_agent -DUAGENT_BUILD_EXECUTABLE=OFF -DUAGENT_P2P_PROFILE=OFF --no-warn-unused-cli -DCMAKE_INSTALL_PREFIX=/home/husarion/uros_ws/install/micro_ros_agent
[13.805s] DEBUG:colcon.colcon_core.event_handler.log_command:Invoked command in '/home/husarion/uros_ws/build/micro_ros_agent' returned '0': CMAKE_PREFIX_PATH=/home/husarion/uros_ws/install/micro_ros_msgs:/home/husarion/uros_ws/install/micro_ros_setup:/home/husarion/uros_ws/install/micro_ros_agent:/home/husarion/uros_ws/install/drive_base_msgs:/home/husarion/ROS2swarm/install/thymio_msgs:/home/husarion/ROS2swarm/install/thymio_description:/home/husarion/ROS2swarm/install/communication_interfaces:/home/husarion/husarion_ws/install/rplidar_ros:/home/husarion/husarion_ws/install/route_admin_panel:/home/husarion/husarion_ws/install/rosbot_description:/home/husarion/husarion_ws/install/astra_camera:/home/husarion/ROS2swarm/install/thymio_driver:/home/husarion/ROS2swarm/install/ros2swarm:/home/husarion/ROS2swarm/install/launch_gazebo:/opt/ros/foxy LD_LIBRARY_PATH=/home/husarion/uros_ws/install/micro_ros_msgs/lib:/home/husarion/uros_ws/install/micro_ros_agent/lib:/home/husarion/uros_ws/install/drive_base_msgs/lib:/home/husarion/ROS2swarm/install/thymio_msgs/lib:/home/husarion/ROS2swarm/install/communication_interfaces/lib:/home/husarion/husarion_ws/install/rplidar_ros/lib:/home/husarion/husarion_ws/install/astra_camera/lib:/usr/lib/x86_64-linux-gnu/gazebo-11/plugins:/opt/ros/foxy/opt/yaml_cpp_vendor/lib:/opt/ros/foxy/opt/rviz_ogre_vendor/lib:/opt/ros/foxy/lib/x86_64-linux-gnu:/opt/ros/foxy/lib /usr/bin/cmake /home/husarion/uros_ws/src/uros/micro-ROS-Agent/micro_ros_agent -DUAGENT_BUILD_EXECUTABLE=OFF -DUAGENT_P2P_PROFILE=OFF --no-warn-unused-cli -DCMAKE_INSTALL_PREFIX=/home/husarion/uros_ws/install/micro_ros_agent
[13.819s] DEBUG:colcon.colcon_core.event_handler.log_command:Invoking command in '/home/husarion/uros_ws/build/micro_ros_agent': CMAKE_PREFIX_PATH=/home/husarion/uros_ws/install/micro_ros_msgs:/home/husarion/uros_ws/install/micro_ros_setup:/home/husarion/uros_ws/install/micro_ros_agent:/home/husarion/uros_ws/install/drive_base_msgs:/home/husarion/ROS2swarm/install/thymio_msgs:/home/husarion/ROS2swarm/install/thymio_description:/home/husarion/ROS2swarm/install/communication_interfaces:/home/husarion/husarion_ws/install/rplidar_ros:/home/husarion/husarion_ws/install/route_admin_panel:/home/husarion/husarion_ws/install/rosbot_description:/home/husarion/husarion_ws/install/astra_camera:/home/husarion/ROS2swarm/install/thymio_driver:/home/husarion/ROS2swarm/install/ros2swarm:/home/husarion/ROS2swarm/install/launch_gazebo:/opt/ros/foxy LD_LIBRARY_PATH=/home/husarion/uros_ws/install/micro_ros_msgs/lib:/home/husarion/uros_ws/install/micro_ros_agent/lib:/home/husarion/uros_ws/install/drive_base_msgs/lib:/home/husarion/ROS2swarm/install/thymio_msgs/lib:/home/husarion/ROS2swarm/install/communication_interfaces/lib:/home/husarion/husarion_ws/install/rplidar_ros/lib:/home/husarion/husarion_ws/install/astra_camera/lib:/usr/lib/x86_64-linux-gnu/gazebo-11/plugins:/opt/ros/foxy/opt/yaml_cpp_vendor/lib:/opt/ros/foxy/opt/rviz_ogre_vendor/lib:/opt/ros/foxy/lib/x86_64-linux-gnu:/opt/ros/foxy/lib /usr/bin/cmake --build /home/husarion/uros_ws/build/micro_ros_agent -- -j4 -l4
[14.274s] DEBUG:colcon.colcon_core.event_handler.log_command:Invoked command in '/home/husarion/uros_ws/build/micro_ros_agent' returned '0': CMAKE_PREFIX_PATH=/home/husarion/uros_ws/install/micro_ros_msgs:/home/husarion/uros_ws/install/micro_ros_setup:/home/husarion/uros_ws/install/micro_ros_agent:/home/husarion/uros_ws/install/drive_base_msgs:/home/husarion/ROS2swarm/install/thymio_msgs:/home/husarion/ROS2swarm/install/thymio_description:/home/husarion/ROS2swarm/install/communication_interfaces:/home/husarion/husarion_ws/install/rplidar_ros:/home/husarion/husarion_ws/install/route_admin_panel:/home/husarion/husarion_ws/install/rosbot_description:/home/husarion/husarion_ws/install/astra_camera:/home/husarion/ROS2swarm/install/thymio_driver:/home/husarion/ROS2swarm/install/ros2swarm:/home/husarion/ROS2swarm/install/launch_gazebo:/opt/ros/foxy LD_LIBRARY_PATH=/home/husarion/uros_ws/install/micro_ros_msgs/lib:/home/husarion/uros_ws/install/micro_ros_agent/lib:/home/husarion/uros_ws/install/drive_base_msgs/lib:/home/husarion/ROS2swarm/install/thymio_msgs/lib:/home/husarion/ROS2swarm/install/communication_interfaces/lib:/home/husarion/husarion_ws/install/rplidar_ros/lib:/home/husarion/husarion_ws/install/astra_camera/lib:/usr/lib/x86_64-linux-gnu/gazebo-11/plugins:/opt/ros/foxy/opt/yaml_cpp_vendor/lib:/opt/ros/foxy/opt/rviz_ogre_vendor/lib:/opt/ros/foxy/lib/x86_64-linux-gnu:/opt/ros/foxy/lib /usr/bin/cmake --build /home/husarion/uros_ws/build/micro_ros_agent -- -j4 -l4
[14.526s] DEBUG:colcon.colcon_core.event_handler.log_command:Invoking command in '/home/husarion/uros_ws/build/micro_ros_agent': CMAKE_PREFIX_PATH=/home/husarion/uros_ws/install/micro_ros_msgs:/home/husarion/uros_ws/install/micro_ros_setup:/home/husarion/uros_ws/install/micro_ros_agent:/home/husarion/uros_ws/install/drive_base_msgs:/home/husarion/ROS2swarm/install/thymio_msgs:/home/husarion/ROS2swarm/install/thymio_description:/home/husarion/ROS2swarm/install/communication_interfaces:/home/husarion/husarion_ws/install/rplidar_ros:/home/husarion/husarion_ws/install/route_admin_panel:/home/husarion/husarion_ws/install/rosbot_description:/home/husarion/husarion_ws/install/astra_camera:/home/husarion/ROS2swarm/install/thymio_driver:/home/husarion/ROS2swarm/install/ros2swarm:/home/husarion/ROS2swarm/install/launch_gazebo:/opt/ros/foxy LD_LIBRARY_PATH=/home/husarion/uros_ws/install/micro_ros_msgs/lib:/home/husarion/uros_ws/install/micro_ros_agent/lib:/home/husarion/uros_ws/install/drive_base_msgs/lib:/home/husarion/ROS2swarm/install/thymio_msgs/lib:/home/husarion/ROS2swarm/install/communication_interfaces/lib:/home/husarion/husarion_ws/install/rplidar_ros/lib:/home/husarion/husarion_ws/install/astra_camera/lib:/usr/lib/x86_64-linux-gnu/gazebo-11/plugins:/opt/ros/foxy/opt/yaml_cpp_vendor/lib:/opt/ros/foxy/opt/rviz_ogre_vendor/lib:/opt/ros/foxy/lib/x86_64-linux-gnu:/opt/ros/foxy/lib /usr/bin/cmake --install /home/husarion/uros_ws/build/micro_ros_agent
[14.592s] Level 1:colcon.colcon_core.environment:create_environment_scripts_only(micro_ros_agent)
[14.610s] Level 1:colcon.colcon_core.environment:checking '/home/husarion/uros_ws/install/micro_ros_agent' for CMake module files
[14.615s] DEBUG:colcon.colcon_core.event_handler.log_command:Invoked command in '/home/husarion/uros_ws/build/micro_ros_agent' returned '0': CMAKE_PREFIX_PATH=/home/husarion/uros_ws/install/micro_ros_msgs:/home/husarion/uros_ws/install/micro_ros_setup:/home/husarion/uros_ws/install/micro_ros_agent:/home/husarion/uros_ws/install/drive_base_msgs:/home/husarion/ROS2swarm/install/thymio_msgs:/home/husarion/ROS2swarm/install/thymio_description:/home/husarion/ROS2swarm/install/communication_interfaces:/home/husarion/husarion_ws/install/rplidar_ros:/home/husarion/husarion_ws/install/route_admin_panel:/home/husarion/husarion_ws/install/rosbot_description:/home/husarion/husarion_ws/install/astra_camera:/home/husarion/ROS2swarm/install/thymio_driver:/home/husarion/ROS2swarm/install/ros2swarm:/home/husarion/ROS2swarm/install/launch_gazebo:/opt/ros/foxy LD_LIBRARY_PATH=/home/husarion/uros_ws/install/micro_ros_msgs/lib:/home/husarion/uros_ws/install/micro_ros_agent/lib:/home/husarion/uros_ws/install/drive_base_msgs/lib:/home/husarion/ROS2swarm/install/thymio_msgs/lib:/home/husarion/ROS2swarm/install/communication_interfaces/lib:/home/husarion/husarion_ws/install/rplidar_ros/lib:/home/husarion/husarion_ws/install/astra_camera/lib:/usr/lib/x86_64-linux-gnu/gazebo-11/plugins:/opt/ros/foxy/opt/yaml_cpp_vendor/lib:/opt/ros/foxy/opt/rviz_ogre_vendor/lib:/opt/ros/foxy/lib/x86_64-linux-gnu:/opt/ros/foxy/lib /usr/bin/cmake --install /home/husarion/uros_ws/build/micro_ros_agent
[14.617s] Level 1:colcon.colcon_core.environment:checking '/home/husarion/uros_ws/install/micro_ros_agent' for CMake config files
[14.618s] Level 1:colcon.colcon_core.shell:create_environment_hook('micro_ros_agent', 'cmake_prefix_path')
[14.627s] INFO:colcon.colcon_core.shell:Creating environment hook '/home/husarion/uros_ws/install/micro_ros_agent/share/micro_ros_agent/hook/cmake_prefix_path.ps1'
[14.630s] INFO:colcon.colcon_core.shell:Creating environment descriptor '/home/husarion/uros_ws/install/micro_ros_agent/share/micro_ros_agent/hook/cmake_prefix_path.dsv'
[14.632s] INFO:colcon.colcon_core.shell:Creating environment hook '/home/husarion/uros_ws/install/micro_ros_agent/share/micro_ros_agent/hook/cmake_prefix_path.sh'
[14.635s] Level 1:colcon.colcon_core.environment:checking '/home/husarion/uros_ws/install/micro_ros_agent/lib'
[14.635s] Level 1:colcon.colcon_core.shell:create_environment_hook('micro_ros_agent', 'ld_library_path_lib')
[14.644s] INFO:colcon.colcon_core.shell:Creating environment hook '/home/husarion/uros_ws/install/micro_ros_agent/share/micro_ros_agent/hook/ld_library_path_lib.ps1'
[14.646s] INFO:colcon.colcon_core.shell:Creating environment descriptor '/home/husarion/uros_ws/install/micro_ros_agent/share/micro_ros_agent/hook/ld_library_path_lib.dsv'
[14.649s] INFO:colcon.colcon_core.shell:Creating environment hook '/home/husarion/uros_ws/install/micro_ros_agent/share/micro_ros_agent/hook/ld_library_path_lib.sh'
[14.651s] Level 1:colcon.colcon_core.environment:checking '/home/husarion/uros_ws/install/micro_ros_agent/bin'
[14.651s] Level 1:colcon.colcon_core.environment:checking '/home/husarion/uros_ws/install/micro_ros_agent/lib/pkgconfig/micro_ros_agent.pc'
[14.652s] Level 1:colcon.colcon_core.environment:checking '/home/husarion/uros_ws/install/micro_ros_agent/lib/python3.8/site-packages'
[14.653s] Level 1:colcon.colcon_core.environment:checking '/home/husarion/uros_ws/install/micro_ros_agent/bin'
[14.663s] INFO:colcon.colcon_core.shell:Creating package script '/home/husarion/uros_ws/install/micro_ros_agent/share/micro_ros_agent/package.ps1'
[14.666s] INFO:colcon.colcon_core.shell:Creating package descriptor '/home/husarion/uros_ws/install/micro_ros_agent/share/micro_ros_agent/package.dsv'
[14.669s] INFO:colcon.colcon_core.shell:Creating package script '/home/husarion/uros_ws/install/micro_ros_agent/share/micro_ros_agent/package.sh'
[14.672s] INFO:colcon.colcon_core.shell:Creating package script '/home/husarion/uros_ws/install/micro_ros_agent/share/micro_ros_agent/package.bash'
[14.674s] INFO:colcon.colcon_core.shell:Creating package script '/home/husarion/uros_ws/install/micro_ros_agent/share/micro_ros_agent/package.zsh'
[14.676s] Level 1:colcon.colcon_core.environment:create_file_with_runtime_dependencies(/home/husarion/uros_ws/install/micro_ros_agent/share/colcon-core/packages/micro_ros_agent)
[14.921s] Level 1:colcon.colcon_core.environment:create_environment_scripts_only(micro_ros_agent)
[14.935s] Level 1:colcon.colcon_core.environment:checking '/home/husarion/uros_ws/install/micro_ros_agent' for CMake module files
[14.939s] Level 1:colcon.colcon_core.environment:checking '/home/husarion/uros_ws/install/micro_ros_agent' for CMake config files
[14.939s] Level 1:colcon.colcon_core.shell:create_environment_hook('micro_ros_agent', 'cmake_prefix_path')
[14.948s] INFO:colcon.colcon_core.shell:Creating environment hook '/home/husarion/uros_ws/install/micro_ros_agent/share/micro_ros_agent/hook/cmake_prefix_path.ps1'
[14.951s] INFO:colcon.colcon_core.shell:Creating environment descriptor '/home/husarion/uros_ws/install/micro_ros_agent/share/micro_ros_agent/hook/cmake_prefix_path.dsv'
[14.953s] INFO:colcon.colcon_core.shell:Creating environment hook '/home/husarion/uros_ws/install/micro_ros_agent/share/micro_ros_agent/hook/cmake_prefix_path.sh'
[14.956s] Level 1:colcon.colcon_core.environment:checking '/home/husarion/uros_ws/install/micro_ros_agent/lib'
[14.957s] Level 1:colcon.colcon_core.shell:create_environment_hook('micro_ros_agent', 'ld_library_path_lib')
[14.965s] INFO:colcon.colcon_core.shell:Creating environment hook '/home/husarion/uros_ws/install/micro_ros_agent/share/micro_ros_agent/hook/ld_library_path_lib.ps1'
[14.967s] INFO:colcon.colcon_core.shell:Creating environment descriptor '/home/husarion/uros_ws/install/micro_ros_agent/share/micro_ros_agent/hook/ld_library_path_lib.dsv'
[14.971s] INFO:colcon.colcon_core.shell:Creating environment hook '/home/husarion/uros_ws/install/micro_ros_agent/share/micro_ros_agent/hook/ld_library_path_lib.sh'
[14.974s] Level 1:colcon.colcon_core.environment:checking '/home/husarion/uros_ws/install/micro_ros_agent/bin'
[14.974s] Level 1:colcon.colcon_core.environment:checking '/home/husarion/uros_ws/install/micro_ros_agent/lib/pkgconfig/micro_ros_agent.pc'
[14.975s] Level 1:colcon.colcon_core.environment:checking '/home/husarion/uros_ws/install/micro_ros_agent/lib/python3.8/site-packages'
[14.976s] Level 1:colcon.colcon_core.environment:checking '/home/husarion/uros_ws/install/micro_ros_agent/bin'
[14.986s] INFO:colcon.colcon_core.shell:Creating package script '/home/husarion/uros_ws/install/micro_ros_agent/share/micro_ros_agent/package.ps1'
[14.989s] INFO:colcon.colcon_core.shell:Creating package descriptor '/home/husarion/uros_ws/install/micro_ros_agent/share/micro_ros_agent/package.dsv'
[14.992s] INFO:colcon.colcon_core.shell:Creating package script '/home/husarion/uros_ws/install/micro_ros_agent/share/micro_ros_agent/package.sh'
[14.995s] INFO:colcon.colcon_core.shell:Creating package script '/home/husarion/uros_ws/install/micro_ros_agent/share/micro_ros_agent/package.bash'
[14.998s] INFO:colcon.colcon_core.shell:Creating package script '/home/husarion/uros_ws/install/micro_ros_agent/share/micro_ros_agent/package.zsh'
[15.000s] Level 1:colcon.colcon_core.environment:create_file_with_runtime_dependencies(/home/husarion/uros_ws/install/micro_ros_agent/share/colcon-core/packages/micro_ros_agent)
[15.002s] DEBUG:colcon.colcon_parallel_executor.executor.parallel:closing loop
[15.004s] DEBUG:colcon.colcon_parallel_executor.executor.parallel:loop closed
[15.005s] DEBUG:colcon.colcon_parallel_executor.executor.parallel:run_until_complete finished with '0'
[15.007s] DEBUG:colcon.colcon_core.event_reactor:joining thread
[15.046s] INFO:colcon.colcon_core.plugin_system:Skipping extension 'colcon_notification.desktop_notification.terminal_notifier': Not used on non-Darwin systems
[15.047s] INFO:colcon.colcon_core.plugin_system:Skipping extension 'colcon_notification.desktop_notification.win32': Not used on non-Windows systems
[15.047s] INFO:colcon.colcon_notification.desktop_notification:Sending desktop notification using 'notify2'
[15.078s] DEBUG:colcon.colcon_core.event_reactor:joined thread
[15.088s] INFO:colcon.colcon_core.shell:Creating prefix script '/home/husarion/uros_ws/install/local_setup.ps1'
[15.096s] INFO:colcon.colcon_core.shell:Creating prefix util module '/home/husarion/uros_ws/install/_local_setup_util_ps1.py'
[15.103s] INFO:colcon.colcon_core.shell:Creating prefix chain script '/home/husarion/uros_ws/install/setup.ps1'
[15.115s] INFO:colcon.colcon_core.shell:Creating prefix script '/home/husarion/uros_ws/install/local_setup.sh'
[15.118s] INFO:colcon.colcon_core.shell:Creating prefix util module '/home/husarion/uros_ws/install/_local_setup_util_sh.py'
[15.122s] INFO:colcon.colcon_core.shell:Creating prefix chain script '/home/husarion/uros_ws/install/setup.sh'
[15.133s] INFO:colcon.colcon_core.shell:Creating prefix script '/home/husarion/uros_ws/install/local_setup.bash'
[15.136s] INFO:colcon.colcon_core.shell:Creating prefix chain script '/home/husarion/uros_ws/install/setup.bash'
[15.147s] INFO:colcon.colcon_core.shell:Creating prefix script '/home/husarion/uros_ws/install/local_setup.zsh'
[15.150s] INFO:colcon.colcon_core.shell:Creating prefix chain script '/home/husarion/uros_ws/install/setup.zsh'
