[0.249s] Invoking command in '/home/husarion/uros_ws/build/drive_base_msgs': CMAKE_PREFIX_PATH=${CMAKE_PREFIX_PATH}:/home/husarion/ROS2swarm/install/thymio_driver:/home/husarion/ROS2swarm/install/ros2swarm:/home/husarion/ROS2swarm/install/launch_gazebo:/opt/ros/foxy /usr/bin/cmake /home/husarion/uros_ws/src/uros/drive_base/drive_base_msgs -DCMAKE_INSTALL_PREFIX=/home/husarion/uros_ws/install/drive_base_msgs
[0.827s] -- The C compiler identification is GNU 9.4.0
[1.439s] -- The CXX compiler identification is GNU 9.4.0
[1.494s] -- Check for working C compiler: /usr/bin/cc
[1.879s] -- Check for working C compiler: /usr/bin/cc -- works
[1.887s] -- Detecting C compiler ABI info
[2.261s] -- Detecting C compiler ABI info - done
[2.358s] -- Detecting C compile features
[2.363s] -- Detecting C compile features - done
[2.381s] -- Check for working CXX compiler: /usr/bin/c++
[2.813s] -- Check for working CXX compiler: /usr/bin/c++ -- works
[2.820s] -- Detecting CXX compiler ABI info
[3.255s] -- Detecting CXX compiler ABI info - done
[3.332s] -- Detecting CXX compile features
[3.335s] -- Detecting CXX compile features - done
[3.375s] -- Found ament_cmake: 0.9.9 (/opt/ros/foxy/share/ament_cmake/cmake)
[3.565s] -- Found PythonInterp: /usr/bin/python3 (found suitable version "3.8.10", minimum required is "3") 
[3.566s] -- Using PYTHON_EXECUTABLE: /usr/bin/python3
[4.849s] -- Found std_msgs: 2.0.5 (/opt/ros/foxy/share/std_msgs/cmake)
[5.082s] -- Using all available rosidl_typesupport_c: rosidl_typesupport_fastrtps_c;rosidl_typesupport_introspection_c
[5.157s] -- Found rosidl_adapter: 1.2.1 (/opt/ros/foxy/share/rosidl_adapter/cmake)
[5.664s] -- Found OpenSSL: /usr/lib/x86_64-linux-gnu/libcrypto.so (found version "1.1.1f")  
[5.817s] -- Found FastRTPS: /opt/ros/foxy/include  
[6.286s] -- Using all available rosidl_typesupport_cpp: rosidl_typesupport_fastrtps_cpp;rosidl_typesupport_introspection_cpp
[6.701s] -- Found rosidl_default_generators: 1.0.1 (/opt/ros/foxy/share/rosidl_default_generators/cmake)
[6.960s] -- Found PythonInterp: /usr/bin/python3 (found version "3.8.10") 
[8.190s] -- Found ament_cmake_cppcheck: 0.9.6 (/opt/ros/foxy/share/ament_cmake_cppcheck/cmake)
[8.206s] -- Found ament_cmake_cpplint: 0.9.6 (/opt/ros/foxy/share/ament_cmake_cpplint/cmake)
[8.221s] -- Found ament_cmake_uncrustify: 0.9.6 (/opt/ros/foxy/share/ament_cmake_uncrustify/cmake)
[8.237s] -- Found ament_cmake_ros: 0.9.2 (/opt/ros/foxy/share/ament_cmake_ros/cmake)
[9.474s] -- Using all available rosidl_typesupport_c: rosidl_typesupport_fastrtps_c;rosidl_typesupport_introspection_c
[10.015s] -- Using all available rosidl_typesupport_cpp: rosidl_typesupport_fastrtps_cpp;rosidl_typesupport_introspection_cpp
[10.212s] -- Found PythonInterp: /usr/bin/python3 (found suitable version "3.8.10", minimum required is "3.5") 
[10.225s] -- Found python_cmake_module: 0.8.1 (/opt/ros/foxy/share/python_cmake_module/cmake)
[10.426s] -- Found PythonLibs: /usr/lib/x86_64-linux-gnu/libpython3.8.so (found suitable version "3.8.10", minimum required is "3.5") 
[10.427s] -- Using PYTHON_EXECUTABLE: /usr/bin/python3
[10.427s] -- Using PYTHON_INCLUDE_DIRS: /usr/include/python3.8
[10.427s] -- Using PYTHON_LIBRARIES: /usr/lib/x86_64-linux-gnu/libpython3.8.so
[10.595s] -- Found PythonExtra: .so  
[11.107s] -- Found ament_cmake_flake8: 0.9.6 (/opt/ros/foxy/share/ament_cmake_flake8/cmake)
[11.122s] -- Found ament_cmake_pep257: 0.9.6 (/opt/ros/foxy/share/ament_cmake_pep257/cmake)
[11.183s] -- Configuring done
[11.543s] -- Generating done
[11.559s] -- Build files have been written to: /home/husarion/uros_ws/build/drive_base_msgs
[11.603s] Invoked command in '/home/husarion/uros_ws/build/drive_base_msgs' returned '0': CMAKE_PREFIX_PATH=${CMAKE_PREFIX_PATH}:/home/husarion/ROS2swarm/install/thymio_driver:/home/husarion/ROS2swarm/install/ros2swarm:/home/husarion/ROS2swarm/install/launch_gazebo:/opt/ros/foxy /usr/bin/cmake /home/husarion/uros_ws/src/uros/drive_base/drive_base_msgs -DCMAKE_INSTALL_PREFIX=/home/husarion/uros_ws/install/drive_base_msgs
[11.613s] Invoking command in '/home/husarion/uros_ws/build/drive_base_msgs': CMAKE_PREFIX_PATH=${CMAKE_PREFIX_PATH}:/home/husarion/ROS2swarm/install/thymio_driver:/home/husarion/ROS2swarm/install/ros2swarm:/home/husarion/ROS2swarm/install/launch_gazebo:/opt/ros/foxy /usr/bin/cmake --build /home/husarion/uros_ws/build/drive_base_msgs -- -j4 -l4
[11.840s] [35m[1mScanning dependencies of target drive_base_msgs__cpp[0m
[11.845s] [  1%] [34m[1mGenerating C code for ROS interfaces[0m
[11.897s] [  3%] [34m[1mGenerating C++ code for ROS interfaces[0m
[15.978s] [  3%] Built target drive_base_msgs__cpp
[16.036s] [  5%] [34m[1mGenerating C++ introspection for ROS interfaces[0m
[16.079s] [  7%] [34m[1mGenerating C++ type support dispatch for ROS interfaces[0m
[16.083s] [  9%] [34m[1mGenerating C++ type support for eProsima Fast-RTPS[0m
[16.092s] [35m[1mScanning dependencies of target drive_base_msgs__rosidl_generator_c[0m
[16.199s] [ 10%] [32mBuilding C object CMakeFiles/drive_base_msgs__rosidl_generator_c.dir/rosidl_generator_c/drive_base_msgs/msg/detail/command_header__functions.c.o[0m
[16.454s] [ 12%] [32mBuilding C object CMakeFiles/drive_base_msgs__rosidl_generator_c.dir/rosidl_generator_c/drive_base_msgs/msg/detail/base_info__functions.c.o[0m
[16.655s] [ 14%] [32mBuilding C object CMakeFiles/drive_base_msgs__rosidl_generator_c.dir/rosidl_generator_c/drive_base_msgs/msg/detail/command_status__functions.c.o[0m
[16.899s] [ 16%] [32mBuilding C object CMakeFiles/drive_base_msgs__rosidl_generator_c.dir/rosidl_generator_c/drive_base_msgs/msg/detail/trv_command__functions.c.o[0m
[17.099s] [ 18%] [32m[1mLinking C shared library libdrive_base_msgs__rosidl_generator_c.so[0m
[17.348s] [ 18%] Built target drive_base_msgs__rosidl_generator_c
[17.403s] [ 20%] [34m[1mGenerating C introspection for ROS interfaces[0m
[19.532s] [35m[1mScanning dependencies of target drive_base_msgs__rosidl_typesupport_cpp[0m
[19.610s] [ 21%] [32mBuilding CXX object CMakeFiles/drive_base_msgs__rosidl_typesupport_cpp.dir/rosidl_typesupport_cpp/drive_base_msgs/msg/command_header__type_support.cpp.o[0m
[19.950s] [35m[1mScanning dependencies of target drive_base_msgs__rosidl_typesupport_introspection_cpp[0m
[20.031s] [ 23%] [32mBuilding CXX object CMakeFiles/drive_base_msgs__rosidl_typesupport_introspection_cpp.dir/rosidl_typesupport_introspection_cpp/drive_base_msgs/msg/detail/command_header__type_support.cpp.o[0m
[20.243s] [35m[1mScanning dependencies of target drive_base_msgs__rosidl_typesupport_fastrtps_cpp[0m
[20.350s] [ 25%] [32mBuilding CXX object CMakeFiles/drive_base_msgs__rosidl_typesupport_fastrtps_cpp.dir/rosidl_typesupport_fastrtps_cpp/drive_base_msgs/msg/detail/dds_fastrtps/command_header__type_support.cpp.o[0m
[21.391s] [35m[1mScanning dependencies of target drive_base_msgs__rosidl_typesupport_introspection_c[0m
[21.506s] [ 27%] [32mBuilding C object CMakeFiles/drive_base_msgs__rosidl_typesupport_introspection_c.dir/rosidl_typesupport_introspection_c/drive_base_msgs/msg/detail/command_header__type_support.c.o[0m
[21.645s] [ 29%] [32mBuilding CXX object CMakeFiles/drive_base_msgs__rosidl_typesupport_cpp.dir/rosidl_typesupport_cpp/drive_base_msgs/msg/base_info__type_support.cpp.o[0m
[21.678s] [ 30%] [32mBuilding C object CMakeFiles/drive_base_msgs__rosidl_typesupport_introspection_c.dir/rosidl_typesupport_introspection_c/drive_base_msgs/msg/detail/base_info__type_support.c.o[0m
[21.853s] [ 32%] [32mBuilding C object CMakeFiles/drive_base_msgs__rosidl_typesupport_introspection_c.dir/rosidl_typesupport_introspection_c/drive_base_msgs/msg/detail/command_status__type_support.c.o[0m
[21.977s] [ 34%] [32mBuilding CXX object CMakeFiles/drive_base_msgs__rosidl_typesupport_introspection_cpp.dir/rosidl_typesupport_introspection_cpp/drive_base_msgs/msg/detail/base_info__type_support.cpp.o[0m
[22.034s] [ 36%] [32mBuilding C object CMakeFiles/drive_base_msgs__rosidl_typesupport_introspection_c.dir/rosidl_typesupport_introspection_c/drive_base_msgs/msg/detail/trv_command__type_support.c.o[0m
[22.210s] [ 38%] [32m[1mLinking C shared library libdrive_base_msgs__rosidl_typesupport_introspection_c.so[0m
[22.382s] [ 38%] Built target drive_base_msgs__rosidl_typesupport_introspection_c
[22.439s] [ 40%] [34m[1mGenerating C type support dispatch for ROS interfaces[0m
[23.256s] [ 41%] [32mBuilding CXX object CMakeFiles/drive_base_msgs__rosidl_typesupport_fastrtps_cpp.dir/rosidl_typesupport_fastrtps_cpp/drive_base_msgs/msg/detail/dds_fastrtps/base_info__type_support.cpp.o[0m
[23.606s] [ 43%] [32mBuilding CXX object CMakeFiles/drive_base_msgs__rosidl_typesupport_cpp.dir/rosidl_typesupport_cpp/drive_base_msgs/msg/command_status__type_support.cpp.o[0m
[23.952s] [ 45%] [32mBuilding CXX object CMakeFiles/drive_base_msgs__rosidl_typesupport_introspection_cpp.dir/rosidl_typesupport_introspection_cpp/drive_base_msgs/msg/detail/command_status__type_support.cpp.o[0m
[25.418s] [ 47%] [32mBuilding CXX object CMakeFiles/drive_base_msgs__rosidl_typesupport_cpp.dir/rosidl_typesupport_cpp/drive_base_msgs/msg/trv_command__type_support.cpp.o[0m
[25.884s] [ 49%] [32mBuilding CXX object CMakeFiles/drive_base_msgs__rosidl_typesupport_introspection_cpp.dir/rosidl_typesupport_introspection_cpp/drive_base_msgs/msg/detail/trv_command__type_support.cpp.o[0m
[26.080s] [35m[1mScanning dependencies of target drive_base_msgs__rosidl_typesupport_c[0m
[26.156s] [ 50%] [32mBuilding CXX object CMakeFiles/drive_base_msgs__rosidl_typesupport_c.dir/rosidl_typesupport_c/drive_base_msgs/msg/command_header__type_support.cpp.o[0m
[26.168s] [ 52%] [32mBuilding CXX object CMakeFiles/drive_base_msgs__rosidl_typesupport_fastrtps_cpp.dir/rosidl_typesupport_fastrtps_cpp/drive_base_msgs/msg/detail/dds_fastrtps/command_status__type_support.cpp.o[0m
[26.318s] [ 54%] [32mBuilding CXX object CMakeFiles/drive_base_msgs__rosidl_typesupport_c.dir/rosidl_typesupport_c/drive_base_msgs/msg/base_info__type_support.cpp.o[0m
[26.478s] [ 56%] [32mBuilding CXX object CMakeFiles/drive_base_msgs__rosidl_typesupport_c.dir/rosidl_typesupport_c/drive_base_msgs/msg/command_status__type_support.cpp.o[0m
[26.642s] [ 58%] [32mBuilding CXX object CMakeFiles/drive_base_msgs__rosidl_typesupport_c.dir/rosidl_typesupport_c/drive_base_msgs/msg/trv_command__type_support.cpp.o[0m
[26.805s] [ 60%] [32m[1mLinking CXX shared library libdrive_base_msgs__rosidl_typesupport_c.so[0m
[27.030s] [ 60%] Built target drive_base_msgs__rosidl_typesupport_c
[27.095s] [ 61%] [32mBuilding CXX object CMakeFiles/drive_base_msgs__rosidl_typesupport_fastrtps_cpp.dir/rosidl_typesupport_fastrtps_cpp/drive_base_msgs/msg/detail/dds_fastrtps/trv_command__type_support.cpp.o[0m
[27.365s] [ 63%] [32m[1mLinking CXX shared library libdrive_base_msgs__rosidl_typesupport_cpp.so[0m
[27.588s] [ 63%] Built target drive_base_msgs__rosidl_typesupport_cpp
[27.784s] [ 65%] [32m[1mLinking CXX shared library libdrive_base_msgs__rosidl_typesupport_introspection_cpp.so[0m
[28.195s] [ 65%] Built target drive_base_msgs__rosidl_typesupport_introspection_cpp
[29.663s] [ 67%] [32m[1mLinking CXX shared library libdrive_base_msgs__rosidl_typesupport_fastrtps_cpp.so[0m
[30.275s] [ 67%] Built target drive_base_msgs__rosidl_typesupport_fastrtps_cpp
[30.335s] [ 69%] [34m[1mGenerating C type support for eProsima Fast-RTPS[0m
[33.924s] [35m[1mScanning dependencies of target drive_base_msgs__rosidl_typesupport_fastrtps_c[0m
[34.066s] [ 70%] [32mBuilding CXX object CMakeFiles/drive_base_msgs__rosidl_typesupport_fastrtps_c.dir/rosidl_typesupport_fastrtps_c/drive_base_msgs/msg/detail/trv_command__type_support_c.cpp.o[0m
[34.067s] [ 72%] [32mBuilding CXX object CMakeFiles/drive_base_msgs__rosidl_typesupport_fastrtps_c.dir/rosidl_typesupport_fastrtps_c/drive_base_msgs/msg/detail/command_header__type_support_c.cpp.o[0m
[34.069s] [ 74%] [32mBuilding CXX object CMakeFiles/drive_base_msgs__rosidl_typesupport_fastrtps_c.dir/rosidl_typesupport_fastrtps_c/drive_base_msgs/msg/detail/base_info__type_support_c.cpp.o[0m
[34.080s] [ 76%] [32mBuilding CXX object CMakeFiles/drive_base_msgs__rosidl_typesupport_fastrtps_c.dir/rosidl_typesupport_fastrtps_c/drive_base_msgs/msg/detail/command_status__type_support_c.cpp.o[0m
[36.516s] [ 78%] [32m[1mLinking CXX shared library libdrive_base_msgs__rosidl_typesupport_fastrtps_c.so[0m
[37.105s] [ 78%] Built target drive_base_msgs__rosidl_typesupport_fastrtps_c
[37.169s] [35m[1mScanning dependencies of target drive_base_msgs[0m
[37.228s] [ 78%] Built target drive_base_msgs
[37.292s] [35m[1mScanning dependencies of target drive_base_msgs__py[0m
[37.362s] [ 80%] [34m[1mGenerating Python code for ROS interfaces[0m
[44.764s] [ 80%] Built target drive_base_msgs__py
[44.827s] [35m[1mScanning dependencies of target drive_base_msgs__python[0m
[45.059s] [ 83%] [32mBuilding C object CMakeFiles/drive_base_msgs__python.dir/rosidl_generator_py/drive_base_msgs/msg/_command_status_s.c.o[0m
[45.060s] [ 83%] [32mBuilding C object CMakeFiles/drive_base_msgs__python.dir/rosidl_generator_py/drive_base_msgs/msg/_command_header_s.c.o[0m
[45.063s] [ 85%] [32mBuilding C object CMakeFiles/drive_base_msgs__python.dir/rosidl_generator_py/drive_base_msgs/msg/_trv_command_s.c.o[0m
[45.070s] [ 87%] [32mBuilding C object CMakeFiles/drive_base_msgs__python.dir/rosidl_generator_py/drive_base_msgs/msg/_base_info_s.c.o[0m
[45.801s] [ 89%] [32m[1mLinking C shared library rosidl_generator_py/drive_base_msgs/libdrive_base_msgs__python.so[0m
[46.119s] [ 89%] Built target drive_base_msgs__python
[46.173s] [35m[1mScanning dependencies of target drive_base_msgs__rosidl_typesupport_fastrtps_c__pyext[0m
[46.174s] [35m[1mScanning dependencies of target drive_base_msgs__rosidl_typesupport_introspection_c__pyext[0m
[46.178s] [35m[1mScanning dependencies of target drive_base_msgs__rosidl_typesupport_c__pyext[0m
[46.277s] [ 90%] [32mBuilding C object CMakeFiles/drive_base_msgs__rosidl_typesupport_c__pyext.dir/rosidl_generator_py/drive_base_msgs/_drive_base_msgs_s.ep.rosidl_typesupport_c.c.o[0m
[46.281s] [ 92%] [32mBuilding C object CMakeFiles/drive_base_msgs__rosidl_typesupport_introspection_c__pyext.dir/rosidl_generator_py/drive_base_msgs/_drive_base_msgs_s.ep.rosidl_typesupport_introspection_c.c.o[0m
[46.299s] [ 94%] [32mBuilding C object CMakeFiles/drive_base_msgs__rosidl_typesupport_fastrtps_c__pyext.dir/rosidl_generator_py/drive_base_msgs/_drive_base_msgs_s.ep.rosidl_typesupport_fastrtps_c.c.o[0m
[46.814s] [ 96%] [32m[1mLinking C shared library rosidl_generator_py/drive_base_msgs/drive_base_msgs_s__rosidl_typesupport_c.cpython-38-x86_64-linux-gnu.so[0m
[46.828s] [ 98%] [32m[1mLinking C shared library rosidl_generator_py/drive_base_msgs/drive_base_msgs_s__rosidl_typesupport_introspection_c.cpython-38-x86_64-linux-gnu.so[0m
[46.857s] [100%] [32m[1mLinking CXX shared library rosidl_generator_py/drive_base_msgs/drive_base_msgs_s__rosidl_typesupport_fastrtps_c.cpython-38-x86_64-linux-gnu.so[0m
[47.038s] [100%] Built target drive_base_msgs__rosidl_typesupport_c__pyext
[47.055s] [100%] Built target drive_base_msgs__rosidl_typesupport_introspection_c__pyext
[47.258s] [100%] Built target drive_base_msgs__rosidl_typesupport_fastrtps_c__pyext
[47.328s] Invoked command in '/home/husarion/uros_ws/build/drive_base_msgs' returned '0': CMAKE_PREFIX_PATH=${CMAKE_PREFIX_PATH}:/home/husarion/ROS2swarm/install/thymio_driver:/home/husarion/ROS2swarm/install/ros2swarm:/home/husarion/ROS2swarm/install/launch_gazebo:/opt/ros/foxy /usr/bin/cmake --build /home/husarion/uros_ws/build/drive_base_msgs -- -j4 -l4
[48.030s] Invoking command in '/home/husarion/uros_ws/build/drive_base_msgs': CMAKE_PREFIX_PATH=${CMAKE_PREFIX_PATH}:/home/husarion/ROS2swarm/install/thymio_driver:/home/husarion/ROS2swarm/install/ros2swarm:/home/husarion/ROS2swarm/install/launch_gazebo:/opt/ros/foxy /usr/bin/cmake --install /home/husarion/uros_ws/build/drive_base_msgs
[48.076s] -- Install configuration: ""
[48.079s] -- Installing: /home/husarion/uros_ws/install/drive_base_msgs/share/ament_index/resource_index/rosidl_interfaces/drive_base_msgs
[48.081s] -- Installing: /home/husarion/uros_ws/install/drive_base_msgs/include/drive_base_msgs
[48.082s] -- Installing: /home/husarion/uros_ws/install/drive_base_msgs/include/drive_base_msgs/msg
[48.083s] -- Installing: /home/husarion/uros_ws/install/drive_base_msgs/include/drive_base_msgs/msg/detail
[48.084s] -- Installing: /home/husarion/uros_ws/install/drive_base_msgs/include/drive_base_msgs/msg/detail/base_info__functions.c
[48.084s] -- Installing: /home/husarion/uros_ws/install/drive_base_msgs/include/drive_base_msgs/msg/detail/trv_command__type_support.h
[48.085s] -- Installing: /home/husarion/uros_ws/install/drive_base_msgs/include/drive_base_msgs/msg/detail/trv_command__struct.h
[48.085s] -- Installing: /home/husarion/uros_ws/install/drive_base_msgs/include/drive_base_msgs/msg/detail/command_status__type_support.h
[48.086s] -- Installing: /home/husarion/uros_ws/install/drive_base_msgs/include/drive_base_msgs/msg/detail/trv_command__functions.h
[48.087s] -- Installing: /home/husarion/uros_ws/install/drive_base_msgs/include/drive_base_msgs/msg/detail/command_header__functions.c
[48.087s] -- Installing: /home/husarion/uros_ws/install/drive_base_msgs/include/drive_base_msgs/msg/detail/base_info__struct.h
[48.088s] -- Installing: /home/husarion/uros_ws/install/drive_base_msgs/include/drive_base_msgs/msg/detail/trv_command__functions.c
[48.088s] -- Installing: /home/husarion/uros_ws/install/drive_base_msgs/include/drive_base_msgs/msg/detail/command_header__struct.h
[48.089s] -- Installing: /home/husarion/uros_ws/install/drive_base_msgs/include/drive_base_msgs/msg/detail/base_info__type_support.h
[48.089s] -- Installing: /home/husarion/uros_ws/install/drive_base_msgs/include/drive_base_msgs/msg/detail/command_header__functions.h
[48.090s] -- Installing: /home/husarion/uros_ws/install/drive_base_msgs/include/drive_base_msgs/msg/detail/command_status__functions.c
[48.090s] -- Installing: /home/husarion/uros_ws/install/drive_base_msgs/include/drive_base_msgs/msg/detail/command_header__type_support.h
[48.091s] -- Installing: /home/husarion/uros_ws/install/drive_base_msgs/include/drive_base_msgs/msg/detail/command_status__struct.h
[48.091s] -- Installing: /home/husarion/uros_ws/install/drive_base_msgs/include/drive_base_msgs/msg/detail/command_status__functions.h
[48.092s] -- Installing: /home/husarion/uros_ws/install/drive_base_msgs/include/drive_base_msgs/msg/detail/base_info__functions.h
[48.092s] -- Installing: /home/husarion/uros_ws/install/drive_base_msgs/include/drive_base_msgs/msg/trv_command.h
[48.093s] -- Installing: /home/husarion/uros_ws/install/drive_base_msgs/include/drive_base_msgs/msg/rosidl_generator_c__visibility_control.h
[48.093s] -- Installing: /home/husarion/uros_ws/install/drive_base_msgs/include/drive_base_msgs/msg/command_header.h
[48.094s] -- Installing: /home/husarion/uros_ws/install/drive_base_msgs/include/drive_base_msgs/msg/base_info.h
[48.095s] -- Installing: /home/husarion/uros_ws/install/drive_base_msgs/include/drive_base_msgs/msg/command_status.h
[48.095s] -- Installing: /home/husarion/uros_ws/install/drive_base_msgs/share/drive_base_msgs/environment/library_path.sh
[48.096s] -- Installing: /home/husarion/uros_ws/install/drive_base_msgs/share/drive_base_msgs/environment/library_path.dsv
[48.096s] -- Installing: /home/husarion/uros_ws/install/drive_base_msgs/lib/libdrive_base_msgs__rosidl_generator_c.so
[48.097s] -- Set runtime path of "/home/husarion/uros_ws/install/drive_base_msgs/lib/libdrive_base_msgs__rosidl_generator_c.so" to ""
[48.097s] -- Up-to-date: /home/husarion/uros_ws/install/drive_base_msgs/include/drive_base_msgs
[48.098s] -- Up-to-date: /home/husarion/uros_ws/install/drive_base_msgs/include/drive_base_msgs/msg
[48.098s] -- Up-to-date: /home/husarion/uros_ws/install/drive_base_msgs/include/drive_base_msgs/msg/detail
[48.099s] -- Installing: /home/husarion/uros_ws/install/drive_base_msgs/include/drive_base_msgs/msg/detail/trv_command__rosidl_typesupport_fastrtps_c.h
[48.099s] -- Installing: /home/husarion/uros_ws/install/drive_base_msgs/include/drive_base_msgs/msg/detail/command_status__rosidl_typesupport_fastrtps_c.h
[48.100s] -- Installing: /home/husarion/uros_ws/install/drive_base_msgs/include/drive_base_msgs/msg/detail/base_info__rosidl_typesupport_fastrtps_c.h
[48.100s] -- Installing: /home/husarion/uros_ws/install/drive_base_msgs/include/drive_base_msgs/msg/detail/command_header__rosidl_typesupport_fastrtps_c.h
[48.101s] -- Installing: /home/husarion/uros_ws/install/drive_base_msgs/include/drive_base_msgs/msg/rosidl_typesupport_fastrtps_c__visibility_control.h
[48.102s] -- Installing: /home/husarion/uros_ws/install/drive_base_msgs/lib/libdrive_base_msgs__rosidl_typesupport_fastrtps_c.so
[48.102s] -- Set runtime path of "/home/husarion/uros_ws/install/drive_base_msgs/lib/libdrive_base_msgs__rosidl_typesupport_fastrtps_c.so" to ""
[48.103s] -- Up-to-date: /home/husarion/uros_ws/install/drive_base_msgs/include/drive_base_msgs
[48.103s] -- Up-to-date: /home/husarion/uros_ws/install/drive_base_msgs/include/drive_base_msgs/msg
[48.104s] -- Up-to-date: /home/husarion/uros_ws/install/drive_base_msgs/include/drive_base_msgs/msg/detail
[48.104s] -- Installing: /home/husarion/uros_ws/install/drive_base_msgs/include/drive_base_msgs/msg/detail/base_info__rosidl_typesupport_fastrtps_cpp.hpp
[48.105s] -- Installing: /home/husarion/uros_ws/install/drive_base_msgs/include/drive_base_msgs/msg/detail/command_header__rosidl_typesupport_fastrtps_cpp.hpp
[48.105s] -- Installing: /home/husarion/uros_ws/install/drive_base_msgs/include/drive_base_msgs/msg/detail/trv_command__rosidl_typesupport_fastrtps_cpp.hpp
[48.106s] -- Installing: /home/husarion/uros_ws/install/drive_base_msgs/include/drive_base_msgs/msg/detail/dds_fastrtps
[48.106s] -- Installing: /home/husarion/uros_ws/install/drive_base_msgs/include/drive_base_msgs/msg/detail/command_status__rosidl_typesupport_fastrtps_cpp.hpp
[48.107s] -- Installing: /home/husarion/uros_ws/install/drive_base_msgs/include/drive_base_msgs/msg/rosidl_typesupport_fastrtps_cpp__visibility_control.h
[48.107s] -- Installing: /home/husarion/uros_ws/install/drive_base_msgs/lib/libdrive_base_msgs__rosidl_typesupport_fastrtps_cpp.so
[48.108s] -- Set runtime path of "/home/husarion/uros_ws/install/drive_base_msgs/lib/libdrive_base_msgs__rosidl_typesupport_fastrtps_cpp.so" to ""
[48.109s] -- Up-to-date: /home/husarion/uros_ws/install/drive_base_msgs/include/drive_base_msgs
[48.109s] -- Up-to-date: /home/husarion/uros_ws/install/drive_base_msgs/include/drive_base_msgs/msg
[48.110s] -- Installing: /home/husarion/uros_ws/install/drive_base_msgs/include/drive_base_msgs/msg/rosidl_typesupport_introspection_c__visibility_control.h
[48.111s] -- Up-to-date: /home/husarion/uros_ws/install/drive_base_msgs/include/drive_base_msgs/msg/detail
[48.111s] -- Installing: /home/husarion/uros_ws/install/drive_base_msgs/include/drive_base_msgs/msg/detail/trv_command__rosidl_typesupport_introspection_c.h
[48.112s] -- Installing: /home/husarion/uros_ws/install/drive_base_msgs/include/drive_base_msgs/msg/detail/trv_command__type_support.c
[48.112s] -- Installing: /home/husarion/uros_ws/install/drive_base_msgs/include/drive_base_msgs/msg/detail/base_info__rosidl_typesupport_introspection_c.h
[48.113s] -- Installing: /home/husarion/uros_ws/install/drive_base_msgs/include/drive_base_msgs/msg/detail/command_status__rosidl_typesupport_introspection_c.h
[48.113s] -- Installing: /home/husarion/uros_ws/install/drive_base_msgs/include/drive_base_msgs/msg/detail/command_header__type_support.c
[48.114s] -- Installing: /home/husarion/uros_ws/install/drive_base_msgs/include/drive_base_msgs/msg/detail/base_info__type_support.c
[48.114s] -- Installing: /home/husarion/uros_ws/install/drive_base_msgs/include/drive_base_msgs/msg/detail/command_status__type_support.c
[48.115s] -- Installing: /home/husarion/uros_ws/install/drive_base_msgs/include/drive_base_msgs/msg/detail/command_header__rosidl_typesupport_introspection_c.h
[48.115s] -- Installing: /home/husarion/uros_ws/install/drive_base_msgs/lib/libdrive_base_msgs__rosidl_typesupport_introspection_c.so
[48.116s] -- Set runtime path of "/home/husarion/uros_ws/install/drive_base_msgs/lib/libdrive_base_msgs__rosidl_typesupport_introspection_c.so" to ""
[48.117s] -- Installing: /home/husarion/uros_ws/install/drive_base_msgs/lib/libdrive_base_msgs__rosidl_typesupport_c.so
[48.119s] -- Set runtime path of "/home/husarion/uros_ws/install/drive_base_msgs/lib/libdrive_base_msgs__rosidl_typesupport_c.so" to ""
[48.120s] -- Up-to-date: /home/husarion/uros_ws/install/drive_base_msgs/include/drive_base_msgs
[48.120s] -- Up-to-date: /home/husarion/uros_ws/install/drive_base_msgs/include/drive_base_msgs/msg
[48.121s] -- Installing: /home/husarion/uros_ws/install/drive_base_msgs/include/drive_base_msgs/msg/trv_command.hpp
[48.122s] -- Up-to-date: /home/husarion/uros_ws/install/drive_base_msgs/include/drive_base_msgs/msg/detail
[48.122s] -- Installing: /home/husarion/uros_ws/install/drive_base_msgs/include/drive_base_msgs/msg/detail/trv_command__struct.hpp
[48.123s] -- Installing: /home/husarion/uros_ws/install/drive_base_msgs/include/drive_base_msgs/msg/detail/base_info__traits.hpp
[48.123s] -- Installing: /home/husarion/uros_ws/install/drive_base_msgs/include/drive_base_msgs/msg/detail/command_status__traits.hpp
[48.124s] -- Installing: /home/husarion/uros_ws/install/drive_base_msgs/include/drive_base_msgs/msg/detail/trv_command__builder.hpp
[48.124s] -- Installing: /home/husarion/uros_ws/install/drive_base_msgs/include/drive_base_msgs/msg/detail/base_info__struct.hpp
[48.125s] -- Installing: /home/husarion/uros_ws/install/drive_base_msgs/include/drive_base_msgs/msg/detail/command_header__traits.hpp
[48.126s] -- Installing: /home/husarion/uros_ws/install/drive_base_msgs/include/drive_base_msgs/msg/detail/command_status__struct.hpp
[48.126s] -- Installing: /home/husarion/uros_ws/install/drive_base_msgs/include/drive_base_msgs/msg/detail/command_status__builder.hpp
[48.127s] -- Installing: /home/husarion/uros_ws/install/drive_base_msgs/include/drive_base_msgs/msg/detail/trv_command__traits.hpp
[48.127s] -- Installing: /home/husarion/uros_ws/install/drive_base_msgs/include/drive_base_msgs/msg/detail/base_info__builder.hpp
[48.128s] -- Installing: /home/husarion/uros_ws/install/drive_base_msgs/include/drive_base_msgs/msg/detail/command_header__builder.hpp
[48.129s] -- Installing: /home/husarion/uros_ws/install/drive_base_msgs/include/drive_base_msgs/msg/detail/command_header__struct.hpp
[48.129s] -- Installing: /home/husarion/uros_ws/install/drive_base_msgs/include/drive_base_msgs/msg/command_status.hpp
[48.130s] -- Installing: /home/husarion/uros_ws/install/drive_base_msgs/include/drive_base_msgs/msg/command_header.hpp
[48.130s] -- Installing: /home/husarion/uros_ws/install/drive_base_msgs/include/drive_base_msgs/msg/base_info.hpp
[48.131s] -- Up-to-date: /home/husarion/uros_ws/install/drive_base_msgs/include/drive_base_msgs
[48.132s] -- Up-to-date: /home/husarion/uros_ws/install/drive_base_msgs/include/drive_base_msgs/msg
[48.132s] -- Up-to-date: /home/husarion/uros_ws/install/drive_base_msgs/include/drive_base_msgs/msg/detail
[48.133s] -- Installing: /home/husarion/uros_ws/install/drive_base_msgs/include/drive_base_msgs/msg/detail/base_info__rosidl_typesupport_introspection_cpp.hpp
[48.133s] -- Installing: /home/husarion/uros_ws/install/drive_base_msgs/include/drive_base_msgs/msg/detail/trv_command__type_support.cpp
[48.134s] -- Installing: /home/husarion/uros_ws/install/drive_base_msgs/include/drive_base_msgs/msg/detail/base_info__type_support.cpp
[48.134s] -- Installing: /home/husarion/uros_ws/install/drive_base_msgs/include/drive_base_msgs/msg/detail/command_status__type_support.cpp
[48.135s] -- Installing: /home/husarion/uros_ws/install/drive_base_msgs/include/drive_base_msgs/msg/detail/trv_command__rosidl_typesupport_introspection_cpp.hpp
[48.135s] -- Installing: /home/husarion/uros_ws/install/drive_base_msgs/include/drive_base_msgs/msg/detail/command_status__rosidl_typesupport_introspection_cpp.hpp
[48.136s] -- Installing: /home/husarion/uros_ws/install/drive_base_msgs/include/drive_base_msgs/msg/detail/command_header__rosidl_typesupport_introspection_cpp.hpp
[48.136s] -- Installing: /home/husarion/uros_ws/install/drive_base_msgs/include/drive_base_msgs/msg/detail/command_header__type_support.cpp
[48.137s] -- Installing: /home/husarion/uros_ws/install/drive_base_msgs/lib/libdrive_base_msgs__rosidl_typesupport_introspection_cpp.so
[48.137s] -- Set runtime path of "/home/husarion/uros_ws/install/drive_base_msgs/lib/libdrive_base_msgs__rosidl_typesupport_introspection_cpp.so" to ""
[48.138s] -- Installing: /home/husarion/uros_ws/install/drive_base_msgs/lib/libdrive_base_msgs__rosidl_typesupport_cpp.so
[48.140s] -- Set runtime path of "/home/husarion/uros_ws/install/drive_base_msgs/lib/libdrive_base_msgs__rosidl_typesupport_cpp.so" to ""
[48.140s] -- Installing: /home/husarion/uros_ws/install/drive_base_msgs/share/drive_base_msgs/environment/pythonpath.sh
[48.141s] -- Installing: /home/husarion/uros_ws/install/drive_base_msgs/share/drive_base_msgs/environment/pythonpath.dsv
[48.142s] -- Installing: /home/husarion/uros_ws/install/drive_base_msgs/lib/python3.8/site-packages/drive_base_msgs/__init__.py
[48.344s] Compiling '/home/husarion/uros_ws/install/drive_base_msgs/lib/python3.8/site-packages/drive_base_msgs/__init__.py'...
[48.368s] -- Installing: /home/husarion/uros_ws/install/drive_base_msgs/lib/python3.8/site-packages/drive_base_msgs/msg
[48.370s] -- Installing: /home/husarion/uros_ws/install/drive_base_msgs/lib/python3.8/site-packages/drive_base_msgs/msg/_command_status.py
[48.373s] -- Installing: /home/husarion/uros_ws/install/drive_base_msgs/lib/python3.8/site-packages/drive_base_msgs/msg/_command_header.py
[48.375s] -- Installing: /home/husarion/uros_ws/install/drive_base_msgs/lib/python3.8/site-packages/drive_base_msgs/msg/_base_info.py
[48.376s] -- Installing: /home/husarion/uros_ws/install/drive_base_msgs/lib/python3.8/site-packages/drive_base_msgs/msg/_trv_command.py
[48.376s] -- Installing: /home/husarion/uros_ws/install/drive_base_msgs/lib/python3.8/site-packages/drive_base_msgs/msg/_base_info_s.c
[48.377s] -- Installing: /home/husarion/uros_ws/install/drive_base_msgs/lib/python3.8/site-packages/drive_base_msgs/msg/_trv_command_s.c
[48.377s] -- Installing: /home/husarion/uros_ws/install/drive_base_msgs/lib/python3.8/site-packages/drive_base_msgs/msg/__init__.py
[48.377s] -- Installing: /home/husarion/uros_ws/install/drive_base_msgs/lib/python3.8/site-packages/drive_base_msgs/msg/_command_status_s.c
[48.378s] -- Installing: /home/husarion/uros_ws/install/drive_base_msgs/lib/python3.8/site-packages/drive_base_msgs/msg/_command_header_s.c
[48.379s] -- Installing: /home/husarion/uros_ws/install/drive_base_msgs/lib/python3.8/site-packages/drive_base_msgs/drive_base_msgs_s__rosidl_typesupport_fastrtps_c.cpython-38-x86_64-linux-gnu.so
[48.379s] -- Set runtime path of "/home/husarion/uros_ws/install/drive_base_msgs/lib/python3.8/site-packages/drive_base_msgs/drive_base_msgs_s__rosidl_typesupport_fastrtps_c.cpython-38-x86_64-linux-gnu.so" to ""
[48.380s] -- Installing: /home/husarion/uros_ws/install/drive_base_msgs/lib/python3.8/site-packages/drive_base_msgs/drive_base_msgs_s__rosidl_typesupport_introspection_c.cpython-38-x86_64-linux-gnu.so
[48.382s] -- Set runtime path of "/home/husarion/uros_ws/install/drive_base_msgs/lib/python3.8/site-packages/drive_base_msgs/drive_base_msgs_s__rosidl_typesupport_introspection_c.cpython-38-x86_64-linux-gnu.so" to ""
[48.383s] -- Installing: /home/husarion/uros_ws/install/drive_base_msgs/lib/python3.8/site-packages/drive_base_msgs/drive_base_msgs_s__rosidl_typesupport_c.cpython-38-x86_64-linux-gnu.so
[48.385s] -- Set runtime path of "/home/husarion/uros_ws/install/drive_base_msgs/lib/python3.8/site-packages/drive_base_msgs/drive_base_msgs_s__rosidl_typesupport_c.cpython-38-x86_64-linux-gnu.so" to ""
[48.386s] -- Installing: /home/husarion/uros_ws/install/drive_base_msgs/lib/libdrive_base_msgs__python.so
[48.388s] -- Set runtime path of "/home/husarion/uros_ws/install/drive_base_msgs/lib/libdrive_base_msgs__python.so" to ""
[48.389s] -- Installing: /home/husarion/uros_ws/install/drive_base_msgs/share/drive_base_msgs/msg/CommandHeader.idl
[48.390s] -- Installing: /home/husarion/uros_ws/install/drive_base_msgs/share/drive_base_msgs/msg/BaseInfo.idl
[48.390s] -- Installing: /home/husarion/uros_ws/install/drive_base_msgs/share/drive_base_msgs/msg/CommandStatus.idl
[48.391s] -- Installing: /home/husarion/uros_ws/install/drive_base_msgs/share/drive_base_msgs/msg/TRVCommand.idl
[48.391s] -- Installing: /home/husarion/uros_ws/install/drive_base_msgs/share/drive_base_msgs/msg/CommandHeader.msg
[48.392s] -- Installing: /home/husarion/uros_ws/install/drive_base_msgs/share/drive_base_msgs/msg/BaseInfo.msg
[48.393s] -- Installing: /home/husarion/uros_ws/install/drive_base_msgs/share/drive_base_msgs/msg/CommandStatus.msg
[48.394s] -- Installing: /home/husarion/uros_ws/install/drive_base_msgs/share/drive_base_msgs/msg/TRVCommand.msg
[48.394s] -- Installing: /home/husarion/uros_ws/install/drive_base_msgs/share/ament_index/resource_index/package_run_dependencies/drive_base_msgs
[48.395s] -- Installing: /home/husarion/uros_ws/install/drive_base_msgs/share/ament_index/resource_index/parent_prefix_path/drive_base_msgs
[48.396s] -- Installing: /home/husarion/uros_ws/install/drive_base_msgs/share/drive_base_msgs/environment/ament_prefix_path.sh
[48.397s] -- Installing: /home/husarion/uros_ws/install/drive_base_msgs/share/drive_base_msgs/environment/ament_prefix_path.dsv
[48.397s] -- Installing: /home/husarion/uros_ws/install/drive_base_msgs/share/drive_base_msgs/environment/path.sh
[48.398s] -- Installing: /home/husarion/uros_ws/install/drive_base_msgs/share/drive_base_msgs/environment/path.dsv
[48.399s] -- Installing: /home/husarion/uros_ws/install/drive_base_msgs/share/drive_base_msgs/local_setup.bash
[48.400s] -- Installing: /home/husarion/uros_ws/install/drive_base_msgs/share/drive_base_msgs/local_setup.sh
[48.400s] -- Installing: /home/husarion/uros_ws/install/drive_base_msgs/share/drive_base_msgs/local_setup.zsh
[48.401s] -- Installing: /home/husarion/uros_ws/install/drive_base_msgs/share/drive_base_msgs/local_setup.dsv
[48.402s] -- Installing: /home/husarion/uros_ws/install/drive_base_msgs/share/drive_base_msgs/package.dsv
[48.403s] -- Installing: /home/husarion/uros_ws/install/drive_base_msgs/share/ament_index/resource_index/packages/drive_base_msgs
[48.404s] -- Installing: /home/husarion/uros_ws/install/drive_base_msgs/share/drive_base_msgs/cmake/drive_base_msgs__rosidl_generator_cExport.cmake
[48.404s] -- Installing: /home/husarion/uros_ws/install/drive_base_msgs/share/drive_base_msgs/cmake/drive_base_msgs__rosidl_generator_cExport-noconfig.cmake
[48.405s] -- Installing: /home/husarion/uros_ws/install/drive_base_msgs/share/drive_base_msgs/cmake/drive_base_msgs__rosidl_typesupport_introspection_cExport.cmake
[48.406s] -- Installing: /home/husarion/uros_ws/install/drive_base_msgs/share/drive_base_msgs/cmake/drive_base_msgs__rosidl_typesupport_introspection_cExport-noconfig.cmake
[48.407s] -- Installing: /home/husarion/uros_ws/install/drive_base_msgs/share/drive_base_msgs/cmake/drive_base_msgs__rosidl_typesupport_cExport.cmake
[48.408s] -- Installing: /home/husarion/uros_ws/install/drive_base_msgs/share/drive_base_msgs/cmake/drive_base_msgs__rosidl_typesupport_cExport-noconfig.cmake
[48.409s] -- Installing: /home/husarion/uros_ws/install/drive_base_msgs/share/drive_base_msgs/cmake/drive_base_msgs__rosidl_generator_cppExport.cmake
[48.410s] -- Installing: /home/husarion/uros_ws/install/drive_base_msgs/share/drive_base_msgs/cmake/drive_base_msgs__rosidl_typesupport_introspection_cppExport.cmake
[48.411s] -- Installing: /home/husarion/uros_ws/install/drive_base_msgs/share/drive_base_msgs/cmake/drive_base_msgs__rosidl_typesupport_introspection_cppExport-noconfig.cmake
[48.412s] -- Installing: /home/husarion/uros_ws/install/drive_base_msgs/share/drive_base_msgs/cmake/drive_base_msgs__rosidl_typesupport_cppExport.cmake
[48.412s] -- Installing: /home/husarion/uros_ws/install/drive_base_msgs/share/drive_base_msgs/cmake/drive_base_msgs__rosidl_typesupport_cppExport-noconfig.cmake
[48.413s] -- Installing: /home/husarion/uros_ws/install/drive_base_msgs/share/drive_base_msgs/cmake/rosidl_cmake-extras.cmake
[48.414s] -- Installing: /home/husarion/uros_ws/install/drive_base_msgs/share/drive_base_msgs/cmake/ament_cmake_export_dependencies-extras.cmake
[48.415s] -- Installing: /home/husarion/uros_ws/install/drive_base_msgs/share/drive_base_msgs/cmake/ament_cmake_export_libraries-extras.cmake
[48.415s] -- Installing: /home/husarion/uros_ws/install/drive_base_msgs/share/drive_base_msgs/cmake/ament_cmake_export_targets-extras.cmake
[48.416s] -- Installing: /home/husarion/uros_ws/install/drive_base_msgs/share/drive_base_msgs/cmake/ament_cmake_export_include_directories-extras.cmake
[48.417s] -- Installing: /home/husarion/uros_ws/install/drive_base_msgs/share/drive_base_msgs/cmake/rosidl_cmake_export_typesupport_libraries-extras.cmake
[48.417s] -- Installing: /home/husarion/uros_ws/install/drive_base_msgs/share/drive_base_msgs/cmake/rosidl_cmake_export_typesupport_targets-extras.cmake
[48.418s] -- Installing: /home/husarion/uros_ws/install/drive_base_msgs/share/drive_base_msgs/cmake/drive_base_msgsConfig.cmake
[48.419s] -- Installing: /home/husarion/uros_ws/install/drive_base_msgs/share/drive_base_msgs/cmake/drive_base_msgsConfig-version.cmake
[48.419s] -- Installing: /home/husarion/uros_ws/install/drive_base_msgs/share/drive_base_msgs/package.xml
[48.439s] Invoked command in '/home/husarion/uros_ws/build/drive_base_msgs' returned '0': CMAKE_PREFIX_PATH=${CMAKE_PREFIX_PATH}:/home/husarion/ROS2swarm/install/thymio_driver:/home/husarion/ROS2swarm/install/ros2swarm:/home/husarion/ROS2swarm/install/launch_gazebo:/opt/ros/foxy /usr/bin/cmake --install /home/husarion/uros_ws/build/drive_base_msgs
