[0.274s] Invoking command in '/home/husarion/uros_ws/build/micro_ros_msgs': CMAKE_PREFIX_PATH=${CMAKE_PREFIX_PATH}:/home/husarion/ROS2swarm/install/thymio_driver:/home/husarion/ROS2swarm/install/ros2swarm:/home/husarion/ROS2swarm/install/launch_gazebo:/opt/ros/foxy /usr/bin/cmake /home/husarion/uros_ws/src/uros/micro_ros_msgs -DCMAKE_INSTALL_PREFIX=/home/husarion/uros_ws/install/micro_ros_msgs
[0.484s] -- Found ament_cmake: 0.9.9 (/opt/ros/foxy/share/ament_cmake/cmake)
[0.701s] -- Found PythonInterp: /usr/bin/python3 (found suitable version "3.8.10", minimum required is "3") 
[0.702s] -- Using PYTHON_EXECUTABLE: /usr/bin/python3
[2.228s] -- Found rosidl_default_generators: 1.0.1 (/opt/ros/foxy/share/rosidl_default_generators/cmake)
[2.259s] -- Using all available rosidl_typesupport_c: rosidl_typesupport_fastrtps_c;rosidl_typesupport_introspection_c
[2.289s] -- Found rosidl_adapter: 1.2.1 (/opt/ros/foxy/share/rosidl_adapter/cmake)
[3.150s] -- Using all available rosidl_typesupport_cpp: rosidl_typesupport_fastrtps_cpp;rosidl_typesupport_introspection_cpp
[3.333s] -- Found ament_lint_auto: 0.9.6 (/opt/ros/foxy/share/ament_lint_auto/cmake)
[3.943s] -- Found PythonInterp: /usr/bin/python3 (found version "3.8.10") 
[4.456s] -- Found ament_cmake_ros: 0.9.2 (/opt/ros/foxy/share/ament_cmake_ros/cmake)
[5.014s] -- Using all available rosidl_typesupport_c: rosidl_typesupport_fastrtps_c;rosidl_typesupport_introspection_c
[5.068s] -- Using all available rosidl_typesupport_cpp: rosidl_typesupport_fastrtps_cpp;rosidl_typesupport_introspection_cpp
[5.246s] -- Found PythonInterp: /usr/bin/python3 (found suitable version "3.8.10", minimum required is "3.5") 
[5.273s] -- Found python_cmake_module: 0.8.1 (/opt/ros/foxy/share/python_cmake_module/cmake)
[5.481s] -- Using PYTHON_EXECUTABLE: /usr/bin/python3
[5.481s] -- Using PYTHON_INCLUDE_DIRS: /usr/include/python3.8
[5.482s] -- Using PYTHON_LIBRARIES: /usr/lib/x86_64-linux-gnu/libpython3.8.so
[5.636s] -- Added test 'copyright' to check source files copyright and LICENSE
[5.751s] -- Added test 'lint_cmake' to check CMake code style
[5.812s] -- Added test 'xmllint' to check XML markup files
[5.857s] -- Configuring done
[6.130s] -- Generating done
[6.149s] -- Build files have been written to: /home/husarion/uros_ws/build/micro_ros_msgs
[6.185s] Invoked command in '/home/husarion/uros_ws/build/micro_ros_msgs' returned '0': CMAKE_PREFIX_PATH=${CMAKE_PREFIX_PATH}:/home/husarion/ROS2swarm/install/thymio_driver:/home/husarion/ROS2swarm/install/ros2swarm:/home/husarion/ROS2swarm/install/launch_gazebo:/opt/ros/foxy /usr/bin/cmake /home/husarion/uros_ws/src/uros/micro_ros_msgs -DCMAKE_INSTALL_PREFIX=/home/husarion/uros_ws/install/micro_ros_msgs
[6.196s] Invoking command in '/home/husarion/uros_ws/build/micro_ros_msgs': CMAKE_PREFIX_PATH=${CMAKE_PREFIX_PATH}:/home/husarion/ROS2swarm/install/thymio_driver:/home/husarion/ROS2swarm/install/ros2swarm:/home/husarion/ROS2swarm/install/launch_gazebo:/opt/ros/foxy /usr/bin/cmake --build /home/husarion/uros_ws/build/micro_ros_msgs -- -j4 -l4
[6.503s] [  2%] Built target micro_ros_msgs__cpp
[6.526s] [ 12%] Built target micro_ros_msgs__rosidl_generator_c
[6.637s] [ 23%] Built target micro_ros_msgs__rosidl_typesupport_cpp
[6.651s] [ 34%] Built target micro_ros_msgs__rosidl_typesupport_introspection_cpp
[6.676s] [ 44%] Built target micro_ros_msgs__rosidl_typesupport_fastrtps_cpp
[6.701s] [ 55%] Built target micro_ros_msgs__rosidl_typesupport_c
[6.768s] [ 65%] Built target micro_ros_msgs__rosidl_typesupport_introspection_c
[6.808s] [ 76%] Built target micro_ros_msgs__rosidl_typesupport_fastrtps_c
[6.940s] [ 76%] Built target micro_ros_msgs
[7.077s] [ 78%] Built target micro_ros_msgs__py
[7.249s] [ 87%] Built target micro_ros_msgs__python
[7.411s] [ 95%] Built target micro_ros_msgs__rosidl_typesupport_introspection_c__pyext
[7.412s] [100%] Built target micro_ros_msgs__rosidl_typesupport_c__pyext
[7.412s] [100%] Built target micro_ros_msgs__rosidl_typesupport_fastrtps_c__pyext
[7.467s] Invoked command in '/home/husarion/uros_ws/build/micro_ros_msgs' returned '0': CMAKE_PREFIX_PATH=${CMAKE_PREFIX_PATH}:/home/husarion/ROS2swarm/install/thymio_driver:/home/husarion/ROS2swarm/install/ros2swarm:/home/husarion/ROS2swarm/install/launch_gazebo:/opt/ros/foxy /usr/bin/cmake --build /home/husarion/uros_ws/build/micro_ros_msgs -- -j4 -l4
[7.873s] Invoking command in '/home/husarion/uros_ws/build/micro_ros_msgs': CMAKE_PREFIX_PATH=${CMAKE_PREFIX_PATH}:/home/husarion/ROS2swarm/install/thymio_driver:/home/husarion/ROS2swarm/install/ros2swarm:/home/husarion/ROS2swarm/install/launch_gazebo:/opt/ros/foxy /usr/bin/cmake --install /home/husarion/uros_ws/build/micro_ros_msgs
[7.918s] -- Install configuration: ""
[7.920s] -- Up-to-date: /home/husarion/uros_ws/install/micro_ros_msgs/share/ament_index/resource_index/rosidl_interfaces/micro_ros_msgs
[7.921s] -- Up-to-date: /home/husarion/uros_ws/install/micro_ros_msgs/include/micro_ros_msgs
[7.921s] -- Up-to-date: /home/husarion/uros_ws/install/micro_ros_msgs/include/micro_ros_msgs/msg
[7.922s] -- Up-to-date: /home/husarion/uros_ws/install/micro_ros_msgs/include/micro_ros_msgs/msg/detail
[7.923s] -- Up-to-date: /home/husarion/uros_ws/install/micro_ros_msgs/include/micro_ros_msgs/msg/detail/node__functions.c
[7.923s] -- Up-to-date: /home/husarion/uros_ws/install/micro_ros_msgs/include/micro_ros_msgs/msg/detail/node__functions.h
[7.924s] -- Up-to-date: /home/husarion/uros_ws/install/micro_ros_msgs/include/micro_ros_msgs/msg/detail/graph__struct.h
[7.924s] -- Up-to-date: /home/husarion/uros_ws/install/micro_ros_msgs/include/micro_ros_msgs/msg/detail/node__type_support.h
[7.925s] -- Up-to-date: /home/husarion/uros_ws/install/micro_ros_msgs/include/micro_ros_msgs/msg/detail/node__struct.h
[7.925s] -- Up-to-date: /home/husarion/uros_ws/install/micro_ros_msgs/include/micro_ros_msgs/msg/detail/graph__type_support.h
[7.926s] -- Up-to-date: /home/husarion/uros_ws/install/micro_ros_msgs/include/micro_ros_msgs/msg/detail/entity__functions.c
[7.926s] -- Up-to-date: /home/husarion/uros_ws/install/micro_ros_msgs/include/micro_ros_msgs/msg/detail/graph__functions.h
[7.926s] -- Up-to-date: /home/husarion/uros_ws/install/micro_ros_msgs/include/micro_ros_msgs/msg/detail/entity__struct.h
[7.927s] -- Up-to-date: /home/husarion/uros_ws/install/micro_ros_msgs/include/micro_ros_msgs/msg/detail/graph__functions.c
[7.927s] -- Up-to-date: /home/husarion/uros_ws/install/micro_ros_msgs/include/micro_ros_msgs/msg/detail/entity__functions.h
[7.928s] -- Up-to-date: /home/husarion/uros_ws/install/micro_ros_msgs/include/micro_ros_msgs/msg/detail/entity__type_support.h
[7.928s] -- Up-to-date: /home/husarion/uros_ws/install/micro_ros_msgs/include/micro_ros_msgs/msg/entity.h
[7.929s] -- Up-to-date: /home/husarion/uros_ws/install/micro_ros_msgs/include/micro_ros_msgs/msg/rosidl_generator_c__visibility_control.h
[7.929s] -- Up-to-date: /home/husarion/uros_ws/install/micro_ros_msgs/include/micro_ros_msgs/msg/node.h
[7.930s] -- Up-to-date: /home/husarion/uros_ws/install/micro_ros_msgs/include/micro_ros_msgs/msg/graph.h
[7.930s] -- Up-to-date: /home/husarion/uros_ws/install/micro_ros_msgs/share/micro_ros_msgs/environment/library_path.sh
[7.931s] -- Installing: /home/husarion/uros_ws/install/micro_ros_msgs/share/micro_ros_msgs/environment/library_path.dsv
[7.954s] -- Up-to-date: /home/husarion/uros_ws/install/micro_ros_msgs/lib/libmicro_ros_msgs__rosidl_generator_c.so
[7.957s] -- Up-to-date: /home/husarion/uros_ws/install/micro_ros_msgs/include/micro_ros_msgs
[7.957s] -- Up-to-date: /home/husarion/uros_ws/install/micro_ros_msgs/include/micro_ros_msgs/msg
[7.958s] -- Up-to-date: /home/husarion/uros_ws/install/micro_ros_msgs/include/micro_ros_msgs/msg/detail
[7.958s] -- Up-to-date: /home/husarion/uros_ws/install/micro_ros_msgs/include/micro_ros_msgs/msg/detail/entity__rosidl_typesupport_fastrtps_c.h
[7.959s] -- Up-to-date: /home/husarion/uros_ws/install/micro_ros_msgs/include/micro_ros_msgs/msg/detail/graph__rosidl_typesupport_fastrtps_c.h
[7.959s] -- Up-to-date: /home/husarion/uros_ws/install/micro_ros_msgs/include/micro_ros_msgs/msg/detail/node__rosidl_typesupport_fastrtps_c.h
[7.960s] -- Up-to-date: /home/husarion/uros_ws/install/micro_ros_msgs/include/micro_ros_msgs/msg/rosidl_typesupport_fastrtps_c__visibility_control.h
[7.961s] -- Up-to-date: /home/husarion/uros_ws/install/micro_ros_msgs/lib/libmicro_ros_msgs__rosidl_typesupport_fastrtps_c.so
[7.963s] -- Up-to-date: /home/husarion/uros_ws/install/micro_ros_msgs/include/micro_ros_msgs
[7.964s] -- Up-to-date: /home/husarion/uros_ws/install/micro_ros_msgs/include/micro_ros_msgs/msg
[7.964s] -- Up-to-date: /home/husarion/uros_ws/install/micro_ros_msgs/include/micro_ros_msgs/msg/detail
[7.965s] -- Up-to-date: /home/husarion/uros_ws/install/micro_ros_msgs/include/micro_ros_msgs/msg/detail/entity__rosidl_typesupport_fastrtps_cpp.hpp
[7.965s] -- Up-to-date: /home/husarion/uros_ws/install/micro_ros_msgs/include/micro_ros_msgs/msg/detail/graph__rosidl_typesupport_fastrtps_cpp.hpp
[7.966s] -- Up-to-date: /home/husarion/uros_ws/install/micro_ros_msgs/include/micro_ros_msgs/msg/detail/dds_fastrtps
[7.966s] -- Up-to-date: /home/husarion/uros_ws/install/micro_ros_msgs/include/micro_ros_msgs/msg/detail/node__rosidl_typesupport_fastrtps_cpp.hpp
[7.967s] -- Up-to-date: /home/husarion/uros_ws/install/micro_ros_msgs/include/micro_ros_msgs/msg/rosidl_typesupport_fastrtps_cpp__visibility_control.h
[7.967s] -- Up-to-date: /home/husarion/uros_ws/install/micro_ros_msgs/lib/libmicro_ros_msgs__rosidl_typesupport_fastrtps_cpp.so
[7.969s] -- Up-to-date: /home/husarion/uros_ws/install/micro_ros_msgs/include/micro_ros_msgs
[7.970s] -- Up-to-date: /home/husarion/uros_ws/install/micro_ros_msgs/include/micro_ros_msgs/msg
[7.970s] -- Up-to-date: /home/husarion/uros_ws/install/micro_ros_msgs/include/micro_ros_msgs/msg/rosidl_typesupport_introspection_c__visibility_control.h
[7.971s] -- Up-to-date: /home/husarion/uros_ws/install/micro_ros_msgs/include/micro_ros_msgs/msg/detail
[7.971s] -- Up-to-date: /home/husarion/uros_ws/install/micro_ros_msgs/include/micro_ros_msgs/msg/detail/entity__type_support.c
[7.972s] -- Up-to-date: /home/husarion/uros_ws/install/micro_ros_msgs/include/micro_ros_msgs/msg/detail/graph__type_support.c
[7.972s] -- Up-to-date: /home/husarion/uros_ws/install/micro_ros_msgs/include/micro_ros_msgs/msg/detail/node__type_support.c
[7.972s] -- Up-to-date: /home/husarion/uros_ws/install/micro_ros_msgs/include/micro_ros_msgs/msg/detail/node__rosidl_typesupport_introspection_c.h
[7.973s] -- Up-to-date: /home/husarion/uros_ws/install/micro_ros_msgs/include/micro_ros_msgs/msg/detail/graph__rosidl_typesupport_introspection_c.h
[7.974s] -- Up-to-date: /home/husarion/uros_ws/install/micro_ros_msgs/include/micro_ros_msgs/msg/detail/entity__rosidl_typesupport_introspection_c.h
[7.974s] -- Up-to-date: /home/husarion/uros_ws/install/micro_ros_msgs/lib/libmicro_ros_msgs__rosidl_typesupport_introspection_c.so
[7.977s] -- Up-to-date: /home/husarion/uros_ws/install/micro_ros_msgs/lib/libmicro_ros_msgs__rosidl_typesupport_c.so
[7.978s] -- Up-to-date: /home/husarion/uros_ws/install/micro_ros_msgs/include/micro_ros_msgs
[7.980s] -- Up-to-date: /home/husarion/uros_ws/install/micro_ros_msgs/include/micro_ros_msgs/msg
[7.982s] -- Up-to-date: /home/husarion/uros_ws/install/micro_ros_msgs/include/micro_ros_msgs/msg/detail
[7.983s] -- Up-to-date: /home/husarion/uros_ws/install/micro_ros_msgs/include/micro_ros_msgs/msg/detail/node__builder.hpp
[7.984s] -- Up-to-date: /home/husarion/uros_ws/install/micro_ros_msgs/include/micro_ros_msgs/msg/detail/graph__traits.hpp
[7.984s] -- Up-to-date: /home/husarion/uros_ws/install/micro_ros_msgs/include/micro_ros_msgs/msg/detail/graph__struct.hpp
[7.984s] -- Up-to-date: /home/husarion/uros_ws/install/micro_ros_msgs/include/micro_ros_msgs/msg/detail/entity__traits.hpp
[7.985s] -- Up-to-date: /home/husarion/uros_ws/install/micro_ros_msgs/include/micro_ros_msgs/msg/detail/entity__struct.hpp
[7.985s] -- Up-to-date: /home/husarion/uros_ws/install/micro_ros_msgs/include/micro_ros_msgs/msg/detail/node__struct.hpp
[7.986s] -- Up-to-date: /home/husarion/uros_ws/install/micro_ros_msgs/include/micro_ros_msgs/msg/detail/entity__builder.hpp
[7.986s] -- Up-to-date: /home/husarion/uros_ws/install/micro_ros_msgs/include/micro_ros_msgs/msg/detail/graph__builder.hpp
[7.987s] -- Up-to-date: /home/husarion/uros_ws/install/micro_ros_msgs/include/micro_ros_msgs/msg/detail/node__traits.hpp
[7.987s] -- Up-to-date: /home/husarion/uros_ws/install/micro_ros_msgs/include/micro_ros_msgs/msg/node.hpp
[7.988s] -- Up-to-date: /home/husarion/uros_ws/install/micro_ros_msgs/include/micro_ros_msgs/msg/entity.hpp
[7.988s] -- Up-to-date: /home/husarion/uros_ws/install/micro_ros_msgs/include/micro_ros_msgs/msg/graph.hpp
[7.989s] -- Up-to-date: /home/husarion/uros_ws/install/micro_ros_msgs/include/micro_ros_msgs
[7.989s] -- Up-to-date: /home/husarion/uros_ws/install/micro_ros_msgs/include/micro_ros_msgs/msg
[7.990s] -- Up-to-date: /home/husarion/uros_ws/install/micro_ros_msgs/include/micro_ros_msgs/msg/detail
[7.990s] -- Up-to-date: /home/husarion/uros_ws/install/micro_ros_msgs/include/micro_ros_msgs/msg/detail/node__rosidl_typesupport_introspection_cpp.hpp
[7.991s] -- Up-to-date: /home/husarion/uros_ws/install/micro_ros_msgs/include/micro_ros_msgs/msg/detail/graph__type_support.cpp
[7.992s] -- Up-to-date: /home/husarion/uros_ws/install/micro_ros_msgs/include/micro_ros_msgs/msg/detail/entity__rosidl_typesupport_introspection_cpp.hpp
[7.992s] -- Up-to-date: /home/husarion/uros_ws/install/micro_ros_msgs/include/micro_ros_msgs/msg/detail/graph__rosidl_typesupport_introspection_cpp.hpp
[7.993s] -- Up-to-date: /home/husarion/uros_ws/install/micro_ros_msgs/include/micro_ros_msgs/msg/detail/node__type_support.cpp
[7.994s] -- Up-to-date: /home/husarion/uros_ws/install/micro_ros_msgs/include/micro_ros_msgs/msg/detail/entity__type_support.cpp
[7.994s] -- Up-to-date: /home/husarion/uros_ws/install/micro_ros_msgs/lib/libmicro_ros_msgs__rosidl_typesupport_introspection_cpp.so
[7.995s] -- Up-to-date: /home/husarion/uros_ws/install/micro_ros_msgs/lib/libmicro_ros_msgs__rosidl_typesupport_cpp.so
[7.996s] -- Up-to-date: /home/husarion/uros_ws/install/micro_ros_msgs/share/micro_ros_msgs/environment/pythonpath.sh
[7.997s] -- Installing: /home/husarion/uros_ws/install/micro_ros_msgs/share/micro_ros_msgs/environment/pythonpath.dsv
[7.998s] -- Installing: /home/husarion/uros_ws/install/micro_ros_msgs/lib/python3.8/site-packages/micro_ros_msgs/__init__.py
[8.231s] Compiling '/home/husarion/uros_ws/install/micro_ros_msgs/lib/python3.8/site-packages/micro_ros_msgs/__init__.py'...
[8.254s] -- Up-to-date: /home/husarion/uros_ws/install/micro_ros_msgs/lib/python3.8/site-packages/micro_ros_msgs/msg
[8.254s] -- Up-to-date: /home/husarion/uros_ws/install/micro_ros_msgs/lib/python3.8/site-packages/micro_ros_msgs/msg/_graph.py
[8.255s] -- Up-to-date: /home/husarion/uros_ws/install/micro_ros_msgs/lib/python3.8/site-packages/micro_ros_msgs/msg/_entity_s.c
[8.255s] -- Up-to-date: /home/husarion/uros_ws/install/micro_ros_msgs/lib/python3.8/site-packages/micro_ros_msgs/msg/__init__.py
[8.256s] -- Up-to-date: /home/husarion/uros_ws/install/micro_ros_msgs/lib/python3.8/site-packages/micro_ros_msgs/msg/_node.py
[8.257s] -- Up-to-date: /home/husarion/uros_ws/install/micro_ros_msgs/lib/python3.8/site-packages/micro_ros_msgs/msg/_graph_s.c
[8.257s] -- Up-to-date: /home/husarion/uros_ws/install/micro_ros_msgs/lib/python3.8/site-packages/micro_ros_msgs/msg/_entity.py
[8.258s] -- Up-to-date: /home/husarion/uros_ws/install/micro_ros_msgs/lib/python3.8/site-packages/micro_ros_msgs/msg/_node_s.c
[8.259s] -- Up-to-date: /home/husarion/uros_ws/install/micro_ros_msgs/lib/python3.8/site-packages/micro_ros_msgs/micro_ros_msgs_s__rosidl_typesupport_fastrtps_c.cpython-38-x86_64-linux-gnu.so
[8.265s] -- Up-to-date: /home/husarion/uros_ws/install/micro_ros_msgs/lib/python3.8/site-packages/micro_ros_msgs/micro_ros_msgs_s__rosidl_typesupport_introspection_c.cpython-38-x86_64-linux-gnu.so
[8.269s] -- Up-to-date: /home/husarion/uros_ws/install/micro_ros_msgs/lib/python3.8/site-packages/micro_ros_msgs/micro_ros_msgs_s__rosidl_typesupport_c.cpython-38-x86_64-linux-gnu.so
[8.273s] -- Up-to-date: /home/husarion/uros_ws/install/micro_ros_msgs/lib/libmicro_ros_msgs__python.so
[8.275s] -- Up-to-date: /home/husarion/uros_ws/install/micro_ros_msgs/share/micro_ros_msgs/msg/Graph.idl
[8.276s] -- Up-to-date: /home/husarion/uros_ws/install/micro_ros_msgs/share/micro_ros_msgs/msg/Node.idl
[8.277s] -- Up-to-date: /home/husarion/uros_ws/install/micro_ros_msgs/share/micro_ros_msgs/msg/Entity.idl
[8.277s] -- Up-to-date: /home/husarion/uros_ws/install/micro_ros_msgs/share/micro_ros_msgs/msg/Graph.msg
[8.278s] -- Up-to-date: /home/husarion/uros_ws/install/micro_ros_msgs/share/micro_ros_msgs/msg/Node.msg
[8.279s] -- Up-to-date: /home/husarion/uros_ws/install/micro_ros_msgs/share/micro_ros_msgs/msg/Entity.msg
[8.279s] -- Up-to-date: /home/husarion/uros_ws/install/micro_ros_msgs/share/ament_index/resource_index/package_run_dependencies/micro_ros_msgs
[8.280s] -- Installing: /home/husarion/uros_ws/install/micro_ros_msgs/share/ament_index/resource_index/parent_prefix_path/micro_ros_msgs
[8.281s] -- Up-to-date: /home/husarion/uros_ws/install/micro_ros_msgs/share/micro_ros_msgs/environment/ament_prefix_path.sh
[8.281s] -- Installing: /home/husarion/uros_ws/install/micro_ros_msgs/share/micro_ros_msgs/environment/ament_prefix_path.dsv
[8.282s] -- Up-to-date: /home/husarion/uros_ws/install/micro_ros_msgs/share/micro_ros_msgs/environment/path.sh
[8.284s] -- Installing: /home/husarion/uros_ws/install/micro_ros_msgs/share/micro_ros_msgs/environment/path.dsv
[8.285s] -- Up-to-date: /home/husarion/uros_ws/install/micro_ros_msgs/share/micro_ros_msgs/local_setup.bash
[8.285s] -- Up-to-date: /home/husarion/uros_ws/install/micro_ros_msgs/share/micro_ros_msgs/local_setup.sh
[8.286s] -- Up-to-date: /home/husarion/uros_ws/install/micro_ros_msgs/share/micro_ros_msgs/local_setup.zsh
[8.287s] -- Installing: /home/husarion/uros_ws/install/micro_ros_msgs/share/micro_ros_msgs/local_setup.dsv
[8.287s] -- Installing: /home/husarion/uros_ws/install/micro_ros_msgs/share/micro_ros_msgs/package.dsv
[8.288s] -- Up-to-date: /home/husarion/uros_ws/install/micro_ros_msgs/share/ament_index/resource_index/packages/micro_ros_msgs
[8.288s] -- Up-to-date: /home/husarion/uros_ws/install/micro_ros_msgs/share/micro_ros_msgs/cmake/micro_ros_msgs__rosidl_generator_cExport.cmake
[8.289s] -- Installing: /home/husarion/uros_ws/install/micro_ros_msgs/share/micro_ros_msgs/cmake/micro_ros_msgs__rosidl_generator_cExport-noconfig.cmake
[8.289s] -- Up-to-date: /home/husarion/uros_ws/install/micro_ros_msgs/share/micro_ros_msgs/cmake/micro_ros_msgs__rosidl_typesupport_introspection_cExport.cmake
[8.290s] -- Installing: /home/husarion/uros_ws/install/micro_ros_msgs/share/micro_ros_msgs/cmake/micro_ros_msgs__rosidl_typesupport_introspection_cExport-noconfig.cmake
[8.292s] -- Up-to-date: /home/husarion/uros_ws/install/micro_ros_msgs/share/micro_ros_msgs/cmake/micro_ros_msgs__rosidl_typesupport_cExport.cmake
[8.292s] -- Installing: /home/husarion/uros_ws/install/micro_ros_msgs/share/micro_ros_msgs/cmake/micro_ros_msgs__rosidl_typesupport_cExport-noconfig.cmake
[8.294s] -- Up-to-date: /home/husarion/uros_ws/install/micro_ros_msgs/share/micro_ros_msgs/cmake/micro_ros_msgs__rosidl_generator_cppExport.cmake
[8.295s] -- Up-to-date: /home/husarion/uros_ws/install/micro_ros_msgs/share/micro_ros_msgs/cmake/micro_ros_msgs__rosidl_typesupport_introspection_cppExport.cmake
[8.296s] -- Installing: /home/husarion/uros_ws/install/micro_ros_msgs/share/micro_ros_msgs/cmake/micro_ros_msgs__rosidl_typesupport_introspection_cppExport-noconfig.cmake
[8.298s] -- Up-to-date: /home/husarion/uros_ws/install/micro_ros_msgs/share/micro_ros_msgs/cmake/micro_ros_msgs__rosidl_typesupport_cppExport.cmake
[8.298s] -- Installing: /home/husarion/uros_ws/install/micro_ros_msgs/share/micro_ros_msgs/cmake/micro_ros_msgs__rosidl_typesupport_cppExport-noconfig.cmake
[8.299s] -- Up-to-date: /home/husarion/uros_ws/install/micro_ros_msgs/share/micro_ros_msgs/cmake/rosidl_cmake-extras.cmake
[8.300s] -- Up-to-date: /home/husarion/uros_ws/install/micro_ros_msgs/share/micro_ros_msgs/cmake/ament_cmake_export_dependencies-extras.cmake
[8.301s] -- Up-to-date: /home/husarion/uros_ws/install/micro_ros_msgs/share/micro_ros_msgs/cmake/ament_cmake_export_libraries-extras.cmake
[8.302s] -- Up-to-date: /home/husarion/uros_ws/install/micro_ros_msgs/share/micro_ros_msgs/cmake/ament_cmake_export_targets-extras.cmake
[8.303s] -- Up-to-date: /home/husarion/uros_ws/install/micro_ros_msgs/share/micro_ros_msgs/cmake/ament_cmake_export_include_directories-extras.cmake
[8.303s] -- Up-to-date: /home/husarion/uros_ws/install/micro_ros_msgs/share/micro_ros_msgs/cmake/rosidl_cmake_export_typesupport_libraries-extras.cmake
[8.304s] -- Up-to-date: /home/husarion/uros_ws/install/micro_ros_msgs/share/micro_ros_msgs/cmake/rosidl_cmake_export_typesupport_targets-extras.cmake
[8.304s] -- Up-to-date: /home/husarion/uros_ws/install/micro_ros_msgs/share/micro_ros_msgs/cmake/micro_ros_msgsConfig.cmake
[8.305s] -- Up-to-date: /home/husarion/uros_ws/install/micro_ros_msgs/share/micro_ros_msgs/cmake/micro_ros_msgsConfig-version.cmake
[8.305s] -- Up-to-date: /home/husarion/uros_ws/install/micro_ros_msgs/share/micro_ros_msgs/package.xml
[8.322s] Invoked command in '/home/husarion/uros_ws/build/micro_ros_msgs' returned '0': CMAKE_PREFIX_PATH=${CMAKE_PREFIX_PATH}:/home/husarion/ROS2swarm/install/thymio_driver:/home/husarion/ROS2swarm/install/ros2swarm:/home/husarion/ROS2swarm/install/launch_gazebo:/opt/ros/foxy /usr/bin/cmake --install /home/husarion/uros_ws/build/micro_ros_msgs
