[0.019s] Invoking command in '/ros2_ws/build/rosbot': AMENT_PREFIX_PATH=/ros2_ws/install/rosbot_bringup:/ros2_ws/install/rosbot_controller:/ros2_ws/install/rosbot_description:/ros2_ws/install/rosbot_hardware_interfaces:/ros2_ws/install/ros_components_description:${AMENT_PREFIX_PATH} CMAKE_PREFIX_PATH=/ros2_ws/install/rosbot_bringup:/ros2_ws/install/rosbot_controller:/ros2_ws/install/rosbot_description:/ros2_ws/install/rosbot_hardware_interfaces:/ros2_ws/install/ros_components_description:/opt/ros/humble LD_LIBRARY_PATH=/ros2_ws/install/rosbot_hardware_interfaces/lib:${LD_LIBRARY_PATH} /usr/bin/cmake /ros2_ws/src/rosbot -DCMAKE_INSTALL_PREFIX=/ros2_ws/install/rosbot
[0.093s] -- The C compiler identification is GNU 11.3.0
[0.171s] -- The CXX compiler identification is GNU 11.3.0
[0.181s] -- Detecting C compiler ABI info
[0.285s] -- Detecting C compiler ABI info - done
[0.289s] -- Check for working C compiler: /usr/bin/cc - skipped
[0.289s] -- Detecting C compile features
[0.290s] -- Detecting C compile features - done
[0.295s] -- Detecting CXX compiler ABI info
[0.401s] -- Detecting CXX compiler ABI info - done
[0.412s] -- Check for working CXX compiler: /usr/bin/c++ - skipped
[0.413s] -- Detecting CXX compile features
[0.414s] -- Detecting CXX compile features - done
[0.418s] -- Found ament_cmake: 1.3.3 (/opt/ros/humble/share/ament_cmake/cmake)
[0.636s] -- Found Python3: /usr/bin/python3.10 (found version "3.10.6") found components: Interpreter 
[0.873s] -- Configuring done
[0.877s] -- Generating done
[0.879s] -- Build files have been written to: /ros2_ws/build/rosbot
[0.886s] Invoked command in '/ros2_ws/build/rosbot' returned '0': AMENT_PREFIX_PATH=/ros2_ws/install/rosbot_bringup:/ros2_ws/install/rosbot_controller:/ros2_ws/install/rosbot_description:/ros2_ws/install/rosbot_hardware_interfaces:/ros2_ws/install/ros_components_description:${AMENT_PREFIX_PATH} CMAKE_PREFIX_PATH=/ros2_ws/install/rosbot_bringup:/ros2_ws/install/rosbot_controller:/ros2_ws/install/rosbot_description:/ros2_ws/install/rosbot_hardware_interfaces:/ros2_ws/install/ros_components_description:/opt/ros/humble LD_LIBRARY_PATH=/ros2_ws/install/rosbot_hardware_interfaces/lib:${LD_LIBRARY_PATH} /usr/bin/cmake /ros2_ws/src/rosbot -DCMAKE_INSTALL_PREFIX=/ros2_ws/install/rosbot
[0.886s] Invoking command in '/ros2_ws/build/rosbot': AMENT_PREFIX_PATH=/ros2_ws/install/rosbot_bringup:/ros2_ws/install/rosbot_controller:/ros2_ws/install/rosbot_description:/ros2_ws/install/rosbot_hardware_interfaces:/ros2_ws/install/ros_components_description:${AMENT_PREFIX_PATH} CMAKE_PREFIX_PATH=/ros2_ws/install/rosbot_bringup:/ros2_ws/install/rosbot_controller:/ros2_ws/install/rosbot_description:/ros2_ws/install/rosbot_hardware_interfaces:/ros2_ws/install/ros_components_description:/opt/ros/humble LD_LIBRARY_PATH=/ros2_ws/install/rosbot_hardware_interfaces/lib:${LD_LIBRARY_PATH} /usr/bin/cmake --build /ros2_ws/build/rosbot -- -j2 -l2
[0.935s] Invoked command in '/ros2_ws/build/rosbot' returned '0': AMENT_PREFIX_PATH=/ros2_ws/install/rosbot_bringup:/ros2_ws/install/rosbot_controller:/ros2_ws/install/rosbot_description:/ros2_ws/install/rosbot_hardware_interfaces:/ros2_ws/install/ros_components_description:${AMENT_PREFIX_PATH} CMAKE_PREFIX_PATH=/ros2_ws/install/rosbot_bringup:/ros2_ws/install/rosbot_controller:/ros2_ws/install/rosbot_description:/ros2_ws/install/rosbot_hardware_interfaces:/ros2_ws/install/ros_components_description:/opt/ros/humble LD_LIBRARY_PATH=/ros2_ws/install/rosbot_hardware_interfaces/lib:${LD_LIBRARY_PATH} /usr/bin/cmake --build /ros2_ws/build/rosbot -- -j2 -l2
[0.962s] Invoking command in '/ros2_ws/build/rosbot': AMENT_PREFIX_PATH=/ros2_ws/install/rosbot_bringup:/ros2_ws/install/rosbot_controller:/ros2_ws/install/rosbot_description:/ros2_ws/install/rosbot_hardware_interfaces:/ros2_ws/install/ros_components_description:${AMENT_PREFIX_PATH} CMAKE_PREFIX_PATH=/ros2_ws/install/rosbot_bringup:/ros2_ws/install/rosbot_controller:/ros2_ws/install/rosbot_description:/ros2_ws/install/rosbot_hardware_interfaces:/ros2_ws/install/ros_components_description:/opt/ros/humble LD_LIBRARY_PATH=/ros2_ws/install/rosbot_hardware_interfaces/lib:${LD_LIBRARY_PATH} /usr/bin/cmake --install /ros2_ws/build/rosbot
[0.972s] -- Install configuration: ""
[0.972s] -- Installing: /ros2_ws/install/rosbot/share/ament_index/resource_index/package_run_dependencies/rosbot
[0.973s] -- Installing: /ros2_ws/install/rosbot/share/ament_index/resource_index/parent_prefix_path/rosbot
[0.974s] -- Installing: /ros2_ws/install/rosbot/share/rosbot/environment/ament_prefix_path.sh
[0.974s] -- Installing: /ros2_ws/install/rosbot/share/rosbot/environment/ament_prefix_path.dsv
[0.975s] -- Installing: /ros2_ws/install/rosbot/share/rosbot/environment/path.sh
[0.975s] -- Installing: /ros2_ws/install/rosbot/share/rosbot/environment/path.dsv
[0.976s] -- Installing: /ros2_ws/install/rosbot/share/rosbot/local_setup.bash
[0.977s] -- Installing: /ros2_ws/install/rosbot/share/rosbot/local_setup.sh
[0.977s] -- Installing: /ros2_ws/install/rosbot/share/rosbot/local_setup.zsh
[0.978s] -- Installing: /ros2_ws/install/rosbot/share/rosbot/local_setup.dsv
[0.978s] -- Installing: /ros2_ws/install/rosbot/share/rosbot/package.dsv
[0.979s] -- Installing: /ros2_ws/install/rosbot/share/ament_index/resource_index/packages/rosbot
[0.979s] -- Installing: /ros2_ws/install/rosbot/share/rosbot/cmake/rosbotConfig.cmake
[0.980s] -- Installing: /ros2_ws/install/rosbot/share/rosbot/cmake/rosbotConfig-version.cmake
[0.980s] -- Installing: /ros2_ws/install/rosbot/share/rosbot/package.xml
[0.985s] Invoked command in '/ros2_ws/build/rosbot' returned '0': AMENT_PREFIX_PATH=/ros2_ws/install/rosbot_bringup:/ros2_ws/install/rosbot_controller:/ros2_ws/install/rosbot_description:/ros2_ws/install/rosbot_hardware_interfaces:/ros2_ws/install/ros_components_description:${AMENT_PREFIX_PATH} CMAKE_PREFIX_PATH=/ros2_ws/install/rosbot_bringup:/ros2_ws/install/rosbot_controller:/ros2_ws/install/rosbot_description:/ros2_ws/install/rosbot_hardware_interfaces:/ros2_ws/install/ros_components_description:/opt/ros/humble LD_LIBRARY_PATH=/ros2_ws/install/rosbot_hardware_interfaces/lib:${LD_LIBRARY_PATH} /usr/bin/cmake --install /ros2_ws/build/rosbot
