[0.105s] Invoking command in '/home/husarion/uros_ws/build/micro_ros_msgs': CMAKE_PREFIX_PATH=${CMAKE_PREFIX_PATH}:/home/husarion/ROS2swarm/install/thymio_driver:/home/husarion/ROS2swarm/install/ros2swarm:/home/husarion/ROS2swarm/install/launch_gazebo:/opt/ros/foxy /usr/bin/cmake /home/husarion/uros_ws/src/uros/micro_ros_msgs -DUAGENT_BUILD_EXECUTABLE=OFF -DUAGENT_P2P_PROFILE=OFF --no-warn-unused-cli -DCMAKE_INSTALL_PREFIX=/home/husarion/uros_ws/install/micro_ros_msgs
[0.166s] Not searching for unused variables given on the command line.
[0.200s] -- Found ament_cmake: 0.9.9 (/opt/ros/foxy/share/ament_cmake/cmake)
[0.378s] -- Found PythonInterp: /usr/bin/python3 (found suitable version "3.8.10", minimum required is "3") 
[0.379s] -- Using PYTHON_EXECUTABLE: /usr/bin/python3
[1.525s] -- Found rosidl_default_generators: 1.0.1 (/opt/ros/foxy/share/rosidl_default_generators/cmake)
[1.553s] -- Using all available rosidl_typesupport_c: rosidl_typesupport_fastrtps_c;rosidl_typesupport_introspection_c
[1.576s] -- Found rosidl_adapter: 1.2.1 (/opt/ros/foxy/share/rosidl_adapter/cmake)
[2.354s] -- Using all available rosidl_typesupport_cpp: rosidl_typesupport_fastrtps_cpp;rosidl_typesupport_introspection_cpp
[2.508s] -- Found ament_lint_auto: 0.9.6 (/opt/ros/foxy/share/ament_lint_auto/cmake)
[3.072s] -- Found PythonInterp: /usr/bin/python3 (found version "3.8.10") 
[3.524s] -- Found ament_cmake_ros: 0.9.2 (/opt/ros/foxy/share/ament_cmake_ros/cmake)
[4.081s] -- Using all available rosidl_typesupport_c: rosidl_typesupport_fastrtps_c;rosidl_typesupport_introspection_c
[4.135s] -- Using all available rosidl_typesupport_cpp: rosidl_typesupport_fastrtps_cpp;rosidl_typesupport_introspection_cpp
[4.329s] -- Found PythonInterp: /usr/bin/python3 (found suitable version "3.8.10", minimum required is "3.5") 
[4.332s] -- Found python_cmake_module: 0.8.1 (/opt/ros/foxy/share/python_cmake_module/cmake)
[4.517s] -- Using PYTHON_EXECUTABLE: /usr/bin/python3
[4.517s] -- Using PYTHON_INCLUDE_DIRS: /usr/include/python3.8
[4.518s] -- Using PYTHON_LIBRARIES: /usr/lib/x86_64-linux-gnu/libpython3.8.so
[4.643s] -- Added test 'copyright' to check source files copyright and LICENSE
[4.752s] -- Added test 'lint_cmake' to check CMake code style
[4.810s] -- Added test 'xmllint' to check XML markup files
[4.840s] -- Configuring done
[5.038s] -- Generating done
[5.057s] -- Build files have been written to: /home/husarion/uros_ws/build/micro_ros_msgs
[5.095s] Invoked command in '/home/husarion/uros_ws/build/micro_ros_msgs' returned '0': CMAKE_PREFIX_PATH=${CMAKE_PREFIX_PATH}:/home/husarion/ROS2swarm/install/thymio_driver:/home/husarion/ROS2swarm/install/ros2swarm:/home/husarion/ROS2swarm/install/launch_gazebo:/opt/ros/foxy /usr/bin/cmake /home/husarion/uros_ws/src/uros/micro_ros_msgs -DUAGENT_BUILD_EXECUTABLE=OFF -DUAGENT_P2P_PROFILE=OFF --no-warn-unused-cli -DCMAKE_INSTALL_PREFIX=/home/husarion/uros_ws/install/micro_ros_msgs
[5.116s] Invoking command in '/home/husarion/uros_ws/build/micro_ros_msgs': CMAKE_PREFIX_PATH=${CMAKE_PREFIX_PATH}:/home/husarion/ROS2swarm/install/thymio_driver:/home/husarion/ROS2swarm/install/ros2swarm:/home/husarion/ROS2swarm/install/launch_gazebo:/opt/ros/foxy /usr/bin/cmake --build /home/husarion/uros_ws/build/micro_ros_msgs -- -j4 -l4
[5.427s] [  2%] Built target micro_ros_msgs__cpp
[5.435s] [ 12%] Built target micro_ros_msgs__rosidl_generator_c
[5.550s] [ 23%] Built target micro_ros_msgs__rosidl_typesupport_cpp
[5.562s] [ 34%] Built target micro_ros_msgs__rosidl_typesupport_c
[5.581s] [ 44%] Built target micro_ros_msgs__rosidl_typesupport_introspection_cpp
[5.585s] [ 55%] Built target micro_ros_msgs__rosidl_typesupport_fastrtps_cpp
[5.697s] [ 65%] Built target micro_ros_msgs__rosidl_typesupport_introspection_c
[5.715s] [ 76%] Built target micro_ros_msgs__rosidl_typesupport_fastrtps_c
[5.846s] [ 76%] Built target micro_ros_msgs
[5.978s] [ 78%] Built target micro_ros_msgs__py
[6.139s] [ 87%] Built target micro_ros_msgs__python
[6.272s] [ 91%] Built target micro_ros_msgs__rosidl_typesupport_c__pyext
[6.275s] [ 95%] Built target micro_ros_msgs__rosidl_typesupport_introspection_c__pyext
[6.282s] [100%] Built target micro_ros_msgs__rosidl_typesupport_fastrtps_c__pyext
[6.354s] Invoked command in '/home/husarion/uros_ws/build/micro_ros_msgs' returned '0': CMAKE_PREFIX_PATH=${CMAKE_PREFIX_PATH}:/home/husarion/ROS2swarm/install/thymio_driver:/home/husarion/ROS2swarm/install/ros2swarm:/home/husarion/ROS2swarm/install/launch_gazebo:/opt/ros/foxy /usr/bin/cmake --build /home/husarion/uros_ws/build/micro_ros_msgs -- -j4 -l4
[7.076s] Invoking command in '/home/husarion/uros_ws/build/micro_ros_msgs': CMAKE_PREFIX_PATH=${CMAKE_PREFIX_PATH}:/home/husarion/ROS2swarm/install/thymio_driver:/home/husarion/ROS2swarm/install/ros2swarm:/home/husarion/ROS2swarm/install/launch_gazebo:/opt/ros/foxy /usr/bin/cmake --install /home/husarion/uros_ws/build/micro_ros_msgs
[7.127s] -- Install configuration: ""
[7.129s] -- Up-to-date: /home/husarion/uros_ws/install/micro_ros_msgs/share/ament_index/resource_index/rosidl_interfaces/micro_ros_msgs
[7.132s] -- Up-to-date: /home/husarion/uros_ws/install/micro_ros_msgs/include/micro_ros_msgs
[7.134s] -- Up-to-date: /home/husarion/uros_ws/install/micro_ros_msgs/include/micro_ros_msgs/msg
[7.135s] -- Up-to-date: /home/husarion/uros_ws/install/micro_ros_msgs/include/micro_ros_msgs/msg/detail
[7.135s] -- Up-to-date: /home/husarion/uros_ws/install/micro_ros_msgs/include/micro_ros_msgs/msg/detail/node__functions.c
[7.136s] -- Up-to-date: /home/husarion/uros_ws/install/micro_ros_msgs/include/micro_ros_msgs/msg/detail/node__functions.h
[7.136s] -- Up-to-date: /home/husarion/uros_ws/install/micro_ros_msgs/include/micro_ros_msgs/msg/detail/graph__struct.h
[7.137s] -- Up-to-date: /home/husarion/uros_ws/install/micro_ros_msgs/include/micro_ros_msgs/msg/detail/node__type_support.h
[7.137s] -- Up-to-date: /home/husarion/uros_ws/install/micro_ros_msgs/include/micro_ros_msgs/msg/detail/node__struct.h
[7.138s] -- Up-to-date: /home/husarion/uros_ws/install/micro_ros_msgs/include/micro_ros_msgs/msg/detail/graph__type_support.h
[7.139s] -- Up-to-date: /home/husarion/uros_ws/install/micro_ros_msgs/include/micro_ros_msgs/msg/detail/entity__functions.c
[7.139s] -- Up-to-date: /home/husarion/uros_ws/install/micro_ros_msgs/include/micro_ros_msgs/msg/detail/graph__functions.h
[7.140s] -- Up-to-date: /home/husarion/uros_ws/install/micro_ros_msgs/include/micro_ros_msgs/msg/detail/entity__struct.h
[7.140s] -- Up-to-date: /home/husarion/uros_ws/install/micro_ros_msgs/include/micro_ros_msgs/msg/detail/graph__functions.c
[7.141s] -- Up-to-date: /home/husarion/uros_ws/install/micro_ros_msgs/include/micro_ros_msgs/msg/detail/entity__functions.h
[7.141s] -- Up-to-date: /home/husarion/uros_ws/install/micro_ros_msgs/include/micro_ros_msgs/msg/detail/entity__type_support.h
[7.142s] -- Up-to-date: /home/husarion/uros_ws/install/micro_ros_msgs/include/micro_ros_msgs/msg/entity.h
[7.142s] -- Up-to-date: /home/husarion/uros_ws/install/micro_ros_msgs/include/micro_ros_msgs/msg/rosidl_generator_c__visibility_control.h
[7.143s] -- Up-to-date: /home/husarion/uros_ws/install/micro_ros_msgs/include/micro_ros_msgs/msg/node.h
[7.144s] -- Up-to-date: /home/husarion/uros_ws/install/micro_ros_msgs/include/micro_ros_msgs/msg/graph.h
[7.145s] -- Up-to-date: /home/husarion/uros_ws/install/micro_ros_msgs/share/micro_ros_msgs/environment/library_path.sh
[7.146s] -- Installing: /home/husarion/uros_ws/install/micro_ros_msgs/share/micro_ros_msgs/environment/library_path.dsv
[7.146s] -- Up-to-date: /home/husarion/uros_ws/install/micro_ros_msgs/lib/libmicro_ros_msgs__rosidl_generator_c.so
[7.147s] -- Up-to-date: /home/husarion/uros_ws/install/micro_ros_msgs/include/micro_ros_msgs
[7.147s] -- Up-to-date: /home/husarion/uros_ws/install/micro_ros_msgs/include/micro_ros_msgs/msg
[7.148s] -- Up-to-date: /home/husarion/uros_ws/install/micro_ros_msgs/include/micro_ros_msgs/msg/detail
[7.148s] -- Up-to-date: /home/husarion/uros_ws/install/micro_ros_msgs/include/micro_ros_msgs/msg/detail/entity__rosidl_typesupport_fastrtps_c.h
[7.149s] -- Up-to-date: /home/husarion/uros_ws/install/micro_ros_msgs/include/micro_ros_msgs/msg/detail/graph__rosidl_typesupport_fastrtps_c.h
[7.149s] -- Up-to-date: /home/husarion/uros_ws/install/micro_ros_msgs/include/micro_ros_msgs/msg/detail/node__rosidl_typesupport_fastrtps_c.h
[7.150s] -- Up-to-date: /home/husarion/uros_ws/install/micro_ros_msgs/include/micro_ros_msgs/msg/rosidl_typesupport_fastrtps_c__visibility_control.h
[7.150s] -- Up-to-date: /home/husarion/uros_ws/install/micro_ros_msgs/lib/libmicro_ros_msgs__rosidl_typesupport_fastrtps_c.so
[7.151s] -- Up-to-date: /home/husarion/uros_ws/install/micro_ros_msgs/include/micro_ros_msgs
[7.151s] -- Up-to-date: /home/husarion/uros_ws/install/micro_ros_msgs/include/micro_ros_msgs/msg
[7.152s] -- Up-to-date: /home/husarion/uros_ws/install/micro_ros_msgs/include/micro_ros_msgs/msg/detail
[7.152s] -- Up-to-date: /home/husarion/uros_ws/install/micro_ros_msgs/include/micro_ros_msgs/msg/detail/entity__rosidl_typesupport_fastrtps_cpp.hpp
[7.153s] -- Up-to-date: /home/husarion/uros_ws/install/micro_ros_msgs/include/micro_ros_msgs/msg/detail/graph__rosidl_typesupport_fastrtps_cpp.hpp
[7.153s] -- Up-to-date: /home/husarion/uros_ws/install/micro_ros_msgs/include/micro_ros_msgs/msg/detail/dds_fastrtps
[7.154s] -- Up-to-date: /home/husarion/uros_ws/install/micro_ros_msgs/include/micro_ros_msgs/msg/detail/node__rosidl_typesupport_fastrtps_cpp.hpp
[7.154s] -- Up-to-date: /home/husarion/uros_ws/install/micro_ros_msgs/include/micro_ros_msgs/msg/rosidl_typesupport_fastrtps_cpp__visibility_control.h
[7.155s] -- Up-to-date: /home/husarion/uros_ws/install/micro_ros_msgs/lib/libmicro_ros_msgs__rosidl_typesupport_fastrtps_cpp.so
[7.155s] -- Up-to-date: /home/husarion/uros_ws/install/micro_ros_msgs/include/micro_ros_msgs
[7.155s] -- Up-to-date: /home/husarion/uros_ws/install/micro_ros_msgs/include/micro_ros_msgs/msg
[7.156s] -- Up-to-date: /home/husarion/uros_ws/install/micro_ros_msgs/include/micro_ros_msgs/msg/rosidl_typesupport_introspection_c__visibility_control.h
[7.156s] -- Up-to-date: /home/husarion/uros_ws/install/micro_ros_msgs/include/micro_ros_msgs/msg/detail
[7.157s] -- Up-to-date: /home/husarion/uros_ws/install/micro_ros_msgs/include/micro_ros_msgs/msg/detail/entity__type_support.c
[7.157s] -- Up-to-date: /home/husarion/uros_ws/install/micro_ros_msgs/include/micro_ros_msgs/msg/detail/graph__type_support.c
[7.158s] -- Up-to-date: /home/husarion/uros_ws/install/micro_ros_msgs/include/micro_ros_msgs/msg/detail/node__type_support.c
[7.158s] -- Up-to-date: /home/husarion/uros_ws/install/micro_ros_msgs/include/micro_ros_msgs/msg/detail/node__rosidl_typesupport_introspection_c.h
[7.159s] -- Up-to-date: /home/husarion/uros_ws/install/micro_ros_msgs/include/micro_ros_msgs/msg/detail/graph__rosidl_typesupport_introspection_c.h
[7.159s] -- Up-to-date: /home/husarion/uros_ws/install/micro_ros_msgs/include/micro_ros_msgs/msg/detail/entity__rosidl_typesupport_introspection_c.h
[7.159s] -- Up-to-date: /home/husarion/uros_ws/install/micro_ros_msgs/lib/libmicro_ros_msgs__rosidl_typesupport_introspection_c.so
[7.160s] -- Up-to-date: /home/husarion/uros_ws/install/micro_ros_msgs/lib/libmicro_ros_msgs__rosidl_typesupport_c.so
[7.160s] -- Up-to-date: /home/husarion/uros_ws/install/micro_ros_msgs/include/micro_ros_msgs
[7.161s] -- Up-to-date: /home/husarion/uros_ws/install/micro_ros_msgs/include/micro_ros_msgs/msg
[7.161s] -- Up-to-date: /home/husarion/uros_ws/install/micro_ros_msgs/include/micro_ros_msgs/msg/detail
[7.162s] -- Up-to-date: /home/husarion/uros_ws/install/micro_ros_msgs/include/micro_ros_msgs/msg/detail/node__builder.hpp
[7.162s] -- Up-to-date: /home/husarion/uros_ws/install/micro_ros_msgs/include/micro_ros_msgs/msg/detail/graph__traits.hpp
[7.163s] -- Up-to-date: /home/husarion/uros_ws/install/micro_ros_msgs/include/micro_ros_msgs/msg/detail/graph__struct.hpp
[7.163s] -- Up-to-date: /home/husarion/uros_ws/install/micro_ros_msgs/include/micro_ros_msgs/msg/detail/entity__traits.hpp
[7.163s] -- Up-to-date: /home/husarion/uros_ws/install/micro_ros_msgs/include/micro_ros_msgs/msg/detail/entity__struct.hpp
[7.164s] -- Up-to-date: /home/husarion/uros_ws/install/micro_ros_msgs/include/micro_ros_msgs/msg/detail/node__struct.hpp
[7.164s] -- Up-to-date: /home/husarion/uros_ws/install/micro_ros_msgs/include/micro_ros_msgs/msg/detail/entity__builder.hpp
[7.165s] -- Up-to-date: /home/husarion/uros_ws/install/micro_ros_msgs/include/micro_ros_msgs/msg/detail/graph__builder.hpp
[7.165s] -- Up-to-date: /home/husarion/uros_ws/install/micro_ros_msgs/include/micro_ros_msgs/msg/detail/node__traits.hpp
[7.166s] -- Up-to-date: /home/husarion/uros_ws/install/micro_ros_msgs/include/micro_ros_msgs/msg/node.hpp
[7.166s] -- Up-to-date: /home/husarion/uros_ws/install/micro_ros_msgs/include/micro_ros_msgs/msg/entity.hpp
[7.166s] -- Up-to-date: /home/husarion/uros_ws/install/micro_ros_msgs/include/micro_ros_msgs/msg/graph.hpp
[7.167s] -- Up-to-date: /home/husarion/uros_ws/install/micro_ros_msgs/include/micro_ros_msgs
[7.167s] -- Up-to-date: /home/husarion/uros_ws/install/micro_ros_msgs/include/micro_ros_msgs/msg
[7.168s] -- Up-to-date: /home/husarion/uros_ws/install/micro_ros_msgs/include/micro_ros_msgs/msg/detail
[7.168s] -- Up-to-date: /home/husarion/uros_ws/install/micro_ros_msgs/include/micro_ros_msgs/msg/detail/node__rosidl_typesupport_introspection_cpp.hpp
[7.169s] -- Up-to-date: /home/husarion/uros_ws/install/micro_ros_msgs/include/micro_ros_msgs/msg/detail/graph__type_support.cpp
[7.169s] -- Up-to-date: /home/husarion/uros_ws/install/micro_ros_msgs/include/micro_ros_msgs/msg/detail/entity__rosidl_typesupport_introspection_cpp.hpp
[7.169s] -- Up-to-date: /home/husarion/uros_ws/install/micro_ros_msgs/include/micro_ros_msgs/msg/detail/graph__rosidl_typesupport_introspection_cpp.hpp
[7.170s] -- Up-to-date: /home/husarion/uros_ws/install/micro_ros_msgs/include/micro_ros_msgs/msg/detail/node__type_support.cpp
[7.170s] -- Up-to-date: /home/husarion/uros_ws/install/micro_ros_msgs/include/micro_ros_msgs/msg/detail/entity__type_support.cpp
[7.171s] -- Up-to-date: /home/husarion/uros_ws/install/micro_ros_msgs/lib/libmicro_ros_msgs__rosidl_typesupport_introspection_cpp.so
[7.171s] -- Up-to-date: /home/husarion/uros_ws/install/micro_ros_msgs/lib/libmicro_ros_msgs__rosidl_typesupport_cpp.so
[7.172s] -- Up-to-date: /home/husarion/uros_ws/install/micro_ros_msgs/share/micro_ros_msgs/environment/pythonpath.sh
[7.172s] -- Installing: /home/husarion/uros_ws/install/micro_ros_msgs/share/micro_ros_msgs/environment/pythonpath.dsv
[7.172s] -- Installing: /home/husarion/uros_ws/install/micro_ros_msgs/lib/python3.8/site-packages/micro_ros_msgs/__init__.py
[7.362s] Compiling '/home/husarion/uros_ws/install/micro_ros_msgs/lib/python3.8/site-packages/micro_ros_msgs/__init__.py'...
[7.384s] -- Up-to-date: /home/husarion/uros_ws/install/micro_ros_msgs/lib/python3.8/site-packages/micro_ros_msgs/msg
[7.386s] -- Up-to-date: /home/husarion/uros_ws/install/micro_ros_msgs/lib/python3.8/site-packages/micro_ros_msgs/msg/_graph.py
[7.388s] -- Up-to-date: /home/husarion/uros_ws/install/micro_ros_msgs/lib/python3.8/site-packages/micro_ros_msgs/msg/_entity_s.c
[7.390s] -- Up-to-date: /home/husarion/uros_ws/install/micro_ros_msgs/lib/python3.8/site-packages/micro_ros_msgs/msg/__init__.py
[7.391s] -- Up-to-date: /home/husarion/uros_ws/install/micro_ros_msgs/lib/python3.8/site-packages/micro_ros_msgs/msg/_node.py
[7.392s] -- Up-to-date: /home/husarion/uros_ws/install/micro_ros_msgs/lib/python3.8/site-packages/micro_ros_msgs/msg/_graph_s.c
[7.392s] -- Up-to-date: /home/husarion/uros_ws/install/micro_ros_msgs/lib/python3.8/site-packages/micro_ros_msgs/msg/_entity.py
[7.393s] -- Up-to-date: /home/husarion/uros_ws/install/micro_ros_msgs/lib/python3.8/site-packages/micro_ros_msgs/msg/_node_s.c
[7.393s] -- Up-to-date: /home/husarion/uros_ws/install/micro_ros_msgs/lib/python3.8/site-packages/micro_ros_msgs/micro_ros_msgs_s__rosidl_typesupport_fastrtps_c.cpython-38-x86_64-linux-gnu.so
[7.394s] -- Up-to-date: /home/husarion/uros_ws/install/micro_ros_msgs/lib/python3.8/site-packages/micro_ros_msgs/micro_ros_msgs_s__rosidl_typesupport_introspection_c.cpython-38-x86_64-linux-gnu.so
[7.395s] -- Up-to-date: /home/husarion/uros_ws/install/micro_ros_msgs/lib/python3.8/site-packages/micro_ros_msgs/micro_ros_msgs_s__rosidl_typesupport_c.cpython-38-x86_64-linux-gnu.so
[7.397s] -- Up-to-date: /home/husarion/uros_ws/install/micro_ros_msgs/lib/libmicro_ros_msgs__python.so
[7.399s] -- Up-to-date: /home/husarion/uros_ws/install/micro_ros_msgs/share/micro_ros_msgs/msg/Graph.idl
[7.400s] -- Up-to-date: /home/husarion/uros_ws/install/micro_ros_msgs/share/micro_ros_msgs/msg/Node.idl
[7.400s] -- Up-to-date: /home/husarion/uros_ws/install/micro_ros_msgs/share/micro_ros_msgs/msg/Entity.idl
[7.401s] -- Up-to-date: /home/husarion/uros_ws/install/micro_ros_msgs/share/micro_ros_msgs/msg/Graph.msg
[7.401s] -- Up-to-date: /home/husarion/uros_ws/install/micro_ros_msgs/share/micro_ros_msgs/msg/Node.msg
[7.402s] -- Up-to-date: /home/husarion/uros_ws/install/micro_ros_msgs/share/micro_ros_msgs/msg/Entity.msg
[7.403s] -- Up-to-date: /home/husarion/uros_ws/install/micro_ros_msgs/share/ament_index/resource_index/package_run_dependencies/micro_ros_msgs
[7.404s] -- Installing: /home/husarion/uros_ws/install/micro_ros_msgs/share/ament_index/resource_index/parent_prefix_path/micro_ros_msgs
[7.404s] -- Up-to-date: /home/husarion/uros_ws/install/micro_ros_msgs/share/micro_ros_msgs/environment/ament_prefix_path.sh
[7.405s] -- Installing: /home/husarion/uros_ws/install/micro_ros_msgs/share/micro_ros_msgs/environment/ament_prefix_path.dsv
[7.406s] -- Up-to-date: /home/husarion/uros_ws/install/micro_ros_msgs/share/micro_ros_msgs/environment/path.sh
[7.406s] -- Installing: /home/husarion/uros_ws/install/micro_ros_msgs/share/micro_ros_msgs/environment/path.dsv
[7.407s] -- Up-to-date: /home/husarion/uros_ws/install/micro_ros_msgs/share/micro_ros_msgs/local_setup.bash
[7.407s] -- Up-to-date: /home/husarion/uros_ws/install/micro_ros_msgs/share/micro_ros_msgs/local_setup.sh
[7.408s] -- Up-to-date: /home/husarion/uros_ws/install/micro_ros_msgs/share/micro_ros_msgs/local_setup.zsh
[7.409s] -- Installing: /home/husarion/uros_ws/install/micro_ros_msgs/share/micro_ros_msgs/local_setup.dsv
[7.409s] -- Installing: /home/husarion/uros_ws/install/micro_ros_msgs/share/micro_ros_msgs/package.dsv
[7.410s] -- Up-to-date: /home/husarion/uros_ws/install/micro_ros_msgs/share/ament_index/resource_index/packages/micro_ros_msgs
[7.410s] -- Up-to-date: /home/husarion/uros_ws/install/micro_ros_msgs/share/micro_ros_msgs/cmake/micro_ros_msgs__rosidl_generator_cExport.cmake
[7.411s] -- Installing: /home/husarion/uros_ws/install/micro_ros_msgs/share/micro_ros_msgs/cmake/micro_ros_msgs__rosidl_generator_cExport-noconfig.cmake
[7.411s] -- Up-to-date: /home/husarion/uros_ws/install/micro_ros_msgs/share/micro_ros_msgs/cmake/micro_ros_msgs__rosidl_typesupport_introspection_cExport.cmake
[7.412s] -- Installing: /home/husarion/uros_ws/install/micro_ros_msgs/share/micro_ros_msgs/cmake/micro_ros_msgs__rosidl_typesupport_introspection_cExport-noconfig.cmake
[7.413s] -- Up-to-date: /home/husarion/uros_ws/install/micro_ros_msgs/share/micro_ros_msgs/cmake/micro_ros_msgs__rosidl_typesupport_cExport.cmake
[7.413s] -- Installing: /home/husarion/uros_ws/install/micro_ros_msgs/share/micro_ros_msgs/cmake/micro_ros_msgs__rosidl_typesupport_cExport-noconfig.cmake
[7.414s] -- Up-to-date: /home/husarion/uros_ws/install/micro_ros_msgs/share/micro_ros_msgs/cmake/micro_ros_msgs__rosidl_generator_cppExport.cmake
[7.414s] -- Up-to-date: /home/husarion/uros_ws/install/micro_ros_msgs/share/micro_ros_msgs/cmake/micro_ros_msgs__rosidl_typesupport_introspection_cppExport.cmake
[7.415s] -- Installing: /home/husarion/uros_ws/install/micro_ros_msgs/share/micro_ros_msgs/cmake/micro_ros_msgs__rosidl_typesupport_introspection_cppExport-noconfig.cmake
[7.416s] -- Up-to-date: /home/husarion/uros_ws/install/micro_ros_msgs/share/micro_ros_msgs/cmake/micro_ros_msgs__rosidl_typesupport_cppExport.cmake
[7.416s] -- Installing: /home/husarion/uros_ws/install/micro_ros_msgs/share/micro_ros_msgs/cmake/micro_ros_msgs__rosidl_typesupport_cppExport-noconfig.cmake
[7.417s] -- Up-to-date: /home/husarion/uros_ws/install/micro_ros_msgs/share/micro_ros_msgs/cmake/rosidl_cmake-extras.cmake
[7.418s] -- Up-to-date: /home/husarion/uros_ws/install/micro_ros_msgs/share/micro_ros_msgs/cmake/ament_cmake_export_dependencies-extras.cmake
[7.419s] -- Up-to-date: /home/husarion/uros_ws/install/micro_ros_msgs/share/micro_ros_msgs/cmake/ament_cmake_export_libraries-extras.cmake
[7.420s] -- Up-to-date: /home/husarion/uros_ws/install/micro_ros_msgs/share/micro_ros_msgs/cmake/ament_cmake_export_targets-extras.cmake
[7.420s] -- Up-to-date: /home/husarion/uros_ws/install/micro_ros_msgs/share/micro_ros_msgs/cmake/ament_cmake_export_include_directories-extras.cmake
[7.420s] -- Up-to-date: /home/husarion/uros_ws/install/micro_ros_msgs/share/micro_ros_msgs/cmake/rosidl_cmake_export_typesupport_libraries-extras.cmake
[7.421s] -- Up-to-date: /home/husarion/uros_ws/install/micro_ros_msgs/share/micro_ros_msgs/cmake/rosidl_cmake_export_typesupport_targets-extras.cmake
[7.421s] -- Up-to-date: /home/husarion/uros_ws/install/micro_ros_msgs/share/micro_ros_msgs/cmake/micro_ros_msgsConfig.cmake
[7.422s] -- Up-to-date: /home/husarion/uros_ws/install/micro_ros_msgs/share/micro_ros_msgs/cmake/micro_ros_msgsConfig-version.cmake
[7.422s] -- Up-to-date: /home/husarion/uros_ws/install/micro_ros_msgs/share/micro_ros_msgs/package.xml
[7.430s] Invoked command in '/home/husarion/uros_ws/build/micro_ros_msgs' returned '0': CMAKE_PREFIX_PATH=${CMAKE_PREFIX_PATH}:/home/husarion/ROS2swarm/install/thymio_driver:/home/husarion/ROS2swarm/install/ros2swarm:/home/husarion/ROS2swarm/install/launch_gazebo:/opt/ros/foxy /usr/bin/cmake --install /home/husarion/uros_ws/build/micro_ros_msgs
