[0.225s] Invoking command in '/home/husarion/rosbot_ws/build/rosbot_hardware_interfaces': CMAKE_PREFIX_PATH=${CMAKE_PREFIX_PATH}:/home/husarion/ROS2swarm/install/thymio_driver:/home/husarion/ROS2swarm/install/ros2swarm:/home/husarion/ROS2swarm/install/launch_gazebo:/opt/ros/foxy /usr/bin/cmake /home/husarion/rosbot_ws/src/rosbot_hardware_interfaces -DAMENT_CMAKE_SYMLINK_INSTALL=1 -DCMAKE_INSTALL_PREFIX=/home/husarion/rosbot_ws/install/rosbot_hardware_interfaces
[0.545s] -- The C compiler identification is GNU 9.4.0
[0.875s] -- The CXX compiler identification is GNU 9.4.0
[0.906s] -- Check for working C compiler: /usr/bin/cc
[1.284s] -- Check for working C compiler: /usr/bin/cc -- works
[1.291s] -- Detecting C compiler ABI info
[1.686s] -- Detecting C compiler ABI info - done
[1.763s] -- Detecting C compile features
[1.765s] -- Detecting C compile features - done
[1.780s] -- Check for working CXX compiler: /usr/bin/c++
[2.229s] -- Check for working CXX compiler: /usr/bin/c++ -- works
[2.249s] -- Detecting CXX compiler ABI info
[2.717s] -- Detecting CXX compiler ABI info - done
[2.802s] -- Detecting CXX compile features
[2.805s] -- Detecting CXX compile features - done
[2.824s] -- Found ament_cmake: 0.9.9 (/opt/ros/foxy/share/ament_cmake/cmake)
[3.035s] -- Found PythonInterp: /usr/bin/python3 (found suitable version "3.8.10", minimum required is "3") 
[3.036s] -- Using PYTHON_EXECUTABLE: /usr/bin/python3
[4.135s] -- Override CMake install command with custom implementation using symlinks instead of copying resources
[4.420s] CMake Error at CMakeLists.txt:15 (find_package):
[4.421s]   By not providing "Findcontroller_interface.cmake" in CMAKE_MODULE_PATH this
[4.421s]   project has asked CMake to find a package configuration file provided by
[4.422s]   "controller_interface", but CMake did not find one.
[4.422s] 
[4.423s]   Could not find a package configuration file provided by
[4.423s]   "controller_interface" with any of the following names:
[4.424s] 
[4.425s]     controller_interfaceConfig.cmake
[4.425s]     controller_interface-config.cmake
[4.426s] 
[4.426s]   Add the installation prefix of "controller_interface" to CMAKE_PREFIX_PATH
[4.427s]   or set "controller_interface_DIR" to a directory containing one of the
[4.427s]   above files.  If "controller_interface" provides a separate development
[4.428s]   package or SDK, be sure it has been installed.
[4.429s] 
[4.429s] 
[4.430s] -- Configuring incomplete, errors occurred!
[4.431s] See also "/home/husarion/rosbot_ws/build/rosbot_hardware_interfaces/CMakeFiles/CMakeOutput.log".
[4.450s] Invoked command in '/home/husarion/rosbot_ws/build/rosbot_hardware_interfaces' returned '1': CMAKE_PREFIX_PATH=${CMAKE_PREFIX_PATH}:/home/husarion/ROS2swarm/install/thymio_driver:/home/husarion/ROS2swarm/install/ros2swarm:/home/husarion/ROS2swarm/install/launch_gazebo:/opt/ros/foxy /usr/bin/cmake /home/husarion/rosbot_ws/src/rosbot_hardware_interfaces -DAMENT_CMAKE_SYMLINK_INSTALL=1 -DCMAKE_INSTALL_PREFIX=/home/husarion/rosbot_ws/install/rosbot_hardware_interfaces
