[0.102s] Invoking command in '/home/husarion/rosbot_ws/build/rosbot_description': CMAKE_PREFIX_PATH=/home/husarion/rosbot_ws/install/ros_components_description:/home/husarion/rosbot_ws/install/rosbot_description:/home/husarion/micro_ws/install/micro_ros_setup:/home/husarion/micro_ws/install/micro_ros_agent:/home/husarion/micro_ws/install/micro_ros_msgs:/home/husarion/microros_ws/install/micro_ros_setup:/home/husarion/microros_ws/install/micro_ros_agent:/home/husarion/microros_ws/install/micro_ros_msgs:/home/husarion/ROS2swarm/install/thymio_msgs:/home/husarion/ROS2swarm/install/thymio_description:/home/husarion/ROS2swarm/install/communication_interfaces:/home/husarion/husarion_ws/install/rplidar_ros:/home/husarion/husarion_ws/install/route_admin_panel:/home/husarion/husarion_ws/install/rosbot_description:/home/husarion/husarion_ws/install/astra_camera:/home/husarion/ROS2swarm/install/thymio_driver:/home/husarion/ROS2swarm/install/ros2swarm:/home/husarion/ROS2swarm/install/launch_gazebo:/opt/ros/foxy /usr/bin/cmake --build /home/husarion/rosbot_ws/build/rosbot_description -- -j4 -l4
[0.351s] Invoked command in '/home/husarion/rosbot_ws/build/rosbot_description' returned '0': CMAKE_PREFIX_PATH=/home/husarion/rosbot_ws/install/ros_components_description:/home/husarion/rosbot_ws/install/rosbot_description:/home/husarion/micro_ws/install/micro_ros_setup:/home/husarion/micro_ws/install/micro_ros_agent:/home/husarion/micro_ws/install/micro_ros_msgs:/home/husarion/microros_ws/install/micro_ros_setup:/home/husarion/microros_ws/install/micro_ros_agent:/home/husarion/microros_ws/install/micro_ros_msgs:/home/husarion/ROS2swarm/install/thymio_msgs:/home/husarion/ROS2swarm/install/thymio_description:/home/husarion/ROS2swarm/install/communication_interfaces:/home/husarion/husarion_ws/install/rplidar_ros:/home/husarion/husarion_ws/install/route_admin_panel:/home/husarion/husarion_ws/install/rosbot_description:/home/husarion/husarion_ws/install/astra_camera:/home/husarion/ROS2swarm/install/thymio_driver:/home/husarion/ROS2swarm/install/ros2swarm:/home/husarion/ROS2swarm/install/launch_gazebo:/opt/ros/foxy /usr/bin/cmake --build /home/husarion/rosbot_ws/build/rosbot_description -- -j4 -l4
[0.490s] Invoking command in '/home/husarion/rosbot_ws/build/rosbot_description': CMAKE_PREFIX_PATH=/home/husarion/rosbot_ws/install/ros_components_description:/home/husarion/rosbot_ws/install/rosbot_description:/home/husarion/micro_ws/install/micro_ros_setup:/home/husarion/micro_ws/install/micro_ros_agent:/home/husarion/micro_ws/install/micro_ros_msgs:/home/husarion/microros_ws/install/micro_ros_setup:/home/husarion/microros_ws/install/micro_ros_agent:/home/husarion/microros_ws/install/micro_ros_msgs:/home/husarion/ROS2swarm/install/thymio_msgs:/home/husarion/ROS2swarm/install/thymio_description:/home/husarion/ROS2swarm/install/communication_interfaces:/home/husarion/husarion_ws/install/rplidar_ros:/home/husarion/husarion_ws/install/route_admin_panel:/home/husarion/husarion_ws/install/rosbot_description:/home/husarion/husarion_ws/install/astra_camera:/home/husarion/ROS2swarm/install/thymio_driver:/home/husarion/ROS2swarm/install/ros2swarm:/home/husarion/ROS2swarm/install/launch_gazebo:/opt/ros/foxy /usr/bin/cmake --install /home/husarion/rosbot_ws/build/rosbot_description
[0.557s] -- Install configuration: ""
[0.558s] -- Up-to-date: /home/husarion/rosbot_ws/install/rosbot_description/share/rosbot_description/meshes
[0.559s] -- Up-to-date: /home/husarion/rosbot_ws/install/rosbot_description/share/rosbot_description/meshes/body.stl
[0.560s] -- Up-to-date: /home/husarion/rosbot_ws/install/rosbot_description/share/rosbot_description/meshes/cover.stl
[0.560s] -- Up-to-date: /home/husarion/rosbot_ws/install/rosbot_description/share/rosbot_description/meshes/wheel_a.dae
[0.561s] -- Up-to-date: /home/husarion/rosbot_ws/install/rosbot_description/share/rosbot_description/meshes/wheel_b.dae
[0.562s] -- Up-to-date: /home/husarion/rosbot_ws/install/rosbot_description/share/rosbot_description/meshes/mecanum_b.dae
[0.562s] -- Up-to-date: /home/husarion/rosbot_ws/install/rosbot_description/share/rosbot_description/meshes/mecanum_a.dae
[0.563s] -- Up-to-date: /home/husarion/rosbot_ws/install/rosbot_description/share/rosbot_description/urdf
[0.564s] -- Up-to-date: /home/husarion/rosbot_ws/install/rosbot_description/share/rosbot_description/urdf/rosbot.urdf.xacro
[0.565s] -- Up-to-date: /home/husarion/rosbot_ws/install/rosbot_description/share/rosbot_description/urdf/wheel.urdf.xacro
[0.566s] -- Up-to-date: /home/husarion/rosbot_ws/install/rosbot_description/share/rosbot_description/urdf/body.urdf.xacro
[0.567s] -- Up-to-date: /home/husarion/rosbot_ws/install/rosbot_description/share/rosbot_description/urdf/rosbot_macro.urdf.xacro
[0.568s] -- Up-to-date: /home/husarion/rosbot_ws/install/rosbot_description/share/rosbot_description/urdf/components
[0.568s] -- Up-to-date: /home/husarion/rosbot_ws/install/rosbot_description/share/rosbot_description/urdf/components/vl53lox.urdf.xacro
[0.569s] -- Up-to-date: /home/husarion/rosbot_ws/install/rosbot_description/share/ament_index/resource_index/package_run_dependencies/rosbot_description
[0.570s] -- Up-to-date: /home/husarion/rosbot_ws/install/rosbot_description/share/ament_index/resource_index/parent_prefix_path/rosbot_description
[0.588s] -- Up-to-date: /home/husarion/rosbot_ws/install/rosbot_description/share/rosbot_description/environment/ament_prefix_path.sh
[0.589s] -- Up-to-date: /home/husarion/rosbot_ws/install/rosbot_description/share/rosbot_description/environment/ament_prefix_path.dsv
[0.594s] -- Up-to-date: /home/husarion/rosbot_ws/install/rosbot_description/share/rosbot_description/environment/path.sh
[0.622s] -- Up-to-date: /home/husarion/rosbot_ws/install/rosbot_description/share/rosbot_description/environment/path.dsv
[0.623s] -- Up-to-date: /home/husarion/rosbot_ws/install/rosbot_description/share/rosbot_description/local_setup.bash
[0.624s] -- Up-to-date: /home/husarion/rosbot_ws/install/rosbot_description/share/rosbot_description/local_setup.sh
[0.625s] -- Up-to-date: /home/husarion/rosbot_ws/install/rosbot_description/share/rosbot_description/local_setup.zsh
[0.625s] -- Up-to-date: /home/husarion/rosbot_ws/install/rosbot_description/share/rosbot_description/local_setup.dsv
[0.626s] -- Installing: /home/husarion/rosbot_ws/install/rosbot_description/share/rosbot_description/package.dsv
[0.627s] -- Up-to-date: /home/husarion/rosbot_ws/install/rosbot_description/share/ament_index/resource_index/packages/rosbot_description
[0.627s] -- Up-to-date: /home/husarion/rosbot_ws/install/rosbot_description/share/rosbot_description/cmake/rosbot_descriptionConfig.cmake
[0.628s] -- Up-to-date: /home/husarion/rosbot_ws/install/rosbot_description/share/rosbot_description/cmake/rosbot_descriptionConfig-version.cmake
[0.628s] -- Up-to-date: /home/husarion/rosbot_ws/install/rosbot_description/share/rosbot_description/package.xml
[0.637s] Invoked command in '/home/husarion/rosbot_ws/build/rosbot_description' returned '0': CMAKE_PREFIX_PATH=/home/husarion/rosbot_ws/install/ros_components_description:/home/husarion/rosbot_ws/install/rosbot_description:/home/husarion/micro_ws/install/micro_ros_setup:/home/husarion/micro_ws/install/micro_ros_agent:/home/husarion/micro_ws/install/micro_ros_msgs:/home/husarion/microros_ws/install/micro_ros_setup:/home/husarion/microros_ws/install/micro_ros_agent:/home/husarion/microros_ws/install/micro_ros_msgs:/home/husarion/ROS2swarm/install/thymio_msgs:/home/husarion/ROS2swarm/install/thymio_description:/home/husarion/ROS2swarm/install/communication_interfaces:/home/husarion/husarion_ws/install/rplidar_ros:/home/husarion/husarion_ws/install/route_admin_panel:/home/husarion/husarion_ws/install/rosbot_description:/home/husarion/husarion_ws/install/astra_camera:/home/husarion/ROS2swarm/install/thymio_driver:/home/husarion/ROS2swarm/install/ros2swarm:/home/husarion/ROS2swarm/install/launch_gazebo:/opt/ros/foxy /usr/bin/cmake --install /home/husarion/rosbot_ws/build/rosbot_description
