[0.185s] Invoking command in '/home/husarion/rosbot_ws/build/mecanum_drive_controller': CMAKE_PREFIX_PATH=${CMAKE_PREFIX_PATH}:/home/husarion/ROS2swarm/install/thymio_driver:/home/husarion/ROS2swarm/install/ros2swarm:/home/husarion/ROS2swarm/install/launch_gazebo:/opt/ros/foxy /usr/bin/cmake /home/husarion/rosbot_ws/src/rosbot_controllers/mecanum_drive_controller -DCMAKE_INSTALL_PREFIX=/home/husarion/rosbot_ws/install/mecanum_drive_controller
[0.514s] -- The C compiler identification is GNU 9.4.0
[0.842s] -- The CXX compiler identification is GNU 9.4.0
[0.871s] -- Check for working C compiler: /usr/bin/cc
[1.251s] -- Check for working C compiler: /usr/bin/cc -- works
[1.258s] -- Detecting C compiler ABI info
[1.658s] -- Detecting C compiler ABI info - done
[1.736s] -- Detecting C compile features
[1.738s] -- Detecting C compile features - done
[1.752s] -- Check for working CXX compiler: /usr/bin/c++
[2.193s] -- Check for working CXX compiler: /usr/bin/c++ -- works
[2.198s] -- Detecting CXX compiler ABI info
[2.686s] -- Detecting CXX compiler ABI info - done
[2.763s] -- Detecting CXX compile features
[2.766s] -- Detecting CXX compile features - done
[2.785s] -- Found ament_cmake: 0.9.9 (/opt/ros/foxy/share/ament_cmake/cmake)
[3.006s] -- Found PythonInterp: /usr/bin/python3 (found suitable version "3.8.10", minimum required is "3") 
[3.007s] -- Using PYTHON_EXECUTABLE: /usr/bin/python3
[4.355s] CMake Error at CMakeLists.txt:32 (find_package):
[4.356s]   By not providing "Findcontroller_interface.cmake" in CMAKE_MODULE_PATH this
[4.356s]   project has asked CMake to find a package configuration file provided by
[4.357s]   "controller_interface", but CMake did not find one.
[4.357s] 
[4.359s]   Could not find a package configuration file provided by
[4.359s]   "controller_interface" with any of the following names:
[4.360s] 
[4.360s]     controller_interfaceConfig.cmake
[4.361s]     controller_interface-config.cmake
[4.361s] 
[4.362s]   Add the installation prefix of "controller_interface" to CMAKE_PREFIX_PATH
[4.362s]   or set "controller_interface_DIR" to a directory containing one of the
[4.363s]   above files.  If "controller_interface" provides a separate development
[4.363s]   package or SDK, be sure it has been installed.
[4.364s] 
[4.364s] 
[4.365s] -- Configuring incomplete, errors occurred!
[4.365s] See also "/home/husarion/rosbot_ws/build/mecanum_drive_controller/CMakeFiles/CMakeOutput.log".
[4.384s] Invoked command in '/home/husarion/rosbot_ws/build/mecanum_drive_controller' returned '1': CMAKE_PREFIX_PATH=${CMAKE_PREFIX_PATH}:/home/husarion/ROS2swarm/install/thymio_driver:/home/husarion/ROS2swarm/install/ros2swarm:/home/husarion/ROS2swarm/install/launch_gazebo:/opt/ros/foxy /usr/bin/cmake /home/husarion/rosbot_ws/src/rosbot_controllers/mecanum_drive_controller -DCMAKE_INSTALL_PREFIX=/home/husarion/rosbot_ws/install/mecanum_drive_controller
