-- The C compiler identification is GNU 9.4.0
-- The CXX compiler identification is GNU 9.4.0
-- Check for working C compiler: /usr/bin/cc
-- Check for working C compiler: /usr/bin/cc -- works
-- Detecting C compiler ABI info
-- Detecting C compiler ABI info - done
-- Detecting C compile features
-- Detecting C compile features - done
-- Check for working CXX compiler: /usr/bin/c++
-- Check for working CXX compiler: /usr/bin/c++ -- works
-- Detecting CXX compiler ABI info
-- Detecting CXX compiler ABI info - done
-- Detecting CXX compile features
-- Detecting CXX compile features - done
-- Found ament_cmake_auto: 0.9.9 (/opt/ros/foxy/share/ament_cmake_auto/cmake)
-- Found PythonInterp: /usr/bin/python3 (found suitable version "3.8.10", minimum required is "3") 
-- Using PYTHON_EXECUTABLE: /usr/bin/python3
-- Found ament_cmake_ros: 0.9.2 (/opt/ros/foxy/share/ament_cmake_ros/cmake)
-- Using all available rosidl_typesupport_c: rosidl_typesupport_fastrtps_c;rosidl_typesupport_introspection_c
-- Found rosidl_adapter: 1.2.1 (/opt/ros/foxy/share/rosidl_adapter/cmake)
-- Found OpenSSL: /usr/lib/x86_64-linux-gnu/libcrypto.so (found version "1.1.1f")  
-- Found FastRTPS: /opt/ros/foxy/include  
-- Using all available rosidl_typesupport_cpp: rosidl_typesupport_fastrtps_cpp;rosidl_typesupport_introspection_cpp
-- Found rmw_implementation_cmake: 1.0.3 (/opt/ros/foxy/share/rmw_implementation_cmake/cmake)
-- Using RMW implementation 'rmw_fastrtps_cpp' as default
-- Looking for pthread.h
-- Looking for pthread.h - found
-- Performing Test CMAKE_HAVE_LIBC_PTHREAD
-- Performing Test CMAKE_HAVE_LIBC_PTHREAD - Failed
-- Looking for pthread_create in pthreads
-- Looking for pthread_create in pthreads - not found
-- Looking for pthread_create in pthread
-- Looking for pthread_create in pthread - found
-- Found Threads: TRUE  
-- Configuring done
-- Generating done
-- Build files have been written to: /home/husarion/husarion_ws/build/rplidar_ros
Scanning dependencies of target rplidar_composition_node
[ 11%] Building CXX object CMakeFiles/rplidar_composition_node.dir/src/rplidar_node.cpp.o
[ 22%] Building CXX object CMakeFiles/rplidar_composition_node.dir/sdk/src/arch/linux/net_serial.cpp.o
[ 33%] Building CXX object CMakeFiles/rplidar_composition_node.dir/sdk/src/arch/linux/net_socket.cpp.o
[ 44%] Building CXX object CMakeFiles/rplidar_composition_node.dir/sdk/src/arch/linux/timer.cpp.o
[ 55%] Building CXX object CMakeFiles/rplidar_composition_node.dir/sdk/src/hal/thread.cpp.o
[ 66%] Building CXX object CMakeFiles/rplidar_composition_node.dir/sdk/src/rplidar_driver.cpp.o
[ 77%] Linking CXX shared library librplidar_composition_node.so
[ 77%] Built target rplidar_composition_node
Scanning dependencies of target rplidar_composition
[ 88%] Building CXX object CMakeFiles/rplidar_composition.dir/src/standalone_rplidar.cpp.o
[100%] Linking CXX executable rplidar_composition
[100%] Built target rplidar_composition
-- Install configuration: ""
-- Installing: /home/husarion/husarion_ws/install/rplidar_ros/lib/rplidar_ros/rplidar_composition
-- Set runtime path of "/home/husarion/husarion_ws/install/rplidar_ros/lib/rplidar_ros/rplidar_composition" to ""
-- Installing: /home/husarion/husarion_ws/install/rplidar_ros/share/rplidar_ros/launch
-- Installing: /home/husarion/husarion_ws/install/rplidar_ros/share/rplidar_ros/launch/rplidar.launch.py
-- Installing: /home/husarion/husarion_ws/install/rplidar_ros/share/rplidar_ros/launch/test_rplidar_a3.launch.py
-- Installing: /home/husarion/husarion_ws/install/rplidar_ros/share/rplidar_ros/launch/view_rplidar_s1.launch.py
-- Installing: /home/husarion/husarion_ws/install/rplidar_ros/share/rplidar_ros/launch/rplidar_s1.launch.py
-- Installing: /home/husarion/husarion_ws/install/rplidar_ros/share/rplidar_ros/launch/rplidar_s1_tcp.launch.py
-- Installing: /home/husarion/husarion_ws/install/rplidar_ros/share/rplidar_ros/launch/rplidar_a3.launch.py
-- Installing: /home/husarion/husarion_ws/install/rplidar_ros/share/rplidar_ros/launch/view_rplidar.launch.py
-- Installing: /home/husarion/husarion_ws/install/rplidar_ros/share/rplidar_ros/launch/test_rplidar.launch.py
-- Installing: /home/husarion/husarion_ws/install/rplidar_ros/share/rplidar_ros/launch/view_rplidar_s1_tcp.launch.py
-- Installing: /home/husarion/husarion_ws/install/rplidar_ros/share/rplidar_ros/launch/view_rplidar_a3.launch.py
-- Installing: /home/husarion/husarion_ws/install/rplidar_ros/share/rplidar_ros/rviz
-- Installing: /home/husarion/husarion_ws/install/rplidar_ros/share/rplidar_ros/rviz/rplidar.rviz
-- Installing: /home/husarion/husarion_ws/install/rplidar_ros/lib/librplidar_composition_node.so
-- Set runtime path of "/home/husarion/husarion_ws/install/rplidar_ros/lib/librplidar_composition_node.so" to ""
-- Installing: /home/husarion/husarion_ws/install/rplidar_ros/include
-- Installing: /home/husarion/husarion_ws/install/rplidar_ros/include/rplidar_node.hpp
-- Installing: /home/husarion/husarion_ws/install/rplidar_ros/include/visibility.h
-- Up-to-date: /home/husarion/husarion_ws/install/rplidar_ros/lib/rplidar_ros/rplidar_composition
-- Installing: /home/husarion/husarion_ws/install/rplidar_ros/share/ament_index/resource_index/package_run_dependencies/rplidar_ros
-- Installing: /home/husarion/husarion_ws/install/rplidar_ros/share/ament_index/resource_index/parent_prefix_path/rplidar_ros
-- Installing: /home/husarion/husarion_ws/install/rplidar_ros/share/rplidar_ros/environment/ament_prefix_path.sh
-- Installing: /home/husarion/husarion_ws/install/rplidar_ros/share/rplidar_ros/environment/ament_prefix_path.dsv
-- Installing: /home/husarion/husarion_ws/install/rplidar_ros/share/rplidar_ros/environment/path.sh
-- Installing: /home/husarion/husarion_ws/install/rplidar_ros/share/rplidar_ros/environment/path.dsv
-- Installing: /home/husarion/husarion_ws/install/rplidar_ros/share/rplidar_ros/local_setup.bash
-- Installing: /home/husarion/husarion_ws/install/rplidar_ros/share/rplidar_ros/local_setup.sh
-- Installing: /home/husarion/husarion_ws/install/rplidar_ros/share/rplidar_ros/local_setup.zsh
-- Installing: /home/husarion/husarion_ws/install/rplidar_ros/share/rplidar_ros/local_setup.dsv
-- Installing: /home/husarion/husarion_ws/install/rplidar_ros/share/rplidar_ros/package.dsv
-- Installing: /home/husarion/husarion_ws/install/rplidar_ros/share/ament_index/resource_index/packages/rplidar_ros
-- Installing: /home/husarion/husarion_ws/install/rplidar_ros/share/ament_index/resource_index/rclcpp_components/rplidar_ros
-- Installing: /home/husarion/husarion_ws/install/rplidar_ros/share/rplidar_ros/cmake/ament_cmake_export_dependencies-extras.cmake
-- Installing: /home/husarion/husarion_ws/install/rplidar_ros/share/rplidar_ros/cmake/ament_cmake_export_include_directories-extras.cmake
-- Installing: /home/husarion/husarion_ws/install/rplidar_ros/share/rplidar_ros/cmake/rplidar_rosConfig.cmake
-- Installing: /home/husarion/husarion_ws/install/rplidar_ros/share/rplidar_ros/cmake/rplidar_rosConfig-version.cmake
-- Installing: /home/husarion/husarion_ws/install/rplidar_ros/share/rplidar_ros/package.xml
