[0.015s] Invoking command in '/home/husarion/husarion_ws/build/rplidar_ros': CMAKE_PREFIX_PATH=/opt/ros/foxy /usr/bin/cmake /home/husarion/husarion_ws/src/rplidar_ros -DCMAKE_INSTALL_PREFIX=/home/husarion/husarion_ws/install/rplidar_ros
[0.086s] -- The C compiler identification is GNU 9.4.0
[0.150s] -- The CXX compiler identification is GNU 9.4.0
[0.156s] -- Check for working C compiler: /usr/bin/cc
[0.243s] -- Check for working C compiler: /usr/bin/cc -- works
[0.245s] -- Detecting C compiler ABI info
[0.333s] -- Detecting C compiler ABI info - done
[0.347s] -- Detecting C compile features
[0.348s] -- Detecting C compile features - done
[0.351s] -- Check for working CXX compiler: /usr/bin/c++
[0.450s] -- Check for working CXX compiler: /usr/bin/c++ -- works
[0.452s] -- Detecting CXX compiler ABI info
[0.553s] -- Detecting CXX compiler ABI info - done
[0.567s] -- Detecting CXX compile features
[0.568s] -- Detecting CXX compile features - done
[0.571s] -- Found ament_cmake_auto: 0.9.9 (/opt/ros/foxy/share/ament_cmake_auto/cmake)
[0.603s] -- Found PythonInterp: /usr/bin/python3 (found suitable version "3.8.10", minimum required is "3") 
[0.603s] -- Using PYTHON_EXECUTABLE: /usr/bin/python3
[0.824s] -- Found ament_cmake_ros: 0.9.2 (/opt/ros/foxy/share/ament_cmake_ros/cmake)
[0.952s] -- Using all available rosidl_typesupport_c: rosidl_typesupport_fastrtps_c;rosidl_typesupport_introspection_c
[0.960s] -- Found rosidl_adapter: 1.2.1 (/opt/ros/foxy/share/rosidl_adapter/cmake)
[1.052s] -- Found OpenSSL: /usr/lib/x86_64-linux-gnu/libcrypto.so (found version "1.1.1f")  
[1.089s] -- Found FastRTPS: /opt/ros/foxy/include  
[1.180s] -- Using all available rosidl_typesupport_cpp: rosidl_typesupport_fastrtps_cpp;rosidl_typesupport_introspection_cpp
[1.249s] -- Found rmw_implementation_cmake: 1.0.3 (/opt/ros/foxy/share/rmw_implementation_cmake/cmake)
[1.252s] -- Using RMW implementation 'rmw_fastrtps_cpp' as default
[1.253s] -- Looking for pthread.h
[1.347s] -- Looking for pthread.h - found
[1.347s] -- Performing Test CMAKE_HAVE_LIBC_PTHREAD
[1.442s] -- Performing Test CMAKE_HAVE_LIBC_PTHREAD - Failed
[1.443s] -- Looking for pthread_create in pthreads
[1.519s] -- Looking for pthread_create in pthreads - not found
[1.519s] -- Looking for pthread_create in pthread
[1.621s] -- Looking for pthread_create in pthread - found
[1.621s] -- Found Threads: TRUE  
[2.031s] -- Configuring done
[2.050s] -- Generating done
[2.052s] -- Build files have been written to: /home/husarion/husarion_ws/build/rplidar_ros
[2.064s] Invoked command in '/home/husarion/husarion_ws/build/rplidar_ros' returned '0': CMAKE_PREFIX_PATH=/opt/ros/foxy /usr/bin/cmake /home/husarion/husarion_ws/src/rplidar_ros -DCMAKE_INSTALL_PREFIX=/home/husarion/husarion_ws/install/rplidar_ros
[2.069s] Invoking command in '/home/husarion/husarion_ws/build/rplidar_ros': CMAKE_PREFIX_PATH=/opt/ros/foxy /usr/bin/cmake --build /home/husarion/husarion_ws/build/rplidar_ros -- -j2 -l2
[2.128s] Scanning dependencies of target rplidar_composition_node
[2.198s] [ 11%] Building CXX object CMakeFiles/rplidar_composition_node.dir/src/rplidar_node.cpp.o
[2.343s] In file included from [01m[K/home/husarion/husarion_ws/src/rplidar_ros/src/rplidar_node.cpp:36[m[K:
[2.344s] [01m[K/home/husarion/husarion_ws/src/rplidar_ros/include/rplidar_node.hpp:50:[m[K [01;35m[Kwarning: [m[K"M_PI" redefined
[2.344s]    50 | #define M_PI 3.1415926535897932384626433832795
[2.344s]       | 
[2.344s] In file included from [01m[K/usr/include/c++/9/cmath:45[m[K,
[2.344s]                  from [01m[K/opt/ros/foxy/include/libstatistics_collector/moving_average_statistics/types.hpp:18[m[K,
[2.345s]                  from [01m[K/opt/ros/foxy/include/libstatistics_collector/collector/generate_statistics_message.hpp:24[m[K,
[2.345s]                  from [01m[K/opt/ros/foxy/include/rclcpp/topic_statistics/subscription_topic_statistics.hpp:23[m[K,
[2.345s]                  from [01m[K/opt/ros/foxy/include/rclcpp/subscription.hpp:50[m[K,
[2.345s]                  from [01m[K/opt/ros/foxy/include/rclcpp/any_executable.hpp:25[m[K,
[2.345s]                  from [01m[K/opt/ros/foxy/include/rclcpp/memory_strategy.hpp:24[m[K,
[2.345s]                  from [01m[K/opt/ros/foxy/include/rclcpp/memory_strategies.hpp:18[m[K,
[2.345s]                  from [01m[K/opt/ros/foxy/include/rclcpp/executor_options.hpp:20[m[K,
[2.345s]                  from [01m[K/opt/ros/foxy/include/rclcpp/executor.hpp:33[m[K,
[2.345s]                  from [01m[K/opt/ros/foxy/include/rclcpp/executors/multi_threaded_executor.hpp:26[m[K,
[2.345s]                  from [01m[K/opt/ros/foxy/include/rclcpp/executors.hpp:21[m[K,
[2.346s]                  from [01m[K/opt/ros/foxy/include/rclcpp/rclcpp.hpp:146[m[K,
[2.346s]                  from [01m[K/home/husarion/husarion_ws/src/rplidar_ros/include/rplidar_node.hpp:34[m[K,
[2.346s]                  from [01m[K/home/husarion/husarion_ws/src/rplidar_ros/src/rplidar_node.cpp:36[m[K:
[2.346s] [01m[K/usr/include/math.h:1070:[m[K [01;36m[Knote: [m[Kthis is the location of the previous definition
[2.346s]  1070 | # define M_PI  3.14159265358979323846 /* pi */
[2.346s]       | 
[3.827s] In file included from [01m[K/home/husarion/husarion_ws/src/rplidar_ros/./sdk/include/rplidar.h:39[m[K,
[3.827s]                  from [01m[K/home/husarion/husarion_ws/src/rplidar_ros/include/rplidar_node.hpp:41[m[K,
[3.827s]                  from [01m[K/home/husarion/husarion_ws/src/rplidar_ros/src/rplidar_node.cpp:36[m[K:
[3.827s] [01m[K/home/husarion/husarion_ws/src/rplidar_ros/./sdk/include/rplidar_protocol.h:59:14:[m[K [01;35m[Kwarning: [m[KISO C++ forbids zero-size array ‘[01m[Kdata[m[K’ [[01;35m[K-Wpedantic[m[K]
[3.827s]    59 |     _u8 data[[01;35m[K0[m[K];
[3.827s]       |              [01;35m[K^[m[K
[3.828s] In file included from [01m[K/home/husarion/husarion_ws/src/rplidar_ros/./sdk/include/rplidar.h:40[m[K,
[3.828s]                  from [01m[K/home/husarion/husarion_ws/src/rplidar_ros/include/rplidar_node.hpp:41[m[K,
[3.828s]                  from [01m[K/home/husarion/husarion_ws/src/rplidar_ros/src/rplidar_node.cpp:36[m[K:
[3.828s] [01m[K/home/husarion/husarion_ws/src/rplidar_ros/./sdk/include/rplidar_cmd.h:260:18:[m[K [01;35m[Kwarning: [m[KISO C++ forbids zero-size array ‘[01m[Kpayload[m[K’ [[01;35m[K-Wpedantic[m[K]
[3.829s]   260 |     _u8  payload[[01;35m[K0[m[K];
[3.829s]       |                  [01;35m[K^[m[K
[3.917s] [01m[K/home/husarion/husarion_ws/src/rplidar_ros/src/rplidar_node.cpp:[m[K In member function ‘[01m[Kvoid rplidar_ros::rplidar_node::stop_motor({anonymous}::EmptyRequest, {anonymous}::EmptyResponse)[m[K’:
[3.917s] [01m[K/home/husarion/husarion_ws/src/rplidar_ros/src/rplidar_node.cpp:248:50:[m[K [01;35m[Kwarning: [m[Kunused parameter ‘[01m[Kreq[m[K’ [[01;35m[K-Wunused-parameter[m[K]
[3.917s]   248 | void rplidar_node::stop_motor([01;35m[Kconst EmptyRequest req[m[K, EmptyResponse res)
[3.917s]       |                               [01;35m[K~~~~~~~~~~~~~~~~~~~^~~[m[K
[3.918s] [01m[K/home/husarion/husarion_ws/src/rplidar_ros/src/rplidar_node.cpp:248:69:[m[K [01;35m[Kwarning: [m[Kunused parameter ‘[01m[Kres[m[K’ [[01;35m[K-Wunused-parameter[m[K]
[3.918s]   248 | void rplidar_node::stop_motor(const EmptyRequest req, [01;35m[KEmptyResponse res[m[K)
[3.918s]       |                                                       [01;35m[K~~~~~~~~~~~~~~^~~[m[K
[3.919s] [01m[K/home/husarion/husarion_ws/src/rplidar_ros/src/rplidar_node.cpp:[m[K In member function ‘[01m[Kvoid rplidar_ros::rplidar_node::start_motor({anonymous}::EmptyRequest, {anonymous}::EmptyResponse)[m[K’:
[3.919s] [01m[K/home/husarion/husarion_ws/src/rplidar_ros/src/rplidar_node.cpp:259:51:[m[K [01;35m[Kwarning: [m[Kunused parameter ‘[01m[Kreq[m[K’ [[01;35m[K-Wunused-parameter[m[K]
[3.919s]   259 | void rplidar_node::start_motor([01;35m[Kconst EmptyRequest req[m[K, EmptyResponse res)
[3.919s]       |                                [01;35m[K~~~~~~~~~~~~~~~~~~~^~~[m[K
[3.919s] [01m[K/home/husarion/husarion_ws/src/rplidar_ros/src/rplidar_node.cpp:259:70:[m[K [01;35m[Kwarning: [m[Kunused parameter ‘[01m[Kres[m[K’ [[01;35m[K-Wunused-parameter[m[K]
[3.919s]   259 | void rplidar_node::start_motor(const EmptyRequest req, [01;35m[KEmptyResponse res[m[K)
[3.919s]       |                                                        [01;35m[K~~~~~~~~~~~~~~^~~[m[K
[3.928s] [01m[K/home/husarion/husarion_ws/src/rplidar_ros/src/rplidar_node.cpp:[m[K In member function ‘[01m[Kvoid rplidar_ros::rplidar_node::publish_loop()[m[K’:
[3.928s] [01m[K/home/husarion/husarion_ws/src/rplidar_ros/src/rplidar_node.cpp:362:25:[m[K [01;35m[Kwarning: [m[Kcomparison of integer expressions of different signedness: ‘[01m[Ksize_t[m[K’ {aka ‘[01m[Klong unsigned int[m[K’} and ‘[01m[Kint[m[K’ [[01;35m[K-Wsign-compare[m[K]
[3.928s]   362 |           for (j = 0; [01;35m[Kj < m_angle_compensate_multiple[m[K; j++) {
[3.928s]       |                       [01;35m[K~~^~~~~~~~~~~~~~~~~~~~~~~~~~~~~[m[K
[3.929s] [01m[K/home/husarion/husarion_ws/src/rplidar_ros/src/rplidar_node.cpp:383:44:[m[K [01;35m[Kwarning: [m[Kcomparison of integer expressions of different signedness: ‘[01m[Ksize_t[m[K’ {aka ‘[01m[Klong unsigned int[m[K’} and ‘[01m[Kint[m[K’ [[01;35m[K-Wsign-compare[m[K]
[3.929s]   383 |       for (size_t x = start_node, y = 0; [01;35m[Kx < end_node[m[K; ++x, ++y) {
[3.929s]       |                                          [01;35m[K~~^~~~~~~~~~[m[K
[3.930s] [01m[K/home/husarion/husarion_ws/src/rplidar_ros/src/rplidar_node.cpp:390:11:[m[K [01;35m[Kwarning: [m[Kunused variable ‘[01m[Kangle_min[m[K’ [[01;35m[K-Wunused-variable[m[K]
[3.930s]   390 |     float [01;35m[Kangle_min[m[K = deg_2_rad(0.0f);
[3.930s]       |           [01;35m[K^~~~~~~~~[m[K
[3.930s] [01m[K/home/husarion/husarion_ws/src/rplidar_ros/src/rplidar_node.cpp:391:11:[m[K [01;35m[Kwarning: [m[Kunused variable ‘[01m[Kangle_max[m[K’ [[01;35m[K-Wunused-variable[m[K]
[3.930s]   391 |     float [01;35m[Kangle_max[m[K = deg_2_rad(359.0f);
[3.930s]       |           [01;35m[K^~~~~~~~~[m[K
[6.822s] [ 22%] Building CXX object CMakeFiles/rplidar_composition_node.dir/sdk/src/arch/linux/net_serial.cpp.o
[7.327s] [01m[K/home/husarion/husarion_ws/src/rplidar_ros/sdk/src/arch/linux/net_serial.cpp:[m[K In member function ‘[01m[Kbool rp::arch::net::raw_serial::open(const char*, uint32_t, uint32_t)[m[K’:
[7.327s] [01m[K/home/husarion/husarion_ws/src/rplidar_ros/sdk/src/arch/linux/net_serial.cpp:97:74:[m[K [01;35m[Kwarning: [m[Kunused parameter ‘[01m[Kflags[m[K’ [[01;35m[K-Wunused-parameter[m[K]
[7.327s]    97 | ial::open(const char * portname, uint32_t baudrate, [01;35m[Kuint32_t flags[m[K)
[7.327s]       |                                                     [01;35m[K~~~~~~~~~^~~~~[m[K
[7.328s] 
[7.329s] [01m[K/home/husarion/husarion_ws/src/rplidar_ros/sdk/src/arch/linux/net_serial.cpp:[m[K In member function ‘[01m[Kvirtual void rp::arch::net::raw_serial::flush(_u32)[m[K’:
[7.329s] [01m[K/home/husarion/husarion_ws/src/rplidar_ros/sdk/src/arch/linux/net_serial.cpp:281:30:[m[K [01;35m[Kwarning: [m[Kunused parameter ‘[01m[Kflags[m[K’ [[01;35m[K-Wunused-parameter[m[K]
[7.329s]   281 | void raw_serial::flush( [01;35m[K_u32 flags[m[K)
[7.329s]       |                         [01;35m[K~~~~~^~~~~[m[K
[7.329s] [01m[K/home/husarion/husarion_ws/src/rplidar_ros/sdk/src/arch/linux/net_serial.cpp:[m[K In member function ‘[01m[Kvirtual int rp::arch::net::raw_serial::waitforsent(_u32, size_t*)[m[K’:
[7.329s] [01m[K/home/husarion/husarion_ws/src/rplidar_ros/sdk/src/arch/linux/net_serial.cpp:286:34:[m[K [01;35m[Kwarning: [m[Kunused parameter ‘[01m[Ktimeout[m[K’ [[01;35m[K-Wunused-parameter[m[K]
[7.330s]   286 | int raw_serial::waitforsent([01;35m[K_u32 timeout[m[K, size_t * returned_size)
[7.330s]       |                             [01;35m[K~~~~~^~~~~~~[m[K
[7.330s] [01m[K/home/husarion/husarion_ws/src/rplidar_ros/sdk/src/arch/linux/net_serial.cpp:[m[K In member function ‘[01m[Kvirtual int rp::arch::net::raw_serial::waitforrecv(_u32, size_t*)[m[K’:
[7.330s] [01m[K/home/husarion/husarion_ws/src/rplidar_ros/sdk/src/arch/linux/net_serial.cpp:292:34:[m[K [01;35m[Kwarning: [m[Kunused parameter ‘[01m[Ktimeout[m[K’ [[01;35m[K-Wunused-parameter[m[K]
[7.330s]   292 | int raw_serial::waitforrecv([01;35m[K_u32 timeout[m[K, size_t * returned_size)
[7.330s]       |                             [01;35m[K~~~~~^~~~~~~[m[K
[7.466s] [ 33%] Building CXX object CMakeFiles/rplidar_composition_node.dir/sdk/src/arch/linux/net_socket.cpp.o
[7.825s] In file included from [01m[K/home/husarion/husarion_ws/src/rplidar_ros/./sdk/include/rplidar.h:39[m[K,
[7.825s]                  from [01m[K/home/husarion/husarion_ws/src/rplidar_ros/./sdk/src/sdkcommon.h:48[m[K,
[7.825s]                  from [01m[K/home/husarion/husarion_ws/src/rplidar_ros/sdk/src/arch/linux/net_socket.cpp:10[m[K:
[7.825s] [01m[K/home/husarion/husarion_ws/src/rplidar_ros/./sdk/include/rplidar_protocol.h:59:14:[m[K [01;35m[Kwarning: [m[KISO C++ forbids zero-size array ‘[01m[Kdata[m[K’ [[01;35m[K-Wpedantic[m[K]
[7.825s]    59 |     _u8 data[[01;35m[K0[m[K];
[7.825s]       |              [01;35m[K^[m[K
[7.826s] In file included from [01m[K/home/husarion/husarion_ws/src/rplidar_ros/./sdk/include/rplidar.h:40[m[K,
[7.826s]                  from [01m[K/home/husarion/husarion_ws/src/rplidar_ros/./sdk/src/sdkcommon.h:48[m[K,
[7.826s]                  from [01m[K/home/husarion/husarion_ws/src/rplidar_ros/sdk/src/arch/linux/net_socket.cpp:10[m[K:
[7.827s] [01m[K/home/husarion/husarion_ws/src/rplidar_ros/./sdk/include/rplidar_cmd.h:260:18:[m[K [01;35m[Kwarning: [m[KISO C++ forbids zero-size array ‘[01m[Kpayload[m[K’ [[01;35m[K-Wpedantic[m[K]
[7.827s]   260 |     _u8  payload[[01;35m[K0[m[K];
[7.827s]       |                  [01;35m[K^[m[K
[7.837s] [01m[K/home/husarion/husarion_ws/src/rplidar_ros/sdk/src/arch/linux/net_socket.cpp:[m[K In member function ‘[01m[Kvirtual u_result rp::net::SocketAddress::getAddressAsString(char*, size_t) const[m[K’:
[7.837s] [01m[K/home/husarion/husarion_ws/src/rplidar_ros/sdk/src/arch/linux/net_socket.cpp:170:17:[m[K [01;35m[Kwarning: [m[Kordered comparison of pointer with integer zero [[01;35m[K-Wextra[m[K]
[7.837s]   170 |     return ans<=[01;35m[K0[m[K?RESULT_OPERATION_FAIL:RESULT_OK;
[7.837s]       |                 [01;35m[K^[m[K
[7.844s] [01m[K/home/husarion/husarion_ws/src/rplidar_ros/sdk/src/arch/linux/net_socket.cpp:[m[K In member function ‘[01m[Kvirtual u_result rp::arch::net::StreamSocketImpl::send(const void*, size_t)[m[K’:
[7.845s] [01m[K/home/husarion/husarion_ws/src/rplidar_ros/sdk/src/arch/linux/net_socket.cpp:438:17:[m[K [01;35m[Kwarning: [m[Kcomparison of integer expressions of different signedness: ‘[01m[Ksize_t[m[K’ {aka ‘[01m[Klong unsigned int[m[K’} and ‘[01m[Kint[m[K’ [[01;35m[K-Wsign-compare[m[K]
[7.845s]   438 |         if ([01;35m[Kans == (int)len[m[K) {
[7.845s]       |             [01;35m[K~~~~^~~~~~~~~~~[m[K
[7.849s] In file included from [01m[K/home/husarion/husarion_ws/src/rplidar_ros/./sdk/src/arch/linux/arch_linux.h:42[m[K,
[7.849s]                  from [01m[K/home/husarion/husarion_ws/src/rplidar_ros/./sdk/src/sdkcommon.h:40[m[K,
[7.849s]                  from [01m[K/home/husarion/husarion_ws/src/rplidar_ros/sdk/src/arch/linux/net_socket.cpp:10[m[K:
[7.849s] [01m[K/home/husarion/husarion_ws/src/rplidar_ros/sdk/src/arch/linux/net_socket.cpp:[m[K In member function ‘[01m[Kvirtual u_result rp::arch::net::DGramSocketImpl::sendTo(const rp::net::SocketAddress&, const void*, size_t)[m[K’:
[7.849s] [01m[K/home/husarion/husarion_ws/src/rplidar_ros/sdk/src/arch/linux/net_socket.cpp:726:24:[m[K [01;35m[Kwarning: [m[Kcomparison of integer expressions of different signedness: ‘[01m[Ksize_t[m[K’ {aka ‘[01m[Klong unsigned int[m[K’} and ‘[01m[Kint[m[K’ [[01;35m[K-Wsign-compare[m[K]
[7.849s]   726 |             assert([01;35m[Kans == (int)len[m[K);
[7.849s]       |                    [01;35m[K~~~~^~~~~~~~~~~[m[K
[8.049s] [ 44%] Building CXX object CMakeFiles/rplidar_composition_node.dir/sdk/src/arch/linux/timer.cpp.o
[8.477s] [ 55%] Building CXX object CMakeFiles/rplidar_composition_node.dir/sdk/src/hal/thread.cpp.o
[8.835s] In file included from [01m[K/home/husarion/husarion_ws/src/rplidar_ros/./sdk/include/rplidar.h:39[m[K,
[8.835s]                  from [01m[K/home/husarion/husarion_ws/src/rplidar_ros/./sdk/src/sdkcommon.h:48[m[K,
[8.835s]                  from [01m[K/home/husarion/husarion_ws/src/rplidar_ros/sdk/src/hal/thread.cpp:35[m[K:
[8.835s] [01m[K/home/husarion/husarion_ws/src/rplidar_ros/./sdk/include/rplidar_protocol.h:59:14:[m[K [01;35m[Kwarning: [m[KISO C++ forbids zero-size array ‘[01m[Kdata[m[K’ [[01;35m[K-Wpedantic[m[K]
[8.835s]    59 |     _u8 data[[01;35m[K0[m[K];
[8.835s]       |              [01;35m[K^[m[K
[8.836s] In file included from [01m[K/home/husarion/husarion_ws/src/rplidar_ros/./sdk/include/rplidar.h:40[m[K,
[8.836s]                  from [01m[K/home/husarion/husarion_ws/src/rplidar_ros/./sdk/src/sdkcommon.h:48[m[K,
[8.836s]                  from [01m[K/home/husarion/husarion_ws/src/rplidar_ros/sdk/src/hal/thread.cpp:35[m[K:
[8.836s] [01m[K/home/husarion/husarion_ws/src/rplidar_ros/./sdk/include/rplidar_cmd.h:260:18:[m[K [01;35m[Kwarning: [m[KISO C++ forbids zero-size array ‘[01m[Kpayload[m[K’ [[01;35m[K-Wpedantic[m[K]
[8.836s]   260 |     _u8  payload[[01;35m[K0[m[K];
[8.836s]       |                  [01;35m[K^[m[K
[8.839s] In file included from [01m[K/home/husarion/husarion_ws/src/rplidar_ros/sdk/src/hal/thread.cpp:43[m[K:
[8.839s] [01m[K/home/husarion/husarion_ws/src/rplidar_ros/./sdk/src/arch/linux/thread.hpp:[m[K In static member function ‘[01m[Kstatic rp::hal::Thread rp::hal::Thread::create(thread_proc_t, void*)[m[K’:
[8.839s] [01m[K/home/husarion/husarion_ws/src/rplidar_ros/./sdk/src/arch/linux/thread.hpp:48:77:[m[K [01;35m[Kwarning: [m[Kcast between incompatible function types from ‘[01m[Kthread_proc_t[m[K’ {aka ‘[01m[Klong unsigned int (*)(void*)[m[K’} to ‘[01m[Kvoid* (*)(void*)[m[K’ [[01;35m[K-Wcast-function-type[m[K]
[8.839s]    48 | ad_create((pthread_t *)&newborn._handle, NULL, (void * (*)(void *))[01;35m[Kproc[m[K, data);
[8.839s]       |                                                                    [01;35m[K^~~~[m[K
[8.839s] 
[8.840s] [01m[K/home/husarion/husarion_ws/src/rplidar_ros/./sdk/src/arch/linux/thread.hpp:[m[K In member function ‘[01m[Ku_result rp::hal::Thread::join(long unsigned int)[m[K’:
[8.840s] [01m[K/home/husarion/husarion_ws/src/rplidar_ros/./sdk/src/arch/linux/thread.hpp:129:37:[m[K [01;35m[Kwarning: [m[Kunused parameter ‘[01m[Ktimeout[m[K’ [[01;35m[K-Wunused-parameter[m[K]
[8.840s]   129 | u_result Thread::join([01;35m[Kunsigned long timeout[m[K)
[8.840s]       |                       [01;35m[K~~~~~~~~~~~~~~^~~~~~~[m[K
[8.949s] [ 66%] Building CXX object CMakeFiles/rplidar_composition_node.dir/sdk/src/rplidar_driver.cpp.o
[9.314s] In file included from [01m[K/home/husarion/husarion_ws/src/rplidar_ros/./sdk/include/rplidar.h:39[m[K,
[9.314s]                  from [01m[K/home/husarion/husarion_ws/src/rplidar_ros/sdk/src/sdkcommon.h:48[m[K,
[9.314s]                  from [01m[K/home/husarion/husarion_ws/src/rplidar_ros/sdk/src/rplidar_driver.cpp:35[m[K:
[9.314s] [01m[K/home/husarion/husarion_ws/src/rplidar_ros/./sdk/include/rplidar_protocol.h:59:14:[m[K [01;35m[Kwarning: [m[KISO C++ forbids zero-size array ‘[01m[Kdata[m[K’ [[01;35m[K-Wpedantic[m[K]
[9.314s]    59 |     _u8 data[[01;35m[K0[m[K];
[9.314s]       |              [01;35m[K^[m[K
[9.315s] In file included from [01m[K/home/husarion/husarion_ws/src/rplidar_ros/./sdk/include/rplidar.h:40[m[K,
[9.315s]                  from [01m[K/home/husarion/husarion_ws/src/rplidar_ros/sdk/src/sdkcommon.h:48[m[K,
[9.315s]                  from [01m[K/home/husarion/husarion_ws/src/rplidar_ros/sdk/src/rplidar_driver.cpp:35[m[K:
[9.315s] [01m[K/home/husarion/husarion_ws/src/rplidar_ros/./sdk/include/rplidar_cmd.h:260:18:[m[K [01;35m[Kwarning: [m[KISO C++ forbids zero-size array ‘[01m[Kpayload[m[K’ [[01;35m[K-Wpedantic[m[K]
[9.316s]   260 |     _u8  payload[[01;35m[K0[m[K];
[9.316s]       |                  [01;35m[K^[m[K
[9.465s] [01m[K/home/husarion/husarion_ws/src/rplidar_ros/sdk/src/rplidar_driver.cpp:[m[K In member function ‘[01m[Kvirtual u_result rp::standalone::rplidar::RPlidarDriverImplCommon::reset(_u32)[m[K’:
[9.465s] [01m[K/home/husarion/husarion_ws/src/rplidar_ros/sdk/src/rplidar_driver.cpp:121:46:[m[K [01;35m[Kwarning: [m[Kunused parameter ‘[01m[Ktimeout[m[K’ [[01;35m[K-Wunused-parameter[m[K]
[9.465s]   121 | u_result RPlidarDriverImplCommon::reset([01;35m[K_u32 timeout[m[K)
[9.465s]       |                                         [01;35m[K~~~~~^~~~~~~[m[K
[9.467s] [01m[K/home/husarion/husarion_ws/src/rplidar_ros/sdk/src/rplidar_driver.cpp:[m[K In member function ‘[01m[Kvirtual u_result rp::standalone::rplidar::RPlidarDriverImplCommon::checkIfTofLidar(bool&, _u32)[m[K’:
[9.467s] [01m[K/home/husarion/husarion_ws/src/rplidar_ros/sdk/src/rplidar_driver.cpp:275:75:[m[K [01;35m[Kwarning: [m[Kunused parameter ‘[01m[Ktimeout[m[K’ [[01;35m[K-Wunused-parameter[m[K]
[9.467s]   275 | esult RPlidarDriverImplCommon::checkIfTofLidar(bool & isTofLidar, [01;35m[K_u32 timeout[m[K)
[9.467s]       |                                                                   [01;35m[K~~~~~^~~~~~~[m[K
[9.467s] 
[9.472s] [01m[K/home/husarion/husarion_ws/src/rplidar_ros/sdk/src/rplidar_driver.cpp:[m[K In member function ‘[01m[Kvirtual int rp::standalone::rplidar::RPlidarDriverImplCommon::_getSyncBitByAngle(int, int)[m[K’:
[9.472s] [01m[K/home/husarion/husarion_ws/src/rplidar_ros/sdk/src/rplidar_driver.cpp:671:16:[m[K [01;35m[Kwarning: [m[Kvariable ‘[01m[Klast_angleInc_q16[m[K’ set but not used [[01;35m[K-Wunused-but-set-variable[m[K]
[9.472s]   671 |     static int [01;35m[Klast_angleInc_q16[m[K = 0;
[9.472s]       |                [01;35m[K^~~~~~~~~~~~~~~~~[m[K
[9.472s] [01m[K/home/husarion/husarion_ws/src/rplidar_ros/sdk/src/rplidar_driver.cpp:673:9:[m[K [01;35m[Kwarning: [m[Kunused variable ‘[01m[KsyncBit_check_threshold[m[K’ [[01;35m[K-Wunused-variable[m[K]
[9.472s]   673 |     int [01;35m[KsyncBit_check_threshold[m[K = (int)((5 << 16) / angleInc_q16) + 1;//find syncBit in 0~3 degree
[9.472s]       |         [01;35m[K^~~~~~~~~~~~~~~~~~~~~~~[m[K
[9.474s] [01m[K/home/husarion/husarion_ws/src/rplidar_ros/sdk/src/rplidar_driver.cpp:[m[K In member function ‘[01m[Kvirtual u_result rp::standalone::rplidar::RPlidarDriverImplCommon::_cacheUltraCapsuledScanData()[m[K’:
[9.474s] [01m[K/home/husarion/husarion_ws/src/rplidar_ros/sdk/src/rplidar_driver.cpp:771:46:[m[K [01;35m[Kwarning: [m[Kunused variable ‘[01m[Klast_scan_count[m[K’ [[01;35m[K-Wunused-variable[m[K]
[9.474s]   771 |     size_t                                   [01;35m[Klast_scan_count[m[K = 0;
[9.474s]       |                                              [01;35m[K^~~~~~~~~~~~~~~[m[K
[9.475s] [01m[K/home/husarion/husarion_ws/src/rplidar_ros/sdk/src/rplidar_driver.cpp:[m[K In member function ‘[01m[Kvirtual void rp::standalone::rplidar::RPlidarDriverImplCommon::_capsuleToNormal(const rplidar_response_capsule_measurement_nodes_t&, rplidar_response_measurement_node_hq_t*, size_t&)[m[K’:
[9.475s] [01m[K/home/husarion/husarion_ws/src/rplidar_ros/sdk/src/rplidar_driver.cpp:850:17:[m[K [01;35m[Kwarning: [m[Kunused variable ‘[01m[KsyncBit_check_threshold[m[K’ [[01;35m[K-Wunused-variable[m[K]
[9.475s]   850 |             int [01;35m[KsyncBit_check_threshold[m[K = (int)((2 << 16) / angleInc_q16) + 1;//find syncBit in 0~1 degree
[9.475s]       |                 [01;35m[K^~~~~~~~~~~~~~~~~~~~~~~[m[K
[9.476s] [01m[K/home/husarion/husarion_ws/src/rplidar_ros/sdk/src/rplidar_driver.cpp:[m[K In member function ‘[01m[Kvirtual void rp::standalone::rplidar::RPlidarDriverImplCommon::_dense_capsuleToNormal(const rplidar_response_capsule_measurement_nodes_t&, rplidar_response_measurement_node_hq_t*, size_t&)[m[K’:
[9.476s] [01m[K/home/husarion/husarion_ws/src/rplidar_ros/sdk/src/rplidar_driver.cpp:903:108:[m[K [01;35m[Kwarning: [m[Ktype qualifiers ignored on cast result type [[01;35m[K-Wignored-qualifiers[m[K]
[9.476s]   903 |  int>(_cached_previous_dense_capsuledata.cabins[pos].distance[01;35m[K)[m[K;
[9.476s]       |                                                              [01;35m[K^[m[K
[9.476s] 
[9.478s] [01m[K/home/husarion/husarion_ws/src/rplidar_ros/sdk/src/rplidar_driver.cpp:[m[K In function ‘[01m[K_u32 rp::standalone::rplidar::_crc32cal(_u32, void*, _u16)[m[K’:
[9.478s] [01m[K/home/husarion/husarion_ws/src/rplidar_ros/sdk/src/rplidar_driver.cpp:1027:23:[m[K [01;35m[Kwarning: [m[Ksuggest parentheses around ‘[01m[K-[m[K’ in operand of ‘[01m[K&[m[K’ [[01;35m[K-Wparentheses[m[K]
[9.478s]  1027 |     _u8 leftBytes = [01;35m[K4 - len[m[K & 0x3;
[9.478s]       |                     [01;35m[K~~^~~~~[m[K
[9.480s] [01m[K/home/husarion/husarion_ws/src/rplidar_ros/sdk/src/rplidar_driver.cpp:[m[K In member function ‘[01m[Kvirtual void rp::standalone::rplidar::RPlidarDriverImplCommon::_ultraCapsuleToNormal(const rplidar_response_ultra_capsule_measurement_nodes_t&, rplidar_response_measurement_node_hq_t*, size_t&)[m[K’:
[9.480s] [01m[K/home/husarion/husarion_ws/src/rplidar_ros/sdk/src/rplidar_driver.cpp:1238:32:[m[K [01;35m[Kwarning: [m[Kcomparison of integer expressions of different signedness: ‘[01m[Kint[m[K’ and ‘[01m[Kunsigned int[m[K’ [[01;35m[K-Wsign-compare[m[K]
[9.480s]  1238 |             if (([01;35m[Kdist_predict1 == 0xFFFFFE00[m[K) || (dist_predict1 == 0x1FF)) {
[9.481s]       |                  [01;35m[K~~~~~~~~~~~~~~^~~~~~~~~~~~~[m[K
[9.481s] [01m[K/home/husarion/husarion_ws/src/rplidar_ros/sdk/src/rplidar_driver.cpp:1246:32:[m[K [01;35m[Kwarning: [m[Kcomparison of integer expressions of different signedness: ‘[01m[Kint[m[K’ and ‘[01m[Kunsigned int[m[K’ [[01;35m[K-Wsign-compare[m[K]
[9.481s]  1246 |             if (([01;35m[Kdist_predict2 == 0xFFFFFE00[m[K) || (dist_predict2 == 0x1FF)) {
[9.481s]       |                  [01;35m[K~~~~~~~~~~~~~~^~~~~~~~~~~~~[m[K
[9.482s] [01m[K/home/husarion/husarion_ws/src/rplidar_ros/sdk/src/rplidar_driver.cpp:1256:21:[m[K [01;35m[Kwarning: [m[Kunused variable ‘[01m[KsyncBit_check_threshold[m[K’ [[01;35m[K-Wunused-variable[m[K]
[9.482s]  1256 |                 int [01;35m[KsyncBit_check_threshold[m[K = (int)((3 << 16) / angleInc_q16)+1;//find syncBit in 0~1 degree
[9.482s]       |                     [01;35m[K^~~~~~~~~~~~~~~~~~~~~~~[m[K
[9.489s] [01m[K/home/husarion/husarion_ws/src/rplidar_ros/sdk/src/rplidar_driver.cpp:[m[K In member function ‘[01m[Kvirtual u_result rp::standalone::rplidar::RPlidarDriverImplCommon::getAllSupportedScanModes(std::vector<rp::standalone::rplidar::RplidarScanMode>&, _u32)[m[K’:
[9.489s] [01m[K/home/husarion/husarion_ws/src/rplidar_ros/sdk/src/rplidar_driver.cpp:1484:105:[m[K [01;35m[Kwarning: [m[Kunused parameter ‘[01m[KtimeoutInMs[m[K’ [[01;35m[K-Wunused-parameter[m[K]
[9.489s]  1484 | AllSupportedScanModes(std::vector<RplidarScanMode>& outModes, [01;35m[K_u32 timeoutInMs[m[K)
[9.489s]       |                                                               [01;35m[K~~~~~^~~~~~~~~~~[m[K
[9.489s] 
[9.490s] [01m[K/home/husarion/husarion_ws/src/rplidar_ros/sdk/src/rplidar_driver.cpp:[m[K In member function ‘[01m[Kvirtual u_result rp::standalone::rplidar::RPlidarDriverImplCommon::startScan(bool, bool, _u32, rp::standalone::rplidar::RplidarScanMode*)[m[K’:
[9.490s] [01m[K/home/husarion/husarion_ws/src/rplidar_ros/sdk/src/rplidar_driver.cpp:1581:83:[m[K [01;35m[Kwarning: [m[Kunused parameter ‘[01m[Koptions[m[K’ [[01;35m[K-Wunused-parameter[m[K]
[9.491s]  1581 | rImplCommon::startScan(bool force, bool useTypicalScan, [01;35m[K_u32 options[m[K, RplidarScanMode* outUsedScanMode)
[9.491s]       |                                                         [01;35m[K~~~~~^~~~~~~[m[K
[9.491s] 
[9.493s] [01m[K/home/husarion/husarion_ws/src/rplidar_ros/sdk/src/rplidar_driver.cpp:[m[K In member function ‘[01m[Kvirtual u_result rp::standalone::rplidar::RPlidarDriverImplCommon::stop(_u32)[m[K’:
[9.493s] [01m[K/home/husarion/husarion_ws/src/rplidar_ros/sdk/src/rplidar_driver.cpp:1805:45:[m[K [01;35m[Kwarning: [m[Kunused parameter ‘[01m[Ktimeout[m[K’ [[01;35m[K-Wunused-parameter[m[K]
[9.493s]  1805 | u_result RPlidarDriverImplCommon::stop([01;35m[K_u32 timeout[m[K)
[9.493s]       |                                        [01;35m[K~~~~~^~~~~~~[m[K
[9.497s] [01m[K/home/husarion/husarion_ws/src/rplidar_ros/sdk/src/rplidar_driver.cpp:[m[K In member function ‘[01m[Kvirtual u_result rp::standalone::rplidar::RPlidarDriverImplCommon::setLidarSpinSpeed(_u16, _u32)[m[K’:
[9.497s] [01m[K/home/husarion/husarion_ws/src/rplidar_ros/sdk/src/rplidar_driver.cpp:2193:68:[m[K [01;35m[Kwarning: [m[Kunused parameter ‘[01m[Ktimeout[m[K’ [[01;35m[K-Wunused-parameter[m[K]
[9.497s]  2193 | u_result RPlidarDriverImplCommon::setLidarSpinSpeed(_u16 rpm, [01;35m[K_u32 timeout[m[K)
[9.497s]       |                                                               [01;35m[K~~~~~^~~~~~~[m[K
[9.499s] [01m[K/home/husarion/husarion_ws/src/rplidar_ros/sdk/src/rplidar_driver.cpp:[m[K In member function ‘[01m[Kvirtual u_result rp::standalone::rplidar::RPlidarDriverSerial::connect(const char*, _u32, _u32)[m[K’:
[9.499s] [01m[K/home/husarion/husarion_ws/src/rplidar_ros/sdk/src/rplidar_driver.cpp:2270:83:[m[K [01;35m[Kwarning: [m[Kunused parameter ‘[01m[Kflag[m[K’ [[01;35m[K-Wunused-parameter[m[K]
[9.499s]  2270 | rSerial::connect(const char * port_path, _u32 baudrate, [01;35m[K_u32 flag[m[K)
[9.499s]       |                                                         [01;35m[K~~~~~^~~~[m[K
[9.499s] 
[9.500s] [01m[K/home/husarion/husarion_ws/src/rplidar_ros/sdk/src/rplidar_driver.cpp:[m[K In member function ‘[01m[Kvirtual u_result rp::standalone::rplidar::RPlidarDriverTCP::connect(const char*, _u32, _u32)[m[K’:
[9.500s] [01m[K/home/husarion/husarion_ws/src/rplidar_ros/sdk/src/rplidar_driver.cpp:2312:72:[m[K [01;35m[Kwarning: [m[Kunused parameter ‘[01m[Kflag[m[K’ [[01;35m[K-Wunused-parameter[m[K]
[9.500s]  2312 | u_result RPlidarDriverTCP::connect(const char * ipStr, _u32 port, [01;35m[K_u32 flag[m[K)
[9.500s]       |                                                                   [01;35m[K~~~~~^~~~[m[K
[9.618s] [01m[K/home/husarion/husarion_ws/src/rplidar_ros/sdk/src/rplidar_driver.cpp:[m[K In member function ‘[01m[Kvirtual u_result rp::standalone::rplidar::RPlidarDriverImplCommon::startMotor()[m[K’:
[9.618s] [01m[K/home/husarion/husarion_ws/src/rplidar_ros/sdk/src/rplidar_driver.cpp:2225:1:[m[K [01;35m[Kwarning: [m[Kcontrol reaches end of non-void function [[01;35m[K-Wreturn-type[m[K]
[9.618s]  2225 | [01;35m[K}[m[K
[9.618s]       | [01;35m[K^[m[K
[9.917s] [ 77%] Linking CXX shared library librplidar_composition_node.so
[10.180s] [ 77%] Built target rplidar_composition_node
[10.195s] Scanning dependencies of target rplidar_composition
[10.247s] [ 88%] Building CXX object CMakeFiles/rplidar_composition.dir/src/standalone_rplidar.cpp.o
[10.381s] In file included from [01m[K/home/husarion/husarion_ws/src/rplidar_ros/src/standalone_rplidar.cpp:16[m[K:
[10.381s] [01m[K/home/husarion/husarion_ws/src/rplidar_ros/include/rplidar_node.hpp:50:[m[K [01;35m[Kwarning: [m[K"M_PI" redefined
[10.381s]    50 | #define M_PI 3.1415926535897932384626433832795
[10.381s]       | 
[10.382s] In file included from [01m[K/usr/include/c++/9/cmath:45[m[K,
[10.382s]                  from [01m[K/opt/ros/foxy/include/libstatistics_collector/moving_average_statistics/types.hpp:18[m[K,
[10.382s]                  from [01m[K/opt/ros/foxy/include/libstatistics_collector/collector/generate_statistics_message.hpp:24[m[K,
[10.382s]                  from [01m[K/opt/ros/foxy/include/rclcpp/topic_statistics/subscription_topic_statistics.hpp:23[m[K,
[10.382s]                  from [01m[K/opt/ros/foxy/include/rclcpp/subscription.hpp:50[m[K,
[10.382s]                  from [01m[K/opt/ros/foxy/include/rclcpp/any_executable.hpp:25[m[K,
[10.382s]                  from [01m[K/opt/ros/foxy/include/rclcpp/memory_strategy.hpp:24[m[K,
[10.382s]                  from [01m[K/opt/ros/foxy/include/rclcpp/memory_strategies.hpp:18[m[K,
[10.382s]                  from [01m[K/opt/ros/foxy/include/rclcpp/executor_options.hpp:20[m[K,
[10.382s]                  from [01m[K/opt/ros/foxy/include/rclcpp/executor.hpp:33[m[K,
[10.383s]                  from [01m[K/opt/ros/foxy/include/rclcpp/executors/multi_threaded_executor.hpp:26[m[K,
[10.383s]                  from [01m[K/opt/ros/foxy/include/rclcpp/executors.hpp:21[m[K,
[10.383s]                  from [01m[K/opt/ros/foxy/include/rclcpp/rclcpp.hpp:146[m[K,
[10.383s]                  from [01m[K/home/husarion/husarion_ws/src/rplidar_ros/include/rplidar_node.hpp:34[m[K,
[10.383s]                  from [01m[K/home/husarion/husarion_ws/src/rplidar_ros/src/standalone_rplidar.cpp:16[m[K:
[10.383s] [01m[K/usr/include/math.h:1070:[m[K [01;36m[Knote: [m[Kthis is the location of the previous definition
[10.383s]  1070 | # define M_PI  3.14159265358979323846 /* pi */
[10.383s]       | 
[11.860s] In file included from [01m[K/home/husarion/husarion_ws/src/rplidar_ros/./sdk/include/rplidar.h:39[m[K,
[11.861s]                  from [01m[K/home/husarion/husarion_ws/src/rplidar_ros/include/rplidar_node.hpp:41[m[K,
[11.861s]                  from [01m[K/home/husarion/husarion_ws/src/rplidar_ros/src/standalone_rplidar.cpp:16[m[K:
[11.861s] [01m[K/home/husarion/husarion_ws/src/rplidar_ros/./sdk/include/rplidar_protocol.h:59:14:[m[K [01;35m[Kwarning: [m[KISO C++ forbids zero-size array ‘[01m[Kdata[m[K’ [[01;35m[K-Wpedantic[m[K]
[11.861s]    59 |     _u8 data[[01;35m[K0[m[K];
[11.861s]       |              [01;35m[K^[m[K
[11.863s] In file included from [01m[K/home/husarion/husarion_ws/src/rplidar_ros/./sdk/include/rplidar.h:40[m[K,
[11.863s]                  from [01m[K/home/husarion/husarion_ws/src/rplidar_ros/include/rplidar_node.hpp:41[m[K,
[11.863s]                  from [01m[K/home/husarion/husarion_ws/src/rplidar_ros/src/standalone_rplidar.cpp:16[m[K:
[11.863s] [01m[K/home/husarion/husarion_ws/src/rplidar_ros/./sdk/include/rplidar_cmd.h:260:18:[m[K [01;35m[Kwarning: [m[KISO C++ forbids zero-size array ‘[01m[Kpayload[m[K’ [[01;35m[K-Wpedantic[m[K]
[11.863s]   260 |     _u8  payload[[01;35m[K0[m[K];
[11.863s]       |                  [01;35m[K^[m[K
[12.321s] In file included from [01m[K/home/husarion/husarion_ws/src/rplidar_ros/src/standalone_rplidar.cpp:16[m[K:
[12.321s] [01m[K/home/husarion/husarion_ws/src/rplidar_ros/include/rplidar_node.hpp:76:14:[m[K [01;35m[Kwarning: [m[K‘[01m[Kfloat rplidar_ros::getAngle(const rplidar_response_measurement_node_hq_t&)[m[K’ defined but not used [[01;35m[K-Wunused-function[m[K]
[12.321s]    76 | static float [01;35m[KgetAngle[m[K(const rplidar_response_measurement_node_hq_t & node)
[12.321s]       |              [01;35m[K^~~~~~~~[m[K
[12.469s] [100%] Linking CXX executable rplidar_composition
[12.661s] [100%] Built target rplidar_composition
[12.679s] Invoked command in '/home/husarion/husarion_ws/build/rplidar_ros' returned '0': CMAKE_PREFIX_PATH=/opt/ros/foxy /usr/bin/cmake --build /home/husarion/husarion_ws/build/rplidar_ros -- -j2 -l2
[12.730s] Invoking command in '/home/husarion/husarion_ws/build/rplidar_ros': CMAKE_PREFIX_PATH=/opt/ros/foxy /usr/bin/cmake --install /home/husarion/husarion_ws/build/rplidar_ros
[12.746s] -- Install configuration: ""
[12.747s] -- Installing: /home/husarion/husarion_ws/install/rplidar_ros/lib/rplidar_ros/rplidar_composition
[12.747s] -- Set runtime path of "/home/husarion/husarion_ws/install/rplidar_ros/lib/rplidar_ros/rplidar_composition" to ""
[12.748s] -- Installing: /home/husarion/husarion_ws/install/rplidar_ros/share/rplidar_ros/launch
[12.748s] -- Installing: /home/husarion/husarion_ws/install/rplidar_ros/share/rplidar_ros/launch/rplidar.launch.py
[12.749s] -- Installing: /home/husarion/husarion_ws/install/rplidar_ros/share/rplidar_ros/launch/test_rplidar_a3.launch.py
[12.750s] -- Installing: /home/husarion/husarion_ws/install/rplidar_ros/share/rplidar_ros/launch/view_rplidar_s1.launch.py
[12.750s] -- Installing: /home/husarion/husarion_ws/install/rplidar_ros/share/rplidar_ros/launch/rplidar_s1.launch.py
[12.751s] -- Installing: /home/husarion/husarion_ws/install/rplidar_ros/share/rplidar_ros/launch/rplidar_s1_tcp.launch.py
[12.752s] -- Installing: /home/husarion/husarion_ws/install/rplidar_ros/share/rplidar_ros/launch/rplidar_a3.launch.py
[12.752s] -- Installing: /home/husarion/husarion_ws/install/rplidar_ros/share/rplidar_ros/launch/view_rplidar.launch.py
[12.753s] -- Installing: /home/husarion/husarion_ws/install/rplidar_ros/share/rplidar_ros/launch/test_rplidar.launch.py
[12.754s] -- Installing: /home/husarion/husarion_ws/install/rplidar_ros/share/rplidar_ros/launch/view_rplidar_s1_tcp.launch.py
[12.755s] -- Installing: /home/husarion/husarion_ws/install/rplidar_ros/share/rplidar_ros/launch/view_rplidar_a3.launch.py
[12.755s] -- Installing: /home/husarion/husarion_ws/install/rplidar_ros/share/rplidar_ros/rviz
[12.755s] -- Installing: /home/husarion/husarion_ws/install/rplidar_ros/share/rplidar_ros/rviz/rplidar.rviz
[12.756s] -- Installing: /home/husarion/husarion_ws/install/rplidar_ros/lib/librplidar_composition_node.so
[12.759s] -- Set runtime path of "/home/husarion/husarion_ws/install/rplidar_ros/lib/librplidar_composition_node.so" to ""
[12.760s] -- Installing: /home/husarion/husarion_ws/install/rplidar_ros/include
[12.760s] -- Installing: /home/husarion/husarion_ws/install/rplidar_ros/include/rplidar_node.hpp
[12.760s] -- Installing: /home/husarion/husarion_ws/install/rplidar_ros/include/visibility.h
[12.761s] -- Up-to-date: /home/husarion/husarion_ws/install/rplidar_ros/lib/rplidar_ros/rplidar_composition
[12.761s] -- Installing: /home/husarion/husarion_ws/install/rplidar_ros/share/ament_index/resource_index/package_run_dependencies/rplidar_ros
[12.762s] -- Installing: /home/husarion/husarion_ws/install/rplidar_ros/share/ament_index/resource_index/parent_prefix_path/rplidar_ros
[12.762s] -- Installing: /home/husarion/husarion_ws/install/rplidar_ros/share/rplidar_ros/environment/ament_prefix_path.sh
[12.762s] -- Installing: /home/husarion/husarion_ws/install/rplidar_ros/share/rplidar_ros/environment/ament_prefix_path.dsv
[12.763s] -- Installing: /home/husarion/husarion_ws/install/rplidar_ros/share/rplidar_ros/environment/path.sh
[12.763s] -- Installing: /home/husarion/husarion_ws/install/rplidar_ros/share/rplidar_ros/environment/path.dsv
[12.763s] -- Installing: /home/husarion/husarion_ws/install/rplidar_ros/share/rplidar_ros/local_setup.bash
[12.764s] -- Installing: /home/husarion/husarion_ws/install/rplidar_ros/share/rplidar_ros/local_setup.sh
[12.764s] -- Installing: /home/husarion/husarion_ws/install/rplidar_ros/share/rplidar_ros/local_setup.zsh
[12.764s] -- Installing: /home/husarion/husarion_ws/install/rplidar_ros/share/rplidar_ros/local_setup.dsv
[12.765s] -- Installing: /home/husarion/husarion_ws/install/rplidar_ros/share/rplidar_ros/package.dsv
[12.765s] -- Installing: /home/husarion/husarion_ws/install/rplidar_ros/share/ament_index/resource_index/packages/rplidar_ros
[12.765s] -- Installing: /home/husarion/husarion_ws/install/rplidar_ros/share/ament_index/resource_index/rclcpp_components/rplidar_ros
[12.766s] -- Installing: /home/husarion/husarion_ws/install/rplidar_ros/share/rplidar_ros/cmake/ament_cmake_export_dependencies-extras.cmake
[12.766s] -- Installing: /home/husarion/husarion_ws/install/rplidar_ros/share/rplidar_ros/cmake/ament_cmake_export_include_directories-extras.cmake
[12.767s] -- Installing: /home/husarion/husarion_ws/install/rplidar_ros/share/rplidar_ros/cmake/rplidar_rosConfig.cmake
[12.767s] -- Installing: /home/husarion/husarion_ws/install/rplidar_ros/share/rplidar_ros/cmake/rplidar_rosConfig-version.cmake
[12.767s] -- Installing: /home/husarion/husarion_ws/install/rplidar_ros/share/rplidar_ros/package.xml
[12.776s] Invoked command in '/home/husarion/husarion_ws/build/rplidar_ros' returned '0': CMAKE_PREFIX_PATH=/opt/ros/foxy /usr/bin/cmake --install /home/husarion/husarion_ws/build/rplidar_ros
