[0.187s] Invoking command in '/home/husarion/microros_ws/build/micro_ros_msgs': CMAKE_PREFIX_PATH=${CMAKE_PREFIX_PATH}:/home/husarion/ROS2swarm/install/thymio_driver:/home/husarion/ROS2swarm/install/ros2swarm:/home/husarion/ROS2swarm/install/launch_gazebo:/opt/ros/foxy /usr/bin/cmake /home/husarion/microros_ws/src/uros/micro_ros_msgs -DCMAKE_INSTALL_PREFIX=/home/husarion/microros_ws/install/micro_ros_msgs
[0.282s] -- Found ament_cmake: 0.9.9 (/opt/ros/foxy/share/ament_cmake/cmake)
[0.459s] -- Found PythonInterp: /usr/bin/python3 (found suitable version "3.8.10", minimum required is "3") 
[0.460s] -- Using PYTHON_EXECUTABLE: /usr/bin/python3
[1.656s] -- Found rosidl_default_generators: 1.0.1 (/opt/ros/foxy/share/rosidl_default_generators/cmake)
[1.683s] -- Using all available rosidl_typesupport_c: rosidl_typesupport_fastrtps_c;rosidl_typesupport_introspection_c
[1.706s] -- Found rosidl_adapter: 1.2.1 (/opt/ros/foxy/share/rosidl_adapter/cmake)
[2.473s] -- Using all available rosidl_typesupport_cpp: rosidl_typesupport_fastrtps_cpp;rosidl_typesupport_introspection_cpp
[2.629s] -- Found ament_lint_auto: 0.9.6 (/opt/ros/foxy/share/ament_lint_auto/cmake)
[3.201s] -- Found PythonInterp: /usr/bin/python3 (found version "3.8.10") 
[3.645s] -- Found ament_cmake_ros: 0.9.2 (/opt/ros/foxy/share/ament_cmake_ros/cmake)
[4.186s] -- Using all available rosidl_typesupport_c: rosidl_typesupport_fastrtps_c;rosidl_typesupport_introspection_c
[4.241s] -- Using all available rosidl_typesupport_cpp: rosidl_typesupport_fastrtps_cpp;rosidl_typesupport_introspection_cpp
[4.423s] -- Found PythonInterp: /usr/bin/python3 (found suitable version "3.8.10", minimum required is "3.5") 
[4.426s] -- Found python_cmake_module: 0.8.1 (/opt/ros/foxy/share/python_cmake_module/cmake)
[4.610s] -- Using PYTHON_EXECUTABLE: /usr/bin/python3
[4.612s] -- Using PYTHON_INCLUDE_DIRS: /usr/include/python3.8
[4.613s] -- Using PYTHON_LIBRARIES: /usr/lib/x86_64-linux-gnu/libpython3.8.so
[4.736s] -- Added test 'copyright' to check source files copyright and LICENSE
[4.850s] -- Added test 'lint_cmake' to check CMake code style
[4.911s] -- Added test 'xmllint' to check XML markup files
[4.943s] -- Configuring done
[5.155s] -- Generating done
[5.177s] -- Build files have been written to: /home/husarion/microros_ws/build/micro_ros_msgs
[5.221s] Invoked command in '/home/husarion/microros_ws/build/micro_ros_msgs' returned '0': CMAKE_PREFIX_PATH=${CMAKE_PREFIX_PATH}:/home/husarion/ROS2swarm/install/thymio_driver:/home/husarion/ROS2swarm/install/ros2swarm:/home/husarion/ROS2swarm/install/launch_gazebo:/opt/ros/foxy /usr/bin/cmake /home/husarion/microros_ws/src/uros/micro_ros_msgs -DCMAKE_INSTALL_PREFIX=/home/husarion/microros_ws/install/micro_ros_msgs
[5.232s] Invoking command in '/home/husarion/microros_ws/build/micro_ros_msgs': CMAKE_PREFIX_PATH=${CMAKE_PREFIX_PATH}:/home/husarion/ROS2swarm/install/thymio_driver:/home/husarion/ROS2swarm/install/ros2swarm:/home/husarion/ROS2swarm/install/launch_gazebo:/opt/ros/foxy /usr/bin/cmake --build /home/husarion/microros_ws/build/micro_ros_msgs -- -j4 -l4
[5.533s] [  2%] Built target micro_ros_msgs__cpp
[5.543s] [ 12%] Built target micro_ros_msgs__rosidl_generator_c
[5.652s] [ 23%] Built target micro_ros_msgs__rosidl_typesupport_introspection_cpp
[5.655s] [ 34%] Built target micro_ros_msgs__rosidl_typesupport_cpp
[5.671s] [ 44%] Built target micro_ros_msgs__rosidl_typesupport_c
[5.675s] [ 55%] Built target micro_ros_msgs__rosidl_typesupport_fastrtps_cpp
[5.763s] [ 65%] Built target micro_ros_msgs__rosidl_typesupport_introspection_c
[5.804s] [ 76%] Built target micro_ros_msgs__rosidl_typesupport_fastrtps_c
[5.923s] [ 76%] Built target micro_ros_msgs
[6.057s] [ 78%] Built target micro_ros_msgs__py
[6.219s] [ 87%] Built target micro_ros_msgs__python
[6.349s] [ 91%] Built target micro_ros_msgs__rosidl_typesupport_fastrtps_c__pyext
[6.356s] [ 95%] Built target micro_ros_msgs__rosidl_typesupport_introspection_c__pyext
[6.362s] [100%] Built target micro_ros_msgs__rosidl_typesupport_c__pyext
[6.424s] Invoked command in '/home/husarion/microros_ws/build/micro_ros_msgs' returned '0': CMAKE_PREFIX_PATH=${CMAKE_PREFIX_PATH}:/home/husarion/ROS2swarm/install/thymio_driver:/home/husarion/ROS2swarm/install/ros2swarm:/home/husarion/ROS2swarm/install/launch_gazebo:/opt/ros/foxy /usr/bin/cmake --build /home/husarion/microros_ws/build/micro_ros_msgs -- -j4 -l4
[7.013s] Invoking command in '/home/husarion/microros_ws/build/micro_ros_msgs': CMAKE_PREFIX_PATH=${CMAKE_PREFIX_PATH}:/home/husarion/ROS2swarm/install/thymio_driver:/home/husarion/ROS2swarm/install/ros2swarm:/home/husarion/ROS2swarm/install/launch_gazebo:/opt/ros/foxy /usr/bin/cmake --install /home/husarion/microros_ws/build/micro_ros_msgs
[7.069s] -- Install configuration: ""
[7.071s] -- Up-to-date: /home/husarion/microros_ws/install/micro_ros_msgs/share/ament_index/resource_index/rosidl_interfaces/micro_ros_msgs
[7.075s] -- Up-to-date: /home/husarion/microros_ws/install/micro_ros_msgs/include/micro_ros_msgs
[7.076s] -- Up-to-date: /home/husarion/microros_ws/install/micro_ros_msgs/include/micro_ros_msgs/msg
[7.076s] -- Up-to-date: /home/husarion/microros_ws/install/micro_ros_msgs/include/micro_ros_msgs/msg/detail
[7.077s] -- Up-to-date: /home/husarion/microros_ws/install/micro_ros_msgs/include/micro_ros_msgs/msg/detail/node__functions.c
[7.078s] -- Up-to-date: /home/husarion/microros_ws/install/micro_ros_msgs/include/micro_ros_msgs/msg/detail/node__functions.h
[7.078s] -- Up-to-date: /home/husarion/microros_ws/install/micro_ros_msgs/include/micro_ros_msgs/msg/detail/graph__struct.h
[7.079s] -- Up-to-date: /home/husarion/microros_ws/install/micro_ros_msgs/include/micro_ros_msgs/msg/detail/node__type_support.h
[7.079s] -- Up-to-date: /home/husarion/microros_ws/install/micro_ros_msgs/include/micro_ros_msgs/msg/detail/node__struct.h
[7.080s] -- Up-to-date: /home/husarion/microros_ws/install/micro_ros_msgs/include/micro_ros_msgs/msg/detail/graph__type_support.h
[7.080s] -- Up-to-date: /home/husarion/microros_ws/install/micro_ros_msgs/include/micro_ros_msgs/msg/detail/entity__functions.c
[7.081s] -- Up-to-date: /home/husarion/microros_ws/install/micro_ros_msgs/include/micro_ros_msgs/msg/detail/graph__functions.h
[7.082s] -- Up-to-date: /home/husarion/microros_ws/install/micro_ros_msgs/include/micro_ros_msgs/msg/detail/entity__struct.h
[7.082s] -- Up-to-date: /home/husarion/microros_ws/install/micro_ros_msgs/include/micro_ros_msgs/msg/detail/graph__functions.c
[7.083s] -- Up-to-date: /home/husarion/microros_ws/install/micro_ros_msgs/include/micro_ros_msgs/msg/detail/entity__functions.h
[7.084s] -- Up-to-date: /home/husarion/microros_ws/install/micro_ros_msgs/include/micro_ros_msgs/msg/detail/entity__type_support.h
[7.084s] -- Up-to-date: /home/husarion/microros_ws/install/micro_ros_msgs/include/micro_ros_msgs/msg/entity.h
[7.084s] -- Up-to-date: /home/husarion/microros_ws/install/micro_ros_msgs/include/micro_ros_msgs/msg/rosidl_generator_c__visibility_control.h
[7.085s] -- Up-to-date: /home/husarion/microros_ws/install/micro_ros_msgs/include/micro_ros_msgs/msg/node.h
[7.086s] -- Up-to-date: /home/husarion/microros_ws/install/micro_ros_msgs/include/micro_ros_msgs/msg/graph.h
[7.086s] -- Up-to-date: /home/husarion/microros_ws/install/micro_ros_msgs/share/micro_ros_msgs/environment/library_path.sh
[7.087s] -- Installing: /home/husarion/microros_ws/install/micro_ros_msgs/share/micro_ros_msgs/environment/library_path.dsv
[7.087s] -- Up-to-date: /home/husarion/microros_ws/install/micro_ros_msgs/lib/libmicro_ros_msgs__rosidl_generator_c.so
[7.088s] -- Up-to-date: /home/husarion/microros_ws/install/micro_ros_msgs/include/micro_ros_msgs
[7.089s] -- Up-to-date: /home/husarion/microros_ws/install/micro_ros_msgs/include/micro_ros_msgs/msg
[7.090s] -- Up-to-date: /home/husarion/microros_ws/install/micro_ros_msgs/include/micro_ros_msgs/msg/detail
[7.090s] -- Up-to-date: /home/husarion/microros_ws/install/micro_ros_msgs/include/micro_ros_msgs/msg/detail/entity__rosidl_typesupport_fastrtps_c.h
[7.091s] -- Up-to-date: /home/husarion/microros_ws/install/micro_ros_msgs/include/micro_ros_msgs/msg/detail/graph__rosidl_typesupport_fastrtps_c.h
[7.091s] -- Up-to-date: /home/husarion/microros_ws/install/micro_ros_msgs/include/micro_ros_msgs/msg/detail/node__rosidl_typesupport_fastrtps_c.h
[7.092s] -- Up-to-date: /home/husarion/microros_ws/install/micro_ros_msgs/include/micro_ros_msgs/msg/rosidl_typesupport_fastrtps_c__visibility_control.h
[7.092s] -- Up-to-date: /home/husarion/microros_ws/install/micro_ros_msgs/lib/libmicro_ros_msgs__rosidl_typesupport_fastrtps_c.so
[7.093s] -- Up-to-date: /home/husarion/microros_ws/install/micro_ros_msgs/include/micro_ros_msgs
[7.093s] -- Up-to-date: /home/husarion/microros_ws/install/micro_ros_msgs/include/micro_ros_msgs/msg
[7.094s] -- Up-to-date: /home/husarion/microros_ws/install/micro_ros_msgs/include/micro_ros_msgs/msg/detail
[7.094s] -- Up-to-date: /home/husarion/microros_ws/install/micro_ros_msgs/include/micro_ros_msgs/msg/detail/entity__rosidl_typesupport_fastrtps_cpp.hpp
[7.095s] -- Up-to-date: /home/husarion/microros_ws/install/micro_ros_msgs/include/micro_ros_msgs/msg/detail/graph__rosidl_typesupport_fastrtps_cpp.hpp
[7.095s] -- Up-to-date: /home/husarion/microros_ws/install/micro_ros_msgs/include/micro_ros_msgs/msg/detail/dds_fastrtps
[7.096s] -- Up-to-date: /home/husarion/microros_ws/install/micro_ros_msgs/include/micro_ros_msgs/msg/detail/node__rosidl_typesupport_fastrtps_cpp.hpp
[7.096s] -- Up-to-date: /home/husarion/microros_ws/install/micro_ros_msgs/include/micro_ros_msgs/msg/rosidl_typesupport_fastrtps_cpp__visibility_control.h
[7.097s] -- Up-to-date: /home/husarion/microros_ws/install/micro_ros_msgs/lib/libmicro_ros_msgs__rosidl_typesupport_fastrtps_cpp.so
[7.097s] -- Up-to-date: /home/husarion/microros_ws/install/micro_ros_msgs/include/micro_ros_msgs
[7.098s] -- Up-to-date: /home/husarion/microros_ws/install/micro_ros_msgs/include/micro_ros_msgs/msg
[7.098s] -- Up-to-date: /home/husarion/microros_ws/install/micro_ros_msgs/include/micro_ros_msgs/msg/rosidl_typesupport_introspection_c__visibility_control.h
[7.099s] -- Up-to-date: /home/husarion/microros_ws/install/micro_ros_msgs/include/micro_ros_msgs/msg/detail
[7.099s] -- Up-to-date: /home/husarion/microros_ws/install/micro_ros_msgs/include/micro_ros_msgs/msg/detail/entity__type_support.c
[7.100s] -- Up-to-date: /home/husarion/microros_ws/install/micro_ros_msgs/include/micro_ros_msgs/msg/detail/graph__type_support.c
[7.100s] -- Up-to-date: /home/husarion/microros_ws/install/micro_ros_msgs/include/micro_ros_msgs/msg/detail/node__type_support.c
[7.101s] -- Up-to-date: /home/husarion/microros_ws/install/micro_ros_msgs/include/micro_ros_msgs/msg/detail/node__rosidl_typesupport_introspection_c.h
[7.101s] -- Up-to-date: /home/husarion/microros_ws/install/micro_ros_msgs/include/micro_ros_msgs/msg/detail/graph__rosidl_typesupport_introspection_c.h
[7.102s] -- Up-to-date: /home/husarion/microros_ws/install/micro_ros_msgs/include/micro_ros_msgs/msg/detail/entity__rosidl_typesupport_introspection_c.h
[7.103s] -- Up-to-date: /home/husarion/microros_ws/install/micro_ros_msgs/lib/libmicro_ros_msgs__rosidl_typesupport_introspection_c.so
[7.103s] -- Up-to-date: /home/husarion/microros_ws/install/micro_ros_msgs/lib/libmicro_ros_msgs__rosidl_typesupport_c.so
[7.104s] -- Up-to-date: /home/husarion/microros_ws/install/micro_ros_msgs/include/micro_ros_msgs
[7.105s] -- Up-to-date: /home/husarion/microros_ws/install/micro_ros_msgs/include/micro_ros_msgs/msg
[7.105s] -- Up-to-date: /home/husarion/microros_ws/install/micro_ros_msgs/include/micro_ros_msgs/msg/detail
[7.106s] -- Up-to-date: /home/husarion/microros_ws/install/micro_ros_msgs/include/micro_ros_msgs/msg/detail/node__builder.hpp
[7.106s] -- Up-to-date: /home/husarion/microros_ws/install/micro_ros_msgs/include/micro_ros_msgs/msg/detail/graph__traits.hpp
[7.107s] -- Up-to-date: /home/husarion/microros_ws/install/micro_ros_msgs/include/micro_ros_msgs/msg/detail/graph__struct.hpp
[7.107s] -- Up-to-date: /home/husarion/microros_ws/install/micro_ros_msgs/include/micro_ros_msgs/msg/detail/entity__traits.hpp
[7.108s] -- Up-to-date: /home/husarion/microros_ws/install/micro_ros_msgs/include/micro_ros_msgs/msg/detail/entity__struct.hpp
[7.109s] -- Up-to-date: /home/husarion/microros_ws/install/micro_ros_msgs/include/micro_ros_msgs/msg/detail/node__struct.hpp
[7.109s] -- Up-to-date: /home/husarion/microros_ws/install/micro_ros_msgs/include/micro_ros_msgs/msg/detail/entity__builder.hpp
[7.110s] -- Up-to-date: /home/husarion/microros_ws/install/micro_ros_msgs/include/micro_ros_msgs/msg/detail/graph__builder.hpp
[7.111s] -- Up-to-date: /home/husarion/microros_ws/install/micro_ros_msgs/include/micro_ros_msgs/msg/detail/node__traits.hpp
[7.111s] -- Up-to-date: /home/husarion/microros_ws/install/micro_ros_msgs/include/micro_ros_msgs/msg/node.hpp
[7.112s] -- Up-to-date: /home/husarion/microros_ws/install/micro_ros_msgs/include/micro_ros_msgs/msg/entity.hpp
[7.112s] -- Up-to-date: /home/husarion/microros_ws/install/micro_ros_msgs/include/micro_ros_msgs/msg/graph.hpp
[7.113s] -- Up-to-date: /home/husarion/microros_ws/install/micro_ros_msgs/include/micro_ros_msgs
[7.114s] -- Up-to-date: /home/husarion/microros_ws/install/micro_ros_msgs/include/micro_ros_msgs/msg
[7.114s] -- Up-to-date: /home/husarion/microros_ws/install/micro_ros_msgs/include/micro_ros_msgs/msg/detail
[7.115s] -- Up-to-date: /home/husarion/microros_ws/install/micro_ros_msgs/include/micro_ros_msgs/msg/detail/node__rosidl_typesupport_introspection_cpp.hpp
[7.115s] -- Up-to-date: /home/husarion/microros_ws/install/micro_ros_msgs/include/micro_ros_msgs/msg/detail/graph__type_support.cpp
[7.116s] -- Up-to-date: /home/husarion/microros_ws/install/micro_ros_msgs/include/micro_ros_msgs/msg/detail/entity__rosidl_typesupport_introspection_cpp.hpp
[7.116s] -- Up-to-date: /home/husarion/microros_ws/install/micro_ros_msgs/include/micro_ros_msgs/msg/detail/graph__rosidl_typesupport_introspection_cpp.hpp
[7.117s] -- Up-to-date: /home/husarion/microros_ws/install/micro_ros_msgs/include/micro_ros_msgs/msg/detail/node__type_support.cpp
[7.118s] -- Up-to-date: /home/husarion/microros_ws/install/micro_ros_msgs/include/micro_ros_msgs/msg/detail/entity__type_support.cpp
[7.118s] -- Up-to-date: /home/husarion/microros_ws/install/micro_ros_msgs/lib/libmicro_ros_msgs__rosidl_typesupport_introspection_cpp.so
[7.119s] -- Up-to-date: /home/husarion/microros_ws/install/micro_ros_msgs/lib/libmicro_ros_msgs__rosidl_typesupport_cpp.so
[7.120s] -- Up-to-date: /home/husarion/microros_ws/install/micro_ros_msgs/share/micro_ros_msgs/environment/pythonpath.sh
[7.120s] -- Installing: /home/husarion/microros_ws/install/micro_ros_msgs/share/micro_ros_msgs/environment/pythonpath.dsv
[7.121s] -- Installing: /home/husarion/microros_ws/install/micro_ros_msgs/lib/python3.8/site-packages/micro_ros_msgs/__init__.py
[7.293s] Compiling '/home/husarion/microros_ws/install/micro_ros_msgs/lib/python3.8/site-packages/micro_ros_msgs/__init__.py'...
[7.318s] -- Up-to-date: /home/husarion/microros_ws/install/micro_ros_msgs/lib/python3.8/site-packages/micro_ros_msgs/msg
[7.320s] -- Up-to-date: /home/husarion/microros_ws/install/micro_ros_msgs/lib/python3.8/site-packages/micro_ros_msgs/msg/_graph.py
[7.322s] -- Up-to-date: /home/husarion/microros_ws/install/micro_ros_msgs/lib/python3.8/site-packages/micro_ros_msgs/msg/_entity_s.c
[7.324s] -- Up-to-date: /home/husarion/microros_ws/install/micro_ros_msgs/lib/python3.8/site-packages/micro_ros_msgs/msg/__init__.py
[7.325s] -- Up-to-date: /home/husarion/microros_ws/install/micro_ros_msgs/lib/python3.8/site-packages/micro_ros_msgs/msg/_node.py
[7.328s] -- Up-to-date: /home/husarion/microros_ws/install/micro_ros_msgs/lib/python3.8/site-packages/micro_ros_msgs/msg/_graph_s.c
[7.330s] -- Up-to-date: /home/husarion/microros_ws/install/micro_ros_msgs/lib/python3.8/site-packages/micro_ros_msgs/msg/_entity.py
[7.330s] -- Up-to-date: /home/husarion/microros_ws/install/micro_ros_msgs/lib/python3.8/site-packages/micro_ros_msgs/msg/_node_s.c
[7.331s] -- Up-to-date: /home/husarion/microros_ws/install/micro_ros_msgs/lib/python3.8/site-packages/micro_ros_msgs/micro_ros_msgs_s__rosidl_typesupport_fastrtps_c.cpython-38-x86_64-linux-gnu.so
[7.332s] -- Up-to-date: /home/husarion/microros_ws/install/micro_ros_msgs/lib/python3.8/site-packages/micro_ros_msgs/micro_ros_msgs_s__rosidl_typesupport_introspection_c.cpython-38-x86_64-linux-gnu.so
[7.332s] -- Up-to-date: /home/husarion/microros_ws/install/micro_ros_msgs/lib/python3.8/site-packages/micro_ros_msgs/micro_ros_msgs_s__rosidl_typesupport_c.cpython-38-x86_64-linux-gnu.so
[7.333s] -- Up-to-date: /home/husarion/microros_ws/install/micro_ros_msgs/lib/libmicro_ros_msgs__python.so
[7.334s] -- Up-to-date: /home/husarion/microros_ws/install/micro_ros_msgs/share/micro_ros_msgs/msg/Graph.idl
[7.335s] -- Up-to-date: /home/husarion/microros_ws/install/micro_ros_msgs/share/micro_ros_msgs/msg/Node.idl
[7.335s] -- Up-to-date: /home/husarion/microros_ws/install/micro_ros_msgs/share/micro_ros_msgs/msg/Entity.idl
[7.336s] -- Up-to-date: /home/husarion/microros_ws/install/micro_ros_msgs/share/micro_ros_msgs/msg/Graph.msg
[7.336s] -- Up-to-date: /home/husarion/microros_ws/install/micro_ros_msgs/share/micro_ros_msgs/msg/Node.msg
[7.337s] -- Up-to-date: /home/husarion/microros_ws/install/micro_ros_msgs/share/micro_ros_msgs/msg/Entity.msg
[7.338s] -- Up-to-date: /home/husarion/microros_ws/install/micro_ros_msgs/share/ament_index/resource_index/package_run_dependencies/micro_ros_msgs
[7.338s] -- Up-to-date: /home/husarion/microros_ws/install/micro_ros_msgs/share/ament_index/resource_index/parent_prefix_path/micro_ros_msgs
[7.339s] -- Up-to-date: /home/husarion/microros_ws/install/micro_ros_msgs/share/micro_ros_msgs/environment/ament_prefix_path.sh
[7.339s] -- Installing: /home/husarion/microros_ws/install/micro_ros_msgs/share/micro_ros_msgs/environment/ament_prefix_path.dsv
[7.340s] -- Up-to-date: /home/husarion/microros_ws/install/micro_ros_msgs/share/micro_ros_msgs/environment/path.sh
[7.340s] -- Installing: /home/husarion/microros_ws/install/micro_ros_msgs/share/micro_ros_msgs/environment/path.dsv
[7.341s] -- Up-to-date: /home/husarion/microros_ws/install/micro_ros_msgs/share/micro_ros_msgs/local_setup.bash
[7.341s] -- Up-to-date: /home/husarion/microros_ws/install/micro_ros_msgs/share/micro_ros_msgs/local_setup.sh
[7.342s] -- Up-to-date: /home/husarion/microros_ws/install/micro_ros_msgs/share/micro_ros_msgs/local_setup.zsh
[7.343s] -- Installing: /home/husarion/microros_ws/install/micro_ros_msgs/share/micro_ros_msgs/local_setup.dsv
[7.343s] -- Installing: /home/husarion/microros_ws/install/micro_ros_msgs/share/micro_ros_msgs/package.dsv
[7.344s] -- Up-to-date: /home/husarion/microros_ws/install/micro_ros_msgs/share/ament_index/resource_index/packages/micro_ros_msgs
[7.344s] -- Up-to-date: /home/husarion/microros_ws/install/micro_ros_msgs/share/micro_ros_msgs/cmake/micro_ros_msgs__rosidl_generator_cExport.cmake
[7.345s] -- Installing: /home/husarion/microros_ws/install/micro_ros_msgs/share/micro_ros_msgs/cmake/micro_ros_msgs__rosidl_generator_cExport-noconfig.cmake
[7.346s] -- Up-to-date: /home/husarion/microros_ws/install/micro_ros_msgs/share/micro_ros_msgs/cmake/micro_ros_msgs__rosidl_typesupport_introspection_cExport.cmake
[7.346s] -- Installing: /home/husarion/microros_ws/install/micro_ros_msgs/share/micro_ros_msgs/cmake/micro_ros_msgs__rosidl_typesupport_introspection_cExport-noconfig.cmake
[7.347s] -- Up-to-date: /home/husarion/microros_ws/install/micro_ros_msgs/share/micro_ros_msgs/cmake/micro_ros_msgs__rosidl_typesupport_cExport.cmake
[7.347s] -- Installing: /home/husarion/microros_ws/install/micro_ros_msgs/share/micro_ros_msgs/cmake/micro_ros_msgs__rosidl_typesupport_cExport-noconfig.cmake
[7.348s] -- Up-to-date: /home/husarion/microros_ws/install/micro_ros_msgs/share/micro_ros_msgs/cmake/micro_ros_msgs__rosidl_generator_cppExport.cmake
[7.349s] -- Up-to-date: /home/husarion/microros_ws/install/micro_ros_msgs/share/micro_ros_msgs/cmake/micro_ros_msgs__rosidl_typesupport_introspection_cppExport.cmake
[7.350s] -- Installing: /home/husarion/microros_ws/install/micro_ros_msgs/share/micro_ros_msgs/cmake/micro_ros_msgs__rosidl_typesupport_introspection_cppExport-noconfig.cmake
[7.350s] -- Up-to-date: /home/husarion/microros_ws/install/micro_ros_msgs/share/micro_ros_msgs/cmake/micro_ros_msgs__rosidl_typesupport_cppExport.cmake
[7.351s] -- Installing: /home/husarion/microros_ws/install/micro_ros_msgs/share/micro_ros_msgs/cmake/micro_ros_msgs__rosidl_typesupport_cppExport-noconfig.cmake
[7.352s] -- Up-to-date: /home/husarion/microros_ws/install/micro_ros_msgs/share/micro_ros_msgs/cmake/rosidl_cmake-extras.cmake
[7.352s] -- Up-to-date: /home/husarion/microros_ws/install/micro_ros_msgs/share/micro_ros_msgs/cmake/ament_cmake_export_dependencies-extras.cmake
[7.353s] -- Up-to-date: /home/husarion/microros_ws/install/micro_ros_msgs/share/micro_ros_msgs/cmake/ament_cmake_export_libraries-extras.cmake
[7.354s] -- Up-to-date: /home/husarion/microros_ws/install/micro_ros_msgs/share/micro_ros_msgs/cmake/ament_cmake_export_targets-extras.cmake
[7.354s] -- Up-to-date: /home/husarion/microros_ws/install/micro_ros_msgs/share/micro_ros_msgs/cmake/ament_cmake_export_include_directories-extras.cmake
[7.355s] -- Up-to-date: /home/husarion/microros_ws/install/micro_ros_msgs/share/micro_ros_msgs/cmake/rosidl_cmake_export_typesupport_libraries-extras.cmake
[7.356s] -- Up-to-date: /home/husarion/microros_ws/install/micro_ros_msgs/share/micro_ros_msgs/cmake/rosidl_cmake_export_typesupport_targets-extras.cmake
[7.356s] -- Up-to-date: /home/husarion/microros_ws/install/micro_ros_msgs/share/micro_ros_msgs/cmake/micro_ros_msgsConfig.cmake
[7.356s] -- Up-to-date: /home/husarion/microros_ws/install/micro_ros_msgs/share/micro_ros_msgs/cmake/micro_ros_msgsConfig-version.cmake
[7.357s] -- Up-to-date: /home/husarion/microros_ws/install/micro_ros_msgs/share/micro_ros_msgs/package.xml
[7.372s] Invoked command in '/home/husarion/microros_ws/build/micro_ros_msgs' returned '0': CMAKE_PREFIX_PATH=${CMAKE_PREFIX_PATH}:/home/husarion/ROS2swarm/install/thymio_driver:/home/husarion/ROS2swarm/install/ros2swarm:/home/husarion/ROS2swarm/install/launch_gazebo:/opt/ros/foxy /usr/bin/cmake --install /home/husarion/microros_ws/build/micro_ros_msgs
