[1.008s] DEBUG:colcon:Command line arguments: ['/usr/bin/colcon', 'build']
[1.009s] DEBUG:colcon:Parsed command line arguments: Namespace(allow_overriding=[], ament_cmake_args=None, base_paths=['.'], build_base='build', catkin_cmake_args=None, catkin_skip_building_tests=False, cmake_args=None, cmake_clean_cache=False, cmake_clean_first=False, cmake_force_configure=False, cmake_target=None, cmake_target_skip_unavailable=False, continue_on_error=False, event_handlers=None, executor='parallel', ignore_user_meta=False, install_base='install', log_base=None, log_level=None, main=<bound method BuildVerb.main of <colcon_core.verb.build.BuildVerb object at 0x7f4de33e9190>>, merge_install=False, metas=['./colcon.meta'], packages_above=None, packages_above_and_dependencies=None, packages_above_depth=None, packages_end=None, packages_ignore=None, packages_ignore_regex=None, packages_select=None, packages_select_build_failed=False, packages_select_by_dep=None, packages_select_regex=None, packages_select_test_failures=False, packages_skip=None, packages_skip_build_finished=False, packages_skip_by_dep=None, packages_skip_regex=None, packages_skip_test_passed=False, packages_skip_up_to=None, packages_start=None, packages_up_to=None, packages_up_to_regex=None, parallel_workers=4, paths=None, symlink_install=False, test_result_base=None, verb_extension=<colcon_core.verb.build.BuildVerb object at 0x7f4de33e9190>, verb_name='build', verb_parser=<colcon_defaults.argument_parser.defaults.DefaultArgumentsDecorator object at 0x7f4de33e96d0>)
[1.165s] Level 1:colcon.colcon_core.package_discovery:discover_packages(colcon_meta) check parameters
[1.166s] Level 1:colcon.colcon_core.package_discovery:discover_packages(recursive) check parameters
[1.166s] Level 1:colcon.colcon_core.package_discovery:discover_packages(ignore) check parameters
[1.166s] Level 1:colcon.colcon_core.package_discovery:discover_packages(path) check parameters
[1.166s] Level 1:colcon.colcon_core.package_discovery:discover_packages(colcon_meta) discover
[1.167s] Level 1:colcon.colcon_core.package_discovery:discover_packages(recursive) discover
[1.167s] INFO:colcon.colcon_core.package_discovery:Crawling recursively for packages in '/home/husarion/rosbot_ws'
[1.167s] Level 1:colcon.colcon_core.package_identification:_identify(.) by extensions ['ignore', 'ignore_ament_install']
[1.168s] Level 1:colcon.colcon_core.package_identification:_identify(.) by extension 'ignore'
[1.168s] Level 1:colcon.colcon_core.package_identification:_identify(.) by extension 'ignore_ament_install'
[1.169s] Level 1:colcon.colcon_core.package_identification:_identify(.) by extensions ['colcon_pkg']
[1.169s] Level 1:colcon.colcon_core.package_identification:_identify(.) by extension 'colcon_pkg'
[1.169s] Level 1:colcon.colcon_core.package_identification:_identify(.) by extensions ['colcon_meta']
[1.169s] Level 1:colcon.colcon_core.package_identification:_identify(.) by extension 'colcon_meta'
[1.169s] Level 1:colcon.colcon_core.package_identification:_identify(.) by extensions ['ros']
[1.170s] Level 1:colcon.colcon_core.package_identification:_identify(.) by extension 'ros'
[1.241s] Level 1:colcon.colcon_core.package_identification:_identify(.) by extensions ['cmake', 'python']
[1.241s] Level 1:colcon.colcon_core.package_identification:_identify(.) by extension 'cmake'
[1.242s] Level 1:colcon.colcon_core.package_identification:_identify(.) by extension 'python'
[1.242s] Level 1:colcon.colcon_core.package_identification:_identify(.) by extensions ['python_setup_py']
[1.242s] Level 1:colcon.colcon_core.package_identification:_identify(.) by extension 'python_setup_py'
[1.243s] Level 1:colcon.colcon_core.package_identification:_identify(build) by extensions ['ignore', 'ignore_ament_install']
[1.243s] Level 1:colcon.colcon_core.package_identification:_identify(build) by extension 'ignore'
[1.243s] Level 1:colcon.colcon_core.package_identification:_identify(build) ignored
[1.244s] Level 1:colcon.colcon_core.package_identification:_identify(install) by extensions ['ignore', 'ignore_ament_install']
[1.245s] Level 1:colcon.colcon_core.package_identification:_identify(install) by extension 'ignore'
[1.245s] Level 1:colcon.colcon_core.package_identification:_identify(install) ignored
[1.245s] Level 1:colcon.colcon_core.package_identification:_identify(log) by extensions ['ignore', 'ignore_ament_install']
[1.246s] Level 1:colcon.colcon_core.package_identification:_identify(log) by extension 'ignore'
[1.246s] Level 1:colcon.colcon_core.package_identification:_identify(log) ignored
[1.247s] Level 1:colcon.colcon_core.package_identification:_identify(src) by extensions ['ignore', 'ignore_ament_install']
[1.247s] Level 1:colcon.colcon_core.package_identification:_identify(src) by extension 'ignore'
[1.247s] Level 1:colcon.colcon_core.package_identification:_identify(src) by extension 'ignore_ament_install'
[1.248s] Level 1:colcon.colcon_core.package_identification:_identify(src) by extensions ['colcon_pkg']
[1.248s] Level 1:colcon.colcon_core.package_identification:_identify(src) by extension 'colcon_pkg'
[1.248s] Level 1:colcon.colcon_core.package_identification:_identify(src) by extensions ['colcon_meta']
[1.248s] Level 1:colcon.colcon_core.package_identification:_identify(src) by extension 'colcon_meta'
[1.249s] Level 1:colcon.colcon_core.package_identification:_identify(src) by extensions ['ros']
[1.249s] Level 1:colcon.colcon_core.package_identification:_identify(src) by extension 'ros'
[1.249s] Level 1:colcon.colcon_core.package_identification:_identify(src) by extensions ['cmake', 'python']
[1.249s] Level 1:colcon.colcon_core.package_identification:_identify(src) by extension 'cmake'
[1.250s] Level 1:colcon.colcon_core.package_identification:_identify(src) by extension 'python'
[1.250s] Level 1:colcon.colcon_core.package_identification:_identify(src) by extensions ['python_setup_py']
[1.250s] Level 1:colcon.colcon_core.package_identification:_identify(src) by extension 'python_setup_py'
[1.251s] Level 1:colcon.colcon_core.package_identification:_identify(src/ros_components_description) by extensions ['ignore', 'ignore_ament_install']
[1.251s] Level 1:colcon.colcon_core.package_identification:_identify(src/ros_components_description) by extension 'ignore'
[1.251s] Level 1:colcon.colcon_core.package_identification:_identify(src/ros_components_description) by extension 'ignore_ament_install'
[1.252s] Level 1:colcon.colcon_core.package_identification:_identify(src/ros_components_description) by extensions ['colcon_pkg']
[1.252s] Level 1:colcon.colcon_core.package_identification:_identify(src/ros_components_description) by extension 'colcon_pkg'
[1.252s] Level 1:colcon.colcon_core.package_identification:_identify(src/ros_components_description) by extensions ['colcon_meta']
[1.252s] Level 1:colcon.colcon_core.package_identification:_identify(src/ros_components_description) by extension 'colcon_meta'
[1.253s] Level 1:colcon.colcon_core.package_identification:_identify(src/ros_components_description) by extensions ['ros']
[1.253s] Level 1:colcon.colcon_core.package_identification:_identify(src/ros_components_description) by extension 'ros'
[1.431s] DEBUG:colcon.colcon_core.package_identification:Package 'src/ros_components_description' with type 'ros.ament_cmake' and name 'ros_components_description'
[1.432s] Level 1:colcon.colcon_core.package_identification:_identify(src/rosbot) by extensions ['ignore', 'ignore_ament_install']
[1.432s] Level 1:colcon.colcon_core.package_identification:_identify(src/rosbot) by extension 'ignore'
[1.432s] Level 1:colcon.colcon_core.package_identification:_identify(src/rosbot) by extension 'ignore_ament_install'
[1.433s] Level 1:colcon.colcon_core.package_identification:_identify(src/rosbot) by extensions ['colcon_pkg']
[1.433s] Level 1:colcon.colcon_core.package_identification:_identify(src/rosbot) by extension 'colcon_pkg'
[1.433s] Level 1:colcon.colcon_core.package_identification:_identify(src/rosbot) by extensions ['colcon_meta']
[1.433s] Level 1:colcon.colcon_core.package_identification:_identify(src/rosbot) by extension 'colcon_meta'
[1.434s] Level 1:colcon.colcon_core.package_identification:_identify(src/rosbot) by extensions ['ros']
[1.434s] Level 1:colcon.colcon_core.package_identification:_identify(src/rosbot) by extension 'ros'
[1.473s] DEBUG:colcon.colcon_core.package_identification:Package 'src/rosbot' with type 'ros.ament_cmake' and name 'rosbot'
[1.474s] Level 1:colcon.colcon_core.package_identification:_identify(src/rosbot_bringup) by extensions ['ignore', 'ignore_ament_install']
[1.475s] Level 1:colcon.colcon_core.package_identification:_identify(src/rosbot_bringup) by extension 'ignore'
[1.475s] Level 1:colcon.colcon_core.package_identification:_identify(src/rosbot_bringup) by extension 'ignore_ament_install'
[1.476s] Level 1:colcon.colcon_core.package_identification:_identify(src/rosbot_bringup) by extensions ['colcon_pkg']
[1.476s] Level 1:colcon.colcon_core.package_identification:_identify(src/rosbot_bringup) by extension 'colcon_pkg'
[1.476s] Level 1:colcon.colcon_core.package_identification:_identify(src/rosbot_bringup) by extensions ['colcon_meta']
[1.477s] Level 1:colcon.colcon_core.package_identification:_identify(src/rosbot_bringup) by extension 'colcon_meta'
[1.477s] Level 1:colcon.colcon_core.package_identification:_identify(src/rosbot_bringup) by extensions ['ros']
[1.477s] Level 1:colcon.colcon_core.package_identification:_identify(src/rosbot_bringup) by extension 'ros'
[1.480s] DEBUG:colcon.colcon_core.package_identification:Package 'src/rosbot_bringup' with type 'ros.ament_cmake' and name 'rosbot_bringup'
[1.481s] Level 1:colcon.colcon_core.package_identification:_identify(src/rosbot_controller) by extensions ['ignore', 'ignore_ament_install']
[1.482s] Level 1:colcon.colcon_core.package_identification:_identify(src/rosbot_controller) by extension 'ignore'
[1.482s] Level 1:colcon.colcon_core.package_identification:_identify(src/rosbot_controller) by extension 'ignore_ament_install'
[1.482s] Level 1:colcon.colcon_core.package_identification:_identify(src/rosbot_controller) by extensions ['colcon_pkg']
[1.482s] Level 1:colcon.colcon_core.package_identification:_identify(src/rosbot_controller) by extension 'colcon_pkg'
[1.483s] Level 1:colcon.colcon_core.package_identification:_identify(src/rosbot_controller) by extensions ['colcon_meta']
[1.483s] Level 1:colcon.colcon_core.package_identification:_identify(src/rosbot_controller) by extension 'colcon_meta'
[1.483s] Level 1:colcon.colcon_core.package_identification:_identify(src/rosbot_controller) by extensions ['ros']
[1.483s] Level 1:colcon.colcon_core.package_identification:_identify(src/rosbot_controller) by extension 'ros'
[1.488s] DEBUG:colcon.colcon_core.package_identification:Package 'src/rosbot_controller' with type 'ros.ament_cmake' and name 'rosbot_controller'
[1.489s] Level 1:colcon.colcon_core.package_identification:_identify(src/rosbot_controllers) by extensions ['ignore', 'ignore_ament_install']
[1.489s] Level 1:colcon.colcon_core.package_identification:_identify(src/rosbot_controllers) by extension 'ignore'
[1.490s] Level 1:colcon.colcon_core.package_identification:_identify(src/rosbot_controllers) by extension 'ignore_ament_install'
[1.490s] Level 1:colcon.colcon_core.package_identification:_identify(src/rosbot_controllers) by extensions ['colcon_pkg']
[1.490s] Level 1:colcon.colcon_core.package_identification:_identify(src/rosbot_controllers) by extension 'colcon_pkg'
[1.490s] Level 1:colcon.colcon_core.package_identification:_identify(src/rosbot_controllers) by extensions ['colcon_meta']
[1.490s] Level 1:colcon.colcon_core.package_identification:_identify(src/rosbot_controllers) by extension 'colcon_meta'
[1.491s] Level 1:colcon.colcon_core.package_identification:_identify(src/rosbot_controllers) by extensions ['ros']
[1.491s] Level 1:colcon.colcon_core.package_identification:_identify(src/rosbot_controllers) by extension 'ros'
[1.491s] Level 1:colcon.colcon_core.package_identification:_identify(src/rosbot_controllers) by extensions ['cmake', 'python']
[1.492s] Level 1:colcon.colcon_core.package_identification:_identify(src/rosbot_controllers) by extension 'cmake'
[1.492s] Level 1:colcon.colcon_core.package_identification:_identify(src/rosbot_controllers) by extension 'python'
[1.492s] Level 1:colcon.colcon_core.package_identification:_identify(src/rosbot_controllers) by extensions ['python_setup_py']
[1.492s] Level 1:colcon.colcon_core.package_identification:_identify(src/rosbot_controllers) by extension 'python_setup_py'
[1.493s] Level 1:colcon.colcon_core.package_identification:_identify(src/rosbot_controllers/mecanum_drive_controller) by extensions ['ignore', 'ignore_ament_install']
[1.494s] Level 1:colcon.colcon_core.package_identification:_identify(src/rosbot_controllers/mecanum_drive_controller) by extension 'ignore'
[1.494s] Level 1:colcon.colcon_core.package_identification:_identify(src/rosbot_controllers/mecanum_drive_controller) by extension 'ignore_ament_install'
[1.494s] Level 1:colcon.colcon_core.package_identification:_identify(src/rosbot_controllers/mecanum_drive_controller) by extensions ['colcon_pkg']
[1.495s] Level 1:colcon.colcon_core.package_identification:_identify(src/rosbot_controllers/mecanum_drive_controller) by extension 'colcon_pkg'
[1.495s] Level 1:colcon.colcon_core.package_identification:_identify(src/rosbot_controllers/mecanum_drive_controller) by extensions ['colcon_meta']
[1.495s] Level 1:colcon.colcon_core.package_identification:_identify(src/rosbot_controllers/mecanum_drive_controller) by extension 'colcon_meta'
[1.496s] Level 1:colcon.colcon_core.package_identification:_identify(src/rosbot_controllers/mecanum_drive_controller) by extensions ['ros']
[1.496s] Level 1:colcon.colcon_core.package_identification:_identify(src/rosbot_controllers/mecanum_drive_controller) by extension 'ros'
[1.504s] DEBUG:colcon.colcon_core.package_identification:Package 'src/rosbot_controllers/mecanum_drive_controller' with type 'ros.ament_cmake' and name 'mecanum_drive_controller'
[1.505s] Level 1:colcon.colcon_core.package_identification:_identify(src/rosbot_description) by extensions ['ignore', 'ignore_ament_install']
[1.506s] Level 1:colcon.colcon_core.package_identification:_identify(src/rosbot_description) by extension 'ignore'
[1.506s] Level 1:colcon.colcon_core.package_identification:_identify(src/rosbot_description) by extension 'ignore_ament_install'
[1.506s] Level 1:colcon.colcon_core.package_identification:_identify(src/rosbot_description) by extensions ['colcon_pkg']
[1.506s] Level 1:colcon.colcon_core.package_identification:_identify(src/rosbot_description) by extension 'colcon_pkg'
[1.507s] Level 1:colcon.colcon_core.package_identification:_identify(src/rosbot_description) by extensions ['colcon_meta']
[1.507s] Level 1:colcon.colcon_core.package_identification:_identify(src/rosbot_description) by extension 'colcon_meta'
[1.507s] Level 1:colcon.colcon_core.package_identification:_identify(src/rosbot_description) by extensions ['ros']
[1.507s] Level 1:colcon.colcon_core.package_identification:_identify(src/rosbot_description) by extension 'ros'
[1.510s] DEBUG:colcon.colcon_core.package_identification:Package 'src/rosbot_description' with type 'ros.ament_cmake' and name 'rosbot_description'
[1.511s] Level 1:colcon.colcon_core.package_identification:_identify(src/rosbot_hardware_interfaces) by extensions ['ignore', 'ignore_ament_install']
[1.512s] Level 1:colcon.colcon_core.package_identification:_identify(src/rosbot_hardware_interfaces) by extension 'ignore'
[1.512s] Level 1:colcon.colcon_core.package_identification:_identify(src/rosbot_hardware_interfaces) by extension 'ignore_ament_install'
[1.512s] Level 1:colcon.colcon_core.package_identification:_identify(src/rosbot_hardware_interfaces) by extensions ['colcon_pkg']
[1.512s] Level 1:colcon.colcon_core.package_identification:_identify(src/rosbot_hardware_interfaces) by extension 'colcon_pkg'
[1.513s] Level 1:colcon.colcon_core.package_identification:_identify(src/rosbot_hardware_interfaces) by extensions ['colcon_meta']
[1.513s] Level 1:colcon.colcon_core.package_identification:_identify(src/rosbot_hardware_interfaces) by extension 'colcon_meta'
[1.513s] Level 1:colcon.colcon_core.package_identification:_identify(src/rosbot_hardware_interfaces) by extensions ['ros']
[1.514s] Level 1:colcon.colcon_core.package_identification:_identify(src/rosbot_hardware_interfaces) by extension 'ros'
[1.522s] DEBUG:colcon.colcon_core.package_identification:Package 'src/rosbot_hardware_interfaces' with type 'ros.ament_cmake' and name 'rosbot_hardware_interfaces'
[1.522s] Level 1:colcon.colcon_core.package_discovery:discover_packages(recursive) using defaults
[1.522s] Level 1:colcon.colcon_core.package_discovery:discover_packages(ignore) discover
[1.522s] Level 1:colcon.colcon_core.package_discovery:discover_packages(ignore) using defaults
[1.523s] Level 1:colcon.colcon_core.package_discovery:discover_packages(path) discover
[1.523s] Level 1:colcon.colcon_core.package_discovery:discover_packages(path) using defaults
[1.652s] Level 1:colcon.colcon_core.package_discovery:discover_packages(prefix_path) check parameters
[1.652s] Level 1:colcon.colcon_core.package_discovery:discover_packages(prefix_path) discover
[1.674s] DEBUG:colcon.colcon_installed_package_information.package_discovery:Found 3 installed packages in /home/husarion/rosbot_ws/install
[1.680s] DEBUG:colcon.colcon_installed_package_information.package_discovery:Found 3 installed packages in /home/husarion/micro_ws/install
[1.687s] DEBUG:colcon.colcon_installed_package_information.package_discovery:Found 3 installed packages in /home/husarion/microros_ws/install
[1.695s] DEBUG:colcon.colcon_installed_package_information.package_discovery:Found 6 installed packages in /home/husarion/ROS2swarm/install
[1.703s] DEBUG:colcon.colcon_installed_package_information.package_discovery:Found 4 installed packages in /home/husarion/husarion_ws/install
[1.717s] DEBUG:colcon.colcon_installed_package_information.package_discovery:Found 299 installed packages in /opt/ros/foxy
[1.734s] Level 1:colcon.colcon_core.package_discovery:discover_packages(prefix_path) using defaults
[2.229s] Level 5:colcon.colcon_core.verb:set package 'mecanum_drive_controller' build argument 'cmake_args' from command line to 'None'
[2.229s] Level 5:colcon.colcon_core.verb:set package 'mecanum_drive_controller' build argument 'cmake_target' from command line to 'None'
[2.229s] Level 5:colcon.colcon_core.verb:set package 'mecanum_drive_controller' build argument 'cmake_target_skip_unavailable' from command line to 'False'
[2.229s] Level 5:colcon.colcon_core.verb:set package 'mecanum_drive_controller' build argument 'cmake_clean_cache' from command line to 'False'
[2.230s] Level 5:colcon.colcon_core.verb:set package 'mecanum_drive_controller' build argument 'cmake_clean_first' from command line to 'False'
[2.230s] Level 5:colcon.colcon_core.verb:set package 'mecanum_drive_controller' build argument 'cmake_force_configure' from command line to 'False'
[2.230s] Level 5:colcon.colcon_core.verb:set package 'mecanum_drive_controller' build argument 'ament_cmake_args' from command line to 'None'
[2.230s] Level 5:colcon.colcon_core.verb:set package 'mecanum_drive_controller' build argument 'catkin_cmake_args' from command line to 'None'
[2.230s] Level 5:colcon.colcon_core.verb:set package 'mecanum_drive_controller' build argument 'catkin_skip_building_tests' from command line to 'False'
[2.230s] DEBUG:colcon.colcon_core.verb:Building package 'mecanum_drive_controller' with the following arguments: {'ament_cmake_args': None, 'build_base': '/home/husarion/rosbot_ws/build/mecanum_drive_controller', 'catkin_cmake_args': None, 'catkin_skip_building_tests': False, 'cmake_args': None, 'cmake_clean_cache': False, 'cmake_clean_first': False, 'cmake_force_configure': False, 'cmake_target': None, 'cmake_target_skip_unavailable': False, 'install_base': '/home/husarion/rosbot_ws/install/mecanum_drive_controller', 'merge_install': False, 'path': '/home/husarion/rosbot_ws/src/rosbot_controllers/mecanum_drive_controller', 'symlink_install': False, 'test_result_base': None}
[2.238s] Level 5:colcon.colcon_core.verb:set package 'ros_components_description' build argument 'cmake_args' from command line to 'None'
[2.239s] Level 5:colcon.colcon_core.verb:set package 'ros_components_description' build argument 'cmake_target' from command line to 'None'
[2.239s] Level 5:colcon.colcon_core.verb:set package 'ros_components_description' build argument 'cmake_target_skip_unavailable' from command line to 'False'
[2.239s] Level 5:colcon.colcon_core.verb:set package 'ros_components_description' build argument 'cmake_clean_cache' from command line to 'False'
[2.239s] Level 5:colcon.colcon_core.verb:set package 'ros_components_description' build argument 'cmake_clean_first' from command line to 'False'
[2.239s] Level 5:colcon.colcon_core.verb:set package 'ros_components_description' build argument 'cmake_force_configure' from command line to 'False'
[2.240s] Level 5:colcon.colcon_core.verb:set package 'ros_components_description' build argument 'ament_cmake_args' from command line to 'None'
[2.240s] Level 5:colcon.colcon_core.verb:set package 'ros_components_description' build argument 'catkin_cmake_args' from command line to 'None'
[2.240s] Level 5:colcon.colcon_core.verb:set package 'ros_components_description' build argument 'catkin_skip_building_tests' from command line to 'False'
[2.240s] DEBUG:colcon.colcon_core.verb:Building package 'ros_components_description' with the following arguments: {'ament_cmake_args': None, 'build_base': '/home/husarion/rosbot_ws/build/ros_components_description', 'catkin_cmake_args': None, 'catkin_skip_building_tests': False, 'cmake_args': None, 'cmake_clean_cache': False, 'cmake_clean_first': False, 'cmake_force_configure': False, 'cmake_target': None, 'cmake_target_skip_unavailable': False, 'install_base': '/home/husarion/rosbot_ws/install/ros_components_description', 'merge_install': False, 'path': '/home/husarion/rosbot_ws/src/ros_components_description', 'symlink_install': False, 'test_result_base': None}
[2.247s] Level 5:colcon.colcon_core.verb:set package 'rosbot_hardware_interfaces' build argument 'cmake_args' from command line to 'None'
[2.247s] Level 5:colcon.colcon_core.verb:set package 'rosbot_hardware_interfaces' build argument 'cmake_target' from command line to 'None'
[2.247s] Level 5:colcon.colcon_core.verb:set package 'rosbot_hardware_interfaces' build argument 'cmake_target_skip_unavailable' from command line to 'False'
[2.247s] Level 5:colcon.colcon_core.verb:set package 'rosbot_hardware_interfaces' build argument 'cmake_clean_cache' from command line to 'False'
[2.248s] Level 5:colcon.colcon_core.verb:set package 'rosbot_hardware_interfaces' build argument 'cmake_clean_first' from command line to 'False'
[2.248s] Level 5:colcon.colcon_core.verb:set package 'rosbot_hardware_interfaces' build argument 'cmake_force_configure' from command line to 'False'
[2.248s] Level 5:colcon.colcon_core.verb:set package 'rosbot_hardware_interfaces' build argument 'ament_cmake_args' from command line to 'None'
[2.248s] Level 5:colcon.colcon_core.verb:set package 'rosbot_hardware_interfaces' build argument 'catkin_cmake_args' from command line to 'None'
[2.248s] Level 5:colcon.colcon_core.verb:set package 'rosbot_hardware_interfaces' build argument 'catkin_skip_building_tests' from command line to 'False'
[2.248s] DEBUG:colcon.colcon_core.verb:Building package 'rosbot_hardware_interfaces' with the following arguments: {'ament_cmake_args': None, 'build_base': '/home/husarion/rosbot_ws/build/rosbot_hardware_interfaces', 'catkin_cmake_args': None, 'catkin_skip_building_tests': False, 'cmake_args': None, 'cmake_clean_cache': False, 'cmake_clean_first': False, 'cmake_force_configure': False, 'cmake_target': None, 'cmake_target_skip_unavailable': False, 'install_base': '/home/husarion/rosbot_ws/install/rosbot_hardware_interfaces', 'merge_install': False, 'path': '/home/husarion/rosbot_ws/src/rosbot_hardware_interfaces', 'symlink_install': False, 'test_result_base': None}
[2.255s] Level 5:colcon.colcon_core.verb:set package 'rosbot_description' build argument 'cmake_args' from command line to 'None'
[2.255s] Level 5:colcon.colcon_core.verb:set package 'rosbot_description' build argument 'cmake_target' from command line to 'None'
[2.256s] Level 5:colcon.colcon_core.verb:set package 'rosbot_description' build argument 'cmake_target_skip_unavailable' from command line to 'False'
[2.256s] Level 5:colcon.colcon_core.verb:set package 'rosbot_description' build argument 'cmake_clean_cache' from command line to 'False'
[2.256s] Level 5:colcon.colcon_core.verb:set package 'rosbot_description' build argument 'cmake_clean_first' from command line to 'False'
[2.256s] Level 5:colcon.colcon_core.verb:set package 'rosbot_description' build argument 'cmake_force_configure' from command line to 'False'
[2.256s] Level 5:colcon.colcon_core.verb:set package 'rosbot_description' build argument 'ament_cmake_args' from command line to 'None'
[2.256s] Level 5:colcon.colcon_core.verb:set package 'rosbot_description' build argument 'catkin_cmake_args' from command line to 'None'
[2.257s] Level 5:colcon.colcon_core.verb:set package 'rosbot_description' build argument 'catkin_skip_building_tests' from command line to 'False'
[2.257s] DEBUG:colcon.colcon_core.verb:Building package 'rosbot_description' with the following arguments: {'ament_cmake_args': None, 'build_base': '/home/husarion/rosbot_ws/build/rosbot_description', 'catkin_cmake_args': None, 'catkin_skip_building_tests': False, 'cmake_args': None, 'cmake_clean_cache': False, 'cmake_clean_first': False, 'cmake_force_configure': False, 'cmake_target': None, 'cmake_target_skip_unavailable': False, 'install_base': '/home/husarion/rosbot_ws/install/rosbot_description', 'merge_install': False, 'path': '/home/husarion/rosbot_ws/src/rosbot_description', 'symlink_install': False, 'test_result_base': None}
[2.264s] Level 5:colcon.colcon_core.verb:set package 'rosbot_controller' build argument 'cmake_args' from command line to 'None'
[2.264s] Level 5:colcon.colcon_core.verb:set package 'rosbot_controller' build argument 'cmake_target' from command line to 'None'
[2.265s] Level 5:colcon.colcon_core.verb:set package 'rosbot_controller' build argument 'cmake_target_skip_unavailable' from command line to 'False'
[2.265s] Level 5:colcon.colcon_core.verb:set package 'rosbot_controller' build argument 'cmake_clean_cache' from command line to 'False'
[2.265s] Level 5:colcon.colcon_core.verb:set package 'rosbot_controller' build argument 'cmake_clean_first' from command line to 'False'
[2.265s] Level 5:colcon.colcon_core.verb:set package 'rosbot_controller' build argument 'cmake_force_configure' from command line to 'False'
[2.265s] Level 5:colcon.colcon_core.verb:set package 'rosbot_controller' build argument 'ament_cmake_args' from command line to 'None'
[2.266s] Level 5:colcon.colcon_core.verb:set package 'rosbot_controller' build argument 'catkin_cmake_args' from command line to 'None'
[2.266s] Level 5:colcon.colcon_core.verb:set package 'rosbot_controller' build argument 'catkin_skip_building_tests' from command line to 'False'
[2.266s] DEBUG:colcon.colcon_core.verb:Building package 'rosbot_controller' with the following arguments: {'ament_cmake_args': None, 'build_base': '/home/husarion/rosbot_ws/build/rosbot_controller', 'catkin_cmake_args': None, 'catkin_skip_building_tests': False, 'cmake_args': None, 'cmake_clean_cache': False, 'cmake_clean_first': False, 'cmake_force_configure': False, 'cmake_target': None, 'cmake_target_skip_unavailable': False, 'install_base': '/home/husarion/rosbot_ws/install/rosbot_controller', 'merge_install': False, 'path': '/home/husarion/rosbot_ws/src/rosbot_controller', 'symlink_install': False, 'test_result_base': None}
[2.273s] Level 5:colcon.colcon_core.verb:set package 'rosbot_bringup' build argument 'cmake_args' from command line to 'None'
[2.273s] Level 5:colcon.colcon_core.verb:set package 'rosbot_bringup' build argument 'cmake_target' from command line to 'None'
[2.273s] Level 5:colcon.colcon_core.verb:set package 'rosbot_bringup' build argument 'cmake_target_skip_unavailable' from command line to 'False'
[2.273s] Level 5:colcon.colcon_core.verb:set package 'rosbot_bringup' build argument 'cmake_clean_cache' from command line to 'False'
[2.274s] Level 5:colcon.colcon_core.verb:set package 'rosbot_bringup' build argument 'cmake_clean_first' from command line to 'False'
[2.274s] Level 5:colcon.colcon_core.verb:set package 'rosbot_bringup' build argument 'cmake_force_configure' from command line to 'False'
[2.274s] Level 5:colcon.colcon_core.verb:set package 'rosbot_bringup' build argument 'ament_cmake_args' from command line to 'None'
[2.274s] Level 5:colcon.colcon_core.verb:set package 'rosbot_bringup' build argument 'catkin_cmake_args' from command line to 'None'
[2.274s] Level 5:colcon.colcon_core.verb:set package 'rosbot_bringup' build argument 'catkin_skip_building_tests' from command line to 'False'
[2.274s] DEBUG:colcon.colcon_core.verb:Building package 'rosbot_bringup' with the following arguments: {'ament_cmake_args': None, 'build_base': '/home/husarion/rosbot_ws/build/rosbot_bringup', 'catkin_cmake_args': None, 'catkin_skip_building_tests': False, 'cmake_args': None, 'cmake_clean_cache': False, 'cmake_clean_first': False, 'cmake_force_configure': False, 'cmake_target': None, 'cmake_target_skip_unavailable': False, 'install_base': '/home/husarion/rosbot_ws/install/rosbot_bringup', 'merge_install': False, 'path': '/home/husarion/rosbot_ws/src/rosbot_bringup', 'symlink_install': False, 'test_result_base': None}
[2.282s] Level 5:colcon.colcon_core.verb:set package 'rosbot' build argument 'cmake_args' from command line to 'None'
[2.282s] Level 5:colcon.colcon_core.verb:set package 'rosbot' build argument 'cmake_target' from command line to 'None'
[2.282s] Level 5:colcon.colcon_core.verb:set package 'rosbot' build argument 'cmake_target_skip_unavailable' from command line to 'False'
[2.282s] Level 5:colcon.colcon_core.verb:set package 'rosbot' build argument 'cmake_clean_cache' from command line to 'False'
[2.283s] Level 5:colcon.colcon_core.verb:set package 'rosbot' build argument 'cmake_clean_first' from command line to 'False'
[2.283s] Level 5:colcon.colcon_core.verb:set package 'rosbot' build argument 'cmake_force_configure' from command line to 'False'
[2.283s] Level 5:colcon.colcon_core.verb:set package 'rosbot' build argument 'ament_cmake_args' from command line to 'None'
[2.283s] Level 5:colcon.colcon_core.verb:set package 'rosbot' build argument 'catkin_cmake_args' from command line to 'None'
[2.283s] Level 5:colcon.colcon_core.verb:set package 'rosbot' build argument 'catkin_skip_building_tests' from command line to 'False'
[2.283s] DEBUG:colcon.colcon_core.verb:Building package 'rosbot' with the following arguments: {'ament_cmake_args': None, 'build_base': '/home/husarion/rosbot_ws/build/rosbot', 'catkin_cmake_args': None, 'catkin_skip_building_tests': False, 'cmake_args': None, 'cmake_clean_cache': False, 'cmake_clean_first': False, 'cmake_force_configure': False, 'cmake_target': None, 'cmake_target_skip_unavailable': False, 'install_base': '/home/husarion/rosbot_ws/install/rosbot', 'merge_install': False, 'path': '/home/husarion/rosbot_ws/src/rosbot', 'symlink_install': False, 'test_result_base': None}
[2.288s] INFO:colcon.colcon_core.executor:Executing jobs using 'parallel' executor
[2.319s] DEBUG:colcon.colcon_parallel_executor.executor.parallel:run_until_complete
[2.321s] INFO:colcon.colcon_ros.task.ament_cmake.build:Building ROS package in '/home/husarion/rosbot_ws/src/ros_components_description' with build type 'ament_cmake'
[2.322s] INFO:colcon.colcon_cmake.task.cmake.build:Building CMake package in '/home/husarion/rosbot_ws/src/ros_components_description'
[2.353s] INFO:colcon.colcon_core.plugin_system:Skipping extension 'colcon_core.shell.bat': Not used on non-Windows systems
[2.354s] INFO:colcon.colcon_core.shell:Skip shell extension 'powershell' for command environment: Not usable outside of PowerShell
[2.355s] DEBUG:colcon.colcon_core.shell:Skip shell extension 'dsv' for command environment
[2.424s] INFO:colcon.colcon_ros.task.ament_cmake.build:Building ROS package in '/home/husarion/rosbot_ws/src/rosbot_hardware_interfaces' with build type 'ament_cmake'
[2.426s] INFO:colcon.colcon_cmake.task.cmake.build:Building CMake package in '/home/husarion/rosbot_ws/src/rosbot_hardware_interfaces'
[2.441s] INFO:colcon.colcon_core.shell:Skip shell extension 'powershell' for command environment: Not usable outside of PowerShell
[2.441s] DEBUG:colcon.colcon_core.shell:Skip shell extension 'dsv' for command environment
[2.507s] INFO:colcon.colcon_ros.task.ament_cmake.build:Building ROS package in '/home/husarion/rosbot_ws/src/rosbot_controllers/mecanum_drive_controller' with build type 'ament_cmake'
[2.509s] INFO:colcon.colcon_cmake.task.cmake.build:Building CMake package in '/home/husarion/rosbot_ws/src/rosbot_controllers/mecanum_drive_controller'
[2.522s] INFO:colcon.colcon_core.shell:Skip shell extension 'powershell' for command environment: Not usable outside of PowerShell
[2.523s] DEBUG:colcon.colcon_core.shell:Skip shell extension 'dsv' for command environment
[2.646s] DEBUG:colcon.colcon_core.event_handler.log_command:Invoking command in '/home/husarion/rosbot_ws/build/ros_components_description': CMAKE_PREFIX_PATH=${CMAKE_PREFIX_PATH}:/home/husarion/ROS2swarm/install/thymio_driver:/home/husarion/ROS2swarm/install/ros2swarm:/home/husarion/ROS2swarm/install/launch_gazebo:/opt/ros/foxy /usr/bin/cmake --build /home/husarion/rosbot_ws/build/ros_components_description -- -j4 -l4
[2.669s] DEBUG:colcon.colcon_core.event_handler.log_command:Invoking command in '/home/husarion/rosbot_ws/build/rosbot_hardware_interfaces': CMAKE_PREFIX_PATH=${CMAKE_PREFIX_PATH}:/home/husarion/ROS2swarm/install/thymio_driver:/home/husarion/ROS2swarm/install/ros2swarm:/home/husarion/ROS2swarm/install/launch_gazebo:/opt/ros/foxy /usr/bin/cmake /home/husarion/rosbot_ws/src/rosbot_hardware_interfaces -DCMAKE_INSTALL_PREFIX=/home/husarion/rosbot_ws/install/rosbot_hardware_interfaces
[2.693s] DEBUG:colcon.colcon_core.event_handler.log_command:Invoking command in '/home/husarion/rosbot_ws/build/mecanum_drive_controller': CMAKE_PREFIX_PATH=${CMAKE_PREFIX_PATH}:/home/husarion/ROS2swarm/install/thymio_driver:/home/husarion/ROS2swarm/install/ros2swarm:/home/husarion/ROS2swarm/install/launch_gazebo:/opt/ros/foxy /usr/bin/cmake /home/husarion/rosbot_ws/src/rosbot_controllers/mecanum_drive_controller -DCMAKE_INSTALL_PREFIX=/home/husarion/rosbot_ws/install/mecanum_drive_controller
[2.856s] DEBUG:colcon.colcon_core.event_handler.log_command:Invoked command in '/home/husarion/rosbot_ws/build/ros_components_description' returned '0': CMAKE_PREFIX_PATH=${CMAKE_PREFIX_PATH}:/home/husarion/ROS2swarm/install/thymio_driver:/home/husarion/ROS2swarm/install/ros2swarm:/home/husarion/ROS2swarm/install/launch_gazebo:/opt/ros/foxy /usr/bin/cmake --build /home/husarion/rosbot_ws/build/ros_components_description -- -j4 -l4
[3.040s] DEBUG:colcon.colcon_core.event_handler.log_command:Invoking command in '/home/husarion/rosbot_ws/build/ros_components_description': CMAKE_PREFIX_PATH=${CMAKE_PREFIX_PATH}:/home/husarion/ROS2swarm/install/thymio_driver:/home/husarion/ROS2swarm/install/ros2swarm:/home/husarion/ROS2swarm/install/launch_gazebo:/opt/ros/foxy /usr/bin/cmake --install /home/husarion/rosbot_ws/build/ros_components_description
[3.110s] Level 1:colcon.colcon_core.environment:create_environment_scripts_only(ros_components_description)
[3.170s] DEBUG:colcon.colcon_core.event_handler.log_command:Invoked command in '/home/husarion/rosbot_ws/build/ros_components_description' returned '0': CMAKE_PREFIX_PATH=${CMAKE_PREFIX_PATH}:/home/husarion/ROS2swarm/install/thymio_driver:/home/husarion/ROS2swarm/install/ros2swarm:/home/husarion/ROS2swarm/install/launch_gazebo:/opt/ros/foxy /usr/bin/cmake --install /home/husarion/rosbot_ws/build/ros_components_description
[3.173s] Level 1:colcon.colcon_core.environment:checking '/home/husarion/rosbot_ws/install/ros_components_description' for CMake module files
[3.177s] Level 1:colcon.colcon_core.environment:checking '/home/husarion/rosbot_ws/install/ros_components_description' for CMake config files
[3.178s] Level 1:colcon.colcon_core.shell:create_environment_hook('ros_components_description', 'cmake_prefix_path')
[3.189s] INFO:colcon.colcon_core.shell:Creating environment hook '/home/husarion/rosbot_ws/install/ros_components_description/share/ros_components_description/hook/cmake_prefix_path.ps1'
[3.193s] INFO:colcon.colcon_core.shell:Creating environment descriptor '/home/husarion/rosbot_ws/install/ros_components_description/share/ros_components_description/hook/cmake_prefix_path.dsv'
[3.196s] INFO:colcon.colcon_core.shell:Creating environment hook '/home/husarion/rosbot_ws/install/ros_components_description/share/ros_components_description/hook/cmake_prefix_path.sh'
[3.201s] Level 1:colcon.colcon_core.environment:checking '/home/husarion/rosbot_ws/install/ros_components_description/bin'
[3.201s] Level 1:colcon.colcon_core.environment:checking '/home/husarion/rosbot_ws/install/ros_components_description/lib/pkgconfig/ros_components_description.pc'
[3.203s] Level 1:colcon.colcon_core.environment:checking '/home/husarion/rosbot_ws/install/ros_components_description/lib/python3.8/site-packages'
[3.204s] Level 1:colcon.colcon_core.environment:checking '/home/husarion/rosbot_ws/install/ros_components_description/bin'
[3.216s] INFO:colcon.colcon_core.shell:Creating package script '/home/husarion/rosbot_ws/install/ros_components_description/share/ros_components_description/package.ps1'
[3.220s] INFO:colcon.colcon_core.shell:Creating package descriptor '/home/husarion/rosbot_ws/install/ros_components_description/share/ros_components_description/package.dsv'
[3.224s] INFO:colcon.colcon_core.shell:Creating package script '/home/husarion/rosbot_ws/install/ros_components_description/share/ros_components_description/package.sh'
[3.229s] INFO:colcon.colcon_core.shell:Creating package script '/home/husarion/rosbot_ws/install/ros_components_description/share/ros_components_description/package.bash'
[3.233s] INFO:colcon.colcon_core.shell:Creating package script '/home/husarion/rosbot_ws/install/ros_components_description/share/ros_components_description/package.zsh'
[3.238s] Level 1:colcon.colcon_core.environment:create_file_with_runtime_dependencies(/home/husarion/rosbot_ws/install/ros_components_description/share/colcon-core/packages/ros_components_description)
[3.386s] Level 1:colcon.colcon_core.environment:create_environment_scripts_only(ros_components_description)
[3.402s] Level 1:colcon.colcon_core.environment:checking '/home/husarion/rosbot_ws/install/ros_components_description' for CMake module files
[3.406s] Level 1:colcon.colcon_core.environment:checking '/home/husarion/rosbot_ws/install/ros_components_description' for CMake config files
[3.408s] Level 1:colcon.colcon_core.shell:create_environment_hook('ros_components_description', 'cmake_prefix_path')
[3.419s] INFO:colcon.colcon_core.shell:Creating environment hook '/home/husarion/rosbot_ws/install/ros_components_description/share/ros_components_description/hook/cmake_prefix_path.ps1'
[3.422s] INFO:colcon.colcon_core.shell:Creating environment descriptor '/home/husarion/rosbot_ws/install/ros_components_description/share/ros_components_description/hook/cmake_prefix_path.dsv'
[3.424s] INFO:colcon.colcon_core.shell:Creating environment hook '/home/husarion/rosbot_ws/install/ros_components_description/share/ros_components_description/hook/cmake_prefix_path.sh'
[3.429s] Level 1:colcon.colcon_core.environment:checking '/home/husarion/rosbot_ws/install/ros_components_description/bin'
[3.430s] Level 1:colcon.colcon_core.environment:checking '/home/husarion/rosbot_ws/install/ros_components_description/lib/pkgconfig/ros_components_description.pc'
[3.431s] Level 1:colcon.colcon_core.environment:checking '/home/husarion/rosbot_ws/install/ros_components_description/lib/python3.8/site-packages'
[3.432s] Level 1:colcon.colcon_core.environment:checking '/home/husarion/rosbot_ws/install/ros_components_description/bin'
[3.444s] INFO:colcon.colcon_core.shell:Creating package script '/home/husarion/rosbot_ws/install/ros_components_description/share/ros_components_description/package.ps1'
[3.448s] INFO:colcon.colcon_core.shell:Creating package descriptor '/home/husarion/rosbot_ws/install/ros_components_description/share/ros_components_description/package.dsv'
[3.452s] INFO:colcon.colcon_core.shell:Creating package script '/home/husarion/rosbot_ws/install/ros_components_description/share/ros_components_description/package.sh'
[3.455s] INFO:colcon.colcon_core.shell:Creating package script '/home/husarion/rosbot_ws/install/ros_components_description/share/ros_components_description/package.bash'
[3.457s] INFO:colcon.colcon_core.shell:Creating package script '/home/husarion/rosbot_ws/install/ros_components_description/share/ros_components_description/package.zsh'
[3.460s] Level 1:colcon.colcon_core.environment:create_file_with_runtime_dependencies(/home/husarion/rosbot_ws/install/ros_components_description/share/colcon-core/packages/ros_components_description)
[3.464s] INFO:colcon.colcon_ros.task.ament_cmake.build:Building ROS package in '/home/husarion/rosbot_ws/src/rosbot_description' with build type 'ament_cmake'
[3.465s] INFO:colcon.colcon_cmake.task.cmake.build:Building CMake package in '/home/husarion/rosbot_ws/src/rosbot_description'
[3.475s] INFO:colcon.colcon_core.shell:Skip shell extension 'powershell' for command environment: Not usable outside of PowerShell
[3.476s] DEBUG:colcon.colcon_core.shell:Skip shell extension 'dsv' for command environment
[3.586s] DEBUG:colcon.colcon_core.event_handler.log_command:Invoking command in '/home/husarion/rosbot_ws/build/rosbot_description': CMAKE_PREFIX_PATH=/home/husarion/rosbot_ws/install/ros_components_description:/home/husarion/rosbot_ws/install/rosbot_description:/home/husarion/micro_ws/install/micro_ros_setup:/home/husarion/micro_ws/install/micro_ros_agent:/home/husarion/micro_ws/install/micro_ros_msgs:/home/husarion/microros_ws/install/micro_ros_setup:/home/husarion/microros_ws/install/micro_ros_agent:/home/husarion/microros_ws/install/micro_ros_msgs:/home/husarion/ROS2swarm/install/thymio_msgs:/home/husarion/ROS2swarm/install/thymio_description:/home/husarion/ROS2swarm/install/communication_interfaces:/home/husarion/husarion_ws/install/rplidar_ros:/home/husarion/husarion_ws/install/route_admin_panel:/home/husarion/husarion_ws/install/rosbot_description:/home/husarion/husarion_ws/install/astra_camera:/home/husarion/ROS2swarm/install/thymio_driver:/home/husarion/ROS2swarm/install/ros2swarm:/home/husarion/ROS2swarm/install/launch_gazebo:/opt/ros/foxy /usr/bin/cmake --build /home/husarion/rosbot_ws/build/rosbot_description -- -j4 -l4
[3.835s] DEBUG:colcon.colcon_core.event_handler.log_command:Invoked command in '/home/husarion/rosbot_ws/build/rosbot_description' returned '0': CMAKE_PREFIX_PATH=/home/husarion/rosbot_ws/install/ros_components_description:/home/husarion/rosbot_ws/install/rosbot_description:/home/husarion/micro_ws/install/micro_ros_setup:/home/husarion/micro_ws/install/micro_ros_agent:/home/husarion/micro_ws/install/micro_ros_msgs:/home/husarion/microros_ws/install/micro_ros_setup:/home/husarion/microros_ws/install/micro_ros_agent:/home/husarion/microros_ws/install/micro_ros_msgs:/home/husarion/ROS2swarm/install/thymio_msgs:/home/husarion/ROS2swarm/install/thymio_description:/home/husarion/ROS2swarm/install/communication_interfaces:/home/husarion/husarion_ws/install/rplidar_ros:/home/husarion/husarion_ws/install/route_admin_panel:/home/husarion/husarion_ws/install/rosbot_description:/home/husarion/husarion_ws/install/astra_camera:/home/husarion/ROS2swarm/install/thymio_driver:/home/husarion/ROS2swarm/install/ros2swarm:/home/husarion/ROS2swarm/install/launch_gazebo:/opt/ros/foxy /usr/bin/cmake --build /home/husarion/rosbot_ws/build/rosbot_description -- -j4 -l4
[3.974s] DEBUG:colcon.colcon_core.event_handler.log_command:Invoking command in '/home/husarion/rosbot_ws/build/rosbot_description': CMAKE_PREFIX_PATH=/home/husarion/rosbot_ws/install/ros_components_description:/home/husarion/rosbot_ws/install/rosbot_description:/home/husarion/micro_ws/install/micro_ros_setup:/home/husarion/micro_ws/install/micro_ros_agent:/home/husarion/micro_ws/install/micro_ros_msgs:/home/husarion/microros_ws/install/micro_ros_setup:/home/husarion/microros_ws/install/micro_ros_agent:/home/husarion/microros_ws/install/micro_ros_msgs:/home/husarion/ROS2swarm/install/thymio_msgs:/home/husarion/ROS2swarm/install/thymio_description:/home/husarion/ROS2swarm/install/communication_interfaces:/home/husarion/husarion_ws/install/rplidar_ros:/home/husarion/husarion_ws/install/route_admin_panel:/home/husarion/husarion_ws/install/rosbot_description:/home/husarion/husarion_ws/install/astra_camera:/home/husarion/ROS2swarm/install/thymio_driver:/home/husarion/ROS2swarm/install/ros2swarm:/home/husarion/ROS2swarm/install/launch_gazebo:/opt/ros/foxy /usr/bin/cmake --install /home/husarion/rosbot_ws/build/rosbot_description
[4.057s] Level 1:colcon.colcon_core.environment:create_environment_scripts_only(rosbot_description)
[4.118s] Level 1:colcon.colcon_core.environment:checking '/home/husarion/rosbot_ws/install/rosbot_description' for CMake module files
[4.121s] DEBUG:colcon.colcon_core.event_handler.log_command:Invoked command in '/home/husarion/rosbot_ws/build/rosbot_description' returned '0': CMAKE_PREFIX_PATH=/home/husarion/rosbot_ws/install/ros_components_description:/home/husarion/rosbot_ws/install/rosbot_description:/home/husarion/micro_ws/install/micro_ros_setup:/home/husarion/micro_ws/install/micro_ros_agent:/home/husarion/micro_ws/install/micro_ros_msgs:/home/husarion/microros_ws/install/micro_ros_setup:/home/husarion/microros_ws/install/micro_ros_agent:/home/husarion/microros_ws/install/micro_ros_msgs:/home/husarion/ROS2swarm/install/thymio_msgs:/home/husarion/ROS2swarm/install/thymio_description:/home/husarion/ROS2swarm/install/communication_interfaces:/home/husarion/husarion_ws/install/rplidar_ros:/home/husarion/husarion_ws/install/route_admin_panel:/home/husarion/husarion_ws/install/rosbot_description:/home/husarion/husarion_ws/install/astra_camera:/home/husarion/ROS2swarm/install/thymio_driver:/home/husarion/ROS2swarm/install/ros2swarm:/home/husarion/ROS2swarm/install/launch_gazebo:/opt/ros/foxy /usr/bin/cmake --install /home/husarion/rosbot_ws/build/rosbot_description
[4.124s] Level 1:colcon.colcon_core.environment:checking '/home/husarion/rosbot_ws/install/rosbot_description' for CMake config files
[4.125s] Level 1:colcon.colcon_core.shell:create_environment_hook('rosbot_description', 'cmake_prefix_path')
[4.137s] INFO:colcon.colcon_core.shell:Creating environment hook '/home/husarion/rosbot_ws/install/rosbot_description/share/rosbot_description/hook/cmake_prefix_path.ps1'
[4.141s] INFO:colcon.colcon_core.shell:Creating environment descriptor '/home/husarion/rosbot_ws/install/rosbot_description/share/rosbot_description/hook/cmake_prefix_path.dsv'
[4.143s] INFO:colcon.colcon_core.shell:Creating environment hook '/home/husarion/rosbot_ws/install/rosbot_description/share/rosbot_description/hook/cmake_prefix_path.sh'
[4.146s] Level 1:colcon.colcon_core.environment:checking '/home/husarion/rosbot_ws/install/rosbot_description/bin'
[4.147s] Level 1:colcon.colcon_core.environment:checking '/home/husarion/rosbot_ws/install/rosbot_description/lib/pkgconfig/rosbot_description.pc'
[4.148s] Level 1:colcon.colcon_core.environment:checking '/home/husarion/rosbot_ws/install/rosbot_description/lib/python3.8/site-packages'
[4.150s] Level 1:colcon.colcon_core.environment:checking '/home/husarion/rosbot_ws/install/rosbot_description/bin'
[4.161s] INFO:colcon.colcon_core.shell:Creating package script '/home/husarion/rosbot_ws/install/rosbot_description/share/rosbot_description/package.ps1'
[4.166s] INFO:colcon.colcon_core.shell:Creating package descriptor '/home/husarion/rosbot_ws/install/rosbot_description/share/rosbot_description/package.dsv'
[4.170s] INFO:colcon.colcon_core.shell:Creating package script '/home/husarion/rosbot_ws/install/rosbot_description/share/rosbot_description/package.sh'
[4.173s] INFO:colcon.colcon_core.shell:Creating package script '/home/husarion/rosbot_ws/install/rosbot_description/share/rosbot_description/package.bash'
[4.176s] INFO:colcon.colcon_core.shell:Creating package script '/home/husarion/rosbot_ws/install/rosbot_description/share/rosbot_description/package.zsh'
[4.179s] Level 1:colcon.colcon_core.environment:create_file_with_runtime_dependencies(/home/husarion/rosbot_ws/install/rosbot_description/share/colcon-core/packages/rosbot_description)
[4.322s] Level 1:colcon.colcon_core.environment:create_environment_scripts_only(rosbot_description)
[4.340s] Level 1:colcon.colcon_core.environment:checking '/home/husarion/rosbot_ws/install/rosbot_description' for CMake module files
[4.344s] Level 1:colcon.colcon_core.environment:checking '/home/husarion/rosbot_ws/install/rosbot_description' for CMake config files
[4.345s] Level 1:colcon.colcon_core.shell:create_environment_hook('rosbot_description', 'cmake_prefix_path')
[4.354s] INFO:colcon.colcon_core.shell:Creating environment hook '/home/husarion/rosbot_ws/install/rosbot_description/share/rosbot_description/hook/cmake_prefix_path.ps1'
[4.358s] INFO:colcon.colcon_core.shell:Creating environment descriptor '/home/husarion/rosbot_ws/install/rosbot_description/share/rosbot_description/hook/cmake_prefix_path.dsv'
[4.360s] INFO:colcon.colcon_core.shell:Creating environment hook '/home/husarion/rosbot_ws/install/rosbot_description/share/rosbot_description/hook/cmake_prefix_path.sh'
[4.364s] Level 1:colcon.colcon_core.environment:checking '/home/husarion/rosbot_ws/install/rosbot_description/bin'
[4.364s] Level 1:colcon.colcon_core.environment:checking '/home/husarion/rosbot_ws/install/rosbot_description/lib/pkgconfig/rosbot_description.pc'
[4.366s] Level 1:colcon.colcon_core.environment:checking '/home/husarion/rosbot_ws/install/rosbot_description/lib/python3.8/site-packages'
[4.367s] Level 1:colcon.colcon_core.environment:checking '/home/husarion/rosbot_ws/install/rosbot_description/bin'
[4.378s] INFO:colcon.colcon_core.shell:Creating package script '/home/husarion/rosbot_ws/install/rosbot_description/share/rosbot_description/package.ps1'
[4.381s] INFO:colcon.colcon_core.shell:Creating package descriptor '/home/husarion/rosbot_ws/install/rosbot_description/share/rosbot_description/package.dsv'
[4.385s] INFO:colcon.colcon_core.shell:Creating package script '/home/husarion/rosbot_ws/install/rosbot_description/share/rosbot_description/package.sh'
[4.388s] INFO:colcon.colcon_core.shell:Creating package script '/home/husarion/rosbot_ws/install/rosbot_description/share/rosbot_description/package.bash'
[4.391s] INFO:colcon.colcon_core.shell:Creating package script '/home/husarion/rosbot_ws/install/rosbot_description/share/rosbot_description/package.zsh'
[4.394s] Level 1:colcon.colcon_core.environment:create_file_with_runtime_dependencies(/home/husarion/rosbot_ws/install/rosbot_description/share/colcon-core/packages/rosbot_description)
[10.221s] DEBUG:colcon.colcon_core.event_handler.log_command:Invoked command in '/home/husarion/rosbot_ws/build/rosbot_hardware_interfaces' returned '1': CMAKE_PREFIX_PATH=${CMAKE_PREFIX_PATH}:/home/husarion/ROS2swarm/install/thymio_driver:/home/husarion/ROS2swarm/install/ros2swarm:/home/husarion/ROS2swarm/install/launch_gazebo:/opt/ros/foxy /usr/bin/cmake /home/husarion/rosbot_ws/src/rosbot_hardware_interfaces -DCMAKE_INSTALL_PREFIX=/home/husarion/rosbot_ws/install/rosbot_hardware_interfaces
[10.291s] Level 1:colcon.colcon_core.environment:create_environment_scripts_only(rosbot_hardware_interfaces)
[10.308s] Level 1:colcon.colcon_core.environment:checking '/home/husarion/rosbot_ws/install/rosbot_hardware_interfaces' for CMake module files
[10.311s] Level 1:colcon.colcon_core.environment:checking '/home/husarion/rosbot_ws/install/rosbot_hardware_interfaces' for CMake config files
[10.313s] Level 1:colcon.colcon_core.environment:checking '/home/husarion/rosbot_ws/install/rosbot_hardware_interfaces/bin'
[10.314s] Level 1:colcon.colcon_core.environment:checking '/home/husarion/rosbot_ws/install/rosbot_hardware_interfaces/lib/pkgconfig/rosbot_hardware_interfaces.pc'
[10.315s] Level 1:colcon.colcon_core.environment:checking '/home/husarion/rosbot_ws/install/rosbot_hardware_interfaces/lib/python3.8/site-packages'
[10.316s] Level 1:colcon.colcon_core.environment:checking '/home/husarion/rosbot_ws/install/rosbot_hardware_interfaces/bin'
[10.325s] INFO:colcon.colcon_core.shell:Creating package script '/home/husarion/rosbot_ws/install/rosbot_hardware_interfaces/share/rosbot_hardware_interfaces/package.ps1'
[10.328s] INFO:colcon.colcon_core.shell:Creating package descriptor '/home/husarion/rosbot_ws/install/rosbot_hardware_interfaces/share/rosbot_hardware_interfaces/package.dsv'
[10.330s] INFO:colcon.colcon_core.shell:Creating package script '/home/husarion/rosbot_ws/install/rosbot_hardware_interfaces/share/rosbot_hardware_interfaces/package.sh'
[10.332s] INFO:colcon.colcon_core.shell:Creating package script '/home/husarion/rosbot_ws/install/rosbot_hardware_interfaces/share/rosbot_hardware_interfaces/package.bash'
[10.334s] INFO:colcon.colcon_core.shell:Creating package script '/home/husarion/rosbot_ws/install/rosbot_hardware_interfaces/share/rosbot_hardware_interfaces/package.zsh'
[10.336s] Level 1:colcon.colcon_core.environment:create_file_with_runtime_dependencies(/home/husarion/rosbot_ws/install/rosbot_hardware_interfaces/share/colcon-core/packages/rosbot_hardware_interfaces)
[11.117s] DEBUG:colcon.colcon_parallel_executor.executor.parallel:closing loop
[11.118s] DEBUG:colcon.colcon_parallel_executor.executor.parallel:loop closed
[11.119s] DEBUG:colcon.colcon_parallel_executor.executor.parallel:run_until_complete finished with '1'
[11.120s] DEBUG:colcon.colcon_core.event_reactor:joining thread
[11.165s] INFO:colcon.colcon_core.plugin_system:Skipping extension 'colcon_notification.desktop_notification.terminal_notifier': Not used on non-Darwin systems
[11.165s] INFO:colcon.colcon_core.plugin_system:Skipping extension 'colcon_notification.desktop_notification.win32': Not used on non-Windows systems
[11.166s] INFO:colcon.colcon_notification.desktop_notification:Sending desktop notification using 'notify2'
[11.188s] DEBUG:colcon.colcon_core.event_reactor:joined thread
[11.204s] INFO:colcon.colcon_core.shell:Creating prefix script '/home/husarion/rosbot_ws/install/local_setup.ps1'
[11.211s] INFO:colcon.colcon_core.shell:Creating prefix util module '/home/husarion/rosbot_ws/install/_local_setup_util_ps1.py'
[11.219s] INFO:colcon.colcon_core.shell:Creating prefix chain script '/home/husarion/rosbot_ws/install/setup.ps1'
[11.234s] INFO:colcon.colcon_core.shell:Creating prefix script '/home/husarion/rosbot_ws/install/local_setup.sh'
[11.237s] INFO:colcon.colcon_core.shell:Creating prefix util module '/home/husarion/rosbot_ws/install/_local_setup_util_sh.py'
[11.240s] INFO:colcon.colcon_core.shell:Creating prefix chain script '/home/husarion/rosbot_ws/install/setup.sh'
[11.253s] INFO:colcon.colcon_core.shell:Creating prefix script '/home/husarion/rosbot_ws/install/local_setup.bash'
[11.256s] INFO:colcon.colcon_core.shell:Creating prefix chain script '/home/husarion/rosbot_ws/install/setup.bash'
[11.270s] INFO:colcon.colcon_core.shell:Creating prefix script '/home/husarion/rosbot_ws/install/local_setup.zsh'
[11.274s] INFO:colcon.colcon_core.shell:Creating prefix chain script '/home/husarion/rosbot_ws/install/setup.zsh'
