[0.181s] Invoking command in '/home/husarion/ros2_ws/build/mecanum_drive_controller': CMAKE_PREFIX_PATH=${CMAKE_PREFIX_PATH}:/home/husarion/ROS2swarm/install/thymio_driver:/home/husarion/ROS2swarm/install/ros2swarm:/home/husarion/ROS2swarm/install/launch_gazebo:/opt/ros/foxy /usr/bin/cmake /home/husarion/ros2_ws/src/rosbot_controllers/mecanum_drive_controller -DCMAKE_INSTALL_PREFIX=/home/husarion/ros2_ws/install/mecanum_drive_controller
[0.716s] -- The C compiler identification is GNU 9.4.0
[1.338s] -- The CXX compiler identification is GNU 9.4.0
[1.401s] -- Check for working C compiler: /usr/bin/cc
[1.809s] -- Check for working C compiler: /usr/bin/cc -- works
[1.829s] -- Detecting C compiler ABI info
[2.238s] -- Detecting C compiler ABI info - done
[2.325s] -- Detecting C compile features
[2.331s] -- Detecting C compile features - done
[2.347s] -- Check for working CXX compiler: /usr/bin/c++
[2.785s] -- Check for working CXX compiler: /usr/bin/c++ -- works
[2.790s] -- Detecting CXX compiler ABI info
[3.236s] -- Detecting CXX compiler ABI info - done
[3.313s] -- Detecting CXX compile features
[3.316s] -- Detecting CXX compile features - done
[3.343s] -- Found ament_cmake: 0.9.9 (/opt/ros/foxy/share/ament_cmake/cmake)
[3.570s] -- Found PythonInterp: /usr/bin/python3 (found suitable version "3.8.10", minimum required is "3") 
[3.572s] -- Using PYTHON_EXECUTABLE: /usr/bin/python3
[5.043s] CMake Error at CMakeLists.txt:32 (find_package):
[5.044s]   By not providing "Findcontroller_interface.cmake" in CMAKE_MODULE_PATH this
[5.045s]   project has asked CMake to find a package configuration file provided by
[5.045s]   "controller_interface", but CMake did not find one.
[5.046s] 
[5.046s]   Could not find a package configuration file provided by
[5.047s]   "controller_interface" with any of the following names:
[5.048s] 
[5.048s]     controller_interfaceConfig.cmake
[5.049s]     controller_interface-config.cmake
[5.049s] 
[5.050s]   Add the installation prefix of "controller_interface" to CMAKE_PREFIX_PATH
[5.051s]   or set "controller_interface_DIR" to a directory containing one of the
[5.052s]   above files.  If "controller_interface" provides a separate development
[5.052s]   package or SDK, be sure it has been installed.
[5.053s] 
[5.053s] 
[5.078s] -- Configuring incomplete, errors occurred!
[5.079s] See also "/home/husarion/ros2_ws/build/mecanum_drive_controller/CMakeFiles/CMakeOutput.log".
[5.088s] Invoked command in '/home/husarion/ros2_ws/build/mecanum_drive_controller' returned '1': CMAKE_PREFIX_PATH=${CMAKE_PREFIX_PATH}:/home/husarion/ROS2swarm/install/thymio_driver:/home/husarion/ROS2swarm/install/ros2swarm:/home/husarion/ROS2swarm/install/launch_gazebo:/opt/ros/foxy /usr/bin/cmake /home/husarion/ros2_ws/src/rosbot_controllers/mecanum_drive_controller -DCMAKE_INSTALL_PREFIX=/home/husarion/ros2_ws/install/mecanum_drive_controller
