[0.934s] DEBUG:colcon:Command line arguments: ['/usr/bin/colcon', 'build']
[0.934s] DEBUG:colcon:Parsed command line arguments: Namespace(allow_overriding=[], ament_cmake_args=None, base_paths=['.'], build_base='build', catkin_cmake_args=None, catkin_skip_building_tests=False, cmake_args=None, cmake_clean_cache=False, cmake_clean_first=False, cmake_force_configure=False, cmake_target=None, cmake_target_skip_unavailable=False, continue_on_error=False, event_handlers=None, executor='parallel', ignore_user_meta=False, install_base='install', log_base=None, log_level=None, main=<bound method BuildVerb.main of <colcon_core.verb.build.BuildVerb object at 0x7fb0b07ac2b0>>, merge_install=False, metas=['./colcon.meta'], packages_above=None, packages_above_and_dependencies=None, packages_above_depth=None, packages_end=None, packages_ignore=None, packages_ignore_regex=None, packages_select=None, packages_select_build_failed=False, packages_select_by_dep=None, packages_select_regex=None, packages_select_test_failures=False, packages_skip=None, packages_skip_build_finished=False, packages_skip_by_dep=None, packages_skip_regex=None, packages_skip_test_passed=False, packages_skip_up_to=None, packages_start=None, packages_up_to=None, packages_up_to_regex=None, parallel_workers=4, paths=None, symlink_install=False, test_result_base=None, verb_extension=<colcon_core.verb.build.BuildVerb object at 0x7fb0b07ac2b0>, verb_name='build', verb_parser=<colcon_defaults.argument_parser.defaults.DefaultArgumentsDecorator object at 0x7fb0b07ac7f0>)
[1.082s] Level 1:colcon.colcon_core.package_discovery:discover_packages(colcon_meta) check parameters
[1.083s] Level 1:colcon.colcon_core.package_discovery:discover_packages(recursive) check parameters
[1.083s] Level 1:colcon.colcon_core.package_discovery:discover_packages(ignore) check parameters
[1.083s] Level 1:colcon.colcon_core.package_discovery:discover_packages(path) check parameters
[1.083s] Level 1:colcon.colcon_core.package_discovery:discover_packages(colcon_meta) discover
[1.084s] Level 1:colcon.colcon_core.package_discovery:discover_packages(recursive) discover
[1.084s] INFO:colcon.colcon_core.package_discovery:Crawling recursively for packages in '/home/husarion/rosbot_ws'
[1.085s] Level 1:colcon.colcon_core.package_identification:_identify(.) by extensions ['ignore', 'ignore_ament_install']
[1.085s] Level 1:colcon.colcon_core.package_identification:_identify(.) by extension 'ignore'
[1.085s] Level 1:colcon.colcon_core.package_identification:_identify(.) by extension 'ignore_ament_install'
[1.086s] Level 1:colcon.colcon_core.package_identification:_identify(.) by extensions ['colcon_pkg']
[1.086s] Level 1:colcon.colcon_core.package_identification:_identify(.) by extension 'colcon_pkg'
[1.086s] Level 1:colcon.colcon_core.package_identification:_identify(.) by extensions ['colcon_meta']
[1.086s] Level 1:colcon.colcon_core.package_identification:_identify(.) by extension 'colcon_meta'
[1.087s] Level 1:colcon.colcon_core.package_identification:_identify(.) by extensions ['ros']
[1.087s] Level 1:colcon.colcon_core.package_identification:_identify(.) by extension 'ros'
[1.153s] Level 1:colcon.colcon_core.package_identification:_identify(.) by extensions ['cmake', 'python']
[1.154s] Level 1:colcon.colcon_core.package_identification:_identify(.) by extension 'cmake'
[1.154s] Level 1:colcon.colcon_core.package_identification:_identify(.) by extension 'python'
[1.154s] Level 1:colcon.colcon_core.package_identification:_identify(.) by extensions ['python_setup_py']
[1.154s] Level 1:colcon.colcon_core.package_identification:_identify(.) by extension 'python_setup_py'
[1.155s] Level 1:colcon.colcon_core.package_identification:_identify(build) by extensions ['ignore', 'ignore_ament_install']
[1.156s] Level 1:colcon.colcon_core.package_identification:_identify(build) by extension 'ignore'
[1.156s] Level 1:colcon.colcon_core.package_identification:_identify(build) ignored
[1.156s] Level 1:colcon.colcon_core.package_identification:_identify(install) by extensions ['ignore', 'ignore_ament_install']
[1.157s] Level 1:colcon.colcon_core.package_identification:_identify(install) by extension 'ignore'
[1.157s] Level 1:colcon.colcon_core.package_identification:_identify(install) ignored
[1.158s] Level 1:colcon.colcon_core.package_identification:_identify(log) by extensions ['ignore', 'ignore_ament_install']
[1.158s] Level 1:colcon.colcon_core.package_identification:_identify(log) by extension 'ignore'
[1.159s] Level 1:colcon.colcon_core.package_identification:_identify(log) ignored
[1.159s] Level 1:colcon.colcon_core.package_identification:_identify(src) by extensions ['ignore', 'ignore_ament_install']
[1.159s] Level 1:colcon.colcon_core.package_identification:_identify(src) by extension 'ignore'
[1.160s] Level 1:colcon.colcon_core.package_identification:_identify(src) by extension 'ignore_ament_install'
[1.160s] Level 1:colcon.colcon_core.package_identification:_identify(src) by extensions ['colcon_pkg']
[1.160s] Level 1:colcon.colcon_core.package_identification:_identify(src) by extension 'colcon_pkg'
[1.160s] Level 1:colcon.colcon_core.package_identification:_identify(src) by extensions ['colcon_meta']
[1.161s] Level 1:colcon.colcon_core.package_identification:_identify(src) by extension 'colcon_meta'
[1.161s] Level 1:colcon.colcon_core.package_identification:_identify(src) by extensions ['ros']
[1.161s] Level 1:colcon.colcon_core.package_identification:_identify(src) by extension 'ros'
[1.162s] Level 1:colcon.colcon_core.package_identification:_identify(src) by extensions ['cmake', 'python']
[1.162s] Level 1:colcon.colcon_core.package_identification:_identify(src) by extension 'cmake'
[1.162s] Level 1:colcon.colcon_core.package_identification:_identify(src) by extension 'python'
[1.162s] Level 1:colcon.colcon_core.package_identification:_identify(src) by extensions ['python_setup_py']
[1.162s] Level 1:colcon.colcon_core.package_identification:_identify(src) by extension 'python_setup_py'
[1.163s] Level 1:colcon.colcon_core.package_identification:_identify(src/ros_components_description) by extensions ['ignore', 'ignore_ament_install']
[1.163s] Level 1:colcon.colcon_core.package_identification:_identify(src/ros_components_description) by extension 'ignore'
[1.164s] Level 1:colcon.colcon_core.package_identification:_identify(src/ros_components_description) by extension 'ignore_ament_install'
[1.164s] Level 1:colcon.colcon_core.package_identification:_identify(src/ros_components_description) by extensions ['colcon_pkg']
[1.164s] Level 1:colcon.colcon_core.package_identification:_identify(src/ros_components_description) by extension 'colcon_pkg'
[1.164s] Level 1:colcon.colcon_core.package_identification:_identify(src/ros_components_description) by extensions ['colcon_meta']
[1.165s] Level 1:colcon.colcon_core.package_identification:_identify(src/ros_components_description) by extension 'colcon_meta'
[1.165s] Level 1:colcon.colcon_core.package_identification:_identify(src/ros_components_description) by extensions ['ros']
[1.165s] Level 1:colcon.colcon_core.package_identification:_identify(src/ros_components_description) by extension 'ros'
[1.332s] DEBUG:colcon.colcon_core.package_identification:Package 'src/ros_components_description' with type 'ros.ament_cmake' and name 'ros_components_description'
[1.333s] Level 1:colcon.colcon_core.package_identification:_identify(src/rosbot) by extensions ['ignore', 'ignore_ament_install']
[1.334s] Level 1:colcon.colcon_core.package_identification:_identify(src/rosbot) by extension 'ignore'
[1.334s] Level 1:colcon.colcon_core.package_identification:_identify(src/rosbot) by extension 'ignore_ament_install'
[1.334s] Level 1:colcon.colcon_core.package_identification:_identify(src/rosbot) by extensions ['colcon_pkg']
[1.334s] Level 1:colcon.colcon_core.package_identification:_identify(src/rosbot) by extension 'colcon_pkg'
[1.335s] Level 1:colcon.colcon_core.package_identification:_identify(src/rosbot) by extensions ['colcon_meta']
[1.335s] Level 1:colcon.colcon_core.package_identification:_identify(src/rosbot) by extension 'colcon_meta'
[1.335s] Level 1:colcon.colcon_core.package_identification:_identify(src/rosbot) by extensions ['ros']
[1.335s] Level 1:colcon.colcon_core.package_identification:_identify(src/rosbot) by extension 'ros'
[1.373s] DEBUG:colcon.colcon_core.package_identification:Package 'src/rosbot' with type 'ros.ament_cmake' and name 'rosbot'
[1.374s] Level 1:colcon.colcon_core.package_identification:_identify(src/rosbot_bringup) by extensions ['ignore', 'ignore_ament_install']
[1.374s] Level 1:colcon.colcon_core.package_identification:_identify(src/rosbot_bringup) by extension 'ignore'
[1.375s] Level 1:colcon.colcon_core.package_identification:_identify(src/rosbot_bringup) by extension 'ignore_ament_install'
[1.375s] Level 1:colcon.colcon_core.package_identification:_identify(src/rosbot_bringup) by extensions ['colcon_pkg']
[1.375s] Level 1:colcon.colcon_core.package_identification:_identify(src/rosbot_bringup) by extension 'colcon_pkg'
[1.375s] Level 1:colcon.colcon_core.package_identification:_identify(src/rosbot_bringup) by extensions ['colcon_meta']
[1.376s] Level 1:colcon.colcon_core.package_identification:_identify(src/rosbot_bringup) by extension 'colcon_meta'
[1.376s] Level 1:colcon.colcon_core.package_identification:_identify(src/rosbot_bringup) by extensions ['ros']
[1.376s] Level 1:colcon.colcon_core.package_identification:_identify(src/rosbot_bringup) by extension 'ros'
[1.379s] DEBUG:colcon.colcon_core.package_identification:Package 'src/rosbot_bringup' with type 'ros.ament_cmake' and name 'rosbot_bringup'
[1.380s] Level 1:colcon.colcon_core.package_identification:_identify(src/rosbot_controller) by extensions ['ignore', 'ignore_ament_install']
[1.381s] Level 1:colcon.colcon_core.package_identification:_identify(src/rosbot_controller) by extension 'ignore'
[1.381s] Level 1:colcon.colcon_core.package_identification:_identify(src/rosbot_controller) by extension 'ignore_ament_install'
[1.381s] Level 1:colcon.colcon_core.package_identification:_identify(src/rosbot_controller) by extensions ['colcon_pkg']
[1.381s] Level 1:colcon.colcon_core.package_identification:_identify(src/rosbot_controller) by extension 'colcon_pkg'
[1.382s] Level 1:colcon.colcon_core.package_identification:_identify(src/rosbot_controller) by extensions ['colcon_meta']
[1.382s] Level 1:colcon.colcon_core.package_identification:_identify(src/rosbot_controller) by extension 'colcon_meta'
[1.382s] Level 1:colcon.colcon_core.package_identification:_identify(src/rosbot_controller) by extensions ['ros']
[1.382s] Level 1:colcon.colcon_core.package_identification:_identify(src/rosbot_controller) by extension 'ros'
[1.387s] DEBUG:colcon.colcon_core.package_identification:Package 'src/rosbot_controller' with type 'ros.ament_cmake' and name 'rosbot_controller'
[1.388s] Level 1:colcon.colcon_core.package_identification:_identify(src/rosbot_controllers) by extensions ['ignore', 'ignore_ament_install']
[1.388s] Level 1:colcon.colcon_core.package_identification:_identify(src/rosbot_controllers) by extension 'ignore'
[1.388s] Level 1:colcon.colcon_core.package_identification:_identify(src/rosbot_controllers) by extension 'ignore_ament_install'
[1.389s] Level 1:colcon.colcon_core.package_identification:_identify(src/rosbot_controllers) by extensions ['colcon_pkg']
[1.389s] Level 1:colcon.colcon_core.package_identification:_identify(src/rosbot_controllers) by extension 'colcon_pkg'
[1.389s] Level 1:colcon.colcon_core.package_identification:_identify(src/rosbot_controllers) by extensions ['colcon_meta']
[1.389s] Level 1:colcon.colcon_core.package_identification:_identify(src/rosbot_controllers) by extension 'colcon_meta'
[1.390s] Level 1:colcon.colcon_core.package_identification:_identify(src/rosbot_controllers) by extensions ['ros']
[1.390s] Level 1:colcon.colcon_core.package_identification:_identify(src/rosbot_controllers) by extension 'ros'
[1.390s] Level 1:colcon.colcon_core.package_identification:_identify(src/rosbot_controllers) by extensions ['cmake', 'python']
[1.390s] Level 1:colcon.colcon_core.package_identification:_identify(src/rosbot_controllers) by extension 'cmake'
[1.391s] Level 1:colcon.colcon_core.package_identification:_identify(src/rosbot_controllers) by extension 'python'
[1.391s] Level 1:colcon.colcon_core.package_identification:_identify(src/rosbot_controllers) by extensions ['python_setup_py']
[1.391s] Level 1:colcon.colcon_core.package_identification:_identify(src/rosbot_controllers) by extension 'python_setup_py'
[1.392s] Level 1:colcon.colcon_core.package_identification:_identify(src/rosbot_controllers/mecanum_drive_controller) by extensions ['ignore', 'ignore_ament_install']
[1.392s] Level 1:colcon.colcon_core.package_identification:_identify(src/rosbot_controllers/mecanum_drive_controller) by extension 'ignore'
[1.392s] Level 1:colcon.colcon_core.package_identification:_identify(src/rosbot_controllers/mecanum_drive_controller) by extension 'ignore_ament_install'
[1.393s] Level 1:colcon.colcon_core.package_identification:_identify(src/rosbot_controllers/mecanum_drive_controller) by extensions ['colcon_pkg']
[1.393s] Level 1:colcon.colcon_core.package_identification:_identify(src/rosbot_controllers/mecanum_drive_controller) by extension 'colcon_pkg'
[1.393s] Level 1:colcon.colcon_core.package_identification:_identify(src/rosbot_controllers/mecanum_drive_controller) by extensions ['colcon_meta']
[1.393s] Level 1:colcon.colcon_core.package_identification:_identify(src/rosbot_controllers/mecanum_drive_controller) by extension 'colcon_meta'
[1.394s] Level 1:colcon.colcon_core.package_identification:_identify(src/rosbot_controllers/mecanum_drive_controller) by extensions ['ros']
[1.394s] Level 1:colcon.colcon_core.package_identification:_identify(src/rosbot_controllers/mecanum_drive_controller) by extension 'ros'
[1.402s] DEBUG:colcon.colcon_core.package_identification:Package 'src/rosbot_controllers/mecanum_drive_controller' with type 'ros.ament_cmake' and name 'mecanum_drive_controller'
[1.403s] Level 1:colcon.colcon_core.package_identification:_identify(src/rosbot_description) by extensions ['ignore', 'ignore_ament_install']
[1.403s] Level 1:colcon.colcon_core.package_identification:_identify(src/rosbot_description) by extension 'ignore'
[1.403s] Level 1:colcon.colcon_core.package_identification:_identify(src/rosbot_description) by extension 'ignore_ament_install'
[1.404s] Level 1:colcon.colcon_core.package_identification:_identify(src/rosbot_description) by extensions ['colcon_pkg']
[1.404s] Level 1:colcon.colcon_core.package_identification:_identify(src/rosbot_description) by extension 'colcon_pkg'
[1.404s] Level 1:colcon.colcon_core.package_identification:_identify(src/rosbot_description) by extensions ['colcon_meta']
[1.404s] Level 1:colcon.colcon_core.package_identification:_identify(src/rosbot_description) by extension 'colcon_meta'
[1.405s] Level 1:colcon.colcon_core.package_identification:_identify(src/rosbot_description) by extensions ['ros']
[1.405s] Level 1:colcon.colcon_core.package_identification:_identify(src/rosbot_description) by extension 'ros'
[1.408s] DEBUG:colcon.colcon_core.package_identification:Package 'src/rosbot_description' with type 'ros.ament_cmake' and name 'rosbot_description'
[1.409s] Level 1:colcon.colcon_core.package_identification:_identify(src/rosbot_hardware_interfaces) by extensions ['ignore', 'ignore_ament_install']
[1.409s] Level 1:colcon.colcon_core.package_identification:_identify(src/rosbot_hardware_interfaces) by extension 'ignore'
[1.409s] Level 1:colcon.colcon_core.package_identification:_identify(src/rosbot_hardware_interfaces) by extension 'ignore_ament_install'
[1.410s] Level 1:colcon.colcon_core.package_identification:_identify(src/rosbot_hardware_interfaces) by extensions ['colcon_pkg']
[1.410s] Level 1:colcon.colcon_core.package_identification:_identify(src/rosbot_hardware_interfaces) by extension 'colcon_pkg'
[1.410s] Level 1:colcon.colcon_core.package_identification:_identify(src/rosbot_hardware_interfaces) by extensions ['colcon_meta']
[1.410s] Level 1:colcon.colcon_core.package_identification:_identify(src/rosbot_hardware_interfaces) by extension 'colcon_meta'
[1.411s] Level 1:colcon.colcon_core.package_identification:_identify(src/rosbot_hardware_interfaces) by extensions ['ros']
[1.411s] Level 1:colcon.colcon_core.package_identification:_identify(src/rosbot_hardware_interfaces) by extension 'ros'
[1.418s] DEBUG:colcon.colcon_core.package_identification:Package 'src/rosbot_hardware_interfaces' with type 'ros.ament_cmake' and name 'rosbot_hardware_interfaces'
[1.418s] Level 1:colcon.colcon_core.package_discovery:discover_packages(recursive) using defaults
[1.418s] Level 1:colcon.colcon_core.package_discovery:discover_packages(ignore) discover
[1.418s] Level 1:colcon.colcon_core.package_discovery:discover_packages(ignore) using defaults
[1.419s] Level 1:colcon.colcon_core.package_discovery:discover_packages(path) discover
[1.419s] Level 1:colcon.colcon_core.package_discovery:discover_packages(path) using defaults
[1.539s] Level 1:colcon.colcon_core.package_discovery:discover_packages(prefix_path) check parameters
[1.540s] Level 1:colcon.colcon_core.package_discovery:discover_packages(prefix_path) discover
[1.561s] DEBUG:colcon.colcon_installed_package_information.package_discovery:Found 3 installed packages in /home/husarion/rosbot_ws/install
[1.567s] DEBUG:colcon.colcon_installed_package_information.package_discovery:Found 3 installed packages in /home/husarion/micro_ws/install
[1.574s] DEBUG:colcon.colcon_installed_package_information.package_discovery:Found 3 installed packages in /home/husarion/microros_ws/install
[1.582s] DEBUG:colcon.colcon_installed_package_information.package_discovery:Found 6 installed packages in /home/husarion/ROS2swarm/install
[1.589s] DEBUG:colcon.colcon_installed_package_information.package_discovery:Found 4 installed packages in /home/husarion/husarion_ws/install
[1.603s] DEBUG:colcon.colcon_installed_package_information.package_discovery:Found 299 installed packages in /opt/ros/foxy
[1.618s] Level 1:colcon.colcon_core.package_discovery:discover_packages(prefix_path) using defaults
[2.079s] Level 5:colcon.colcon_core.verb:set package 'mecanum_drive_controller' build argument 'cmake_args' from command line to 'None'
[2.079s] Level 5:colcon.colcon_core.verb:set package 'mecanum_drive_controller' build argument 'cmake_target' from command line to 'None'
[2.080s] Level 5:colcon.colcon_core.verb:set package 'mecanum_drive_controller' build argument 'cmake_target_skip_unavailable' from command line to 'False'
[2.080s] Level 5:colcon.colcon_core.verb:set package 'mecanum_drive_controller' build argument 'cmake_clean_cache' from command line to 'False'
[2.080s] Level 5:colcon.colcon_core.verb:set package 'mecanum_drive_controller' build argument 'cmake_clean_first' from command line to 'False'
[2.080s] Level 5:colcon.colcon_core.verb:set package 'mecanum_drive_controller' build argument 'cmake_force_configure' from command line to 'False'
[2.080s] Level 5:colcon.colcon_core.verb:set package 'mecanum_drive_controller' build argument 'ament_cmake_args' from command line to 'None'
[2.080s] Level 5:colcon.colcon_core.verb:set package 'mecanum_drive_controller' build argument 'catkin_cmake_args' from command line to 'None'
[2.081s] Level 5:colcon.colcon_core.verb:set package 'mecanum_drive_controller' build argument 'catkin_skip_building_tests' from command line to 'False'
[2.081s] DEBUG:colcon.colcon_core.verb:Building package 'mecanum_drive_controller' with the following arguments: {'ament_cmake_args': None, 'build_base': '/home/husarion/rosbot_ws/build/mecanum_drive_controller', 'catkin_cmake_args': None, 'catkin_skip_building_tests': False, 'cmake_args': None, 'cmake_clean_cache': False, 'cmake_clean_first': False, 'cmake_force_configure': False, 'cmake_target': None, 'cmake_target_skip_unavailable': False, 'install_base': '/home/husarion/rosbot_ws/install/mecanum_drive_controller', 'merge_install': False, 'path': '/home/husarion/rosbot_ws/src/rosbot_controllers/mecanum_drive_controller', 'symlink_install': False, 'test_result_base': None}
[2.088s] Level 5:colcon.colcon_core.verb:set package 'ros_components_description' build argument 'cmake_args' from command line to 'None'
[2.088s] Level 5:colcon.colcon_core.verb:set package 'ros_components_description' build argument 'cmake_target' from command line to 'None'
[2.088s] Level 5:colcon.colcon_core.verb:set package 'ros_components_description' build argument 'cmake_target_skip_unavailable' from command line to 'False'
[2.088s] Level 5:colcon.colcon_core.verb:set package 'ros_components_description' build argument 'cmake_clean_cache' from command line to 'False'
[2.088s] Level 5:colcon.colcon_core.verb:set package 'ros_components_description' build argument 'cmake_clean_first' from command line to 'False'
[2.088s] Level 5:colcon.colcon_core.verb:set package 'ros_components_description' build argument 'cmake_force_configure' from command line to 'False'
[2.089s] Level 5:colcon.colcon_core.verb:set package 'ros_components_description' build argument 'ament_cmake_args' from command line to 'None'
[2.089s] Level 5:colcon.colcon_core.verb:set package 'ros_components_description' build argument 'catkin_cmake_args' from command line to 'None'
[2.089s] Level 5:colcon.colcon_core.verb:set package 'ros_components_description' build argument 'catkin_skip_building_tests' from command line to 'False'
[2.089s] DEBUG:colcon.colcon_core.verb:Building package 'ros_components_description' with the following arguments: {'ament_cmake_args': None, 'build_base': '/home/husarion/rosbot_ws/build/ros_components_description', 'catkin_cmake_args': None, 'catkin_skip_building_tests': False, 'cmake_args': None, 'cmake_clean_cache': False, 'cmake_clean_first': False, 'cmake_force_configure': False, 'cmake_target': None, 'cmake_target_skip_unavailable': False, 'install_base': '/home/husarion/rosbot_ws/install/ros_components_description', 'merge_install': False, 'path': '/home/husarion/rosbot_ws/src/ros_components_description', 'symlink_install': False, 'test_result_base': None}
[2.096s] Level 5:colcon.colcon_core.verb:set package 'rosbot_hardware_interfaces' build argument 'cmake_args' from command line to 'None'
[2.097s] Level 5:colcon.colcon_core.verb:set package 'rosbot_hardware_interfaces' build argument 'cmake_target' from command line to 'None'
[2.097s] Level 5:colcon.colcon_core.verb:set package 'rosbot_hardware_interfaces' build argument 'cmake_target_skip_unavailable' from command line to 'False'
[2.097s] Level 5:colcon.colcon_core.verb:set package 'rosbot_hardware_interfaces' build argument 'cmake_clean_cache' from command line to 'False'
[2.097s] Level 5:colcon.colcon_core.verb:set package 'rosbot_hardware_interfaces' build argument 'cmake_clean_first' from command line to 'False'
[2.097s] Level 5:colcon.colcon_core.verb:set package 'rosbot_hardware_interfaces' build argument 'cmake_force_configure' from command line to 'False'
[2.097s] Level 5:colcon.colcon_core.verb:set package 'rosbot_hardware_interfaces' build argument 'ament_cmake_args' from command line to 'None'
[2.098s] Level 5:colcon.colcon_core.verb:set package 'rosbot_hardware_interfaces' build argument 'catkin_cmake_args' from command line to 'None'
[2.098s] Level 5:colcon.colcon_core.verb:set package 'rosbot_hardware_interfaces' build argument 'catkin_skip_building_tests' from command line to 'False'
[2.098s] DEBUG:colcon.colcon_core.verb:Building package 'rosbot_hardware_interfaces' with the following arguments: {'ament_cmake_args': None, 'build_base': '/home/husarion/rosbot_ws/build/rosbot_hardware_interfaces', 'catkin_cmake_args': None, 'catkin_skip_building_tests': False, 'cmake_args': None, 'cmake_clean_cache': False, 'cmake_clean_first': False, 'cmake_force_configure': False, 'cmake_target': None, 'cmake_target_skip_unavailable': False, 'install_base': '/home/husarion/rosbot_ws/install/rosbot_hardware_interfaces', 'merge_install': False, 'path': '/home/husarion/rosbot_ws/src/rosbot_hardware_interfaces', 'symlink_install': False, 'test_result_base': None}
[2.105s] Level 5:colcon.colcon_core.verb:set package 'rosbot_description' build argument 'cmake_args' from command line to 'None'
[2.105s] Level 5:colcon.colcon_core.verb:set package 'rosbot_description' build argument 'cmake_target' from command line to 'None'
[2.105s] Level 5:colcon.colcon_core.verb:set package 'rosbot_description' build argument 'cmake_target_skip_unavailable' from command line to 'False'
[2.105s] Level 5:colcon.colcon_core.verb:set package 'rosbot_description' build argument 'cmake_clean_cache' from command line to 'False'
[2.105s] Level 5:colcon.colcon_core.verb:set package 'rosbot_description' build argument 'cmake_clean_first' from command line to 'False'
[2.106s] Level 5:colcon.colcon_core.verb:set package 'rosbot_description' build argument 'cmake_force_configure' from command line to 'False'
[2.106s] Level 5:colcon.colcon_core.verb:set package 'rosbot_description' build argument 'ament_cmake_args' from command line to 'None'
[2.106s] Level 5:colcon.colcon_core.verb:set package 'rosbot_description' build argument 'catkin_cmake_args' from command line to 'None'
[2.106s] Level 5:colcon.colcon_core.verb:set package 'rosbot_description' build argument 'catkin_skip_building_tests' from command line to 'False'
[2.106s] DEBUG:colcon.colcon_core.verb:Building package 'rosbot_description' with the following arguments: {'ament_cmake_args': None, 'build_base': '/home/husarion/rosbot_ws/build/rosbot_description', 'catkin_cmake_args': None, 'catkin_skip_building_tests': False, 'cmake_args': None, 'cmake_clean_cache': False, 'cmake_clean_first': False, 'cmake_force_configure': False, 'cmake_target': None, 'cmake_target_skip_unavailable': False, 'install_base': '/home/husarion/rosbot_ws/install/rosbot_description', 'merge_install': False, 'path': '/home/husarion/rosbot_ws/src/rosbot_description', 'symlink_install': False, 'test_result_base': None}
[2.113s] Level 5:colcon.colcon_core.verb:set package 'rosbot_controller' build argument 'cmake_args' from command line to 'None'
[2.113s] Level 5:colcon.colcon_core.verb:set package 'rosbot_controller' build argument 'cmake_target' from command line to 'None'
[2.113s] Level 5:colcon.colcon_core.verb:set package 'rosbot_controller' build argument 'cmake_target_skip_unavailable' from command line to 'False'
[2.114s] Level 5:colcon.colcon_core.verb:set package 'rosbot_controller' build argument 'cmake_clean_cache' from command line to 'False'
[2.114s] Level 5:colcon.colcon_core.verb:set package 'rosbot_controller' build argument 'cmake_clean_first' from command line to 'False'
[2.114s] Level 5:colcon.colcon_core.verb:set package 'rosbot_controller' build argument 'cmake_force_configure' from command line to 'False'
[2.114s] Level 5:colcon.colcon_core.verb:set package 'rosbot_controller' build argument 'ament_cmake_args' from command line to 'None'
[2.114s] Level 5:colcon.colcon_core.verb:set package 'rosbot_controller' build argument 'catkin_cmake_args' from command line to 'None'
[2.114s] Level 5:colcon.colcon_core.verb:set package 'rosbot_controller' build argument 'catkin_skip_building_tests' from command line to 'False'
[2.115s] DEBUG:colcon.colcon_core.verb:Building package 'rosbot_controller' with the following arguments: {'ament_cmake_args': None, 'build_base': '/home/husarion/rosbot_ws/build/rosbot_controller', 'catkin_cmake_args': None, 'catkin_skip_building_tests': False, 'cmake_args': None, 'cmake_clean_cache': False, 'cmake_clean_first': False, 'cmake_force_configure': False, 'cmake_target': None, 'cmake_target_skip_unavailable': False, 'install_base': '/home/husarion/rosbot_ws/install/rosbot_controller', 'merge_install': False, 'path': '/home/husarion/rosbot_ws/src/rosbot_controller', 'symlink_install': False, 'test_result_base': None}
[2.121s] Level 5:colcon.colcon_core.verb:set package 'rosbot_bringup' build argument 'cmake_args' from command line to 'None'
[2.122s] Level 5:colcon.colcon_core.verb:set package 'rosbot_bringup' build argument 'cmake_target' from command line to 'None'
[2.122s] Level 5:colcon.colcon_core.verb:set package 'rosbot_bringup' build argument 'cmake_target_skip_unavailable' from command line to 'False'
[2.122s] Level 5:colcon.colcon_core.verb:set package 'rosbot_bringup' build argument 'cmake_clean_cache' from command line to 'False'
[2.122s] Level 5:colcon.colcon_core.verb:set package 'rosbot_bringup' build argument 'cmake_clean_first' from command line to 'False'
[2.122s] Level 5:colcon.colcon_core.verb:set package 'rosbot_bringup' build argument 'cmake_force_configure' from command line to 'False'
[2.122s] Level 5:colcon.colcon_core.verb:set package 'rosbot_bringup' build argument 'ament_cmake_args' from command line to 'None'
[2.123s] Level 5:colcon.colcon_core.verb:set package 'rosbot_bringup' build argument 'catkin_cmake_args' from command line to 'None'
[2.123s] Level 5:colcon.colcon_core.verb:set package 'rosbot_bringup' build argument 'catkin_skip_building_tests' from command line to 'False'
[2.123s] DEBUG:colcon.colcon_core.verb:Building package 'rosbot_bringup' with the following arguments: {'ament_cmake_args': None, 'build_base': '/home/husarion/rosbot_ws/build/rosbot_bringup', 'catkin_cmake_args': None, 'catkin_skip_building_tests': False, 'cmake_args': None, 'cmake_clean_cache': False, 'cmake_clean_first': False, 'cmake_force_configure': False, 'cmake_target': None, 'cmake_target_skip_unavailable': False, 'install_base': '/home/husarion/rosbot_ws/install/rosbot_bringup', 'merge_install': False, 'path': '/home/husarion/rosbot_ws/src/rosbot_bringup', 'symlink_install': False, 'test_result_base': None}
[2.130s] Level 5:colcon.colcon_core.verb:set package 'rosbot' build argument 'cmake_args' from command line to 'None'
[2.130s] Level 5:colcon.colcon_core.verb:set package 'rosbot' build argument 'cmake_target' from command line to 'None'
[2.130s] Level 5:colcon.colcon_core.verb:set package 'rosbot' build argument 'cmake_target_skip_unavailable' from command line to 'False'
[2.130s] Level 5:colcon.colcon_core.verb:set package 'rosbot' build argument 'cmake_clean_cache' from command line to 'False'
[2.130s] Level 5:colcon.colcon_core.verb:set package 'rosbot' build argument 'cmake_clean_first' from command line to 'False'
[2.131s] Level 5:colcon.colcon_core.verb:set package 'rosbot' build argument 'cmake_force_configure' from command line to 'False'
[2.131s] Level 5:colcon.colcon_core.verb:set package 'rosbot' build argument 'ament_cmake_args' from command line to 'None'
[2.131s] Level 5:colcon.colcon_core.verb:set package 'rosbot' build argument 'catkin_cmake_args' from command line to 'None'
[2.131s] Level 5:colcon.colcon_core.verb:set package 'rosbot' build argument 'catkin_skip_building_tests' from command line to 'False'
[2.131s] DEBUG:colcon.colcon_core.verb:Building package 'rosbot' with the following arguments: {'ament_cmake_args': None, 'build_base': '/home/husarion/rosbot_ws/build/rosbot', 'catkin_cmake_args': None, 'catkin_skip_building_tests': False, 'cmake_args': None, 'cmake_clean_cache': False, 'cmake_clean_first': False, 'cmake_force_configure': False, 'cmake_target': None, 'cmake_target_skip_unavailable': False, 'install_base': '/home/husarion/rosbot_ws/install/rosbot', 'merge_install': False, 'path': '/home/husarion/rosbot_ws/src/rosbot', 'symlink_install': False, 'test_result_base': None}
[2.136s] INFO:colcon.colcon_core.executor:Executing jobs using 'parallel' executor
[2.164s] DEBUG:colcon.colcon_parallel_executor.executor.parallel:run_until_complete
[2.166s] INFO:colcon.colcon_ros.task.ament_cmake.build:Building ROS package in '/home/husarion/rosbot_ws/src/ros_components_description' with build type 'ament_cmake'
[2.168s] INFO:colcon.colcon_cmake.task.cmake.build:Building CMake package in '/home/husarion/rosbot_ws/src/ros_components_description'
[2.201s] INFO:colcon.colcon_core.plugin_system:Skipping extension 'colcon_core.shell.bat': Not used on non-Windows systems
[2.202s] INFO:colcon.colcon_core.shell:Skip shell extension 'powershell' for command environment: Not usable outside of PowerShell
[2.203s] DEBUG:colcon.colcon_core.shell:Skip shell extension 'dsv' for command environment
[2.273s] INFO:colcon.colcon_ros.task.ament_cmake.build:Building ROS package in '/home/husarion/rosbot_ws/src/rosbot_hardware_interfaces' with build type 'ament_cmake'
[2.275s] INFO:colcon.colcon_cmake.task.cmake.build:Building CMake package in '/home/husarion/rosbot_ws/src/rosbot_hardware_interfaces'
[2.290s] INFO:colcon.colcon_core.shell:Skip shell extension 'powershell' for command environment: Not usable outside of PowerShell
[2.290s] DEBUG:colcon.colcon_core.shell:Skip shell extension 'dsv' for command environment
[2.360s] INFO:colcon.colcon_ros.task.ament_cmake.build:Building ROS package in '/home/husarion/rosbot_ws/src/rosbot_controllers/mecanum_drive_controller' with build type 'ament_cmake'
[2.363s] INFO:colcon.colcon_cmake.task.cmake.build:Building CMake package in '/home/husarion/rosbot_ws/src/rosbot_controllers/mecanum_drive_controller'
[2.377s] INFO:colcon.colcon_core.shell:Skip shell extension 'powershell' for command environment: Not usable outside of PowerShell
[2.379s] DEBUG:colcon.colcon_core.shell:Skip shell extension 'dsv' for command environment
[2.482s] DEBUG:colcon.colcon_core.event_handler.log_command:Invoking command in '/home/husarion/rosbot_ws/build/ros_components_description': CMAKE_PREFIX_PATH=${CMAKE_PREFIX_PATH}:/home/husarion/ROS2swarm/install/thymio_driver:/home/husarion/ROS2swarm/install/ros2swarm:/home/husarion/ROS2swarm/install/launch_gazebo:/opt/ros/foxy /usr/bin/cmake --build /home/husarion/rosbot_ws/build/ros_components_description -- -j4 -l4
[2.529s] DEBUG:colcon.colcon_core.event_handler.log_command:Invoking command in '/home/husarion/rosbot_ws/build/rosbot_hardware_interfaces': CMAKE_PREFIX_PATH=${CMAKE_PREFIX_PATH}:/home/husarion/ROS2swarm/install/thymio_driver:/home/husarion/ROS2swarm/install/ros2swarm:/home/husarion/ROS2swarm/install/launch_gazebo:/opt/ros/foxy /usr/bin/cmake /home/husarion/rosbot_ws/src/rosbot_hardware_interfaces -DCMAKE_INSTALL_PREFIX=/home/husarion/rosbot_ws/install/rosbot_hardware_interfaces
[2.558s] DEBUG:colcon.colcon_core.event_handler.log_command:Invoking command in '/home/husarion/rosbot_ws/build/mecanum_drive_controller': CMAKE_PREFIX_PATH=${CMAKE_PREFIX_PATH}:/home/husarion/ROS2swarm/install/thymio_driver:/home/husarion/ROS2swarm/install/ros2swarm:/home/husarion/ROS2swarm/install/launch_gazebo:/opt/ros/foxy /usr/bin/cmake /home/husarion/rosbot_ws/src/rosbot_controllers/mecanum_drive_controller -DCMAKE_INSTALL_PREFIX=/home/husarion/rosbot_ws/install/mecanum_drive_controller
[2.725s] DEBUG:colcon.colcon_core.event_handler.log_command:Invoked command in '/home/husarion/rosbot_ws/build/ros_components_description' returned '0': CMAKE_PREFIX_PATH=${CMAKE_PREFIX_PATH}:/home/husarion/ROS2swarm/install/thymio_driver:/home/husarion/ROS2swarm/install/ros2swarm:/home/husarion/ROS2swarm/install/launch_gazebo:/opt/ros/foxy /usr/bin/cmake --build /home/husarion/rosbot_ws/build/ros_components_description -- -j4 -l4
[2.916s] DEBUG:colcon.colcon_core.event_handler.log_command:Invoking command in '/home/husarion/rosbot_ws/build/ros_components_description': CMAKE_PREFIX_PATH=${CMAKE_PREFIX_PATH}:/home/husarion/ROS2swarm/install/thymio_driver:/home/husarion/ROS2swarm/install/ros2swarm:/home/husarion/ROS2swarm/install/launch_gazebo:/opt/ros/foxy /usr/bin/cmake --install /home/husarion/rosbot_ws/build/ros_components_description
[2.977s] Level 1:colcon.colcon_core.environment:create_environment_scripts_only(ros_components_description)
[3.014s] DEBUG:colcon.colcon_core.event_handler.log_command:Invoked command in '/home/husarion/rosbot_ws/build/ros_components_description' returned '0': CMAKE_PREFIX_PATH=${CMAKE_PREFIX_PATH}:/home/husarion/ROS2swarm/install/thymio_driver:/home/husarion/ROS2swarm/install/ros2swarm:/home/husarion/ROS2swarm/install/launch_gazebo:/opt/ros/foxy /usr/bin/cmake --install /home/husarion/rosbot_ws/build/ros_components_description
[3.034s] Level 1:colcon.colcon_core.environment:checking '/home/husarion/rosbot_ws/install/ros_components_description' for CMake module files
[3.038s] Level 1:colcon.colcon_core.environment:checking '/home/husarion/rosbot_ws/install/ros_components_description' for CMake config files
[3.040s] Level 1:colcon.colcon_core.shell:create_environment_hook('ros_components_description', 'cmake_prefix_path')
[3.050s] INFO:colcon.colcon_core.shell:Creating environment hook '/home/husarion/rosbot_ws/install/ros_components_description/share/ros_components_description/hook/cmake_prefix_path.ps1'
[3.054s] INFO:colcon.colcon_core.shell:Creating environment descriptor '/home/husarion/rosbot_ws/install/ros_components_description/share/ros_components_description/hook/cmake_prefix_path.dsv'
[3.057s] INFO:colcon.colcon_core.shell:Creating environment hook '/home/husarion/rosbot_ws/install/ros_components_description/share/ros_components_description/hook/cmake_prefix_path.sh'
[3.062s] Level 1:colcon.colcon_core.environment:checking '/home/husarion/rosbot_ws/install/ros_components_description/bin'
[3.063s] Level 1:colcon.colcon_core.environment:checking '/home/husarion/rosbot_ws/install/ros_components_description/lib/pkgconfig/ros_components_description.pc'
[3.064s] Level 1:colcon.colcon_core.environment:checking '/home/husarion/rosbot_ws/install/ros_components_description/lib/python3.8/site-packages'
[3.065s] Level 1:colcon.colcon_core.environment:checking '/home/husarion/rosbot_ws/install/ros_components_description/bin'
[3.076s] INFO:colcon.colcon_core.shell:Creating package script '/home/husarion/rosbot_ws/install/ros_components_description/share/ros_components_description/package.ps1'
[3.081s] INFO:colcon.colcon_core.shell:Creating package descriptor '/home/husarion/rosbot_ws/install/ros_components_description/share/ros_components_description/package.dsv'
[3.084s] INFO:colcon.colcon_core.shell:Creating package script '/home/husarion/rosbot_ws/install/ros_components_description/share/ros_components_description/package.sh'
[3.090s] INFO:colcon.colcon_core.shell:Creating package script '/home/husarion/rosbot_ws/install/ros_components_description/share/ros_components_description/package.bash'
[3.094s] INFO:colcon.colcon_core.shell:Creating package script '/home/husarion/rosbot_ws/install/ros_components_description/share/ros_components_description/package.zsh'
[3.099s] Level 1:colcon.colcon_core.environment:create_file_with_runtime_dependencies(/home/husarion/rosbot_ws/install/ros_components_description/share/colcon-core/packages/ros_components_description)
[3.235s] Level 1:colcon.colcon_core.environment:create_environment_scripts_only(ros_components_description)
[3.251s] Level 1:colcon.colcon_core.environment:checking '/home/husarion/rosbot_ws/install/ros_components_description' for CMake module files
[3.255s] Level 1:colcon.colcon_core.environment:checking '/home/husarion/rosbot_ws/install/ros_components_description' for CMake config files
[3.257s] Level 1:colcon.colcon_core.shell:create_environment_hook('ros_components_description', 'cmake_prefix_path')
[3.267s] INFO:colcon.colcon_core.shell:Creating environment hook '/home/husarion/rosbot_ws/install/ros_components_description/share/ros_components_description/hook/cmake_prefix_path.ps1'
[3.270s] INFO:colcon.colcon_core.shell:Creating environment descriptor '/home/husarion/rosbot_ws/install/ros_components_description/share/ros_components_description/hook/cmake_prefix_path.dsv'
[3.272s] INFO:colcon.colcon_core.shell:Creating environment hook '/home/husarion/rosbot_ws/install/ros_components_description/share/ros_components_description/hook/cmake_prefix_path.sh'
[3.275s] Level 1:colcon.colcon_core.environment:checking '/home/husarion/rosbot_ws/install/ros_components_description/bin'
[3.276s] Level 1:colcon.colcon_core.environment:checking '/home/husarion/rosbot_ws/install/ros_components_description/lib/pkgconfig/ros_components_description.pc'
[3.277s] Level 1:colcon.colcon_core.environment:checking '/home/husarion/rosbot_ws/install/ros_components_description/lib/python3.8/site-packages'
[3.279s] Level 1:colcon.colcon_core.environment:checking '/home/husarion/rosbot_ws/install/ros_components_description/bin'
[3.291s] INFO:colcon.colcon_core.shell:Creating package script '/home/husarion/rosbot_ws/install/ros_components_description/share/ros_components_description/package.ps1'
[3.295s] INFO:colcon.colcon_core.shell:Creating package descriptor '/home/husarion/rosbot_ws/install/ros_components_description/share/ros_components_description/package.dsv'
[3.299s] INFO:colcon.colcon_core.shell:Creating package script '/home/husarion/rosbot_ws/install/ros_components_description/share/ros_components_description/package.sh'
[3.301s] INFO:colcon.colcon_core.shell:Creating package script '/home/husarion/rosbot_ws/install/ros_components_description/share/ros_components_description/package.bash'
[3.304s] INFO:colcon.colcon_core.shell:Creating package script '/home/husarion/rosbot_ws/install/ros_components_description/share/ros_components_description/package.zsh'
[3.307s] Level 1:colcon.colcon_core.environment:create_file_with_runtime_dependencies(/home/husarion/rosbot_ws/install/ros_components_description/share/colcon-core/packages/ros_components_description)
[3.311s] INFO:colcon.colcon_ros.task.ament_cmake.build:Building ROS package in '/home/husarion/rosbot_ws/src/rosbot_description' with build type 'ament_cmake'
[3.312s] INFO:colcon.colcon_cmake.task.cmake.build:Building CMake package in '/home/husarion/rosbot_ws/src/rosbot_description'
[3.322s] INFO:colcon.colcon_core.shell:Skip shell extension 'powershell' for command environment: Not usable outside of PowerShell
[3.323s] DEBUG:colcon.colcon_core.shell:Skip shell extension 'dsv' for command environment
[3.421s] DEBUG:colcon.colcon_core.event_handler.log_command:Invoking command in '/home/husarion/rosbot_ws/build/rosbot_description': CMAKE_PREFIX_PATH=/home/husarion/rosbot_ws/install/ros_components_description:/home/husarion/rosbot_ws/install/rosbot_description:/home/husarion/micro_ws/install/micro_ros_setup:/home/husarion/micro_ws/install/micro_ros_agent:/home/husarion/micro_ws/install/micro_ros_msgs:/home/husarion/microros_ws/install/micro_ros_setup:/home/husarion/microros_ws/install/micro_ros_agent:/home/husarion/microros_ws/install/micro_ros_msgs:/home/husarion/ROS2swarm/install/thymio_msgs:/home/husarion/ROS2swarm/install/thymio_description:/home/husarion/ROS2swarm/install/communication_interfaces:/home/husarion/husarion_ws/install/rplidar_ros:/home/husarion/husarion_ws/install/route_admin_panel:/home/husarion/husarion_ws/install/rosbot_description:/home/husarion/husarion_ws/install/astra_camera:/home/husarion/ROS2swarm/install/thymio_driver:/home/husarion/ROS2swarm/install/ros2swarm:/home/husarion/ROS2swarm/install/launch_gazebo:/opt/ros/foxy /usr/bin/cmake --build /home/husarion/rosbot_ws/build/rosbot_description -- -j4 -l4
[3.660s] DEBUG:colcon.colcon_core.event_handler.log_command:Invoked command in '/home/husarion/rosbot_ws/build/rosbot_description' returned '0': CMAKE_PREFIX_PATH=/home/husarion/rosbot_ws/install/ros_components_description:/home/husarion/rosbot_ws/install/rosbot_description:/home/husarion/micro_ws/install/micro_ros_setup:/home/husarion/micro_ws/install/micro_ros_agent:/home/husarion/micro_ws/install/micro_ros_msgs:/home/husarion/microros_ws/install/micro_ros_setup:/home/husarion/microros_ws/install/micro_ros_agent:/home/husarion/microros_ws/install/micro_ros_msgs:/home/husarion/ROS2swarm/install/thymio_msgs:/home/husarion/ROS2swarm/install/thymio_description:/home/husarion/ROS2swarm/install/communication_interfaces:/home/husarion/husarion_ws/install/rplidar_ros:/home/husarion/husarion_ws/install/route_admin_panel:/home/husarion/husarion_ws/install/rosbot_description:/home/husarion/husarion_ws/install/astra_camera:/home/husarion/ROS2swarm/install/thymio_driver:/home/husarion/ROS2swarm/install/ros2swarm:/home/husarion/ROS2swarm/install/launch_gazebo:/opt/ros/foxy /usr/bin/cmake --build /home/husarion/rosbot_ws/build/rosbot_description -- -j4 -l4
[3.787s] DEBUG:colcon.colcon_core.event_handler.log_command:Invoking command in '/home/husarion/rosbot_ws/build/rosbot_description': CMAKE_PREFIX_PATH=/home/husarion/rosbot_ws/install/ros_components_description:/home/husarion/rosbot_ws/install/rosbot_description:/home/husarion/micro_ws/install/micro_ros_setup:/home/husarion/micro_ws/install/micro_ros_agent:/home/husarion/micro_ws/install/micro_ros_msgs:/home/husarion/microros_ws/install/micro_ros_setup:/home/husarion/microros_ws/install/micro_ros_agent:/home/husarion/microros_ws/install/micro_ros_msgs:/home/husarion/ROS2swarm/install/thymio_msgs:/home/husarion/ROS2swarm/install/thymio_description:/home/husarion/ROS2swarm/install/communication_interfaces:/home/husarion/husarion_ws/install/rplidar_ros:/home/husarion/husarion_ws/install/route_admin_panel:/home/husarion/husarion_ws/install/rosbot_description:/home/husarion/husarion_ws/install/astra_camera:/home/husarion/ROS2swarm/install/thymio_driver:/home/husarion/ROS2swarm/install/ros2swarm:/home/husarion/ROS2swarm/install/launch_gazebo:/opt/ros/foxy /usr/bin/cmake --install /home/husarion/rosbot_ws/build/rosbot_description
[3.850s] Level 1:colcon.colcon_core.environment:create_environment_scripts_only(rosbot_description)
[3.870s] Level 1:colcon.colcon_core.environment:checking '/home/husarion/rosbot_ws/install/rosbot_description' for CMake module files
[3.882s] Level 1:colcon.colcon_core.environment:checking '/home/husarion/rosbot_ws/install/rosbot_description' for CMake config files
[3.888s] DEBUG:colcon.colcon_core.event_handler.log_command:Invoked command in '/home/husarion/rosbot_ws/build/rosbot_description' returned '0': CMAKE_PREFIX_PATH=/home/husarion/rosbot_ws/install/ros_components_description:/home/husarion/rosbot_ws/install/rosbot_description:/home/husarion/micro_ws/install/micro_ros_setup:/home/husarion/micro_ws/install/micro_ros_agent:/home/husarion/micro_ws/install/micro_ros_msgs:/home/husarion/microros_ws/install/micro_ros_setup:/home/husarion/microros_ws/install/micro_ros_agent:/home/husarion/microros_ws/install/micro_ros_msgs:/home/husarion/ROS2swarm/install/thymio_msgs:/home/husarion/ROS2swarm/install/thymio_description:/home/husarion/ROS2swarm/install/communication_interfaces:/home/husarion/husarion_ws/install/rplidar_ros:/home/husarion/husarion_ws/install/route_admin_panel:/home/husarion/husarion_ws/install/rosbot_description:/home/husarion/husarion_ws/install/astra_camera:/home/husarion/ROS2swarm/install/thymio_driver:/home/husarion/ROS2swarm/install/ros2swarm:/home/husarion/ROS2swarm/install/launch_gazebo:/opt/ros/foxy /usr/bin/cmake --install /home/husarion/rosbot_ws/build/rosbot_description
[3.889s] Level 1:colcon.colcon_core.shell:create_environment_hook('rosbot_description', 'cmake_prefix_path')
[3.899s] INFO:colcon.colcon_core.shell:Creating environment hook '/home/husarion/rosbot_ws/install/rosbot_description/share/rosbot_description/hook/cmake_prefix_path.ps1'
[3.903s] INFO:colcon.colcon_core.shell:Creating environment descriptor '/home/husarion/rosbot_ws/install/rosbot_description/share/rosbot_description/hook/cmake_prefix_path.dsv'
[3.906s] INFO:colcon.colcon_core.shell:Creating environment hook '/home/husarion/rosbot_ws/install/rosbot_description/share/rosbot_description/hook/cmake_prefix_path.sh'
[3.909s] Level 1:colcon.colcon_core.environment:checking '/home/husarion/rosbot_ws/install/rosbot_description/bin'
[3.910s] Level 1:colcon.colcon_core.environment:checking '/home/husarion/rosbot_ws/install/rosbot_description/lib/pkgconfig/rosbot_description.pc'
[3.911s] Level 1:colcon.colcon_core.environment:checking '/home/husarion/rosbot_ws/install/rosbot_description/lib/python3.8/site-packages'
[3.912s] Level 1:colcon.colcon_core.environment:checking '/home/husarion/rosbot_ws/install/rosbot_description/bin'
[3.923s] INFO:colcon.colcon_core.shell:Creating package script '/home/husarion/rosbot_ws/install/rosbot_description/share/rosbot_description/package.ps1'
[3.926s] INFO:colcon.colcon_core.shell:Creating package descriptor '/home/husarion/rosbot_ws/install/rosbot_description/share/rosbot_description/package.dsv'
[3.929s] INFO:colcon.colcon_core.shell:Creating package script '/home/husarion/rosbot_ws/install/rosbot_description/share/rosbot_description/package.sh'
[3.931s] INFO:colcon.colcon_core.shell:Creating package script '/home/husarion/rosbot_ws/install/rosbot_description/share/rosbot_description/package.bash'
[3.934s] INFO:colcon.colcon_core.shell:Creating package script '/home/husarion/rosbot_ws/install/rosbot_description/share/rosbot_description/package.zsh'
[3.936s] Level 1:colcon.colcon_core.environment:create_file_with_runtime_dependencies(/home/husarion/rosbot_ws/install/rosbot_description/share/colcon-core/packages/rosbot_description)
[4.079s] Level 1:colcon.colcon_core.environment:create_environment_scripts_only(rosbot_description)
[4.095s] Level 1:colcon.colcon_core.environment:checking '/home/husarion/rosbot_ws/install/rosbot_description' for CMake module files
[4.100s] Level 1:colcon.colcon_core.environment:checking '/home/husarion/rosbot_ws/install/rosbot_description' for CMake config files
[4.101s] Level 1:colcon.colcon_core.shell:create_environment_hook('rosbot_description', 'cmake_prefix_path')
[4.112s] INFO:colcon.colcon_core.shell:Creating environment hook '/home/husarion/rosbot_ws/install/rosbot_description/share/rosbot_description/hook/cmake_prefix_path.ps1'
[4.115s] INFO:colcon.colcon_core.shell:Creating environment descriptor '/home/husarion/rosbot_ws/install/rosbot_description/share/rosbot_description/hook/cmake_prefix_path.dsv'
[4.118s] INFO:colcon.colcon_core.shell:Creating environment hook '/home/husarion/rosbot_ws/install/rosbot_description/share/rosbot_description/hook/cmake_prefix_path.sh'
[4.121s] Level 1:colcon.colcon_core.environment:checking '/home/husarion/rosbot_ws/install/rosbot_description/bin'
[4.122s] Level 1:colcon.colcon_core.environment:checking '/home/husarion/rosbot_ws/install/rosbot_description/lib/pkgconfig/rosbot_description.pc'
[4.123s] Level 1:colcon.colcon_core.environment:checking '/home/husarion/rosbot_ws/install/rosbot_description/lib/python3.8/site-packages'
[4.125s] Level 1:colcon.colcon_core.environment:checking '/home/husarion/rosbot_ws/install/rosbot_description/bin'
[4.135s] INFO:colcon.colcon_core.shell:Creating package script '/home/husarion/rosbot_ws/install/rosbot_description/share/rosbot_description/package.ps1'
[4.138s] INFO:colcon.colcon_core.shell:Creating package descriptor '/home/husarion/rosbot_ws/install/rosbot_description/share/rosbot_description/package.dsv'
[4.142s] INFO:colcon.colcon_core.shell:Creating package script '/home/husarion/rosbot_ws/install/rosbot_description/share/rosbot_description/package.sh'
[4.144s] INFO:colcon.colcon_core.shell:Creating package script '/home/husarion/rosbot_ws/install/rosbot_description/share/rosbot_description/package.bash'
[4.147s] INFO:colcon.colcon_core.shell:Creating package script '/home/husarion/rosbot_ws/install/rosbot_description/share/rosbot_description/package.zsh'
[4.149s] Level 1:colcon.colcon_core.environment:create_file_with_runtime_dependencies(/home/husarion/rosbot_ws/install/rosbot_description/share/colcon-core/packages/rosbot_description)
[9.969s] DEBUG:colcon.colcon_core.event_handler.log_command:Invoked command in '/home/husarion/rosbot_ws/build/rosbot_hardware_interfaces' returned '1': CMAKE_PREFIX_PATH=${CMAKE_PREFIX_PATH}:/home/husarion/ROS2swarm/install/thymio_driver:/home/husarion/ROS2swarm/install/ros2swarm:/home/husarion/ROS2swarm/install/launch_gazebo:/opt/ros/foxy /usr/bin/cmake /home/husarion/rosbot_ws/src/rosbot_hardware_interfaces -DCMAKE_INSTALL_PREFIX=/home/husarion/rosbot_ws/install/rosbot_hardware_interfaces
[10.048s] Level 1:colcon.colcon_core.environment:create_environment_scripts_only(rosbot_hardware_interfaces)
[10.066s] Level 1:colcon.colcon_core.environment:checking '/home/husarion/rosbot_ws/install/rosbot_hardware_interfaces' for CMake module files
[10.071s] Level 1:colcon.colcon_core.environment:checking '/home/husarion/rosbot_ws/install/rosbot_hardware_interfaces' for CMake config files
[10.072s] Level 1:colcon.colcon_core.environment:checking '/home/husarion/rosbot_ws/install/rosbot_hardware_interfaces/bin'
[10.073s] Level 1:colcon.colcon_core.environment:checking '/home/husarion/rosbot_ws/install/rosbot_hardware_interfaces/lib/pkgconfig/rosbot_hardware_interfaces.pc'
[10.074s] Level 1:colcon.colcon_core.environment:checking '/home/husarion/rosbot_ws/install/rosbot_hardware_interfaces/lib/python3.8/site-packages'
[10.075s] Level 1:colcon.colcon_core.environment:checking '/home/husarion/rosbot_ws/install/rosbot_hardware_interfaces/bin'
[10.084s] INFO:colcon.colcon_core.shell:Creating package script '/home/husarion/rosbot_ws/install/rosbot_hardware_interfaces/share/rosbot_hardware_interfaces/package.ps1'
[10.087s] INFO:colcon.colcon_core.shell:Creating package descriptor '/home/husarion/rosbot_ws/install/rosbot_hardware_interfaces/share/rosbot_hardware_interfaces/package.dsv'
[10.089s] INFO:colcon.colcon_core.shell:Creating package script '/home/husarion/rosbot_ws/install/rosbot_hardware_interfaces/share/rosbot_hardware_interfaces/package.sh'
[10.091s] INFO:colcon.colcon_core.shell:Creating package script '/home/husarion/rosbot_ws/install/rosbot_hardware_interfaces/share/rosbot_hardware_interfaces/package.bash'
[10.093s] INFO:colcon.colcon_core.shell:Creating package script '/home/husarion/rosbot_ws/install/rosbot_hardware_interfaces/share/rosbot_hardware_interfaces/package.zsh'
[10.095s] Level 1:colcon.colcon_core.environment:create_file_with_runtime_dependencies(/home/husarion/rosbot_ws/install/rosbot_hardware_interfaces/share/colcon-core/packages/rosbot_hardware_interfaces)
[10.512s] DEBUG:colcon.colcon_parallel_executor.executor.parallel:closing loop
[10.514s] DEBUG:colcon.colcon_parallel_executor.executor.parallel:loop closed
[10.515s] DEBUG:colcon.colcon_parallel_executor.executor.parallel:run_until_complete finished with '1'
[10.517s] DEBUG:colcon.colcon_core.event_reactor:joining thread
[10.564s] INFO:colcon.colcon_core.plugin_system:Skipping extension 'colcon_notification.desktop_notification.terminal_notifier': Not used on non-Darwin systems
[10.565s] INFO:colcon.colcon_core.plugin_system:Skipping extension 'colcon_notification.desktop_notification.win32': Not used on non-Windows systems
[10.565s] INFO:colcon.colcon_notification.desktop_notification:Sending desktop notification using 'notify2'
[10.597s] DEBUG:colcon.colcon_core.event_reactor:joined thread
[10.619s] INFO:colcon.colcon_core.shell:Creating prefix script '/home/husarion/rosbot_ws/install/local_setup.ps1'
[10.624s] INFO:colcon.colcon_core.shell:Creating prefix util module '/home/husarion/rosbot_ws/install/_local_setup_util_ps1.py'
[10.631s] INFO:colcon.colcon_core.shell:Creating prefix chain script '/home/husarion/rosbot_ws/install/setup.ps1'
[10.645s] INFO:colcon.colcon_core.shell:Creating prefix script '/home/husarion/rosbot_ws/install/local_setup.sh'
[10.649s] INFO:colcon.colcon_core.shell:Creating prefix util module '/home/husarion/rosbot_ws/install/_local_setup_util_sh.py'
[10.651s] INFO:colcon.colcon_core.shell:Creating prefix chain script '/home/husarion/rosbot_ws/install/setup.sh'
[10.664s] INFO:colcon.colcon_core.shell:Creating prefix script '/home/husarion/rosbot_ws/install/local_setup.bash'
[10.667s] INFO:colcon.colcon_core.shell:Creating prefix chain script '/home/husarion/rosbot_ws/install/setup.bash'
[10.680s] INFO:colcon.colcon_core.shell:Creating prefix script '/home/husarion/rosbot_ws/install/local_setup.zsh'
[10.683s] INFO:colcon.colcon_core.shell:Creating prefix chain script '/home/husarion/rosbot_ws/install/setup.zsh'
