[0.098s] Invoking command in '/home/husarion/rosbot_ws/build/rosbot_description': CMAKE_PREFIX_PATH=/home/husarion/rosbot_ws/install/ros_components_description:/home/husarion/rosbot_ws/install/rosbot_description:/home/husarion/micro_ws/install/micro_ros_setup:/home/husarion/micro_ws/install/micro_ros_agent:/home/husarion/micro_ws/install/micro_ros_msgs:/home/husarion/microros_ws/install/micro_ros_setup:/home/husarion/microros_ws/install/micro_ros_agent:/home/husarion/microros_ws/install/micro_ros_msgs:/home/husarion/ROS2swarm/install/thymio_msgs:/home/husarion/ROS2swarm/install/thymio_description:/home/husarion/ROS2swarm/install/communication_interfaces:/home/husarion/husarion_ws/install/rplidar_ros:/home/husarion/husarion_ws/install/route_admin_panel:/home/husarion/husarion_ws/install/rosbot_description:/home/husarion/husarion_ws/install/astra_camera:/home/husarion/ROS2swarm/install/thymio_driver:/home/husarion/ROS2swarm/install/ros2swarm:/home/husarion/ROS2swarm/install/launch_gazebo:/opt/ros/foxy /usr/bin/cmake --build /home/husarion/rosbot_ws/build/rosbot_description -- -j4 -l4
[0.337s] Invoked command in '/home/husarion/rosbot_ws/build/rosbot_description' returned '0': CMAKE_PREFIX_PATH=/home/husarion/rosbot_ws/install/ros_components_description:/home/husarion/rosbot_ws/install/rosbot_description:/home/husarion/micro_ws/install/micro_ros_setup:/home/husarion/micro_ws/install/micro_ros_agent:/home/husarion/micro_ws/install/micro_ros_msgs:/home/husarion/microros_ws/install/micro_ros_setup:/home/husarion/microros_ws/install/micro_ros_agent:/home/husarion/microros_ws/install/micro_ros_msgs:/home/husarion/ROS2swarm/install/thymio_msgs:/home/husarion/ROS2swarm/install/thymio_description:/home/husarion/ROS2swarm/install/communication_interfaces:/home/husarion/husarion_ws/install/rplidar_ros:/home/husarion/husarion_ws/install/route_admin_panel:/home/husarion/husarion_ws/install/rosbot_description:/home/husarion/husarion_ws/install/astra_camera:/home/husarion/ROS2swarm/install/thymio_driver:/home/husarion/ROS2swarm/install/ros2swarm:/home/husarion/ROS2swarm/install/launch_gazebo:/opt/ros/foxy /usr/bin/cmake --build /home/husarion/rosbot_ws/build/rosbot_description -- -j4 -l4
[0.464s] Invoking command in '/home/husarion/rosbot_ws/build/rosbot_description': CMAKE_PREFIX_PATH=/home/husarion/rosbot_ws/install/ros_components_description:/home/husarion/rosbot_ws/install/rosbot_description:/home/husarion/micro_ws/install/micro_ros_setup:/home/husarion/micro_ws/install/micro_ros_agent:/home/husarion/micro_ws/install/micro_ros_msgs:/home/husarion/microros_ws/install/micro_ros_setup:/home/husarion/microros_ws/install/micro_ros_agent:/home/husarion/microros_ws/install/micro_ros_msgs:/home/husarion/ROS2swarm/install/thymio_msgs:/home/husarion/ROS2swarm/install/thymio_description:/home/husarion/ROS2swarm/install/communication_interfaces:/home/husarion/husarion_ws/install/rplidar_ros:/home/husarion/husarion_ws/install/route_admin_panel:/home/husarion/husarion_ws/install/rosbot_description:/home/husarion/husarion_ws/install/astra_camera:/home/husarion/ROS2swarm/install/thymio_driver:/home/husarion/ROS2swarm/install/ros2swarm:/home/husarion/ROS2swarm/install/launch_gazebo:/opt/ros/foxy /usr/bin/cmake --install /home/husarion/rosbot_ws/build/rosbot_description
[0.512s] -- Install configuration: ""
[0.514s] -- Up-to-date: /home/husarion/rosbot_ws/install/rosbot_description/share/rosbot_description/meshes
[0.514s] -- Up-to-date: /home/husarion/rosbot_ws/install/rosbot_description/share/rosbot_description/meshes/body.stl
[0.515s] -- Up-to-date: /home/husarion/rosbot_ws/install/rosbot_description/share/rosbot_description/meshes/cover.stl
[0.516s] -- Up-to-date: /home/husarion/rosbot_ws/install/rosbot_description/share/rosbot_description/meshes/wheel_a.dae
[0.516s] -- Up-to-date: /home/husarion/rosbot_ws/install/rosbot_description/share/rosbot_description/meshes/wheel_b.dae
[0.518s] -- Up-to-date: /home/husarion/rosbot_ws/install/rosbot_description/share/rosbot_description/meshes/mecanum_b.dae
[0.519s] -- Up-to-date: /home/husarion/rosbot_ws/install/rosbot_description/share/rosbot_description/meshes/mecanum_a.dae
[0.521s] -- Up-to-date: /home/husarion/rosbot_ws/install/rosbot_description/share/rosbot_description/urdf
[0.522s] -- Up-to-date: /home/husarion/rosbot_ws/install/rosbot_description/share/rosbot_description/urdf/rosbot.urdf.xacro
[0.522s] -- Up-to-date: /home/husarion/rosbot_ws/install/rosbot_description/share/rosbot_description/urdf/wheel.urdf.xacro
[0.523s] -- Up-to-date: /home/husarion/rosbot_ws/install/rosbot_description/share/rosbot_description/urdf/body.urdf.xacro
[0.523s] -- Up-to-date: /home/husarion/rosbot_ws/install/rosbot_description/share/rosbot_description/urdf/rosbot_macro.urdf.xacro
[0.524s] -- Up-to-date: /home/husarion/rosbot_ws/install/rosbot_description/share/rosbot_description/urdf/components
[0.525s] -- Up-to-date: /home/husarion/rosbot_ws/install/rosbot_description/share/rosbot_description/urdf/components/vl53lox.urdf.xacro
[0.534s] -- Up-to-date: /home/husarion/rosbot_ws/install/rosbot_description/share/ament_index/resource_index/package_run_dependencies/rosbot_description
[0.550s] -- Up-to-date: /home/husarion/rosbot_ws/install/rosbot_description/share/ament_index/resource_index/parent_prefix_path/rosbot_description
[0.551s] -- Up-to-date: /home/husarion/rosbot_ws/install/rosbot_description/share/rosbot_description/environment/ament_prefix_path.sh
[0.552s] -- Up-to-date: /home/husarion/rosbot_ws/install/rosbot_description/share/rosbot_description/environment/ament_prefix_path.dsv
[0.553s] -- Up-to-date: /home/husarion/rosbot_ws/install/rosbot_description/share/rosbot_description/environment/path.sh
[0.554s] -- Up-to-date: /home/husarion/rosbot_ws/install/rosbot_description/share/rosbot_description/environment/path.dsv
[0.555s] -- Up-to-date: /home/husarion/rosbot_ws/install/rosbot_description/share/rosbot_description/local_setup.bash
[0.556s] -- Up-to-date: /home/husarion/rosbot_ws/install/rosbot_description/share/rosbot_description/local_setup.sh
[0.558s] -- Up-to-date: /home/husarion/rosbot_ws/install/rosbot_description/share/rosbot_description/local_setup.zsh
[0.559s] -- Up-to-date: /home/husarion/rosbot_ws/install/rosbot_description/share/rosbot_description/local_setup.dsv
[0.559s] -- Up-to-date: /home/husarion/rosbot_ws/install/rosbot_description/share/rosbot_description/package.dsv
[0.561s] -- Up-to-date: /home/husarion/rosbot_ws/install/rosbot_description/share/ament_index/resource_index/packages/rosbot_description
[0.562s] -- Up-to-date: /home/husarion/rosbot_ws/install/rosbot_description/share/rosbot_description/cmake/rosbot_descriptionConfig.cmake
[0.563s] -- Up-to-date: /home/husarion/rosbot_ws/install/rosbot_description/share/rosbot_description/cmake/rosbot_descriptionConfig-version.cmake
[0.564s] -- Up-to-date: /home/husarion/rosbot_ws/install/rosbot_description/share/rosbot_description/package.xml
[0.565s] Invoked command in '/home/husarion/rosbot_ws/build/rosbot_description' returned '0': CMAKE_PREFIX_PATH=/home/husarion/rosbot_ws/install/ros_components_description:/home/husarion/rosbot_ws/install/rosbot_description:/home/husarion/micro_ws/install/micro_ros_setup:/home/husarion/micro_ws/install/micro_ros_agent:/home/husarion/micro_ws/install/micro_ros_msgs:/home/husarion/microros_ws/install/micro_ros_setup:/home/husarion/microros_ws/install/micro_ros_agent:/home/husarion/microros_ws/install/micro_ros_msgs:/home/husarion/ROS2swarm/install/thymio_msgs:/home/husarion/ROS2swarm/install/thymio_description:/home/husarion/ROS2swarm/install/communication_interfaces:/home/husarion/husarion_ws/install/rplidar_ros:/home/husarion/husarion_ws/install/route_admin_panel:/home/husarion/husarion_ws/install/rosbot_description:/home/husarion/husarion_ws/install/astra_camera:/home/husarion/ROS2swarm/install/thymio_driver:/home/husarion/ROS2swarm/install/ros2swarm:/home/husarion/ROS2swarm/install/launch_gazebo:/opt/ros/foxy /usr/bin/cmake --install /home/husarion/rosbot_ws/build/rosbot_description
