[0.174s] Invoking command in '/home/husarion/rosbot_ws/build/mecanum_drive_controller': CMAKE_PREFIX_PATH=${CMAKE_PREFIX_PATH}:/home/husarion/ROS2swarm/install/thymio_driver:/home/husarion/ROS2swarm/install/ros2swarm:/home/husarion/ROS2swarm/install/launch_gazebo:/opt/ros/foxy /usr/bin/cmake /home/husarion/rosbot_ws/src/rosbot_controllers/mecanum_drive_controller -DAMENT_CMAKE_SYMLINK_INSTALL=1 -DCMAKE_INSTALL_PREFIX=/home/husarion/rosbot_ws/install/mecanum_drive_controller
[0.500s] -- The C compiler identification is GNU 9.4.0
[0.828s] -- The CXX compiler identification is GNU 9.4.0
[0.860s] -- Check for working C compiler: /usr/bin/cc
[1.250s] -- Check for working C compiler: /usr/bin/cc -- works
[1.256s] -- Detecting C compiler ABI info
[1.636s] -- Detecting C compiler ABI info - done
[1.713s] -- Detecting C compile features
[1.715s] -- Detecting C compile features - done
[1.729s] -- Check for working CXX compiler: /usr/bin/c++
[2.191s] -- Check for working CXX compiler: /usr/bin/c++ -- works
[2.198s] -- Detecting CXX compiler ABI info
[2.662s] -- Detecting CXX compiler ABI info - done
[2.741s] -- Detecting CXX compile features
[2.744s] -- Detecting CXX compile features - done
[2.763s] -- Found ament_cmake: 0.9.9 (/opt/ros/foxy/share/ament_cmake/cmake)
[2.969s] -- Found PythonInterp: /usr/bin/python3 (found suitable version "3.8.10", minimum required is "3") 
[2.970s] -- Using PYTHON_EXECUTABLE: /usr/bin/python3
[4.226s] -- Override CMake install command with custom implementation using symlinks instead of copying resources
[4.554s] CMake Error at CMakeLists.txt:32 (find_package):
[4.555s]   By not providing "Findcontroller_interface.cmake" in CMAKE_MODULE_PATH this
[4.555s]   project has asked CMake to find a package configuration file provided by
[4.556s]   "controller_interface", but CMake did not find one.
[4.557s] 
[4.557s]   Could not find a package configuration file provided by
[4.558s]   "controller_interface" with any of the following names:
[4.558s] 
[4.559s]     controller_interfaceConfig.cmake
[4.560s]     controller_interface-config.cmake
[4.562s] 
[4.566s]   Add the installation prefix of "controller_interface" to CMAKE_PREFIX_PATH
[4.569s]   or set "controller_interface_DIR" to a directory containing one of the
[4.573s]   above files.  If "controller_interface" provides a separate development
[4.574s]   package or SDK, be sure it has been installed.
[4.576s] 
[4.579s] 
[4.580s] -- Configuring incomplete, errors occurred!
[4.582s] See also "/home/husarion/rosbot_ws/build/mecanum_drive_controller/CMakeFiles/CMakeOutput.log".
