[0.020s] Invoking command in '/home/husarion/husarion_ws/build/rosbot_description': CMAKE_PREFIX_PATH=/opt/ros/foxy /usr/bin/cmake /home/husarion/husarion_ws/src/rosbot_ros -DCMAKE_INSTALL_PREFIX=/home/husarion/husarion_ws/install/rosbot_description
[0.119s] -- The C compiler identification is GNU 9.4.0
[0.192s] -- The CXX compiler identification is GNU 9.4.0
[0.202s] -- Check for working C compiler: /usr/bin/cc
[0.293s] -- Check for working C compiler: /usr/bin/cc -- works
[0.295s] -- Detecting C compiler ABI info
[0.385s] -- Detecting C compiler ABI info - done
[0.399s] -- Detecting C compile features
[0.399s] -- Detecting C compile features - done
[0.403s] -- Check for working CXX compiler: /usr/bin/c++
[0.504s] -- Check for working CXX compiler: /usr/bin/c++ -- works
[0.505s] -- Detecting CXX compiler ABI info
[0.610s] -- Detecting CXX compiler ABI info - done
[0.625s] -- Detecting CXX compile features
[0.626s] -- Detecting CXX compile features - done
[0.629s] -- Found ament_cmake: 0.9.9 (/opt/ros/foxy/share/ament_cmake/cmake)
[0.658s] -- Found PythonInterp: /usr/bin/python3 (found suitable version "3.8.10", minimum required is "3") 
[0.659s] -- Using PYTHON_EXECUTABLE: /usr/bin/python3
[0.878s] -- Found rclpy: 1.0.8 (/opt/ros/foxy/share/rclpy/cmake)
[0.879s] -- Found gazebo_ros_pkgs: 3.5.3 (/opt/ros/foxy/share/gazebo_ros_pkgs/cmake)
[0.881s] -- Found rclcpp: 2.4.1 (/opt/ros/foxy/share/rclcpp/cmake)
[0.932s] -- Using all available rosidl_typesupport_c: rosidl_typesupport_fastrtps_c;rosidl_typesupport_introspection_c
[0.939s] -- Found rosidl_adapter: 1.2.1 (/opt/ros/foxy/share/rosidl_adapter/cmake)
[1.035s] -- Found OpenSSL: /usr/lib/x86_64-linux-gnu/libcrypto.so (found version "1.1.1f")  
[1.071s] -- Found FastRTPS: /opt/ros/foxy/include  
[1.165s] -- Using all available rosidl_typesupport_cpp: rosidl_typesupport_fastrtps_cpp;rosidl_typesupport_introspection_cpp
[1.232s] -- Found rmw_implementation_cmake: 1.0.3 (/opt/ros/foxy/share/rmw_implementation_cmake/cmake)
[1.234s] -- Using RMW implementation 'rmw_fastrtps_cpp' as default
[1.236s] -- Looking for pthread.h
[1.333s] -- Looking for pthread.h - found
[1.333s] -- Performing Test CMAKE_HAVE_LIBC_PTHREAD
[1.426s] -- Performing Test CMAKE_HAVE_LIBC_PTHREAD - Failed
[1.426s] -- Looking for pthread_create in pthreads
[1.497s] -- Looking for pthread_create in pthreads - not found
[1.498s] -- Looking for pthread_create in pthread
[1.587s] -- Looking for pthread_create in pthread - found
[1.589s] -- Found Threads: TRUE  
[1.770s] -- Found tf2_geometry_msgs: 0.13.13 (/opt/ros/foxy/share/tf2_geometry_msgs/cmake)
[1.825s] -- Found eigen3_cmake_module: 0.1.1 (/opt/ros/foxy/share/eigen3_cmake_module/cmake)
[1.828s] -- Found Eigen3: TRUE (found version "3.3.7") 
[2.302s] -- Found ament_lint_auto: 0.9.6 (/opt/ros/foxy/share/ament_lint_auto/cmake)
[2.390s] -- Added test 'copyright' to check source files copyright and LICENSE
[2.399s] -- Added test 'cppcheck' to perform static code analysis on C / C++ code
[2.399s] -- Configured cppcheck include dirs: /home/husarion/husarion_ws/src/rosbot_ros/include
[2.399s] -- Configured cppcheck exclude dirs and/or files: 
[2.408s] -- Added test 'cpplint' to check C / C++ code against the Google style
[2.408s] -- Configured cpplint exclude dirs and/or files: 
[2.409s] -- Added test 'flake8' to check Python code syntax and style conventions
[2.412s] -- Added test 'lint_cmake' to check CMake code style
[2.413s] -- Added test 'pep257' to check Python code against some of the style conventions in PEP 257
[2.421s] -- Added test 'uncrustify' to check C / C++ code style
[2.421s] -- Configured uncrustify additional arguments: 
[2.423s] -- Added test 'xmllint' to check XML markup files
[2.427s] -- Configuring done
[2.440s] -- Generating done
[2.442s] -- Build files have been written to: /home/husarion/husarion_ws/build/rosbot_description
[2.456s] Invoked command in '/home/husarion/husarion_ws/build/rosbot_description' returned '0': CMAKE_PREFIX_PATH=/opt/ros/foxy /usr/bin/cmake /home/husarion/husarion_ws/src/rosbot_ros -DCMAKE_INSTALL_PREFIX=/home/husarion/husarion_ws/install/rosbot_description
[2.457s] Invoking command in '/home/husarion/husarion_ws/build/rosbot_description': CMAKE_PREFIX_PATH=/opt/ros/foxy /usr/bin/cmake --build /home/husarion/husarion_ws/build/rosbot_description -- -j2 -l2
[2.515s] Scanning dependencies of target rosbot_tf
[2.571s] [ 33%] Building CXX object CMakeFiles/rosbot_tf.dir/src/rosbot_tf_node.cpp.o
[5.072s] [ 66%] Building CXX object CMakeFiles/rosbot_tf.dir/src/rosbot_tf.cpp.o
[11.245s] [100%] Linking CXX executable rosbot_tf
[11.600s] [100%] Built target rosbot_tf
[11.619s] Invoked command in '/home/husarion/husarion_ws/build/rosbot_description' returned '0': CMAKE_PREFIX_PATH=/opt/ros/foxy /usr/bin/cmake --build /home/husarion/husarion_ws/build/rosbot_description -- -j2 -l2
[11.673s] Invoking command in '/home/husarion/husarion_ws/build/rosbot_description': CMAKE_PREFIX_PATH=/opt/ros/foxy /usr/bin/cmake --install /home/husarion/husarion_ws/build/rosbot_description
[11.687s] -- Install configuration: ""
[11.688s] -- Installing: /home/husarion/husarion_ws/install/rosbot_description/share/rosbot_description/config
[11.688s] -- Installing: /home/husarion/husarion_ws/install/rosbot_description/share/rosbot_description/config/nav2_params.yaml
[11.690s] -- Installing: /home/husarion/husarion_ws/install/rosbot_description/share/rosbot_description/config/rosserial_pro.yaml
[11.691s] -- Installing: /home/husarion/husarion_ws/install/rosbot_description/share/rosbot_description/config/slam_toolbox.yaml
[11.691s] -- Installing: /home/husarion/husarion_ws/install/rosbot_description/share/rosbot_description/config/nav2_params_nav_amcl_sim_demo.yaml
[11.692s] -- Installing: /home/husarion/husarion_ws/install/rosbot_description/share/rosbot_description/config/rosserial.yaml
[11.693s] -- Installing: /home/husarion/husarion_ws/install/rosbot_description/share/rosbot_description/config/nav2_params_sim.yaml
[11.695s] -- Installing: /home/husarion/husarion_ws/install/rosbot_description/share/rosbot_description/config/static_tf_sim.yaml
[11.695s] -- Installing: /home/husarion/husarion_ws/install/rosbot_description/share/rosbot_description/config/static_tf.yaml
[11.696s] -- Installing: /home/husarion/husarion_ws/install/rosbot_description/share/rosbot_description/config/rosbot.rviz
[11.696s] -- Installing: /home/husarion/husarion_ws/install/rosbot_description/share/rosbot_description/config/slam_toolbox_sim.yaml
[11.697s] -- Installing: /home/husarion/husarion_ws/install/rosbot_description/share/rosbot_description/config/nav2_params_pro.yaml
[11.698s] -- Installing: /home/husarion/husarion_ws/install/rosbot_description/share/rosbot_description/launch
[11.698s] -- Installing: /home/husarion/husarion_ws/install/rosbot_description/share/rosbot_description/launch/navigation_demo_sim.launch.py
[11.698s] -- Installing: /home/husarion/husarion_ws/install/rosbot_description/share/rosbot_description/launch/rosbot_navigation.launch.py
[11.699s] -- Installing: /home/husarion/husarion_ws/install/rosbot_description/share/rosbot_description/launch/rosbot_spawn.launch.py
[11.700s] -- Installing: /home/husarion/husarion_ws/install/rosbot_description/share/rosbot_description/launch/rosbot_navigation_sim.launch.py
[11.700s] -- Installing: /home/husarion/husarion_ws/install/rosbot_description/share/rosbot_description/launch/navigation_demo.launch.py
[11.701s] -- Installing: /home/husarion/husarion_ws/install/rosbot_description/share/rosbot_description/launch/navigation_demo_pro.launch.py
[11.701s] -- Installing: /home/husarion/husarion_ws/install/rosbot_description/share/rosbot_description/launch/navigation_docker.launch.py
[11.702s] -- Installing: /home/husarion/husarion_ws/install/rosbot_description/share/rosbot_description/launch/slam_toolbox_sim.launch.py
[11.703s] -- Installing: /home/husarion/husarion_ws/install/rosbot_description/share/rosbot_description/launch/rosbot_pro.launch.py
[11.703s] -- Installing: /home/husarion/husarion_ws/install/rosbot_description/share/rosbot_description/launch/rosbot.launch.py
[11.704s] -- Installing: /home/husarion/husarion_ws/install/rosbot_description/share/rosbot_description/launch/nav_amcl_demo_sim.launch.py
[11.704s] -- Installing: /home/husarion/husarion_ws/install/rosbot_description/share/rosbot_description/launch/rosbot_navigation_pro.launch.py
[11.705s] -- Installing: /home/husarion/husarion_ws/install/rosbot_description/share/rosbot_description/launch/slam_toolbox.launch.py
[11.705s] -- Installing: /home/husarion/husarion_ws/install/rosbot_description/share/rosbot_description/launch/rosbot_sim.launch.py
[11.706s] -- Installing: /home/husarion/husarion_ws/install/rosbot_description/share/rosbot_description/models
[11.706s] -- Installing: /home/husarion/husarion_ws/install/rosbot_description/share/rosbot_description/models/rosbot.sdf
[11.706s] -- Installing: /home/husarion/husarion_ws/install/rosbot_description/share/rosbot_description/models/rosbot.config
[11.706s] -- Installing: /home/husarion/husarion_ws/install/rosbot_description/share/rosbot_description/worlds
[11.707s] -- Installing: /home/husarion/husarion_ws/install/rosbot_description/share/rosbot_description/worlds/astra.dae
[11.707s] -- Installing: /home/husarion/husarion_ws/install/rosbot_description/share/rosbot_description/worlds/upper.dae
[11.708s] -- Installing: /home/husarion/husarion_ws/install/rosbot_description/share/rosbot_description/worlds/wheel.dae
[11.708s] -- Installing: /home/husarion/husarion_ws/install/rosbot_description/share/rosbot_description/worlds/rplidar.dae
[11.709s] -- Installing: /home/husarion/husarion_ws/install/rosbot_description/share/rosbot_description/worlds/willow_garage.world
[11.709s] -- Installing: /home/husarion/husarion_ws/install/rosbot_description/share/rosbot_description/worlds/box.dae
[11.710s] -- Installing: /home/husarion/husarion_ws/install/rosbot_description/share/rosbot_description/urdf
[11.710s] -- Installing: /home/husarion/husarion_ws/install/rosbot_description/share/rosbot_description/urdf/rosbot.urdf
[11.711s] -- Installing: /home/husarion/husarion_ws/install/rosbot_description/share/rosbot_description/urdf/model.urdf
[11.711s] -- Installing: /home/husarion/husarion_ws/install/rosbot_description/share/rosbot_description/urdf/materials.xacro
[11.711s] -- Installing: /home/husarion/husarion_ws/install/rosbot_description/share/rosbot_description/urdf/macros.xacro
[11.711s] -- Installing: /home/husarion/husarion_ws/install/rosbot_description/share/rosbot_description/urdf/rosbot.xacro
[11.712s] -- Installing: /home/husarion/husarion_ws/install/rosbot_description/share/rosbot_description/urdf/rosbot.gazebo
[11.712s] -- Installing: /home/husarion/husarion_ws/install/rosbot_description/share/rosbot_description/meshes
[11.712s] -- Installing: /home/husarion/husarion_ws/install/rosbot_description/share/rosbot_description/meshes/astra.dae
[11.715s] -- Installing: /home/husarion/husarion_ws/install/rosbot_description/share/rosbot_description/meshes/upper.dae
[11.716s] -- Installing: /home/husarion/husarion_ws/install/rosbot_description/share/rosbot_description/meshes/wheel-v2.stl
[11.726s] -- Installing: /home/husarion/husarion_ws/install/rosbot_description/share/rosbot_description/meshes/wheel.dae
[11.727s] -- Installing: /home/husarion/husarion_ws/install/rosbot_description/share/rosbot_description/meshes/rplidar.dae
[11.728s] -- Installing: /home/husarion/husarion_ws/install/rosbot_description/share/rosbot_description/meshes/box.dae
[11.732s] -- Installing: /home/husarion/husarion_ws/install/rosbot_description/share/rosbot_description/rviz
[11.732s] -- Installing: /home/husarion/husarion_ws/install/rosbot_description/share/rosbot_description/rviz/nav2_default_view.rviz
[11.732s] -- Installing: /home/husarion/husarion_ws/install/rosbot_description/lib/rosbot_description/rosbot_tf
[11.736s] -- Set runtime path of "/home/husarion/husarion_ws/install/rosbot_description/lib/rosbot_description/rosbot_tf" to ""
[11.736s] -- Installing: /home/husarion/husarion_ws/install/rosbot_description/lib/rosbot_description/rosserial_node.py
[11.736s] -- Installing: /home/husarion/husarion_ws/install/rosbot_description/lib/rosbot_description/serialclient.py
[11.737s] -- Installing: /home/husarion/husarion_ws/install/rosbot_description/lib/rosbot_description/rosserial
[11.737s] -- Installing: /home/husarion/husarion_ws/install/rosbot_description/lib/rosbot_description/rosserial/geometry_msgs
[11.737s] -- Installing: /home/husarion/husarion_ws/install/rosbot_description/lib/rosbot_description/rosserial/geometry_msgs/msg
[11.737s] -- Installing: /home/husarion/husarion_ws/install/rosbot_description/lib/rosbot_description/rosserial/geometry_msgs/msg/_Vector3.py
[11.738s] -- Installing: /home/husarion/husarion_ws/install/rosbot_description/lib/rosbot_description/rosserial/geometry_msgs/msg/_Quaternion.py
[11.738s] -- Installing: /home/husarion/husarion_ws/install/rosbot_description/lib/rosbot_description/rosserial/geometry_msgs/msg/_Twist.py
[11.738s] -- Installing: /home/husarion/husarion_ws/install/rosbot_description/lib/rosbot_description/rosserial/geometry_msgs/msg/_TransformStamped.py
[11.738s] -- Installing: /home/husarion/husarion_ws/install/rosbot_description/lib/rosbot_description/rosserial/geometry_msgs/msg/_Point.py
[11.739s] -- Installing: /home/husarion/husarion_ws/install/rosbot_description/lib/rosbot_description/rosserial/geometry_msgs/msg/_TwistStamped.py
[11.739s] -- Installing: /home/husarion/husarion_ws/install/rosbot_description/lib/rosbot_description/rosserial/geometry_msgs/msg/_Pose.py
[11.739s] -- Installing: /home/husarion/husarion_ws/install/rosbot_description/lib/rosbot_description/rosserial/geometry_msgs/msg/_PoseStamped.py
[11.739s] -- Installing: /home/husarion/husarion_ws/install/rosbot_description/lib/rosbot_description/rosserial/geometry_msgs/msg/__init__.py
[11.740s] -- Installing: /home/husarion/husarion_ws/install/rosbot_description/lib/rosbot_description/rosserial/geometry_msgs/msg/_Transform.py
[11.740s] -- Installing: /home/husarion/husarion_ws/install/rosbot_description/lib/rosbot_description/rosserial/geometry_msgs/__init__.py
[11.740s] -- Installing: /home/husarion/husarion_ws/install/rosbot_description/lib/rosbot_description/rosserial/genmsg
[11.740s] -- Installing: /home/husarion/husarion_ws/install/rosbot_description/lib/rosbot_description/rosserial/genmsg/deps.py
[11.741s] -- Installing: /home/husarion/husarion_ws/install/rosbot_description/lib/rosbot_description/rosserial/genmsg/command_line.py
[11.741s] -- Installing: /home/husarion/husarion_ws/install/rosbot_description/lib/rosbot_description/rosserial/genmsg/srvs.py
[11.741s] -- Installing: /home/husarion/husarion_ws/install/rosbot_description/lib/rosbot_description/rosserial/genmsg/template_tools.py
[11.742s] -- Installing: /home/husarion/husarion_ws/install/rosbot_description/lib/rosbot_description/rosserial/genmsg/names.py
[11.742s] -- Installing: /home/husarion/husarion_ws/install/rosbot_description/lib/rosbot_description/rosserial/genmsg/msg_loader.py
[11.742s] -- Installing: /home/husarion/husarion_ws/install/rosbot_description/lib/rosbot_description/rosserial/genmsg/gentools.py
[11.742s] -- Installing: /home/husarion/husarion_ws/install/rosbot_description/lib/rosbot_description/rosserial/genmsg/base.py
[11.743s] -- Installing: /home/husarion/husarion_ws/install/rosbot_description/lib/rosbot_description/rosserial/genmsg/__init__.py
[11.743s] -- Installing: /home/husarion/husarion_ws/install/rosbot_description/lib/rosbot_description/rosserial/genmsg/msgs.py
[11.743s] -- Installing: /home/husarion/husarion_ws/install/rosbot_description/lib/rosbot_description/rosserial/rosserial_msgs
[11.743s] -- Installing: /home/husarion/husarion_ws/install/rosbot_description/lib/rosbot_description/rosserial/rosserial_msgs/msg
[11.744s] -- Installing: /home/husarion/husarion_ws/install/rosbot_description/lib/rosbot_description/rosserial/rosserial_msgs/msg/_Log.py
[11.744s] -- Installing: /home/husarion/husarion_ws/install/rosbot_description/lib/rosbot_description/rosserial/rosserial_msgs/msg/_TopicInfo.py
[11.744s] -- Installing: /home/husarion/husarion_ws/install/rosbot_description/lib/rosbot_description/rosserial/rosserial_msgs/msg/__init__.py
[11.744s] -- Installing: /home/husarion/husarion_ws/install/rosbot_description/lib/rosbot_description/rosserial/rosserial_msgs/srv
[11.745s] -- Installing: /home/husarion/husarion_ws/install/rosbot_description/lib/rosbot_description/rosserial/rosserial_msgs/srv/_RequestMessageInfo.py
[11.745s] -- Installing: /home/husarion/husarion_ws/install/rosbot_description/lib/rosbot_description/rosserial/rosserial_msgs/srv/_RequestParam.py
[11.745s] -- Installing: /home/husarion/husarion_ws/install/rosbot_description/lib/rosbot_description/rosserial/rosserial_msgs/srv/_RequestServiceInfo.py
[11.745s] -- Installing: /home/husarion/husarion_ws/install/rosbot_description/lib/rosbot_description/rosserial/rosserial_msgs/srv/__init__.py
[11.746s] -- Installing: /home/husarion/husarion_ws/install/rosbot_description/lib/rosbot_description/rosserial/rosserial_msgs/__init__.py
[11.746s] -- Installing: /home/husarion/husarion_ws/install/rosbot_description/lib/rosbot_description/rosserial/std_msgs
[11.746s] -- Installing: /home/husarion/husarion_ws/install/rosbot_description/lib/rosbot_description/rosserial/std_msgs/msg
[11.746s] -- Installing: /home/husarion/husarion_ws/install/rosbot_description/lib/rosbot_description/rosserial/std_msgs/msg/_Float32.py
[11.747s] -- Installing: /home/husarion/husarion_ws/install/rosbot_description/lib/rosbot_description/rosserial/std_msgs/msg/_Duration.py
[11.747s] -- Installing: /home/husarion/husarion_ws/install/rosbot_description/lib/rosbot_description/rosserial/std_msgs/msg/_Int32.py
[11.747s] -- Installing: /home/husarion/husarion_ws/install/rosbot_description/lib/rosbot_description/rosserial/std_msgs/msg/_Float64.py
[11.748s] -- Installing: /home/husarion/husarion_ws/install/rosbot_description/lib/rosbot_description/rosserial/std_msgs/msg/_ByteMultiArray.py
[11.748s] -- Installing: /home/husarion/husarion_ws/install/rosbot_description/lib/rosbot_description/rosserial/std_msgs/msg/_Int64MultiArray.py
[11.748s] -- Installing: /home/husarion/husarion_ws/install/rosbot_description/lib/rosbot_description/rosserial/std_msgs/msg/_UInt64.py
[11.748s] -- Installing: /home/husarion/husarion_ws/install/rosbot_description/lib/rosbot_description/rosserial/std_msgs/msg/_UInt16MultiArray.py
[11.749s] -- Installing: /home/husarion/husarion_ws/install/rosbot_description/lib/rosbot_description/rosserial/std_msgs/msg/_Int8MultiArray.py
[11.749s] -- Installing: /home/husarion/husarion_ws/install/rosbot_description/lib/rosbot_description/rosserial/std_msgs/msg/_MultiArrayLayout.py
[11.749s] -- Installing: /home/husarion/husarion_ws/install/rosbot_description/lib/rosbot_description/rosserial/std_msgs/msg/_Int8.py
[11.750s] -- Installing: /home/husarion/husarion_ws/install/rosbot_description/lib/rosbot_description/rosserial/std_msgs/msg/_Bool.py
[11.750s] -- Installing: /home/husarion/husarion_ws/install/rosbot_description/lib/rosbot_description/rosserial/std_msgs/msg/_Float32MultiArray.py
[11.750s] -- Installing: /home/husarion/husarion_ws/install/rosbot_description/lib/rosbot_description/rosserial/std_msgs/msg/_String.py
[11.750s] -- Installing: /home/husarion/husarion_ws/install/rosbot_description/lib/rosbot_description/rosserial/std_msgs/msg/_UInt16.py
[11.751s] -- Installing: /home/husarion/husarion_ws/install/rosbot_description/lib/rosbot_description/rosserial/std_msgs/msg/_UInt32MultiArray.py
[11.751s] -- Installing: /home/husarion/husarion_ws/install/rosbot_description/lib/rosbot_description/rosserial/std_msgs/msg/_Int32MultiArray.py
[11.751s] -- Installing: /home/husarion/husarion_ws/install/rosbot_description/lib/rosbot_description/rosserial/std_msgs/msg/_Time.py
[11.751s] -- Installing: /home/husarion/husarion_ws/install/rosbot_description/lib/rosbot_description/rosserial/std_msgs/msg/_UInt8MultiArray.py
[11.752s] -- Installing: /home/husarion/husarion_ws/install/rosbot_description/lib/rosbot_description/rosserial/std_msgs/msg/_UInt8.py
[11.752s] -- Installing: /home/husarion/husarion_ws/install/rosbot_description/lib/rosbot_description/rosserial/std_msgs/msg/_Float64MultiArray.py
[11.752s] -- Installing: /home/husarion/husarion_ws/install/rosbot_description/lib/rosbot_description/rosserial/std_msgs/msg/_UInt32.py
[11.752s] -- Installing: /home/husarion/husarion_ws/install/rosbot_description/lib/rosbot_description/rosserial/std_msgs/msg/_Int16MultiArray.py
[11.753s] -- Installing: /home/husarion/husarion_ws/install/rosbot_description/lib/rosbot_description/rosserial/std_msgs/msg/_ColorRGBA.py
[11.753s] -- Installing: /home/husarion/husarion_ws/install/rosbot_description/lib/rosbot_description/rosserial/std_msgs/msg/_Int64.py
[11.753s] -- Installing: /home/husarion/husarion_ws/install/rosbot_description/lib/rosbot_description/rosserial/std_msgs/msg/_UInt64MultiArray.py
[11.754s] -- Installing: /home/husarion/husarion_ws/install/rosbot_description/lib/rosbot_description/rosserial/std_msgs/msg/_Empty.py
[11.754s] -- Installing: /home/husarion/husarion_ws/install/rosbot_description/lib/rosbot_description/rosserial/std_msgs/msg/_Int16.py
[11.754s] -- Installing: /home/husarion/husarion_ws/install/rosbot_description/lib/rosbot_description/rosserial/std_msgs/msg/_Header.py
[11.755s] -- Installing: /home/husarion/husarion_ws/install/rosbot_description/lib/rosbot_description/rosserial/std_msgs/msg/__init__.py
[11.755s] -- Installing: /home/husarion/husarion_ws/install/rosbot_description/lib/rosbot_description/rosserial/std_msgs/msg/_Char.py
[11.755s] -- Installing: /home/husarion/husarion_ws/install/rosbot_description/lib/rosbot_description/rosserial/std_msgs/msg/_MultiArrayDimension.py
[11.755s] -- Installing: /home/husarion/husarion_ws/install/rosbot_description/lib/rosbot_description/rosserial/std_msgs/msg/_Byte.py
[11.756s] -- Installing: /home/husarion/husarion_ws/install/rosbot_description/lib/rosbot_description/rosserial/std_msgs/__init__.py
[11.756s] -- Installing: /home/husarion/husarion_ws/install/rosbot_description/lib/rosbot_description/rosserial/genpy
[11.756s] -- Installing: /home/husarion/husarion_ws/install/rosbot_description/lib/rosbot_description/rosserial/genpy/message.py
[11.756s] -- Installing: /home/husarion/husarion_ws/install/rosbot_description/lib/rosbot_description/rosserial/genpy/generate_numpy.py
[11.757s] -- Installing: /home/husarion/husarion_ws/install/rosbot_description/lib/rosbot_description/rosserial/genpy/rostime.py
[11.757s] -- Installing: /home/husarion/husarion_ws/install/rosbot_description/lib/rosbot_description/rosserial/genpy/generate_struct.py
[11.757s] -- Installing: /home/husarion/husarion_ws/install/rosbot_description/lib/rosbot_description/rosserial/genpy/generator.py
[11.758s] -- Installing: /home/husarion/husarion_ws/install/rosbot_description/lib/rosbot_description/rosserial/genpy/dynamic.py
[11.758s] -- Installing: /home/husarion/husarion_ws/install/rosbot_description/lib/rosbot_description/rosserial/genpy/base.py
[11.758s] -- Installing: /home/husarion/husarion_ws/install/rosbot_description/lib/rosbot_description/rosserial/genpy/__init__.py
[11.758s] -- Installing: /home/husarion/husarion_ws/install/rosbot_description/lib/rosbot_description/rosserial/genpy/generate_initpy.py
[11.759s] -- Installing: /home/husarion/husarion_ws/install/rosbot_description/lib/rosbot_description/rosserial/genpy/genpy_main.py
[11.759s] -- Installing: /home/husarion/husarion_ws/install/rosbot_description/lib/rosbot_description/rosserial/__init__.py
[11.759s] -- Installing: /home/husarion/husarion_ws/install/rosbot_description/lib/rosbot_description/rosserial/rosbot_ekf
[11.759s] -- Installing: /home/husarion/husarion_ws/install/rosbot_description/lib/rosbot_description/rosserial/rosbot_ekf/msg
[11.760s] -- Installing: /home/husarion/husarion_ws/install/rosbot_description/lib/rosbot_description/rosserial/rosbot_ekf/msg/_Imu.py
[11.760s] -- Installing: /home/husarion/husarion_ws/install/rosbot_description/lib/rosbot_description/rosserial/rosbot_ekf/msg/__init__.py
[11.760s] -- Installing: /home/husarion/husarion_ws/install/rosbot_description/lib/rosbot_description/rosserial/rosbot_ekf/srv
[11.760s] -- Installing: /home/husarion/husarion_ws/install/rosbot_description/lib/rosbot_description/rosserial/rosbot_ekf/srv/__init__.py
[11.761s] -- Installing: /home/husarion/husarion_ws/install/rosbot_description/lib/rosbot_description/rosserial/rosbot_ekf/srv/_Configuration.py
[11.761s] -- Installing: /home/husarion/husarion_ws/install/rosbot_description/lib/rosbot_description/rosserial/rosbot_ekf/__init__.py
[11.761s] -- Installing: /home/husarion/husarion_ws/install/rosbot_description/lib/rosbot_description/rosserial/sensor_msgs
[11.762s] -- Installing: /home/husarion/husarion_ws/install/rosbot_description/lib/rosbot_description/rosserial/sensor_msgs/msg
[11.762s] -- Installing: /home/husarion/husarion_ws/install/rosbot_description/lib/rosbot_description/rosserial/sensor_msgs/msg/_BatteryState.py
[11.762s] -- Installing: /home/husarion/husarion_ws/install/rosbot_description/lib/rosbot_description/rosserial/sensor_msgs/msg/_Imu.py
[11.762s] -- Installing: /home/husarion/husarion_ws/install/rosbot_description/lib/rosbot_description/rosserial/sensor_msgs/msg/_Range.py
[11.763s] -- Installing: /home/husarion/husarion_ws/install/rosbot_description/lib/rosbot_description/rosserial/sensor_msgs/msg/_JointState.py
[11.763s] -- Installing: /home/husarion/husarion_ws/install/rosbot_description/lib/rosbot_description/rosserial/sensor_msgs/msg/__init__.py
[11.763s] -- Installing: /home/husarion/husarion_ws/install/rosbot_description/lib/rosbot_description/rosserial/sensor_msgs/__init__.py
[11.764s] -- Installing: /home/husarion/husarion_ws/install/rosbot_description/share/ament_index/resource_index/package_run_dependencies/rosbot_description
[11.764s] -- Installing: /home/husarion/husarion_ws/install/rosbot_description/share/ament_index/resource_index/parent_prefix_path/rosbot_description
[11.764s] -- Installing: /home/husarion/husarion_ws/install/rosbot_description/share/rosbot_description/environment/ament_prefix_path.sh
[11.765s] -- Installing: /home/husarion/husarion_ws/install/rosbot_description/share/rosbot_description/environment/ament_prefix_path.dsv
[11.765s] -- Installing: /home/husarion/husarion_ws/install/rosbot_description/share/rosbot_description/environment/path.sh
[11.766s] -- Installing: /home/husarion/husarion_ws/install/rosbot_description/share/rosbot_description/environment/path.dsv
[11.766s] -- Installing: /home/husarion/husarion_ws/install/rosbot_description/share/rosbot_description/local_setup.bash
[11.766s] -- Installing: /home/husarion/husarion_ws/install/rosbot_description/share/rosbot_description/local_setup.sh
[11.767s] -- Installing: /home/husarion/husarion_ws/install/rosbot_description/share/rosbot_description/local_setup.zsh
[11.767s] -- Installing: /home/husarion/husarion_ws/install/rosbot_description/share/rosbot_description/local_setup.dsv
[11.767s] -- Installing: /home/husarion/husarion_ws/install/rosbot_description/share/rosbot_description/package.dsv
[11.768s] -- Installing: /home/husarion/husarion_ws/install/rosbot_description/share/ament_index/resource_index/packages/rosbot_description
[11.768s] -- Installing: /home/husarion/husarion_ws/install/rosbot_description/share/rosbot_description/cmake/rosbot_descriptionConfig.cmake
[11.768s] -- Installing: /home/husarion/husarion_ws/install/rosbot_description/share/rosbot_description/cmake/rosbot_descriptionConfig-version.cmake
[11.769s] -- Installing: /home/husarion/husarion_ws/install/rosbot_description/share/rosbot_description/package.xml
[11.773s] Invoked command in '/home/husarion/husarion_ws/build/rosbot_description' returned '0': CMAKE_PREFIX_PATH=/opt/ros/foxy /usr/bin/cmake --install /home/husarion/husarion_ws/build/rosbot_description
