[0.098s] Invoking command in '/home/husarion/microros_ws/build/micro_ros_msgs': CMAKE_PREFIX_PATH=${CMAKE_PREFIX_PATH}:/home/husarion/ROS2swarm/install/thymio_driver:/home/husarion/ROS2swarm/install/ros2swarm:/home/husarion/ROS2swarm/install/launch_gazebo:/opt/ros/foxy /usr/bin/cmake /home/husarion/microros_ws/src/uros/micro_ros_msgs -DUAGENT_BUILD_EXECUTABLE=OFF -DUAGENT_P2P_PROFILE=OFF --no-warn-unused-cli -DCMAKE_INSTALL_PREFIX=/home/husarion/microros_ws/install/micro_ros_msgs
[0.158s] Not searching for unused variables given on the command line.
[0.458s] -- The C compiler identification is GNU 9.4.0
[0.776s] -- The CXX compiler identification is GNU 9.4.0
[0.803s] -- Check for working C compiler: /usr/bin/cc
[1.206s] -- Check for working C compiler: /usr/bin/cc -- works
[1.211s] -- Detecting C compiler ABI info
[1.611s] -- Detecting C compiler ABI info - done
[1.684s] -- Detecting C compile features
[1.685s] -- Detecting C compile features - done
[1.700s] -- Check for working CXX compiler: /usr/bin/c++
[2.177s] -- Check for working CXX compiler: /usr/bin/c++ -- works
[2.183s] -- Detecting CXX compiler ABI info
[2.652s] -- Detecting CXX compiler ABI info - done
[2.730s] -- Detecting CXX compile features
[2.734s] -- Detecting CXX compile features - done
[2.751s] -- Found ament_cmake: 0.9.9 (/opt/ros/foxy/share/ament_cmake/cmake)
[2.943s] -- Found PythonInterp: /usr/bin/python3 (found suitable version "3.8.10", minimum required is "3") 
[2.945s] -- Using PYTHON_EXECUTABLE: /usr/bin/python3
[4.320s] -- Found rosidl_default_generators: 1.0.1 (/opt/ros/foxy/share/rosidl_default_generators/cmake)
[4.368s] -- Using all available rosidl_typesupport_c: rosidl_typesupport_fastrtps_c;rosidl_typesupport_introspection_c
[4.430s] -- Found rosidl_adapter: 1.2.1 (/opt/ros/foxy/share/rosidl_adapter/cmake)
[5.247s] -- Found OpenSSL: /usr/lib/x86_64-linux-gnu/libcrypto.so (found version "1.1.1f")  
[5.405s] -- Found FastRTPS: /opt/ros/foxy/include  
[5.986s] -- Using all available rosidl_typesupport_cpp: rosidl_typesupport_fastrtps_cpp;rosidl_typesupport_introspection_cpp
[6.203s] -- Found ament_lint_auto: 0.9.6 (/opt/ros/foxy/share/ament_lint_auto/cmake)
[6.850s] -- Found PythonInterp: /usr/bin/python3 (found version "3.8.10") 
[7.372s] -- Found ament_cmake_ros: 0.9.2 (/opt/ros/foxy/share/ament_cmake_ros/cmake)
[8.009s] -- Using all available rosidl_typesupport_c: rosidl_typesupport_fastrtps_c;rosidl_typesupport_introspection_c
[8.066s] -- Using all available rosidl_typesupport_cpp: rosidl_typesupport_fastrtps_cpp;rosidl_typesupport_introspection_cpp
[8.262s] -- Found PythonInterp: /usr/bin/python3 (found suitable version "3.8.10", minimum required is "3.5") 
[8.301s] -- Found python_cmake_module: 0.8.1 (/opt/ros/foxy/share/python_cmake_module/cmake)
[8.556s] -- Found PythonLibs: /usr/lib/x86_64-linux-gnu/libpython3.8.so (found suitable version "3.8.10", minimum required is "3.5") 
[8.558s] -- Using PYTHON_EXECUTABLE: /usr/bin/python3
[8.559s] -- Using PYTHON_INCLUDE_DIRS: /usr/include/python3.8
[8.560s] -- Using PYTHON_LIBRARIES: /usr/lib/x86_64-linux-gnu/libpython3.8.so
[8.732s] -- Found PythonExtra: .so  
[9.123s] -- Added test 'copyright' to check source files copyright and LICENSE
[9.234s] -- Added test 'lint_cmake' to check CMake code style
[9.293s] -- Added test 'xmllint' to check XML markup files
[9.369s] -- Configuring done
[9.589s] -- Generating done
[9.605s] -- Build files have been written to: /home/husarion/microros_ws/build/micro_ros_msgs
[9.648s] Invoked command in '/home/husarion/microros_ws/build/micro_ros_msgs' returned '0': CMAKE_PREFIX_PATH=${CMAKE_PREFIX_PATH}:/home/husarion/ROS2swarm/install/thymio_driver:/home/husarion/ROS2swarm/install/ros2swarm:/home/husarion/ROS2swarm/install/launch_gazebo:/opt/ros/foxy /usr/bin/cmake /home/husarion/microros_ws/src/uros/micro_ros_msgs -DUAGENT_BUILD_EXECUTABLE=OFF -DUAGENT_P2P_PROFILE=OFF --no-warn-unused-cli -DCMAKE_INSTALL_PREFIX=/home/husarion/microros_ws/install/micro_ros_msgs
[9.660s] Invoking command in '/home/husarion/microros_ws/build/micro_ros_msgs': CMAKE_PREFIX_PATH=${CMAKE_PREFIX_PATH}:/home/husarion/ROS2swarm/install/thymio_driver:/home/husarion/ROS2swarm/install/ros2swarm:/home/husarion/ROS2swarm/install/launch_gazebo:/opt/ros/foxy /usr/bin/cmake --build /home/husarion/microros_ws/build/micro_ros_msgs -- -j4 -l4
[9.894s] [35m[1mScanning dependencies of target micro_ros_msgs__cpp[0m
[9.901s] [  2%] [34m[1mGenerating C code for ROS interfaces[0m
[9.953s] [  4%] [34m[1mGenerating C++ code for ROS interfaces[0m
[12.143s] [  4%] Built target micro_ros_msgs__cpp
[12.203s] [  6%] [34m[1mGenerating C++ introspection for ROS interfaces[0m
[12.274s] [  8%] [34m[1mGenerating C++ type support for eProsima Fast-RTPS[0m
[12.286s] [ 10%] [34m[1mGenerating C++ type support dispatch for ROS interfaces[0m
[12.288s] [35m[1mScanning dependencies of target micro_ros_msgs__rosidl_generator_c[0m
[12.394s] [ 12%] [32mBuilding C object CMakeFiles/micro_ros_msgs__rosidl_generator_c.dir/rosidl_generator_c/micro_ros_msgs/msg/detail/graph__functions.c.o[0m
[12.746s] [ 14%] [32mBuilding C object CMakeFiles/micro_ros_msgs__rosidl_generator_c.dir/rosidl_generator_c/micro_ros_msgs/msg/detail/node__functions.c.o[0m
[12.983s] [ 17%] [32mBuilding C object CMakeFiles/micro_ros_msgs__rosidl_generator_c.dir/rosidl_generator_c/micro_ros_msgs/msg/detail/entity__functions.c.o[0m
[13.225s] [ 19%] [32m[1mLinking C shared library libmicro_ros_msgs__rosidl_generator_c.so[0m
[13.478s] [ 19%] Built target micro_ros_msgs__rosidl_generator_c
[13.532s] [ 21%] [34m[1mGenerating C type support dispatch for ROS interfaces[0m
[14.171s] [35m[1mScanning dependencies of target micro_ros_msgs__rosidl_typesupport_cpp[0m
[14.283s] [ 23%] [32mBuilding CXX object CMakeFiles/micro_ros_msgs__rosidl_typesupport_cpp.dir/rosidl_typesupport_cpp/micro_ros_msgs/msg/graph__type_support.cpp.o[0m
[14.411s] [35m[1mScanning dependencies of target micro_ros_msgs__rosidl_typesupport_introspection_cpp[0m
[14.487s] [ 25%] [32mBuilding CXX object CMakeFiles/micro_ros_msgs__rosidl_typesupport_introspection_cpp.dir/rosidl_typesupport_introspection_cpp/micro_ros_msgs/msg/detail/graph__type_support.cpp.o[0m
[14.590s] [35m[1mScanning dependencies of target micro_ros_msgs__rosidl_typesupport_fastrtps_cpp[0m
[14.690s] [ 27%] [32mBuilding CXX object CMakeFiles/micro_ros_msgs__rosidl_typesupport_fastrtps_cpp.dir/rosidl_typesupport_fastrtps_cpp/micro_ros_msgs/msg/detail/dds_fastrtps/graph__type_support.cpp.o[0m
[15.483s] [35m[1mScanning dependencies of target micro_ros_msgs__rosidl_typesupport_c[0m
[15.594s] [ 29%] [32mBuilding CXX object CMakeFiles/micro_ros_msgs__rosidl_typesupport_c.dir/rosidl_typesupport_c/micro_ros_msgs/msg/graph__type_support.cpp.o[0m
[15.802s] [ 31%] [32mBuilding CXX object CMakeFiles/micro_ros_msgs__rosidl_typesupport_c.dir/rosidl_typesupport_c/micro_ros_msgs/msg/node__type_support.cpp.o[0m
[15.997s] [ 34%] [32mBuilding CXX object CMakeFiles/micro_ros_msgs__rosidl_typesupport_c.dir/rosidl_typesupport_c/micro_ros_msgs/msg/entity__type_support.cpp.o[0m
[16.191s] [ 36%] [32m[1mLinking CXX shared library libmicro_ros_msgs__rosidl_typesupport_c.so[0m
[16.467s] [ 36%] Built target micro_ros_msgs__rosidl_typesupport_c
[16.515s] [ 38%] [32mBuilding CXX object CMakeFiles/micro_ros_msgs__rosidl_typesupport_introspection_cpp.dir/rosidl_typesupport_introspection_cpp/micro_ros_msgs/msg/detail/node__type_support.cpp.o[0m
[16.523s] [ 40%] [32mBuilding CXX object CMakeFiles/micro_ros_msgs__rosidl_typesupport_cpp.dir/rosidl_typesupport_cpp/micro_ros_msgs/msg/node__type_support.cpp.o[0m
[16.982s] [ 42%] [32mBuilding CXX object CMakeFiles/micro_ros_msgs__rosidl_typesupport_cpp.dir/rosidl_typesupport_cpp/micro_ros_msgs/msg/entity__type_support.cpp.o[0m
[18.289s] [ 44%] [32mBuilding CXX object CMakeFiles/micro_ros_msgs__rosidl_typesupport_fastrtps_cpp.dir/rosidl_typesupport_fastrtps_cpp/micro_ros_msgs/msg/detail/dds_fastrtps/node__type_support.cpp.o[0m
[18.452s] [ 46%] [32mBuilding CXX object CMakeFiles/micro_ros_msgs__rosidl_typesupport_fastrtps_cpp.dir/rosidl_typesupport_fastrtps_cpp/micro_ros_msgs/msg/detail/dds_fastrtps/entity__type_support.cpp.o[0m
[18.875s] [ 48%] [32mBuilding CXX object CMakeFiles/micro_ros_msgs__rosidl_typesupport_introspection_cpp.dir/rosidl_typesupport_introspection_cpp/micro_ros_msgs/msg/detail/entity__type_support.cpp.o[0m
[19.134s] [ 51%] [32m[1mLinking CXX shared library libmicro_ros_msgs__rosidl_typesupport_cpp.so[0m
[19.466s] [ 51%] Built target micro_ros_msgs__rosidl_typesupport_cpp
[19.530s] [ 53%] [34m[1mGenerating C introspection for ROS interfaces[0m
[21.089s] [ 55%] [32m[1mLinking CXX shared library libmicro_ros_msgs__rosidl_typesupport_introspection_cpp.so[0m
[21.582s] [ 55%] Built target micro_ros_msgs__rosidl_typesupport_introspection_cpp
[21.663s] [ 57%] [32m[1mLinking CXX shared library libmicro_ros_msgs__rosidl_typesupport_fastrtps_cpp.so[0m
[22.107s] [35m[1mScanning dependencies of target micro_ros_msgs__rosidl_typesupport_introspection_c[0m
[22.211s] [ 59%] [32mBuilding C object CMakeFiles/micro_ros_msgs__rosidl_typesupport_introspection_c.dir/rosidl_typesupport_introspection_c/micro_ros_msgs/msg/detail/node__type_support.c.o[0m
[22.212s] [ 61%] [32mBuilding C object CMakeFiles/micro_ros_msgs__rosidl_typesupport_introspection_c.dir/rosidl_typesupport_introspection_c/micro_ros_msgs/msg/detail/graph__type_support.c.o[0m
[22.223s] [ 63%] [32mBuilding C object CMakeFiles/micro_ros_msgs__rosidl_typesupport_introspection_c.dir/rosidl_typesupport_introspection_c/micro_ros_msgs/msg/detail/entity__type_support.c.o[0m
[22.268s] [ 63%] Built target micro_ros_msgs__rosidl_typesupport_fastrtps_cpp
[22.337s] [ 65%] [34m[1mGenerating C type support for eProsima Fast-RTPS[0m
[22.416s] [ 68%] [32m[1mLinking C shared library libmicro_ros_msgs__rosidl_typesupport_introspection_c.so[0m
[22.579s] [ 68%] Built target micro_ros_msgs__rosidl_typesupport_introspection_c
[24.359s] [35m[1mScanning dependencies of target micro_ros_msgs__rosidl_typesupport_fastrtps_c[0m
[24.482s] [ 70%] [32mBuilding CXX object CMakeFiles/micro_ros_msgs__rosidl_typesupport_fastrtps_c.dir/rosidl_typesupport_fastrtps_c/micro_ros_msgs/msg/detail/node__type_support_c.cpp.o[0m
[24.488s] [ 74%] [32mBuilding CXX object CMakeFiles/micro_ros_msgs__rosidl_typesupport_fastrtps_c.dir/rosidl_typesupport_fastrtps_c/micro_ros_msgs/msg/detail/graph__type_support_c.cpp.o[0m
[24.489s] [ 74%] [32mBuilding CXX object CMakeFiles/micro_ros_msgs__rosidl_typesupport_fastrtps_c.dir/rosidl_typesupport_fastrtps_c/micro_ros_msgs/msg/detail/entity__type_support_c.cpp.o[0m
[26.949s] [ 76%] [32m[1mLinking CXX shared library libmicro_ros_msgs__rosidl_typesupport_fastrtps_c.so[0m
[27.488s] [ 76%] Built target micro_ros_msgs__rosidl_typesupport_fastrtps_c
[27.553s] [35m[1mScanning dependencies of target micro_ros_msgs[0m
[27.616s] [ 76%] Built target micro_ros_msgs
[27.683s] [35m[1mScanning dependencies of target micro_ros_msgs__py[0m
[27.744s] [ 78%] [34m[1mGenerating Python code for ROS interfaces[0m
[31.737s] [ 78%] Built target micro_ros_msgs__py
[31.800s] [35m[1mScanning dependencies of target micro_ros_msgs__python[0m
[31.999s] [ 80%] [32mBuilding C object CMakeFiles/micro_ros_msgs__python.dir/rosidl_generator_py/micro_ros_msgs/msg/_node_s.c.o[0m
[32.002s] [ 82%] [32mBuilding C object CMakeFiles/micro_ros_msgs__python.dir/rosidl_generator_py/micro_ros_msgs/msg/_graph_s.c.o[0m
[32.007s] [ 85%] [32mBuilding C object CMakeFiles/micro_ros_msgs__python.dir/rosidl_generator_py/micro_ros_msgs/msg/_entity_s.c.o[0m
[32.702s] [ 87%] [32m[1mLinking C shared library rosidl_generator_py/micro_ros_msgs/libmicro_ros_msgs__python.so[0m
[33.016s] [ 87%] Built target micro_ros_msgs__python
[33.070s] [35m[1mScanning dependencies of target micro_ros_msgs__rosidl_typesupport_fastrtps_c__pyext[0m
[33.079s] [35m[1mScanning dependencies of target micro_ros_msgs__rosidl_typesupport_introspection_c__pyext[0m
[33.080s] [35m[1mScanning dependencies of target micro_ros_msgs__rosidl_typesupport_c__pyext[0m
[33.180s] [ 89%] [32mBuilding C object CMakeFiles/micro_ros_msgs__rosidl_typesupport_fastrtps_c__pyext.dir/rosidl_generator_py/micro_ros_msgs/_micro_ros_msgs_s.ep.rosidl_typesupport_fastrtps_c.c.o[0m
[33.188s] [ 91%] [32mBuilding C object CMakeFiles/micro_ros_msgs__rosidl_typesupport_introspection_c__pyext.dir/rosidl_generator_py/micro_ros_msgs/_micro_ros_msgs_s.ep.rosidl_typesupport_introspection_c.c.o[0m
[33.191s] [ 93%] [32mBuilding C object CMakeFiles/micro_ros_msgs__rosidl_typesupport_c__pyext.dir/rosidl_generator_py/micro_ros_msgs/_micro_ros_msgs_s.ep.rosidl_typesupport_c.c.o[0m
[33.718s] [ 95%] [32m[1mLinking CXX shared library rosidl_generator_py/micro_ros_msgs/micro_ros_msgs_s__rosidl_typesupport_fastrtps_c.cpython-38-x86_64-linux-gnu.so[0m
[33.721s] [ 97%] [32m[1mLinking C shared library rosidl_generator_py/micro_ros_msgs/micro_ros_msgs_s__rosidl_typesupport_c.cpython-38-x86_64-linux-gnu.so[0m
[33.767s] [100%] [32m[1mLinking C shared library rosidl_generator_py/micro_ros_msgs/micro_ros_msgs_s__rosidl_typesupport_introspection_c.cpython-38-x86_64-linux-gnu.so[0m
[33.925s] [100%] Built target micro_ros_msgs__rosidl_typesupport_c__pyext
[33.968s] [100%] Built target micro_ros_msgs__rosidl_typesupport_introspection_c__pyext
[34.086s] [100%] Built target micro_ros_msgs__rosidl_typesupport_fastrtps_c__pyext
[34.153s] Invoked command in '/home/husarion/microros_ws/build/micro_ros_msgs' returned '0': CMAKE_PREFIX_PATH=${CMAKE_PREFIX_PATH}:/home/husarion/ROS2swarm/install/thymio_driver:/home/husarion/ROS2swarm/install/ros2swarm:/home/husarion/ROS2swarm/install/launch_gazebo:/opt/ros/foxy /usr/bin/cmake --build /home/husarion/microros_ws/build/micro_ros_msgs -- -j4 -l4
[34.795s] Invoking command in '/home/husarion/microros_ws/build/micro_ros_msgs': CMAKE_PREFIX_PATH=${CMAKE_PREFIX_PATH}:/home/husarion/ROS2swarm/install/thymio_driver:/home/husarion/ROS2swarm/install/ros2swarm:/home/husarion/ROS2swarm/install/launch_gazebo:/opt/ros/foxy /usr/bin/cmake --install /home/husarion/microros_ws/build/micro_ros_msgs
[34.836s] -- Install configuration: ""
[34.838s] -- Installing: /home/husarion/microros_ws/install/micro_ros_msgs/share/ament_index/resource_index/rosidl_interfaces/micro_ros_msgs
[34.839s] -- Installing: /home/husarion/microros_ws/install/micro_ros_msgs/include/micro_ros_msgs
[34.841s] -- Installing: /home/husarion/microros_ws/install/micro_ros_msgs/include/micro_ros_msgs/msg
[34.842s] -- Installing: /home/husarion/microros_ws/install/micro_ros_msgs/include/micro_ros_msgs/msg/detail
[34.843s] -- Installing: /home/husarion/microros_ws/install/micro_ros_msgs/include/micro_ros_msgs/msg/detail/node__functions.c
[34.844s] -- Installing: /home/husarion/microros_ws/install/micro_ros_msgs/include/micro_ros_msgs/msg/detail/node__functions.h
[34.845s] -- Installing: /home/husarion/microros_ws/install/micro_ros_msgs/include/micro_ros_msgs/msg/detail/graph__struct.h
[34.847s] -- Installing: /home/husarion/microros_ws/install/micro_ros_msgs/include/micro_ros_msgs/msg/detail/node__type_support.h
[34.847s] -- Installing: /home/husarion/microros_ws/install/micro_ros_msgs/include/micro_ros_msgs/msg/detail/node__struct.h
[34.848s] -- Installing: /home/husarion/microros_ws/install/micro_ros_msgs/include/micro_ros_msgs/msg/detail/graph__type_support.h
[34.850s] -- Installing: /home/husarion/microros_ws/install/micro_ros_msgs/include/micro_ros_msgs/msg/detail/entity__functions.c
[34.851s] -- Installing: /home/husarion/microros_ws/install/micro_ros_msgs/include/micro_ros_msgs/msg/detail/graph__functions.h
[34.851s] -- Installing: /home/husarion/microros_ws/install/micro_ros_msgs/include/micro_ros_msgs/msg/detail/entity__struct.h
[34.852s] -- Installing: /home/husarion/microros_ws/install/micro_ros_msgs/include/micro_ros_msgs/msg/detail/graph__functions.c
[34.853s] -- Installing: /home/husarion/microros_ws/install/micro_ros_msgs/include/micro_ros_msgs/msg/detail/entity__functions.h
[34.853s] -- Installing: /home/husarion/microros_ws/install/micro_ros_msgs/include/micro_ros_msgs/msg/detail/entity__type_support.h
[34.854s] -- Installing: /home/husarion/microros_ws/install/micro_ros_msgs/include/micro_ros_msgs/msg/entity.h
[34.855s] -- Installing: /home/husarion/microros_ws/install/micro_ros_msgs/include/micro_ros_msgs/msg/rosidl_generator_c__visibility_control.h
[34.856s] -- Installing: /home/husarion/microros_ws/install/micro_ros_msgs/include/micro_ros_msgs/msg/node.h
[34.857s] -- Installing: /home/husarion/microros_ws/install/micro_ros_msgs/include/micro_ros_msgs/msg/graph.h
[34.858s] -- Installing: /home/husarion/microros_ws/install/micro_ros_msgs/share/micro_ros_msgs/environment/library_path.sh
[34.858s] -- Installing: /home/husarion/microros_ws/install/micro_ros_msgs/share/micro_ros_msgs/environment/library_path.dsv
[34.859s] -- Installing: /home/husarion/microros_ws/install/micro_ros_msgs/lib/libmicro_ros_msgs__rosidl_generator_c.so
[34.859s] -- Set runtime path of "/home/husarion/microros_ws/install/micro_ros_msgs/lib/libmicro_ros_msgs__rosidl_generator_c.so" to ""
[34.860s] -- Up-to-date: /home/husarion/microros_ws/install/micro_ros_msgs/include/micro_ros_msgs
[34.861s] -- Up-to-date: /home/husarion/microros_ws/install/micro_ros_msgs/include/micro_ros_msgs/msg
[34.862s] -- Up-to-date: /home/husarion/microros_ws/install/micro_ros_msgs/include/micro_ros_msgs/msg/detail
[34.863s] -- Installing: /home/husarion/microros_ws/install/micro_ros_msgs/include/micro_ros_msgs/msg/detail/entity__rosidl_typesupport_fastrtps_c.h
[34.864s] -- Installing: /home/husarion/microros_ws/install/micro_ros_msgs/include/micro_ros_msgs/msg/detail/graph__rosidl_typesupport_fastrtps_c.h
[34.865s] -- Installing: /home/husarion/microros_ws/install/micro_ros_msgs/include/micro_ros_msgs/msg/detail/node__rosidl_typesupport_fastrtps_c.h
[34.865s] -- Installing: /home/husarion/microros_ws/install/micro_ros_msgs/include/micro_ros_msgs/msg/rosidl_typesupport_fastrtps_c__visibility_control.h
[34.866s] -- Installing: /home/husarion/microros_ws/install/micro_ros_msgs/lib/libmicro_ros_msgs__rosidl_typesupport_fastrtps_c.so
[34.867s] -- Set runtime path of "/home/husarion/microros_ws/install/micro_ros_msgs/lib/libmicro_ros_msgs__rosidl_typesupport_fastrtps_c.so" to ""
[34.867s] -- Up-to-date: /home/husarion/microros_ws/install/micro_ros_msgs/include/micro_ros_msgs
[34.868s] -- Up-to-date: /home/husarion/microros_ws/install/micro_ros_msgs/include/micro_ros_msgs/msg
[34.869s] -- Up-to-date: /home/husarion/microros_ws/install/micro_ros_msgs/include/micro_ros_msgs/msg/detail
[34.870s] -- Installing: /home/husarion/microros_ws/install/micro_ros_msgs/include/micro_ros_msgs/msg/detail/entity__rosidl_typesupport_fastrtps_cpp.hpp
[34.871s] -- Installing: /home/husarion/microros_ws/install/micro_ros_msgs/include/micro_ros_msgs/msg/detail/graph__rosidl_typesupport_fastrtps_cpp.hpp
[34.872s] -- Installing: /home/husarion/microros_ws/install/micro_ros_msgs/include/micro_ros_msgs/msg/detail/dds_fastrtps
[34.873s] -- Installing: /home/husarion/microros_ws/install/micro_ros_msgs/include/micro_ros_msgs/msg/detail/node__rosidl_typesupport_fastrtps_cpp.hpp
[34.873s] -- Installing: /home/husarion/microros_ws/install/micro_ros_msgs/include/micro_ros_msgs/msg/rosidl_typesupport_fastrtps_cpp__visibility_control.h
[34.874s] -- Installing: /home/husarion/microros_ws/install/micro_ros_msgs/lib/libmicro_ros_msgs__rosidl_typesupport_fastrtps_cpp.so
[34.875s] -- Set runtime path of "/home/husarion/microros_ws/install/micro_ros_msgs/lib/libmicro_ros_msgs__rosidl_typesupport_fastrtps_cpp.so" to ""
[34.876s] -- Up-to-date: /home/husarion/microros_ws/install/micro_ros_msgs/include/micro_ros_msgs
[34.877s] -- Up-to-date: /home/husarion/microros_ws/install/micro_ros_msgs/include/micro_ros_msgs/msg
[34.878s] -- Installing: /home/husarion/microros_ws/install/micro_ros_msgs/include/micro_ros_msgs/msg/rosidl_typesupport_introspection_c__visibility_control.h
[34.880s] -- Up-to-date: /home/husarion/microros_ws/install/micro_ros_msgs/include/micro_ros_msgs/msg/detail
[34.882s] -- Installing: /home/husarion/microros_ws/install/micro_ros_msgs/include/micro_ros_msgs/msg/detail/entity__type_support.c
[34.883s] -- Installing: /home/husarion/microros_ws/install/micro_ros_msgs/include/micro_ros_msgs/msg/detail/graph__type_support.c
[34.883s] -- Installing: /home/husarion/microros_ws/install/micro_ros_msgs/include/micro_ros_msgs/msg/detail/node__type_support.c
[34.884s] -- Installing: /home/husarion/microros_ws/install/micro_ros_msgs/include/micro_ros_msgs/msg/detail/node__rosidl_typesupport_introspection_c.h
[34.885s] -- Installing: /home/husarion/microros_ws/install/micro_ros_msgs/include/micro_ros_msgs/msg/detail/graph__rosidl_typesupport_introspection_c.h
[34.885s] -- Installing: /home/husarion/microros_ws/install/micro_ros_msgs/include/micro_ros_msgs/msg/detail/entity__rosidl_typesupport_introspection_c.h
[34.886s] -- Installing: /home/husarion/microros_ws/install/micro_ros_msgs/lib/libmicro_ros_msgs__rosidl_typesupport_introspection_c.so
[34.886s] -- Set runtime path of "/home/husarion/microros_ws/install/micro_ros_msgs/lib/libmicro_ros_msgs__rosidl_typesupport_introspection_c.so" to ""
[34.887s] -- Installing: /home/husarion/microros_ws/install/micro_ros_msgs/lib/libmicro_ros_msgs__rosidl_typesupport_c.so
[34.888s] -- Set runtime path of "/home/husarion/microros_ws/install/micro_ros_msgs/lib/libmicro_ros_msgs__rosidl_typesupport_c.so" to ""
[34.888s] -- Up-to-date: /home/husarion/microros_ws/install/micro_ros_msgs/include/micro_ros_msgs
[34.889s] -- Up-to-date: /home/husarion/microros_ws/install/micro_ros_msgs/include/micro_ros_msgs/msg
[34.889s] -- Up-to-date: /home/husarion/microros_ws/install/micro_ros_msgs/include/micro_ros_msgs/msg/detail
[34.890s] -- Installing: /home/husarion/microros_ws/install/micro_ros_msgs/include/micro_ros_msgs/msg/detail/node__builder.hpp
[34.891s] -- Installing: /home/husarion/microros_ws/install/micro_ros_msgs/include/micro_ros_msgs/msg/detail/graph__traits.hpp
[34.891s] -- Installing: /home/husarion/microros_ws/install/micro_ros_msgs/include/micro_ros_msgs/msg/detail/graph__struct.hpp
[34.892s] -- Installing: /home/husarion/microros_ws/install/micro_ros_msgs/include/micro_ros_msgs/msg/detail/entity__traits.hpp
[34.892s] -- Installing: /home/husarion/microros_ws/install/micro_ros_msgs/include/micro_ros_msgs/msg/detail/entity__struct.hpp
[34.893s] -- Installing: /home/husarion/microros_ws/install/micro_ros_msgs/include/micro_ros_msgs/msg/detail/node__struct.hpp
[34.894s] -- Installing: /home/husarion/microros_ws/install/micro_ros_msgs/include/micro_ros_msgs/msg/detail/entity__builder.hpp
[34.894s] -- Installing: /home/husarion/microros_ws/install/micro_ros_msgs/include/micro_ros_msgs/msg/detail/graph__builder.hpp
[34.895s] -- Installing: /home/husarion/microros_ws/install/micro_ros_msgs/include/micro_ros_msgs/msg/detail/node__traits.hpp
[34.896s] -- Installing: /home/husarion/microros_ws/install/micro_ros_msgs/include/micro_ros_msgs/msg/node.hpp
[34.896s] -- Installing: /home/husarion/microros_ws/install/micro_ros_msgs/include/micro_ros_msgs/msg/entity.hpp
[34.897s] -- Installing: /home/husarion/microros_ws/install/micro_ros_msgs/include/micro_ros_msgs/msg/graph.hpp
[34.898s] -- Up-to-date: /home/husarion/microros_ws/install/micro_ros_msgs/include/micro_ros_msgs
[34.899s] -- Up-to-date: /home/husarion/microros_ws/install/micro_ros_msgs/include/micro_ros_msgs/msg
[34.899s] -- Up-to-date: /home/husarion/microros_ws/install/micro_ros_msgs/include/micro_ros_msgs/msg/detail
[34.900s] -- Installing: /home/husarion/microros_ws/install/micro_ros_msgs/include/micro_ros_msgs/msg/detail/node__rosidl_typesupport_introspection_cpp.hpp
[34.900s] -- Installing: /home/husarion/microros_ws/install/micro_ros_msgs/include/micro_ros_msgs/msg/detail/graph__type_support.cpp
[34.901s] -- Installing: /home/husarion/microros_ws/install/micro_ros_msgs/include/micro_ros_msgs/msg/detail/entity__rosidl_typesupport_introspection_cpp.hpp
[34.901s] -- Installing: /home/husarion/microros_ws/install/micro_ros_msgs/include/micro_ros_msgs/msg/detail/graph__rosidl_typesupport_introspection_cpp.hpp
[34.901s] -- Installing: /home/husarion/microros_ws/install/micro_ros_msgs/include/micro_ros_msgs/msg/detail/node__type_support.cpp
[34.902s] -- Installing: /home/husarion/microros_ws/install/micro_ros_msgs/include/micro_ros_msgs/msg/detail/entity__type_support.cpp
[34.902s] -- Installing: /home/husarion/microros_ws/install/micro_ros_msgs/lib/libmicro_ros_msgs__rosidl_typesupport_introspection_cpp.so
[34.903s] -- Set runtime path of "/home/husarion/microros_ws/install/micro_ros_msgs/lib/libmicro_ros_msgs__rosidl_typesupport_introspection_cpp.so" to ""
[34.903s] -- Installing: /home/husarion/microros_ws/install/micro_ros_msgs/lib/libmicro_ros_msgs__rosidl_typesupport_cpp.so
[34.904s] -- Set runtime path of "/home/husarion/microros_ws/install/micro_ros_msgs/lib/libmicro_ros_msgs__rosidl_typesupport_cpp.so" to ""
[34.904s] -- Installing: /home/husarion/microros_ws/install/micro_ros_msgs/share/micro_ros_msgs/environment/pythonpath.sh
[34.905s] -- Installing: /home/husarion/microros_ws/install/micro_ros_msgs/share/micro_ros_msgs/environment/pythonpath.dsv
[34.905s] -- Installing: /home/husarion/microros_ws/install/micro_ros_msgs/lib/python3.8/site-packages/micro_ros_msgs/__init__.py
[35.134s] Compiling '/home/husarion/microros_ws/install/micro_ros_msgs/lib/python3.8/site-packages/micro_ros_msgs/__init__.py'...
[35.158s] -- Installing: /home/husarion/microros_ws/install/micro_ros_msgs/lib/python3.8/site-packages/micro_ros_msgs/msg
[35.160s] -- Installing: /home/husarion/microros_ws/install/micro_ros_msgs/lib/python3.8/site-packages/micro_ros_msgs/msg/_graph.py
[35.162s] -- Installing: /home/husarion/microros_ws/install/micro_ros_msgs/lib/python3.8/site-packages/micro_ros_msgs/msg/_entity_s.c
[35.163s] -- Installing: /home/husarion/microros_ws/install/micro_ros_msgs/lib/python3.8/site-packages/micro_ros_msgs/msg/__init__.py
[35.164s] -- Installing: /home/husarion/microros_ws/install/micro_ros_msgs/lib/python3.8/site-packages/micro_ros_msgs/msg/_node.py
[35.166s] -- Installing: /home/husarion/microros_ws/install/micro_ros_msgs/lib/python3.8/site-packages/micro_ros_msgs/msg/_graph_s.c
[35.167s] -- Installing: /home/husarion/microros_ws/install/micro_ros_msgs/lib/python3.8/site-packages/micro_ros_msgs/msg/_entity.py
[35.168s] -- Installing: /home/husarion/microros_ws/install/micro_ros_msgs/lib/python3.8/site-packages/micro_ros_msgs/msg/_node_s.c
[35.169s] -- Installing: /home/husarion/microros_ws/install/micro_ros_msgs/lib/python3.8/site-packages/micro_ros_msgs/micro_ros_msgs_s__rosidl_typesupport_fastrtps_c.cpython-38-x86_64-linux-gnu.so
[35.172s] -- Set runtime path of "/home/husarion/microros_ws/install/micro_ros_msgs/lib/python3.8/site-packages/micro_ros_msgs/micro_ros_msgs_s__rosidl_typesupport_fastrtps_c.cpython-38-x86_64-linux-gnu.so" to ""
[35.173s] -- Installing: /home/husarion/microros_ws/install/micro_ros_msgs/lib/python3.8/site-packages/micro_ros_msgs/micro_ros_msgs_s__rosidl_typesupport_introspection_c.cpython-38-x86_64-linux-gnu.so
[35.185s] -- Set runtime path of "/home/husarion/microros_ws/install/micro_ros_msgs/lib/python3.8/site-packages/micro_ros_msgs/micro_ros_msgs_s__rosidl_typesupport_introspection_c.cpython-38-x86_64-linux-gnu.so" to ""
[35.186s] -- Installing: /home/husarion/microros_ws/install/micro_ros_msgs/lib/python3.8/site-packages/micro_ros_msgs/micro_ros_msgs_s__rosidl_typesupport_c.cpython-38-x86_64-linux-gnu.so
[35.188s] -- Set runtime path of "/home/husarion/microros_ws/install/micro_ros_msgs/lib/python3.8/site-packages/micro_ros_msgs/micro_ros_msgs_s__rosidl_typesupport_c.cpython-38-x86_64-linux-gnu.so" to ""
[35.189s] -- Installing: /home/husarion/microros_ws/install/micro_ros_msgs/lib/libmicro_ros_msgs__python.so
[35.191s] -- Set runtime path of "/home/husarion/microros_ws/install/micro_ros_msgs/lib/libmicro_ros_msgs__python.so" to ""
[35.191s] -- Installing: /home/husarion/microros_ws/install/micro_ros_msgs/share/micro_ros_msgs/msg/Graph.idl
[35.193s] -- Installing: /home/husarion/microros_ws/install/micro_ros_msgs/share/micro_ros_msgs/msg/Node.idl
[35.193s] -- Installing: /home/husarion/microros_ws/install/micro_ros_msgs/share/micro_ros_msgs/msg/Entity.idl
[35.194s] -- Installing: /home/husarion/microros_ws/install/micro_ros_msgs/share/micro_ros_msgs/msg/Graph.msg
[35.195s] -- Installing: /home/husarion/microros_ws/install/micro_ros_msgs/share/micro_ros_msgs/msg/Node.msg
[35.196s] -- Installing: /home/husarion/microros_ws/install/micro_ros_msgs/share/micro_ros_msgs/msg/Entity.msg
[35.197s] -- Installing: /home/husarion/microros_ws/install/micro_ros_msgs/share/ament_index/resource_index/package_run_dependencies/micro_ros_msgs
[35.198s] -- Installing: /home/husarion/microros_ws/install/micro_ros_msgs/share/ament_index/resource_index/parent_prefix_path/micro_ros_msgs
[35.201s] -- Installing: /home/husarion/microros_ws/install/micro_ros_msgs/share/micro_ros_msgs/environment/ament_prefix_path.sh
[35.202s] -- Installing: /home/husarion/microros_ws/install/micro_ros_msgs/share/micro_ros_msgs/environment/ament_prefix_path.dsv
[35.203s] -- Installing: /home/husarion/microros_ws/install/micro_ros_msgs/share/micro_ros_msgs/environment/path.sh
[35.203s] -- Installing: /home/husarion/microros_ws/install/micro_ros_msgs/share/micro_ros_msgs/environment/path.dsv
[35.204s] -- Installing: /home/husarion/microros_ws/install/micro_ros_msgs/share/micro_ros_msgs/local_setup.bash
[35.205s] -- Installing: /home/husarion/microros_ws/install/micro_ros_msgs/share/micro_ros_msgs/local_setup.sh
[35.207s] -- Installing: /home/husarion/microros_ws/install/micro_ros_msgs/share/micro_ros_msgs/local_setup.zsh
[35.208s] -- Installing: /home/husarion/microros_ws/install/micro_ros_msgs/share/micro_ros_msgs/local_setup.dsv
[35.209s] -- Installing: /home/husarion/microros_ws/install/micro_ros_msgs/share/micro_ros_msgs/package.dsv
[35.210s] -- Installing: /home/husarion/microros_ws/install/micro_ros_msgs/share/ament_index/resource_index/packages/micro_ros_msgs
[35.211s] -- Installing: /home/husarion/microros_ws/install/micro_ros_msgs/share/micro_ros_msgs/cmake/micro_ros_msgs__rosidl_generator_cExport.cmake
[35.211s] -- Installing: /home/husarion/microros_ws/install/micro_ros_msgs/share/micro_ros_msgs/cmake/micro_ros_msgs__rosidl_generator_cExport-noconfig.cmake
[35.212s] -- Installing: /home/husarion/microros_ws/install/micro_ros_msgs/share/micro_ros_msgs/cmake/micro_ros_msgs__rosidl_typesupport_introspection_cExport.cmake
[35.213s] -- Installing: /home/husarion/microros_ws/install/micro_ros_msgs/share/micro_ros_msgs/cmake/micro_ros_msgs__rosidl_typesupport_introspection_cExport-noconfig.cmake
[35.214s] -- Installing: /home/husarion/microros_ws/install/micro_ros_msgs/share/micro_ros_msgs/cmake/micro_ros_msgs__rosidl_typesupport_cExport.cmake
[35.215s] -- Installing: /home/husarion/microros_ws/install/micro_ros_msgs/share/micro_ros_msgs/cmake/micro_ros_msgs__rosidl_typesupport_cExport-noconfig.cmake
[35.216s] -- Installing: /home/husarion/microros_ws/install/micro_ros_msgs/share/micro_ros_msgs/cmake/micro_ros_msgs__rosidl_generator_cppExport.cmake
[35.218s] -- Installing: /home/husarion/microros_ws/install/micro_ros_msgs/share/micro_ros_msgs/cmake/micro_ros_msgs__rosidl_typesupport_introspection_cppExport.cmake
[35.219s] -- Installing: /home/husarion/microros_ws/install/micro_ros_msgs/share/micro_ros_msgs/cmake/micro_ros_msgs__rosidl_typesupport_introspection_cppExport-noconfig.cmake
[35.220s] -- Installing: /home/husarion/microros_ws/install/micro_ros_msgs/share/micro_ros_msgs/cmake/micro_ros_msgs__rosidl_typesupport_cppExport.cmake
[35.222s] -- Installing: /home/husarion/microros_ws/install/micro_ros_msgs/share/micro_ros_msgs/cmake/micro_ros_msgs__rosidl_typesupport_cppExport-noconfig.cmake
[35.223s] -- Installing: /home/husarion/microros_ws/install/micro_ros_msgs/share/micro_ros_msgs/cmake/rosidl_cmake-extras.cmake
[35.226s] -- Installing: /home/husarion/microros_ws/install/micro_ros_msgs/share/micro_ros_msgs/cmake/ament_cmake_export_dependencies-extras.cmake
[35.227s] -- Installing: /home/husarion/microros_ws/install/micro_ros_msgs/share/micro_ros_msgs/cmake/ament_cmake_export_libraries-extras.cmake
[35.228s] -- Installing: /home/husarion/microros_ws/install/micro_ros_msgs/share/micro_ros_msgs/cmake/ament_cmake_export_targets-extras.cmake
[35.229s] -- Installing: /home/husarion/microros_ws/install/micro_ros_msgs/share/micro_ros_msgs/cmake/ament_cmake_export_include_directories-extras.cmake
[35.230s] -- Installing: /home/husarion/microros_ws/install/micro_ros_msgs/share/micro_ros_msgs/cmake/rosidl_cmake_export_typesupport_libraries-extras.cmake
[35.232s] -- Installing: /home/husarion/microros_ws/install/micro_ros_msgs/share/micro_ros_msgs/cmake/rosidl_cmake_export_typesupport_targets-extras.cmake
[35.233s] -- Installing: /home/husarion/microros_ws/install/micro_ros_msgs/share/micro_ros_msgs/cmake/micro_ros_msgsConfig.cmake
[35.234s] -- Installing: /home/husarion/microros_ws/install/micro_ros_msgs/share/micro_ros_msgs/cmake/micro_ros_msgsConfig-version.cmake
[35.235s] -- Installing: /home/husarion/microros_ws/install/micro_ros_msgs/share/micro_ros_msgs/package.xml
[35.250s] Invoked command in '/home/husarion/microros_ws/build/micro_ros_msgs' returned '0': CMAKE_PREFIX_PATH=${CMAKE_PREFIX_PATH}:/home/husarion/ROS2swarm/install/thymio_driver:/home/husarion/ROS2swarm/install/ros2swarm:/home/husarion/ROS2swarm/install/launch_gazebo:/opt/ros/foxy /usr/bin/cmake --install /home/husarion/microros_ws/build/micro_ros_msgs
