[0.017s] Invoking command in '/ros2_ws/build/rosbot_controller': AMENT_PREFIX_PATH=/ros2_ws/install/rosbot_description:/ros2_ws/install/rosbot_hardware_interfaces:/ros2_ws/install/ros_components_description:${AMENT_PREFIX_PATH} CMAKE_PREFIX_PATH=/ros2_ws/install/rosbot_description:/ros2_ws/install/rosbot_hardware_interfaces:/ros2_ws/install/ros_components_description:/opt/ros/humble LD_LIBRARY_PATH=/ros2_ws/install/rosbot_hardware_interfaces/lib:${LD_LIBRARY_PATH} /usr/bin/cmake /ros2_ws/src/rosbot_controller -DCMAKE_INSTALL_PREFIX=/ros2_ws/install/rosbot_controller
[0.096s] -- The C compiler identification is GNU 11.3.0
[0.172s] -- The CXX compiler identification is GNU 11.3.0
[0.184s] -- Detecting C compiler ABI info
[0.281s] -- Detecting C compiler ABI info - done
[0.292s] -- Check for working C compiler: /usr/bin/cc - skipped
[0.293s] -- Detecting C compile features
[0.294s] -- Detecting C compile features - done
[0.300s] -- Detecting CXX compiler ABI info
[0.411s] -- Detecting CXX compiler ABI info - done
[0.424s] -- Check for working CXX compiler: /usr/bin/c++ - skipped
[0.425s] -- Detecting CXX compile features
[0.427s] -- Detecting CXX compile features - done
[0.431s] -- Found ament_cmake: 1.3.3 (/opt/ros/humble/share/ament_cmake/cmake)
[0.646s] -- Found Python3: /usr/bin/python3.10 (found version "3.10.6") found components: Interpreter 
[0.879s] -- Configuring done
[0.884s] -- Generating done
[0.886s] -- Build files have been written to: /ros2_ws/build/rosbot_controller
[0.893s] Invoked command in '/ros2_ws/build/rosbot_controller' returned '0': AMENT_PREFIX_PATH=/ros2_ws/install/rosbot_description:/ros2_ws/install/rosbot_hardware_interfaces:/ros2_ws/install/ros_components_description:${AMENT_PREFIX_PATH} CMAKE_PREFIX_PATH=/ros2_ws/install/rosbot_description:/ros2_ws/install/rosbot_hardware_interfaces:/ros2_ws/install/ros_components_description:/opt/ros/humble LD_LIBRARY_PATH=/ros2_ws/install/rosbot_hardware_interfaces/lib:${LD_LIBRARY_PATH} /usr/bin/cmake /ros2_ws/src/rosbot_controller -DCMAKE_INSTALL_PREFIX=/ros2_ws/install/rosbot_controller
[0.893s] Invoking command in '/ros2_ws/build/rosbot_controller': AMENT_PREFIX_PATH=/ros2_ws/install/rosbot_description:/ros2_ws/install/rosbot_hardware_interfaces:/ros2_ws/install/ros_components_description:${AMENT_PREFIX_PATH} CMAKE_PREFIX_PATH=/ros2_ws/install/rosbot_description:/ros2_ws/install/rosbot_hardware_interfaces:/ros2_ws/install/ros_components_description:/opt/ros/humble LD_LIBRARY_PATH=/ros2_ws/install/rosbot_hardware_interfaces/lib:${LD_LIBRARY_PATH} /usr/bin/cmake --build /ros2_ws/build/rosbot_controller -- -j2 -l2
[0.950s] Invoked command in '/ros2_ws/build/rosbot_controller' returned '0': AMENT_PREFIX_PATH=/ros2_ws/install/rosbot_description:/ros2_ws/install/rosbot_hardware_interfaces:/ros2_ws/install/ros_components_description:${AMENT_PREFIX_PATH} CMAKE_PREFIX_PATH=/ros2_ws/install/rosbot_description:/ros2_ws/install/rosbot_hardware_interfaces:/ros2_ws/install/ros_components_description:/opt/ros/humble LD_LIBRARY_PATH=/ros2_ws/install/rosbot_hardware_interfaces/lib:${LD_LIBRARY_PATH} /usr/bin/cmake --build /ros2_ws/build/rosbot_controller -- -j2 -l2
[0.979s] Invoking command in '/ros2_ws/build/rosbot_controller': AMENT_PREFIX_PATH=/ros2_ws/install/rosbot_description:/ros2_ws/install/rosbot_hardware_interfaces:/ros2_ws/install/ros_components_description:${AMENT_PREFIX_PATH} CMAKE_PREFIX_PATH=/ros2_ws/install/rosbot_description:/ros2_ws/install/rosbot_hardware_interfaces:/ros2_ws/install/ros_components_description:/opt/ros/humble LD_LIBRARY_PATH=/ros2_ws/install/rosbot_hardware_interfaces/lib:${LD_LIBRARY_PATH} /usr/bin/cmake --install /ros2_ws/build/rosbot_controller
[0.989s] -- Install configuration: ""
[0.989s] -- Installing: /ros2_ws/install/rosbot_controller/share/rosbot_controller/launch
[0.990s] -- Installing: /ros2_ws/install/rosbot_controller/share/rosbot_controller/launch/controller.launch.py
[0.991s] -- Installing: /ros2_ws/install/rosbot_controller/share/rosbot_controller/config
[0.991s] -- Installing: /ros2_ws/install/rosbot_controller/share/rosbot_controller/config/diff_drive_controller.yaml
[0.992s] -- Installing: /ros2_ws/install/rosbot_controller/share/rosbot_controller/config/mecanum_drive_controller.yaml
[0.993s] -- Installing: /ros2_ws/install/rosbot_controller/share/ament_index/resource_index/package_run_dependencies/rosbot_controller
[0.994s] -- Installing: /ros2_ws/install/rosbot_controller/share/ament_index/resource_index/parent_prefix_path/rosbot_controller
[0.995s] -- Installing: /ros2_ws/install/rosbot_controller/share/rosbot_controller/environment/ament_prefix_path.sh
[0.995s] -- Installing: /ros2_ws/install/rosbot_controller/share/rosbot_controller/environment/ament_prefix_path.dsv
[0.996s] -- Installing: /ros2_ws/install/rosbot_controller/share/rosbot_controller/environment/path.sh
[0.996s] -- Installing: /ros2_ws/install/rosbot_controller/share/rosbot_controller/environment/path.dsv
[0.997s] -- Installing: /ros2_ws/install/rosbot_controller/share/rosbot_controller/local_setup.bash
[0.998s] -- Installing: /ros2_ws/install/rosbot_controller/share/rosbot_controller/local_setup.sh
[0.998s] -- Installing: /ros2_ws/install/rosbot_controller/share/rosbot_controller/local_setup.zsh
[0.999s] -- Installing: /ros2_ws/install/rosbot_controller/share/rosbot_controller/local_setup.dsv
[0.999s] -- Installing: /ros2_ws/install/rosbot_controller/share/rosbot_controller/package.dsv
[1.000s] -- Installing: /ros2_ws/install/rosbot_controller/share/ament_index/resource_index/packages/rosbot_controller
[1.000s] -- Installing: /ros2_ws/install/rosbot_controller/share/rosbot_controller/cmake/rosbot_controllerConfig.cmake
[1.001s] -- Installing: /ros2_ws/install/rosbot_controller/share/rosbot_controller/cmake/rosbot_controllerConfig-version.cmake
[1.001s] -- Installing: /ros2_ws/install/rosbot_controller/share/rosbot_controller/package.xml
[1.007s] Invoked command in '/ros2_ws/build/rosbot_controller' returned '0': AMENT_PREFIX_PATH=/ros2_ws/install/rosbot_description:/ros2_ws/install/rosbot_hardware_interfaces:/ros2_ws/install/ros_components_description:${AMENT_PREFIX_PATH} CMAKE_PREFIX_PATH=/ros2_ws/install/rosbot_description:/ros2_ws/install/rosbot_hardware_interfaces:/ros2_ws/install/ros_components_description:/opt/ros/humble LD_LIBRARY_PATH=/ros2_ws/install/rosbot_hardware_interfaces/lib:${LD_LIBRARY_PATH} /usr/bin/cmake --install /ros2_ws/build/rosbot_controller
