[0.024s] Invoking command in '/ros2_ws/build/ros_components_description': CMAKE_PREFIX_PATH=/opt/ros/humble /usr/bin/cmake /ros2_ws/src/ros_components_description -DCMAKE_INSTALL_PREFIX=/ros2_ws/install/ros_components_description
[0.113s] -- The C compiler identification is GNU 11.3.0
[0.193s] -- The CXX compiler identification is GNU 11.3.0
[0.204s] -- Detecting C compiler ABI info
[0.305s] -- Detecting C compiler ABI info - done
[0.311s] -- Check for working C compiler: /usr/bin/cc - skipped
[0.312s] -- Detecting C compile features
[0.313s] -- Detecting C compile features - done
[0.318s] -- Detecting CXX compiler ABI info
[0.428s] -- Detecting CXX compiler ABI info - done
[0.440s] -- Check for working CXX compiler: /usr/bin/c++ - skipped
[0.441s] -- Detecting CXX compile features
[0.442s] -- Detecting CXX compile features - done
[0.445s] -- Found ament_cmake: 1.3.3 (/opt/ros/humble/share/ament_cmake/cmake)
[0.660s] -- Found Python3: /usr/bin/python3.10 (found version "3.10.6") found components: Interpreter 
[0.911s] -- Configuring done
[0.917s] -- Generating done
[0.919s] -- Build files have been written to: /ros2_ws/build/ros_components_description
[0.931s] Invoked command in '/ros2_ws/build/ros_components_description' returned '0': CMAKE_PREFIX_PATH=/opt/ros/humble /usr/bin/cmake /ros2_ws/src/ros_components_description -DCMAKE_INSTALL_PREFIX=/ros2_ws/install/ros_components_description
[0.931s] Invoking command in '/ros2_ws/build/ros_components_description': CMAKE_PREFIX_PATH=/opt/ros/humble /usr/bin/cmake --build /ros2_ws/build/ros_components_description -- -j2 -l2
[0.981s] Invoked command in '/ros2_ws/build/ros_components_description' returned '0': CMAKE_PREFIX_PATH=/opt/ros/humble /usr/bin/cmake --build /ros2_ws/build/ros_components_description -- -j2 -l2
[1.022s] Invoking command in '/ros2_ws/build/ros_components_description': CMAKE_PREFIX_PATH=/opt/ros/humble /usr/bin/cmake --install /ros2_ws/build/ros_components_description
[1.034s] -- Install configuration: ""
[1.035s] -- Installing: /ros2_ws/install/ros_components_description/share/ros_components_description/meshes
[1.035s] -- Installing: /ros2_ws/install/ros_components_description/share/ros_components_description/meshes/slamtec_rplidar_s1.dae
[1.036s] -- Installing: /ros2_ws/install/ros_components_description/share/ros_components_description/meshes/intel_realsense_d435.dae
[1.038s] -- Installing: /ros2_ws/install/ros_components_description/share/ros_components_description/meshes/ouster_os1_32.dae
[1.039s] -- Installing: /ros2_ws/install/ros_components_description/share/ros_components_description/meshes/slamtec_rplidar_a2m8.dae
[1.039s] -- Installing: /ros2_ws/install/ros_components_description/share/ros_components_description/meshes/slamtec_rplidar_ax.dae
[1.040s] -- Installing: /ros2_ws/install/ros_components_description/share/ros_components_description/meshes/orbbec_astra.dae
[1.041s] -- Installing: /ros2_ws/install/ros_components_description/share/ros_components_description/meshes/velodyne_puck.dae
[1.042s] -- Installing: /ros2_ws/install/ros_components_description/share/ros_components_description/urdf
[1.042s] -- Installing: /ros2_ws/install/ros_components_description/share/ros_components_description/urdf/slamtec_rplidar_a2.urdf.xacro
[1.043s] -- Installing: /ros2_ws/install/ros_components_description/share/ros_components_description/urdf/velodyne_puck.urdf.xacro
[1.043s] -- Installing: /ros2_ws/install/ros_components_description/share/ros_components_description/urdf/orbbec_astra.urdf.xacro
[1.044s] -- Installing: /ros2_ws/install/ros_components_description/share/ros_components_description/urdf/slamtec_rplidar_s1.urdf.xacro
[1.046s] -- Installing: /ros2_ws/install/ros_components_description/share/ros_components_description/urdf/slamtec_rplidar_a3.urdf.xacro
[1.046s] -- Installing: /ros2_ws/install/ros_components_description/share/ros_components_description/urdf/ouster_os1_32.urdf.xacro
[1.047s] -- Installing: /ros2_ws/install/ros_components_description/share/ros_components_description/urdf/intel_realsense_d435.urdf.xacro
[1.047s] -- Installing: /ros2_ws/install/ros_components_description/share/ament_index/resource_index/package_run_dependencies/ros_components_description
[1.048s] -- Installing: /ros2_ws/install/ros_components_description/share/ament_index/resource_index/parent_prefix_path/ros_components_description
[1.048s] -- Installing: /ros2_ws/install/ros_components_description/share/ros_components_description/environment/ament_prefix_path.sh
[1.049s] -- Installing: /ros2_ws/install/ros_components_description/share/ros_components_description/environment/ament_prefix_path.dsv
[1.050s] -- Installing: /ros2_ws/install/ros_components_description/share/ros_components_description/environment/path.sh
[1.050s] -- Installing: /ros2_ws/install/ros_components_description/share/ros_components_description/environment/path.dsv
[1.053s] -- Installing: /ros2_ws/install/ros_components_description/share/ros_components_description/local_setup.bash
[1.054s] -- Installing: /ros2_ws/install/ros_components_description/share/ros_components_description/local_setup.sh
[1.054s] -- Installing: /ros2_ws/install/ros_components_description/share/ros_components_description/local_setup.zsh
[1.055s] -- Installing: /ros2_ws/install/ros_components_description/share/ros_components_description/local_setup.dsv
[1.056s] -- Installing: /ros2_ws/install/ros_components_description/share/ros_components_description/package.dsv
[1.057s] -- Installing: /ros2_ws/install/ros_components_description/share/ament_index/resource_index/packages/ros_components_description
[1.058s] -- Installing: /ros2_ws/install/ros_components_description/share/ros_components_description/cmake/ros_components_descriptionConfig.cmake
[1.058s] -- Installing: /ros2_ws/install/ros_components_description/share/ros_components_description/cmake/ros_components_descriptionConfig-version.cmake
[1.059s] -- Installing: /ros2_ws/install/ros_components_description/share/ros_components_description/package.xml
[1.063s] Invoked command in '/ros2_ws/build/ros_components_description' returned '0': CMAKE_PREFIX_PATH=/opt/ros/humble /usr/bin/cmake --install /ros2_ws/build/ros_components_description
