[0.017s] Invoking command in '/ros2_ws/build/rosbot_hardware_interfaces': CMAKE_PREFIX_PATH=/opt/ros/humble /usr/bin/cmake /ros2_ws/src/rosbot_hardware_interfaces -DCMAKE_INSTALL_PREFIX=/ros2_ws/install/rosbot_hardware_interfaces
[0.099s] -- The C compiler identification is GNU 11.3.0
[0.169s] -- The CXX compiler identification is GNU 11.3.0
[0.180s] -- Detecting C compiler ABI info
[0.275s] -- Detecting C compiler ABI info - done
[0.284s] -- Check for working C compiler: /usr/bin/cc - skipped
[0.285s] -- Detecting C compile features
[0.291s] -- Detecting C compile features - done
[0.291s] -- Detecting CXX compiler ABI info
[0.411s] -- Detecting CXX compiler ABI info - done
[0.416s] -- Check for working CXX compiler: /usr/bin/c++ - skipped
[0.416s] -- Detecting CXX compile features
[0.417s] -- Detecting CXX compile features - done
[0.422s] -- Found ament_cmake: 1.3.3 (/opt/ros/humble/share/ament_cmake/cmake)
[0.645s] -- Found Python3: /usr/bin/python3.10 (found version "3.10.6") found components: Interpreter 
[0.769s] -- Found controller_interface: 2.26.0 (/opt/ros/humble/share/controller_interface/cmake)
[0.828s] -- Found rosidl_generator_c: 3.1.4 (/opt/ros/humble/share/rosidl_generator_c/cmake)
[0.835s] -- Found rosidl_adapter: 3.1.4 (/opt/ros/humble/share/rosidl_adapter/cmake)
[0.848s] -- Found rosidl_generator_cpp: 3.1.4 (/opt/ros/humble/share/rosidl_generator_cpp/cmake)
[0.870s] -- Using all available rosidl_typesupport_c: rosidl_typesupport_fastrtps_c;rosidl_typesupport_introspection_c
[0.901s] -- Using all available rosidl_typesupport_cpp: rosidl_typesupport_fastrtps_cpp;rosidl_typesupport_introspection_cpp
[1.931s] -- Found rmw_implementation_cmake: 6.1.1 (/opt/ros/humble/share/rmw_implementation_cmake/cmake)
[1.936s] -- Found rmw_fastrtps_cpp: 6.2.2 (/opt/ros/humble/share/rmw_fastrtps_cpp/cmake)
[2.067s] -- Found OpenSSL: /usr/lib/x86_64-linux-gnu/libcrypto.so (found version "3.0.2")  
[2.092s] -- Found FastRTPS: /opt/ros/humble/include  
[2.154s] -- Using RMW implementation 'rmw_fastrtps_cpp' as default
[2.185s] -- Looking for pthread.h
[2.288s] -- Looking for pthread.h - found
[2.288s] -- Performing Test CMAKE_HAVE_LIBC_PTHREAD
[2.398s] -- Performing Test CMAKE_HAVE_LIBC_PTHREAD - Success
[2.400s] -- Found Threads: TRUE  
[2.824s] -- Found realtime_tools: 2.5.0 (/opt/ros/humble/share/realtime_tools/cmake)
[3.358s] -- Configuring done
[3.429s] -- Generating done
[3.433s] -- Build files have been written to: /ros2_ws/build/rosbot_hardware_interfaces
[3.449s] Invoked command in '/ros2_ws/build/rosbot_hardware_interfaces' returned '0': CMAKE_PREFIX_PATH=/opt/ros/humble /usr/bin/cmake /ros2_ws/src/rosbot_hardware_interfaces -DCMAKE_INSTALL_PREFIX=/ros2_ws/install/rosbot_hardware_interfaces
[3.449s] Invoking command in '/ros2_ws/build/rosbot_hardware_interfaces': CMAKE_PREFIX_PATH=/opt/ros/humble /usr/bin/cmake --build /ros2_ws/build/rosbot_hardware_interfaces -- -j2 -l2
[3.522s] [ 33%] Building CXX object CMakeFiles/rosbot_hardware_interfaces.dir/src/rosbot_system.cpp.o
[3.532s] [ 66%] Building CXX object CMakeFiles/rosbot_hardware_interfaces.dir/src/rosbot_imu_sensor.cpp.o
[29.176s] [100%] Linking CXX shared library librosbot_hardware_interfaces.so
[30.533s] [100%] Built target rosbot_hardware_interfaces
[30.549s] Invoked command in '/ros2_ws/build/rosbot_hardware_interfaces' returned '0': CMAKE_PREFIX_PATH=/opt/ros/humble /usr/bin/cmake --build /ros2_ws/build/rosbot_hardware_interfaces -- -j2 -l2
[30.590s] Invoking command in '/ros2_ws/build/rosbot_hardware_interfaces': CMAKE_PREFIX_PATH=/opt/ros/humble /usr/bin/cmake --install /ros2_ws/build/rosbot_hardware_interfaces
[30.601s] -- Install configuration: ""
[30.601s] -- Installing: /ros2_ws/install/rosbot_hardware_interfaces/share/rosbot_hardware_interfaces/rosbot_hardware_interfaces.xml
[30.602s] -- Installing: /ros2_ws/install/rosbot_hardware_interfaces/include
[30.603s] -- Installing: /ros2_ws/install/rosbot_hardware_interfaces/include/rosbot_hardware_interfaces
[30.603s] -- Installing: /ros2_ws/install/rosbot_hardware_interfaces/include/rosbot_hardware_interfaces/visibility_control.hpp
[30.603s] -- Installing: /ros2_ws/install/rosbot_hardware_interfaces/include/rosbot_hardware_interfaces/rosbot_imu_sensor.hpp
[30.604s] -- Installing: /ros2_ws/install/rosbot_hardware_interfaces/include/rosbot_hardware_interfaces/rosbot_system.hpp
[30.605s] -- Installing: /ros2_ws/install/rosbot_hardware_interfaces/share/rosbot_hardware_interfaces/launch
[30.605s] -- Installing: /ros2_ws/install/rosbot_hardware_interfaces/share/rosbot_hardware_interfaces/launch/example_diff_drive.launch.py
[30.605s] -- Installing: /ros2_ws/install/rosbot_hardware_interfaces/share/rosbot_hardware_interfaces/config
[30.606s] -- Installing: /ros2_ws/install/rosbot_hardware_interfaces/share/rosbot_hardware_interfaces/config/example_diff_drive_controller.yaml
[30.606s] -- Installing: /ros2_ws/install/rosbot_hardware_interfaces/share/rosbot_hardware_interfaces/urdf
[30.607s] -- Installing: /ros2_ws/install/rosbot_hardware_interfaces/share/rosbot_hardware_interfaces/urdf/ros2_control.urdf.xacro
[30.608s] -- Installing: /ros2_ws/install/rosbot_hardware_interfaces/lib/librosbot_hardware_interfaces.so
[30.627s] -- Set runtime path of "/ros2_ws/install/rosbot_hardware_interfaces/lib/librosbot_hardware_interfaces.so" to ""
[30.628s] -- Installing: /ros2_ws/install/rosbot_hardware_interfaces/share/rosbot_hardware_interfaces/environment/library_path.sh
[30.628s] -- Installing: /ros2_ws/install/rosbot_hardware_interfaces/share/rosbot_hardware_interfaces/environment/library_path.dsv
[30.629s] -- Installing: /ros2_ws/install/rosbot_hardware_interfaces/share/ament_index/resource_index/package_run_dependencies/rosbot_hardware_interfaces
[30.629s] -- Installing: /ros2_ws/install/rosbot_hardware_interfaces/share/ament_index/resource_index/parent_prefix_path/rosbot_hardware_interfaces
[30.630s] -- Installing: /ros2_ws/install/rosbot_hardware_interfaces/share/rosbot_hardware_interfaces/environment/ament_prefix_path.sh
[30.631s] -- Installing: /ros2_ws/install/rosbot_hardware_interfaces/share/rosbot_hardware_interfaces/environment/ament_prefix_path.dsv
[30.631s] -- Installing: /ros2_ws/install/rosbot_hardware_interfaces/share/rosbot_hardware_interfaces/environment/path.sh
[30.632s] -- Installing: /ros2_ws/install/rosbot_hardware_interfaces/share/rosbot_hardware_interfaces/environment/path.dsv
[30.632s] -- Installing: /ros2_ws/install/rosbot_hardware_interfaces/share/rosbot_hardware_interfaces/local_setup.bash
[30.633s] -- Installing: /ros2_ws/install/rosbot_hardware_interfaces/share/rosbot_hardware_interfaces/local_setup.sh
[30.633s] -- Installing: /ros2_ws/install/rosbot_hardware_interfaces/share/rosbot_hardware_interfaces/local_setup.zsh
[30.634s] -- Installing: /ros2_ws/install/rosbot_hardware_interfaces/share/rosbot_hardware_interfaces/local_setup.dsv
[30.635s] -- Installing: /ros2_ws/install/rosbot_hardware_interfaces/share/rosbot_hardware_interfaces/package.dsv
[30.635s] -- Installing: /ros2_ws/install/rosbot_hardware_interfaces/share/ament_index/resource_index/packages/rosbot_hardware_interfaces
[30.636s] -- Installing: /ros2_ws/install/rosbot_hardware_interfaces/share/ament_index/resource_index/hardware_interface__pluginlib__plugin/rosbot_hardware_interfaces
[30.636s] -- Installing: /ros2_ws/install/rosbot_hardware_interfaces/share/rosbot_hardware_interfaces/cmake/ament_cmake_export_include_directories-extras.cmake
[30.637s] -- Installing: /ros2_ws/install/rosbot_hardware_interfaces/share/rosbot_hardware_interfaces/cmake/ament_cmake_export_libraries-extras.cmake
[30.637s] -- Installing: /ros2_ws/install/rosbot_hardware_interfaces/share/rosbot_hardware_interfaces/cmake/ament_cmake_export_dependencies-extras.cmake
[30.638s] -- Installing: /ros2_ws/install/rosbot_hardware_interfaces/share/rosbot_hardware_interfaces/cmake/rosbot_hardware_interfacesConfig.cmake
[30.638s] -- Installing: /ros2_ws/install/rosbot_hardware_interfaces/share/rosbot_hardware_interfaces/cmake/rosbot_hardware_interfacesConfig-version.cmake
[30.639s] -- Installing: /ros2_ws/install/rosbot_hardware_interfaces/share/rosbot_hardware_interfaces/package.xml
[30.645s] Invoked command in '/ros2_ws/build/rosbot_hardware_interfaces' returned '0': CMAKE_PREFIX_PATH=/opt/ros/humble /usr/bin/cmake --install /ros2_ws/build/rosbot_hardware_interfaces
