[0.223s] Invoking command in '/home/husarion/uros_ws/build/micro_ros_setup': CMAKE_PREFIX_PATH=${CMAKE_PREFIX_PATH}:/home/husarion/ROS2swarm/install/thymio_driver:/home/husarion/ROS2swarm/install/ros2swarm:/home/husarion/ROS2swarm/install/launch_gazebo:/opt/ros/foxy /usr/bin/cmake --build /home/husarion/uros_ws/build/micro_ros_setup -- -j4 -l4
[0.490s] Invoked command in '/home/husarion/uros_ws/build/micro_ros_setup' returned '0': CMAKE_PREFIX_PATH=${CMAKE_PREFIX_PATH}:/home/husarion/ROS2swarm/install/thymio_driver:/home/husarion/ROS2swarm/install/ros2swarm:/home/husarion/ROS2swarm/install/launch_gazebo:/opt/ros/foxy /usr/bin/cmake --build /home/husarion/uros_ws/build/micro_ros_setup -- -j4 -l4
[0.663s] Invoking command in '/home/husarion/uros_ws/build/micro_ros_setup': CMAKE_PREFIX_PATH=${CMAKE_PREFIX_PATH}:/home/husarion/ROS2swarm/install/thymio_driver:/home/husarion/ROS2swarm/install/ros2swarm:/home/husarion/ROS2swarm/install/launch_gazebo:/opt/ros/foxy /usr/bin/cmake --install /home/husarion/uros_ws/build/micro_ros_setup
[0.720s] -- Install configuration: ""
[0.722s] -- Up-to-date: /home/husarion/uros_ws/install/micro_ros_setup/share/ament_index/resource_index/package_run_dependencies/micro_ros_setup
[0.723s] -- Up-to-date: /home/husarion/uros_ws/install/micro_ros_setup/share/ament_index/resource_index/parent_prefix_path/micro_ros_setup
[0.724s] -- Up-to-date: /home/husarion/uros_ws/install/micro_ros_setup/share/micro_ros_setup/environment/ament_prefix_path.sh
[0.725s] -- Up-to-date: /home/husarion/uros_ws/install/micro_ros_setup/share/micro_ros_setup/environment/ament_prefix_path.dsv
[0.726s] -- Up-to-date: /home/husarion/uros_ws/install/micro_ros_setup/share/micro_ros_setup/environment/path.sh
[0.727s] -- Up-to-date: /home/husarion/uros_ws/install/micro_ros_setup/share/micro_ros_setup/environment/path.dsv
[0.728s] -- Up-to-date: /home/husarion/uros_ws/install/micro_ros_setup/share/micro_ros_setup/local_setup.bash
[0.728s] -- Up-to-date: /home/husarion/uros_ws/install/micro_ros_setup/share/micro_ros_setup/local_setup.sh
[0.729s] -- Up-to-date: /home/husarion/uros_ws/install/micro_ros_setup/share/micro_ros_setup/local_setup.zsh
[0.729s] -- Up-to-date: /home/husarion/uros_ws/install/micro_ros_setup/share/micro_ros_setup/local_setup.dsv
[0.730s] -- Installing: /home/husarion/uros_ws/install/micro_ros_setup/share/micro_ros_setup/package.dsv
[0.730s] -- Up-to-date: /home/husarion/uros_ws/install/micro_ros_setup/share/ament_index/resource_index/packages/micro_ros_setup
[0.731s] -- Up-to-date: /home/husarion/uros_ws/install/micro_ros_setup/share/micro_ros_setup/cmake/micro_ros_setupConfig.cmake
[0.732s] -- Up-to-date: /home/husarion/uros_ws/install/micro_ros_setup/share/micro_ros_setup/cmake/micro_ros_setupConfig-version.cmake
[0.733s] -- Up-to-date: /home/husarion/uros_ws/install/micro_ros_setup/share/micro_ros_setup/package.xml
[0.735s] -- Up-to-date: /home/husarion/uros_ws/install/micro_ros_setup/./config
[0.736s] -- Up-to-date: /home/husarion/uros_ws/install/micro_ros_setup/./config/agent_ros2_packages.txt
[0.738s] -- Up-to-date: /home/husarion/uros_ws/install/micro_ros_setup/./config/agent_uros_packages.repos
[0.738s] -- Up-to-date: /home/husarion/uros_ws/install/micro_ros_setup/./config/utils.sh
[0.739s] -- Up-to-date: /home/husarion/uros_ws/install/micro_ros_setup/./config/client_ros2_packages.txt
[0.741s] -- Up-to-date: /home/husarion/uros_ws/install/micro_ros_setup/./config/zephyr
[0.742s] -- Up-to-date: /home/husarion/uros_ws/install/micro_ros_setup/./config/zephyr/dev_ros2_packages.txt
[0.742s] -- Up-to-date: /home/husarion/uros_ws/install/micro_ros_setup/./config/zephyr/dev_uros_packages.repos
[0.744s] -- Up-to-date: /home/husarion/uros_ws/install/micro_ros_setup/./config/zephyr/list_apps.sh
[0.745s] -- Up-to-date: /home/husarion/uros_ws/install/micro_ros_setup/./config/zephyr/generic
[0.747s] -- Up-to-date: /home/husarion/uros_ws/install/micro_ros_setup/./config/zephyr/generic/flash.sh
[0.747s] -- Up-to-date: /home/husarion/uros_ws/install/micro_ros_setup/./config/zephyr/generic/package.xml
[0.748s] -- Up-to-date: /home/husarion/uros_ws/install/micro_ros_setup/./config/zephyr/generic/supported_platforms
[0.750s] -- Up-to-date: /home/husarion/uros_ws/install/micro_ros_setup/./config/zephyr/generic/build.sh
[0.751s] -- Up-to-date: /home/husarion/uros_ws/install/micro_ros_setup/./config/zephyr/generic/board.repos
[0.752s] -- Up-to-date: /home/husarion/uros_ws/install/micro_ros_setup/./config/zephyr/generic/reset.sh
[0.753s] -- Up-to-date: /home/husarion/uros_ws/install/micro_ros_setup/./config/zephyr/generic/configure.sh
[0.755s] -- Up-to-date: /home/husarion/uros_ws/install/micro_ros_setup/./config/zephyr/generic/client-colcon.meta
[0.757s] -- Up-to-date: /home/husarion/uros_ws/install/micro_ros_setup/./config/zephyr/generic/create.sh
[0.758s] -- Up-to-date: /home/husarion/uros_ws/install/micro_ros_setup/./config/zephyr/generic/client_uros_packages.repos
[0.760s] -- Up-to-date: /home/husarion/uros_ws/install/micro_ros_setup/./config/host
[0.760s] -- Up-to-date: /home/husarion/uros_ws/install/micro_ros_setup/./config/host/dev_ros2_packages.txt
[0.761s] -- Up-to-date: /home/husarion/uros_ws/install/micro_ros_setup/./config/host/client_ros2_packages.txt
[0.763s] -- Up-to-date: /home/husarion/uros_ws/install/micro_ros_setup/./config/host/dev_uros_packages.repos
[0.764s] -- Up-to-date: /home/husarion/uros_ws/install/micro_ros_setup/./config/host/generic
[0.764s] -- Up-to-date: /home/husarion/uros_ws/install/micro_ros_setup/./config/host/generic/flash.sh
[0.765s] -- Up-to-date: /home/husarion/uros_ws/install/micro_ros_setup/./config/host/generic/package.xml
[0.766s] -- Up-to-date: /home/husarion/uros_ws/install/micro_ros_setup/./config/host/generic/build.sh
[0.768s] -- Up-to-date: /home/husarion/uros_ws/install/micro_ros_setup/./config/host/generic/client_host_packages.repos
[0.769s] -- Up-to-date: /home/husarion/uros_ws/install/micro_ros_setup/./config/host/generic/reset.sh
[0.770s] -- Up-to-date: /home/husarion/uros_ws/install/micro_ros_setup/./config/host/generic/create.sh
[0.771s] -- Up-to-date: /home/husarion/uros_ws/install/micro_ros_setup/./config/host/generic/client-host-colcon.meta
[0.772s] -- Up-to-date: /home/husarion/uros_ws/install/micro_ros_setup/./config/freertos
[0.773s] -- Up-to-date: /home/husarion/uros_ws/install/micro_ros_setup/./config/freertos/nucleo_f767zi
[0.774s] -- Up-to-date: /home/husarion/uros_ws/install/micro_ros_setup/./config/freertos/nucleo_f767zi/flash.sh
[0.775s] -- Up-to-date: /home/husarion/uros_ws/install/micro_ros_setup/./config/freertos/nucleo_f767zi/package.xml
[0.776s] -- Up-to-date: /home/husarion/uros_ws/install/micro_ros_setup/./config/freertos/nucleo_f767zi/build.sh
[0.777s] -- Up-to-date: /home/husarion/uros_ws/install/micro_ros_setup/./config/freertos/nucleo_f767zi/board.repos
[0.779s] -- Up-to-date: /home/husarion/uros_ws/install/micro_ros_setup/./config/freertos/nucleo_f767zi/reset.sh
[0.780s] -- Up-to-date: /home/husarion/uros_ws/install/micro_ros_setup/./config/freertos/nucleo_f767zi/configure.sh
[0.781s] -- Up-to-date: /home/husarion/uros_ws/install/micro_ros_setup/./config/freertos/nucleo_f767zi/client-colcon.meta
[0.782s] -- Up-to-date: /home/husarion/uros_ws/install/micro_ros_setup/./config/freertos/nucleo_f767zi/create.sh
[0.782s] -- Up-to-date: /home/husarion/uros_ws/install/micro_ros_setup/./config/freertos/nucleo_f767zi/client_uros_packages.repos
[0.783s] -- Up-to-date: /home/husarion/uros_ws/install/micro_ros_setup/./config/freertos/crazyflie21
[0.783s] -- Up-to-date: /home/husarion/uros_ws/install/micro_ros_setup/./config/freertos/crazyflie21/flash.sh
[0.786s] -- Up-to-date: /home/husarion/uros_ws/install/micro_ros_setup/./config/freertos/crazyflie21/package.xml
[0.790s] -- Up-to-date: /home/husarion/uros_ws/install/micro_ros_setup/./config/freertos/crazyflie21/build.sh
[0.793s] -- Up-to-date: /home/husarion/uros_ws/install/micro_ros_setup/./config/freertos/crazyflie21/board.repos
[0.797s] -- Up-to-date: /home/husarion/uros_ws/install/micro_ros_setup/./config/freertos/crazyflie21/configure.sh
[0.801s] -- Up-to-date: /home/husarion/uros_ws/install/micro_ros_setup/./config/freertos/crazyflie21/client-colcon.meta
[0.802s] -- Up-to-date: /home/husarion/uros_ws/install/micro_ros_setup/./config/freertos/crazyflie21/create.sh
[0.804s] -- Up-to-date: /home/husarion/uros_ws/install/micro_ros_setup/./config/freertos/crazyflie21/client_uros_packages.repos
[0.804s] -- Up-to-date: /home/husarion/uros_ws/install/micro_ros_setup/./config/freertos/dev_ros2_packages.txt
[0.806s] -- Up-to-date: /home/husarion/uros_ws/install/micro_ros_setup/./config/freertos/olimex-stm32-e407
[0.807s] -- Up-to-date: /home/husarion/uros_ws/install/micro_ros_setup/./config/freertos/olimex-stm32-e407/flash.sh
[0.808s] -- Up-to-date: /home/husarion/uros_ws/install/micro_ros_setup/./config/freertos/olimex-stm32-e407/package.xml
[0.809s] -- Up-to-date: /home/husarion/uros_ws/install/micro_ros_setup/./config/freertos/olimex-stm32-e407/build.sh
[0.809s] -- Up-to-date: /home/husarion/uros_ws/install/micro_ros_setup/./config/freertos/olimex-stm32-e407/board.repos
[0.810s] -- Up-to-date: /home/husarion/uros_ws/install/micro_ros_setup/./config/freertos/olimex-stm32-e407/reset.sh
[0.810s] -- Up-to-date: /home/husarion/uros_ws/install/micro_ros_setup/./config/freertos/olimex-stm32-e407/configure.sh
[0.811s] -- Up-to-date: /home/husarion/uros_ws/install/micro_ros_setup/./config/freertos/olimex-stm32-e407/client-colcon.meta
[0.811s] -- Up-to-date: /home/husarion/uros_ws/install/micro_ros_setup/./config/freertos/olimex-stm32-e407/create.sh
[0.812s] -- Up-to-date: /home/husarion/uros_ws/install/micro_ros_setup/./config/freertos/olimex-stm32-e407/client_uros_packages.repos
[0.812s] -- Up-to-date: /home/husarion/uros_ws/install/micro_ros_setup/./config/freertos/nucleo_f446re
[0.813s] -- Up-to-date: /home/husarion/uros_ws/install/micro_ros_setup/./config/freertos/nucleo_f446re/flash.sh
[0.814s] -- Up-to-date: /home/husarion/uros_ws/install/micro_ros_setup/./config/freertos/nucleo_f446re/package.xml
[0.814s] -- Up-to-date: /home/husarion/uros_ws/install/micro_ros_setup/./config/freertos/nucleo_f446re/build.sh
[0.815s] -- Up-to-date: /home/husarion/uros_ws/install/micro_ros_setup/./config/freertos/nucleo_f446re/board.repos
[0.815s] -- Up-to-date: /home/husarion/uros_ws/install/micro_ros_setup/./config/freertos/nucleo_f446re/reset.sh
[0.816s] -- Up-to-date: /home/husarion/uros_ws/install/micro_ros_setup/./config/freertos/nucleo_f446re/configure.sh
[0.816s] -- Up-to-date: /home/husarion/uros_ws/install/micro_ros_setup/./config/freertos/nucleo_f446re/client-colcon.meta
[0.817s] -- Up-to-date: /home/husarion/uros_ws/install/micro_ros_setup/./config/freertos/nucleo_f446re/create.sh
[0.817s] -- Up-to-date: /home/husarion/uros_ws/install/micro_ros_setup/./config/freertos/nucleo_f446re/client_uros_packages.repos
[0.818s] -- Up-to-date: /home/husarion/uros_ws/install/micro_ros_setup/./config/freertos/dev_uros_packages.repos
[0.820s] -- Up-to-date: /home/husarion/uros_ws/install/micro_ros_setup/./config/freertos/nucleo_f746zg
[0.821s] -- Up-to-date: /home/husarion/uros_ws/install/micro_ros_setup/./config/freertos/nucleo_f746zg/flash.sh
[0.822s] -- Up-to-date: /home/husarion/uros_ws/install/micro_ros_setup/./config/freertos/nucleo_f746zg/package.xml
[0.823s] -- Up-to-date: /home/husarion/uros_ws/install/micro_ros_setup/./config/freertos/nucleo_f746zg/build.sh
[0.824s] -- Up-to-date: /home/husarion/uros_ws/install/micro_ros_setup/./config/freertos/nucleo_f746zg/board.repos
[0.824s] -- Up-to-date: /home/husarion/uros_ws/install/micro_ros_setup/./config/freertos/nucleo_f746zg/reset.sh
[0.826s] -- Up-to-date: /home/husarion/uros_ws/install/micro_ros_setup/./config/freertos/nucleo_f746zg/configure.sh
[0.827s] -- Up-to-date: /home/husarion/uros_ws/install/micro_ros_setup/./config/freertos/nucleo_f746zg/client-colcon.meta
[0.827s] -- Up-to-date: /home/husarion/uros_ws/install/micro_ros_setup/./config/freertos/nucleo_f746zg/create.sh
[0.828s] -- Up-to-date: /home/husarion/uros_ws/install/micro_ros_setup/./config/freertos/nucleo_f746zg/client_uros_packages.repos
[0.833s] -- Up-to-date: /home/husarion/uros_ws/install/micro_ros_setup/./config/freertos/nucleo_f446ze
[0.834s] -- Up-to-date: /home/husarion/uros_ws/install/micro_ros_setup/./config/freertos/nucleo_f446ze/flash.sh
[0.836s] -- Up-to-date: /home/husarion/uros_ws/install/micro_ros_setup/./config/freertos/nucleo_f446ze/package.xml
[0.837s] -- Up-to-date: /home/husarion/uros_ws/install/micro_ros_setup/./config/freertos/nucleo_f446ze/build.sh
[0.838s] -- Up-to-date: /home/husarion/uros_ws/install/micro_ros_setup/./config/freertos/nucleo_f446ze/board.repos
[0.839s] -- Up-to-date: /home/husarion/uros_ws/install/micro_ros_setup/./config/freertos/nucleo_f446ze/reset.sh
[0.840s] -- Up-to-date: /home/husarion/uros_ws/install/micro_ros_setup/./config/freertos/nucleo_f446ze/configure.sh
[0.841s] -- Up-to-date: /home/husarion/uros_ws/install/micro_ros_setup/./config/freertos/nucleo_f446ze/client-colcon.meta
[0.842s] -- Up-to-date: /home/husarion/uros_ws/install/micro_ros_setup/./config/freertos/nucleo_f446ze/create.sh
[0.843s] -- Up-to-date: /home/husarion/uros_ws/install/micro_ros_setup/./config/freertos/nucleo_f446ze/client_uros_packages.repos
[0.844s] -- Up-to-date: /home/husarion/uros_ws/install/micro_ros_setup/./config/freertos/esp32
[0.845s] -- Up-to-date: /home/husarion/uros_ws/install/micro_ros_setup/./config/freertos/esp32/flash.sh
[0.846s] -- Up-to-date: /home/husarion/uros_ws/install/micro_ros_setup/./config/freertos/esp32/package.xml
[0.847s] -- Up-to-date: /home/husarion/uros_ws/install/micro_ros_setup/./config/freertos/esp32/build.sh
[0.847s] -- Up-to-date: /home/husarion/uros_ws/install/micro_ros_setup/./config/freertos/esp32/board.repos
[0.848s] -- Up-to-date: /home/husarion/uros_ws/install/micro_ros_setup/./config/freertos/esp32/configure.sh
[0.849s] -- Up-to-date: /home/husarion/uros_ws/install/micro_ros_setup/./config/freertos/esp32/README.md
[0.850s] -- Up-to-date: /home/husarion/uros_ws/install/micro_ros_setup/./config/freertos/esp32/client-colcon.meta
[0.851s] -- Up-to-date: /home/husarion/uros_ws/install/micro_ros_setup/./config/freertos/esp32/create.sh
[0.852s] -- Up-to-date: /home/husarion/uros_ws/install/micro_ros_setup/./config/freertos/esp32/client_uros_packages.repos
[0.853s] -- Up-to-date: /home/husarion/uros_ws/install/micro_ros_setup/./config/freertos/list_apps.sh
[0.857s] -- Up-to-date: /home/husarion/uros_ws/install/micro_ros_setup/./config/renesas_ra
[0.858s] -- Up-to-date: /home/husarion/uros_ws/install/micro_ros_setup/./config/renesas_ra/dev_ros2_packages.txt
[0.859s] -- Up-to-date: /home/husarion/uros_ws/install/micro_ros_setup/./config/renesas_ra/dev_uros_packages.repos
[0.861s] -- Up-to-date: /home/husarion/uros_ws/install/micro_ros_setup/./config/renesas_ra/ra6m5
[0.865s] -- Up-to-date: /home/husarion/uros_ws/install/micro_ros_setup/./config/renesas_ra/ra6m5/flash.sh
[0.867s] -- Up-to-date: /home/husarion/uros_ws/install/micro_ros_setup/./config/renesas_ra/ra6m5/build.sh
[0.868s] -- Up-to-date: /home/husarion/uros_ws/install/micro_ros_setup/./config/renesas_ra/ra6m5/board.repos
[0.889s] -- Up-to-date: /home/husarion/uros_ws/install/micro_ros_setup/./config/renesas_ra/ra6m5/configure.sh
[0.890s] -- Up-to-date: /home/husarion/uros_ws/install/micro_ros_setup/./config/renesas_ra/ra6m5/client-colcon.meta
[0.891s] -- Up-to-date: /home/husarion/uros_ws/install/micro_ros_setup/./config/renesas_ra/ra6m5/create.sh
[0.891s] -- Up-to-date: /home/husarion/uros_ws/install/micro_ros_setup/./config/renesas_ra/ra6m5/client_uros_packages.repos
[0.892s] -- Up-to-date: /home/husarion/uros_ws/install/micro_ros_setup/./config/renesas_ra/list_apps.sh
[0.892s] -- Up-to-date: /home/husarion/uros_ws/install/micro_ros_setup/./config/nuttx
[0.893s] -- Up-to-date: /home/husarion/uros_ws/install/micro_ros_setup/./config/nuttx/dev_ros2_packages.txt
[0.894s] -- Up-to-date: /home/husarion/uros_ws/install/micro_ros_setup/./config/nuttx/dev_uros_packages.repos
[0.894s] -- Up-to-date: /home/husarion/uros_ws/install/micro_ros_setup/./config/nuttx/generic
[0.895s] -- Up-to-date: /home/husarion/uros_ws/install/micro_ros_setup/./config/nuttx/generic/uros_packages.repos
[0.896s] -- Up-to-date: /home/husarion/uros_ws/install/micro_ros_setup/./config/nuttx/generic/flash.sh
[0.896s] -- Up-to-date: /home/husarion/uros_ws/install/micro_ros_setup/./config/nuttx/generic/package.xml
[0.897s] -- Up-to-date: /home/husarion/uros_ws/install/micro_ros_setup/./config/nuttx/generic/supported_platforms
[0.898s] -- Up-to-date: /home/husarion/uros_ws/install/micro_ros_setup/./config/nuttx/generic/build.sh
[0.898s] -- Up-to-date: /home/husarion/uros_ws/install/micro_ros_setup/./config/nuttx/generic/reset.sh
[0.899s] -- Up-to-date: /home/husarion/uros_ws/install/micro_ros_setup/./config/nuttx/generic/configure.sh
[0.900s] -- Up-to-date: /home/husarion/uros_ws/install/micro_ros_setup/./config/nuttx/generic/client-colcon.meta
[0.900s] -- Up-to-date: /home/husarion/uros_ws/install/micro_ros_setup/./config/nuttx/generic/create.sh
[0.901s] -- Up-to-date: /home/husarion/uros_ws/install/micro_ros_setup/./config/nuttx/generic/client_uros_packages.repos
[0.916s] -- Up-to-date: /home/husarion/uros_ws/install/micro_ros_setup/./config/raspbian
[0.920s] -- Up-to-date: /home/husarion/uros_ws/install/micro_ros_setup/./config/raspbian/dev_ros2_packages.txt
[0.923s] -- Up-to-date: /home/husarion/uros_ws/install/micro_ros_setup/./config/raspbian/dev_uros_packages.repos
[0.924s] -- Up-to-date: /home/husarion/uros_ws/install/micro_ros_setup/./config/raspbian/generic
[0.925s] -- Up-to-date: /home/husarion/uros_ws/install/micro_ros_setup/./config/raspbian/generic/flash.sh
[0.926s] -- Up-to-date: /home/husarion/uros_ws/install/micro_ros_setup/./config/raspbian/generic/supported_platforms
[0.928s] -- Up-to-date: /home/husarion/uros_ws/install/micro_ros_setup/./config/raspbian/generic/build.sh
[0.928s] -- Up-to-date: /home/husarion/uros_ws/install/micro_ros_setup/./config/raspbian/generic/configure.sh
[0.929s] -- Up-to-date: /home/husarion/uros_ws/install/micro_ros_setup/./config/raspbian/generic/client-colcon.meta
[0.931s] -- Up-to-date: /home/husarion/uros_ws/install/micro_ros_setup/./config/raspbian/generic/create.sh
[0.932s] -- Up-to-date: /home/husarion/uros_ws/install/micro_ros_setup/./config/raspbian/generic/client_uros_packages.repos
[0.933s] -- Up-to-date: /home/husarion/uros_ws/install/micro_ros_setup/./config/client_uros_packages.repos
[0.934s] -- Up-to-date: /home/husarion/uros_ws/install/micro_ros_setup/./config/generate_lib
[0.937s] -- Up-to-date: /home/husarion/uros_ws/install/micro_ros_setup/./config/generate_lib/dev_ros2_packages.txt
[0.938s] -- Up-to-date: /home/husarion/uros_ws/install/micro_ros_setup/./config/generate_lib/dev_uros_packages.repos
[0.939s] -- Up-to-date: /home/husarion/uros_ws/install/micro_ros_setup/./config/generate_lib/generic
[0.939s] -- Up-to-date: /home/husarion/uros_ws/install/micro_ros_setup/./config/generate_lib/generic/flash.sh
[0.940s] -- Up-to-date: /home/husarion/uros_ws/install/micro_ros_setup/./config/generate_lib/generic/package.xml
[0.941s] -- Up-to-date: /home/husarion/uros_ws/install/micro_ros_setup/./config/generate_lib/generic/demo_toolchain.cmake
[0.942s] -- Up-to-date: /home/husarion/uros_ws/install/micro_ros_setup/./config/generate_lib/generic/build.sh
[0.943s] -- Up-to-date: /home/husarion/uros_ws/install/micro_ros_setup/./config/generate_lib/generic/client-colcon.meta
[0.943s] -- Up-to-date: /home/husarion/uros_ws/install/micro_ros_setup/./config/generate_lib/generic/create.sh
[0.944s] -- Up-to-date: /home/husarion/uros_ws/install/micro_ros_setup/./config/generate_lib/generic/client_uros_packages.repos
[0.945s] -- Up-to-date: /home/husarion/uros_ws/install/micro_ros_setup/lib/micro_ros_setup/create_ws.sh
[0.946s] -- Up-to-date: /home/husarion/uros_ws/install/micro_ros_setup/lib/micro_ros_setup/create_agent_ws.sh
[0.946s] -- Up-to-date: /home/husarion/uros_ws/install/micro_ros_setup/lib/micro_ros_setup/create_firmware_ws.sh
[0.947s] -- Up-to-date: /home/husarion/uros_ws/install/micro_ros_setup/lib/micro_ros_setup/configure_firmware.sh
[0.948s] -- Up-to-date: /home/husarion/uros_ws/install/micro_ros_setup/lib/micro_ros_setup/flash_firmware.sh
[0.948s] -- Up-to-date: /home/husarion/uros_ws/install/micro_ros_setup/lib/micro_ros_setup/reset_firmware.sh
[0.949s] -- Up-to-date: /home/husarion/uros_ws/install/micro_ros_setup/lib/micro_ros_setup/build_firmware.sh
[0.954s] -- Up-to-date: /home/husarion/uros_ws/install/micro_ros_setup/lib/micro_ros_setup/build_agent.sh
[0.955s] -- Up-to-date: /home/husarion/uros_ws/install/micro_ros_setup/lib/micro_ros_setup/yaml_filter.py
[0.955s] -- Up-to-date: /home/husarion/uros_ws/install/micro_ros_setup/lib/micro_ros_setup/clean_env.sh
[0.956s] Invoked command in '/home/husarion/uros_ws/build/micro_ros_setup' returned '0': CMAKE_PREFIX_PATH=${CMAKE_PREFIX_PATH}:/home/husarion/ROS2swarm/install/thymio_driver:/home/husarion/ROS2swarm/install/ros2swarm:/home/husarion/ROS2swarm/install/launch_gazebo:/opt/ros/foxy /usr/bin/cmake --install /home/husarion/uros_ws/build/micro_ros_setup
