[0.013s] Invoking command in '/ros2_ws/build/rosbot_description': AMENT_PREFIX_PATH=/ros2_ws/install/ros_components_description:${AMENT_PREFIX_PATH} CMAKE_PREFIX_PATH=/ros2_ws/install/ros_components_description:/opt/ros/humble /usr/bin/cmake /ros2_ws/src/rosbot_description -DCMAKE_INSTALL_PREFIX=/ros2_ws/install/rosbot_description
[0.092s] -- The C compiler identification is GNU 11.3.0
[0.172s] -- The CXX compiler identification is GNU 11.3.0
[0.182s] -- Detecting C compiler ABI info
[0.287s] -- Detecting C compiler ABI info - done
[0.292s] -- Check for working C compiler: /usr/bin/cc - skipped
[0.298s] -- Detecting C compile features
[0.299s] -- Detecting C compile features - done
[0.304s] -- Detecting CXX compiler ABI info
[0.423s] -- Detecting CXX compiler ABI info - done
[0.431s] -- Check for working CXX compiler: /usr/bin/c++ - skipped
[0.432s] -- Detecting CXX compile features
[0.433s] -- Detecting CXX compile features - done
[0.436s] -- Found ament_cmake: 1.3.3 (/opt/ros/humble/share/ament_cmake/cmake)
[0.643s] -- Found Python3: /usr/bin/python3.10 (found version "3.10.6") found components: Interpreter 
[0.865s] -- Configuring done
[0.871s] -- Generating done
[0.873s] -- Build files have been written to: /ros2_ws/build/rosbot_description
[0.879s] Invoked command in '/ros2_ws/build/rosbot_description' returned '0': AMENT_PREFIX_PATH=/ros2_ws/install/ros_components_description:${AMENT_PREFIX_PATH} CMAKE_PREFIX_PATH=/ros2_ws/install/ros_components_description:/opt/ros/humble /usr/bin/cmake /ros2_ws/src/rosbot_description -DCMAKE_INSTALL_PREFIX=/ros2_ws/install/rosbot_description
[0.880s] Invoking command in '/ros2_ws/build/rosbot_description': AMENT_PREFIX_PATH=/ros2_ws/install/ros_components_description:${AMENT_PREFIX_PATH} CMAKE_PREFIX_PATH=/ros2_ws/install/ros_components_description:/opt/ros/humble /usr/bin/cmake --build /ros2_ws/build/rosbot_description -- -j2 -l2
[0.933s] Invoked command in '/ros2_ws/build/rosbot_description' returned '0': AMENT_PREFIX_PATH=/ros2_ws/install/ros_components_description:${AMENT_PREFIX_PATH} CMAKE_PREFIX_PATH=/ros2_ws/install/ros_components_description:/opt/ros/humble /usr/bin/cmake --build /ros2_ws/build/rosbot_description -- -j2 -l2
[0.960s] Invoking command in '/ros2_ws/build/rosbot_description': AMENT_PREFIX_PATH=/ros2_ws/install/ros_components_description:${AMENT_PREFIX_PATH} CMAKE_PREFIX_PATH=/ros2_ws/install/ros_components_description:/opt/ros/humble /usr/bin/cmake --install /ros2_ws/build/rosbot_description
[0.970s] -- Install configuration: ""
[0.970s] -- Installing: /ros2_ws/install/rosbot_description/share/rosbot_description/meshes
[0.971s] -- Installing: /ros2_ws/install/rosbot_description/share/rosbot_description/meshes/wheel_b.dae
[0.971s] -- Installing: /ros2_ws/install/rosbot_description/share/rosbot_description/meshes/mecanum_b.dae
[0.981s] -- Installing: /ros2_ws/install/rosbot_description/share/rosbot_description/meshes/cover.stl
[0.981s] -- Installing: /ros2_ws/install/rosbot_description/share/rosbot_description/meshes/mecanum_a.dae
[0.990s] -- Installing: /ros2_ws/install/rosbot_description/share/rosbot_description/meshes/body.stl
[0.991s] -- Installing: /ros2_ws/install/rosbot_description/share/rosbot_description/meshes/wheel_a.dae
[0.992s] -- Installing: /ros2_ws/install/rosbot_description/share/rosbot_description/urdf
[0.992s] -- Installing: /ros2_ws/install/rosbot_description/share/rosbot_description/urdf/rosbot_macro.urdf.xacro
[0.992s] -- Installing: /ros2_ws/install/rosbot_description/share/rosbot_description/urdf/body.urdf.xacro
[0.992s] -- Installing: /ros2_ws/install/rosbot_description/share/rosbot_description/urdf/wheel.urdf.xacro
[0.992s] -- Installing: /ros2_ws/install/rosbot_description/share/rosbot_description/urdf/rosbot.urdf.xacro
[0.993s] -- Installing: /ros2_ws/install/rosbot_description/share/rosbot_description/urdf/components
[0.993s] -- Installing: /ros2_ws/install/rosbot_description/share/rosbot_description/urdf/components/vl53lox.urdf.xacro
[0.993s] -- Installing: /ros2_ws/install/rosbot_description/share/ament_index/resource_index/package_run_dependencies/rosbot_description
[0.993s] -- Installing: /ros2_ws/install/rosbot_description/share/ament_index/resource_index/parent_prefix_path/rosbot_description
[0.993s] -- Installing: /ros2_ws/install/rosbot_description/share/rosbot_description/environment/ament_prefix_path.sh
[0.994s] -- Installing: /ros2_ws/install/rosbot_description/share/rosbot_description/environment/ament_prefix_path.dsv
[0.994s] -- Installing: /ros2_ws/install/rosbot_description/share/rosbot_description/environment/path.sh
[0.994s] -- Installing: /ros2_ws/install/rosbot_description/share/rosbot_description/environment/path.dsv
[0.995s] -- Installing: /ros2_ws/install/rosbot_description/share/rosbot_description/local_setup.bash
[0.995s] -- Installing: /ros2_ws/install/rosbot_description/share/rosbot_description/local_setup.sh
[0.996s] -- Installing: /ros2_ws/install/rosbot_description/share/rosbot_description/local_setup.zsh
[0.996s] -- Installing: /ros2_ws/install/rosbot_description/share/rosbot_description/local_setup.dsv
[0.996s] -- Installing: /ros2_ws/install/rosbot_description/share/rosbot_description/package.dsv
[0.996s] -- Installing: /ros2_ws/install/rosbot_description/share/ament_index/resource_index/packages/rosbot_description
[0.996s] -- Installing: /ros2_ws/install/rosbot_description/share/rosbot_description/cmake/rosbot_descriptionConfig.cmake
[0.996s] -- Installing: /ros2_ws/install/rosbot_description/share/rosbot_description/cmake/rosbot_descriptionConfig-version.cmake
[0.997s] -- Installing: /ros2_ws/install/rosbot_description/share/rosbot_description/package.xml
[1.008s] Invoked command in '/ros2_ws/build/rosbot_description' returned '0': AMENT_PREFIX_PATH=/ros2_ws/install/ros_components_description:${AMENT_PREFIX_PATH} CMAKE_PREFIX_PATH=/ros2_ws/install/ros_components_description:/opt/ros/humble /usr/bin/cmake --install /ros2_ws/build/rosbot_description
