[0.327s] Invoking command in '/home/husarion/uros_ws/build/micro_ros_msgs': CMAKE_PREFIX_PATH=${CMAKE_PREFIX_PATH}:/home/husarion/ROS2swarm/install/thymio_driver:/home/husarion/ROS2swarm/install/ros2swarm:/home/husarion/ROS2swarm/install/launch_gazebo:/opt/ros/foxy /usr/bin/cmake /home/husarion/uros_ws/src/uros/micro_ros_msgs -DCMAKE_INSTALL_PREFIX=/home/husarion/uros_ws/install/micro_ros_msgs
[0.540s] -- Found ament_cmake: 0.9.9 (/opt/ros/foxy/share/ament_cmake/cmake)
[0.758s] -- Found PythonInterp: /usr/bin/python3 (found suitable version "3.8.10", minimum required is "3") 
[0.760s] -- Using PYTHON_EXECUTABLE: /usr/bin/python3
[2.054s] -- Found rosidl_default_generators: 1.0.1 (/opt/ros/foxy/share/rosidl_default_generators/cmake)
[2.089s] -- Using all available rosidl_typesupport_c: rosidl_typesupport_fastrtps_c;rosidl_typesupport_introspection_c
[2.122s] -- Found rosidl_adapter: 1.2.1 (/opt/ros/foxy/share/rosidl_adapter/cmake)
[2.995s] -- Using all available rosidl_typesupport_cpp: rosidl_typesupport_fastrtps_cpp;rosidl_typesupport_introspection_cpp
[3.183s] -- Found ament_lint_auto: 0.9.6 (/opt/ros/foxy/share/ament_lint_auto/cmake)
[3.773s] -- Found PythonInterp: /usr/bin/python3 (found version "3.8.10") 
[4.289s] -- Found ament_cmake_ros: 0.9.2 (/opt/ros/foxy/share/ament_cmake_ros/cmake)
[4.893s] -- Using all available rosidl_typesupport_c: rosidl_typesupport_fastrtps_c;rosidl_typesupport_introspection_c
[4.956s] -- Using all available rosidl_typesupport_cpp: rosidl_typesupport_fastrtps_cpp;rosidl_typesupport_introspection_cpp
[5.140s] -- Found PythonInterp: /usr/bin/python3 (found suitable version "3.8.10", minimum required is "3.5") 
[5.149s] -- Found python_cmake_module: 0.8.1 (/opt/ros/foxy/share/python_cmake_module/cmake)
[5.337s] -- Using PYTHON_EXECUTABLE: /usr/bin/python3
[5.337s] -- Using PYTHON_INCLUDE_DIRS: /usr/include/python3.8
[5.338s] -- Using PYTHON_LIBRARIES: /usr/lib/x86_64-linux-gnu/libpython3.8.so
[5.474s] -- Added test 'copyright' to check source files copyright and LICENSE
[5.666s] -- Added test 'lint_cmake' to check CMake code style
[5.729s] -- Added test 'xmllint' to check XML markup files
[5.783s] -- Configuring done
[6.056s] -- Generating done
[6.075s] -- Build files have been written to: /home/husarion/uros_ws/build/micro_ros_msgs
[6.109s] Invoked command in '/home/husarion/uros_ws/build/micro_ros_msgs' returned '0': CMAKE_PREFIX_PATH=${CMAKE_PREFIX_PATH}:/home/husarion/ROS2swarm/install/thymio_driver:/home/husarion/ROS2swarm/install/ros2swarm:/home/husarion/ROS2swarm/install/launch_gazebo:/opt/ros/foxy /usr/bin/cmake /home/husarion/uros_ws/src/uros/micro_ros_msgs -DCMAKE_INSTALL_PREFIX=/home/husarion/uros_ws/install/micro_ros_msgs
[6.118s] Invoking command in '/home/husarion/uros_ws/build/micro_ros_msgs': CMAKE_PREFIX_PATH=${CMAKE_PREFIX_PATH}:/home/husarion/ROS2swarm/install/thymio_driver:/home/husarion/ROS2swarm/install/ros2swarm:/home/husarion/ROS2swarm/install/launch_gazebo:/opt/ros/foxy /usr/bin/cmake --build /home/husarion/uros_ws/build/micro_ros_msgs -- -j4 -l4
[6.395s] [  2%] Built target micro_ros_msgs__cpp
[6.431s] [ 12%] Built target micro_ros_msgs__rosidl_generator_c
[6.531s] [ 23%] Built target micro_ros_msgs__rosidl_typesupport_introspection_cpp
[6.560s] [ 34%] Built target micro_ros_msgs__rosidl_typesupport_fastrtps_cpp
[6.566s] [ 44%] Built target micro_ros_msgs__rosidl_typesupport_cpp
[6.599s] [ 55%] Built target micro_ros_msgs__rosidl_typesupport_c
[6.665s] [ 65%] Built target micro_ros_msgs__rosidl_typesupport_introspection_c
[6.695s] [ 76%] Built target micro_ros_msgs__rosidl_typesupport_fastrtps_c
[6.808s] [ 76%] Built target micro_ros_msgs
[6.925s] [ 78%] Built target micro_ros_msgs__py
[7.077s] [ 87%] Built target micro_ros_msgs__python
[7.241s] [ 91%] Built target micro_ros_msgs__rosidl_typesupport_c__pyext
[7.245s] [ 95%] Built target micro_ros_msgs__rosidl_typesupport_fastrtps_c__pyext
[7.253s] [100%] Built target micro_ros_msgs__rosidl_typesupport_introspection_c__pyext
[7.306s] Invoked command in '/home/husarion/uros_ws/build/micro_ros_msgs' returned '0': CMAKE_PREFIX_PATH=${CMAKE_PREFIX_PATH}:/home/husarion/ROS2swarm/install/thymio_driver:/home/husarion/ROS2swarm/install/ros2swarm:/home/husarion/ROS2swarm/install/launch_gazebo:/opt/ros/foxy /usr/bin/cmake --build /home/husarion/uros_ws/build/micro_ros_msgs -- -j4 -l4
[7.743s] Invoking command in '/home/husarion/uros_ws/build/micro_ros_msgs': CMAKE_PREFIX_PATH=${CMAKE_PREFIX_PATH}:/home/husarion/ROS2swarm/install/thymio_driver:/home/husarion/ROS2swarm/install/ros2swarm:/home/husarion/ROS2swarm/install/launch_gazebo:/opt/ros/foxy /usr/bin/cmake --install /home/husarion/uros_ws/build/micro_ros_msgs
[7.792s] -- Install configuration: ""
[7.817s] -- Up-to-date: /home/husarion/uros_ws/install/micro_ros_msgs/share/ament_index/resource_index/rosidl_interfaces/micro_ros_msgs
[7.818s] -- Up-to-date: /home/husarion/uros_ws/install/micro_ros_msgs/include/micro_ros_msgs
[7.820s] -- Up-to-date: /home/husarion/uros_ws/install/micro_ros_msgs/include/micro_ros_msgs/msg
[7.825s] -- Up-to-date: /home/husarion/uros_ws/install/micro_ros_msgs/include/micro_ros_msgs/msg/detail
[7.833s] -- Up-to-date: /home/husarion/uros_ws/install/micro_ros_msgs/include/micro_ros_msgs/msg/detail/node__functions.c
[7.834s] -- Up-to-date: /home/husarion/uros_ws/install/micro_ros_msgs/include/micro_ros_msgs/msg/detail/node__functions.h
[7.834s] -- Up-to-date: /home/husarion/uros_ws/install/micro_ros_msgs/include/micro_ros_msgs/msg/detail/graph__struct.h
[7.835s] -- Up-to-date: /home/husarion/uros_ws/install/micro_ros_msgs/include/micro_ros_msgs/msg/detail/node__type_support.h
[7.835s] -- Up-to-date: /home/husarion/uros_ws/install/micro_ros_msgs/include/micro_ros_msgs/msg/detail/node__struct.h
[7.836s] -- Up-to-date: /home/husarion/uros_ws/install/micro_ros_msgs/include/micro_ros_msgs/msg/detail/graph__type_support.h
[7.836s] -- Up-to-date: /home/husarion/uros_ws/install/micro_ros_msgs/include/micro_ros_msgs/msg/detail/entity__functions.c
[7.837s] -- Up-to-date: /home/husarion/uros_ws/install/micro_ros_msgs/include/micro_ros_msgs/msg/detail/graph__functions.h
[7.838s] -- Up-to-date: /home/husarion/uros_ws/install/micro_ros_msgs/include/micro_ros_msgs/msg/detail/entity__struct.h
[7.838s] -- Up-to-date: /home/husarion/uros_ws/install/micro_ros_msgs/include/micro_ros_msgs/msg/detail/graph__functions.c
[7.839s] -- Up-to-date: /home/husarion/uros_ws/install/micro_ros_msgs/include/micro_ros_msgs/msg/detail/entity__functions.h
[7.839s] -- Up-to-date: /home/husarion/uros_ws/install/micro_ros_msgs/include/micro_ros_msgs/msg/detail/entity__type_support.h
[7.840s] -- Up-to-date: /home/husarion/uros_ws/install/micro_ros_msgs/include/micro_ros_msgs/msg/entity.h
[7.840s] -- Up-to-date: /home/husarion/uros_ws/install/micro_ros_msgs/include/micro_ros_msgs/msg/rosidl_generator_c__visibility_control.h
[7.841s] -- Up-to-date: /home/husarion/uros_ws/install/micro_ros_msgs/include/micro_ros_msgs/msg/node.h
[7.845s] -- Up-to-date: /home/husarion/uros_ws/install/micro_ros_msgs/include/micro_ros_msgs/msg/graph.h
[7.846s] -- Up-to-date: /home/husarion/uros_ws/install/micro_ros_msgs/share/micro_ros_msgs/environment/library_path.sh
[7.847s] -- Installing: /home/husarion/uros_ws/install/micro_ros_msgs/share/micro_ros_msgs/environment/library_path.dsv
[7.849s] -- Up-to-date: /home/husarion/uros_ws/install/micro_ros_msgs/lib/libmicro_ros_msgs__rosidl_generator_c.so
[7.851s] -- Up-to-date: /home/husarion/uros_ws/install/micro_ros_msgs/include/micro_ros_msgs
[7.852s] -- Up-to-date: /home/husarion/uros_ws/install/micro_ros_msgs/include/micro_ros_msgs/msg
[7.853s] -- Up-to-date: /home/husarion/uros_ws/install/micro_ros_msgs/include/micro_ros_msgs/msg/detail
[7.853s] -- Up-to-date: /home/husarion/uros_ws/install/micro_ros_msgs/include/micro_ros_msgs/msg/detail/entity__rosidl_typesupport_fastrtps_c.h
[7.854s] -- Up-to-date: /home/husarion/uros_ws/install/micro_ros_msgs/include/micro_ros_msgs/msg/detail/graph__rosidl_typesupport_fastrtps_c.h
[7.855s] -- Up-to-date: /home/husarion/uros_ws/install/micro_ros_msgs/include/micro_ros_msgs/msg/detail/node__rosidl_typesupport_fastrtps_c.h
[7.855s] -- Up-to-date: /home/husarion/uros_ws/install/micro_ros_msgs/include/micro_ros_msgs/msg/rosidl_typesupport_fastrtps_c__visibility_control.h
[7.857s] -- Up-to-date: /home/husarion/uros_ws/install/micro_ros_msgs/lib/libmicro_ros_msgs__rosidl_typesupport_fastrtps_c.so
[7.857s] -- Up-to-date: /home/husarion/uros_ws/install/micro_ros_msgs/include/micro_ros_msgs
[7.858s] -- Up-to-date: /home/husarion/uros_ws/install/micro_ros_msgs/include/micro_ros_msgs/msg
[7.858s] -- Up-to-date: /home/husarion/uros_ws/install/micro_ros_msgs/include/micro_ros_msgs/msg/detail
[7.859s] -- Up-to-date: /home/husarion/uros_ws/install/micro_ros_msgs/include/micro_ros_msgs/msg/detail/entity__rosidl_typesupport_fastrtps_cpp.hpp
[7.860s] -- Up-to-date: /home/husarion/uros_ws/install/micro_ros_msgs/include/micro_ros_msgs/msg/detail/graph__rosidl_typesupport_fastrtps_cpp.hpp
[7.860s] -- Up-to-date: /home/husarion/uros_ws/install/micro_ros_msgs/include/micro_ros_msgs/msg/detail/dds_fastrtps
[7.862s] -- Up-to-date: /home/husarion/uros_ws/install/micro_ros_msgs/include/micro_ros_msgs/msg/detail/node__rosidl_typesupport_fastrtps_cpp.hpp
[7.863s] -- Up-to-date: /home/husarion/uros_ws/install/micro_ros_msgs/include/micro_ros_msgs/msg/rosidl_typesupport_fastrtps_cpp__visibility_control.h
[7.865s] -- Up-to-date: /home/husarion/uros_ws/install/micro_ros_msgs/lib/libmicro_ros_msgs__rosidl_typesupport_fastrtps_cpp.so
[7.866s] -- Up-to-date: /home/husarion/uros_ws/install/micro_ros_msgs/include/micro_ros_msgs
[7.867s] -- Up-to-date: /home/husarion/uros_ws/install/micro_ros_msgs/include/micro_ros_msgs/msg
[7.868s] -- Up-to-date: /home/husarion/uros_ws/install/micro_ros_msgs/include/micro_ros_msgs/msg/rosidl_typesupport_introspection_c__visibility_control.h
[7.872s] -- Up-to-date: /home/husarion/uros_ws/install/micro_ros_msgs/include/micro_ros_msgs/msg/detail
[7.874s] -- Up-to-date: /home/husarion/uros_ws/install/micro_ros_msgs/include/micro_ros_msgs/msg/detail/entity__type_support.c
[7.874s] -- Up-to-date: /home/husarion/uros_ws/install/micro_ros_msgs/include/micro_ros_msgs/msg/detail/graph__type_support.c
[7.875s] -- Up-to-date: /home/husarion/uros_ws/install/micro_ros_msgs/include/micro_ros_msgs/msg/detail/node__type_support.c
[7.875s] -- Up-to-date: /home/husarion/uros_ws/install/micro_ros_msgs/include/micro_ros_msgs/msg/detail/node__rosidl_typesupport_introspection_c.h
[7.876s] -- Up-to-date: /home/husarion/uros_ws/install/micro_ros_msgs/include/micro_ros_msgs/msg/detail/graph__rosidl_typesupport_introspection_c.h
[7.877s] -- Up-to-date: /home/husarion/uros_ws/install/micro_ros_msgs/include/micro_ros_msgs/msg/detail/entity__rosidl_typesupport_introspection_c.h
[7.878s] -- Up-to-date: /home/husarion/uros_ws/install/micro_ros_msgs/lib/libmicro_ros_msgs__rosidl_typesupport_introspection_c.so
[7.886s] -- Up-to-date: /home/husarion/uros_ws/install/micro_ros_msgs/lib/libmicro_ros_msgs__rosidl_typesupport_c.so
[7.887s] -- Up-to-date: /home/husarion/uros_ws/install/micro_ros_msgs/include/micro_ros_msgs
[7.888s] -- Up-to-date: /home/husarion/uros_ws/install/micro_ros_msgs/include/micro_ros_msgs/msg
[7.888s] -- Up-to-date: /home/husarion/uros_ws/install/micro_ros_msgs/include/micro_ros_msgs/msg/detail
[7.889s] -- Up-to-date: /home/husarion/uros_ws/install/micro_ros_msgs/include/micro_ros_msgs/msg/detail/node__builder.hpp
[7.890s] -- Up-to-date: /home/husarion/uros_ws/install/micro_ros_msgs/include/micro_ros_msgs/msg/detail/graph__traits.hpp
[7.894s] -- Up-to-date: /home/husarion/uros_ws/install/micro_ros_msgs/include/micro_ros_msgs/msg/detail/graph__struct.hpp
[7.894s] -- Up-to-date: /home/husarion/uros_ws/install/micro_ros_msgs/include/micro_ros_msgs/msg/detail/entity__traits.hpp
[7.895s] -- Up-to-date: /home/husarion/uros_ws/install/micro_ros_msgs/include/micro_ros_msgs/msg/detail/entity__struct.hpp
[7.895s] -- Up-to-date: /home/husarion/uros_ws/install/micro_ros_msgs/include/micro_ros_msgs/msg/detail/node__struct.hpp
[7.896s] -- Up-to-date: /home/husarion/uros_ws/install/micro_ros_msgs/include/micro_ros_msgs/msg/detail/entity__builder.hpp
[7.896s] -- Up-to-date: /home/husarion/uros_ws/install/micro_ros_msgs/include/micro_ros_msgs/msg/detail/graph__builder.hpp
[7.897s] -- Up-to-date: /home/husarion/uros_ws/install/micro_ros_msgs/include/micro_ros_msgs/msg/detail/node__traits.hpp
[7.897s] -- Up-to-date: /home/husarion/uros_ws/install/micro_ros_msgs/include/micro_ros_msgs/msg/node.hpp
[7.898s] -- Up-to-date: /home/husarion/uros_ws/install/micro_ros_msgs/include/micro_ros_msgs/msg/entity.hpp
[7.898s] -- Up-to-date: /home/husarion/uros_ws/install/micro_ros_msgs/include/micro_ros_msgs/msg/graph.hpp
[7.898s] -- Up-to-date: /home/husarion/uros_ws/install/micro_ros_msgs/include/micro_ros_msgs
[7.899s] -- Up-to-date: /home/husarion/uros_ws/install/micro_ros_msgs/include/micro_ros_msgs/msg
[7.899s] -- Up-to-date: /home/husarion/uros_ws/install/micro_ros_msgs/include/micro_ros_msgs/msg/detail
[7.900s] -- Up-to-date: /home/husarion/uros_ws/install/micro_ros_msgs/include/micro_ros_msgs/msg/detail/node__rosidl_typesupport_introspection_cpp.hpp
[7.900s] -- Up-to-date: /home/husarion/uros_ws/install/micro_ros_msgs/include/micro_ros_msgs/msg/detail/graph__type_support.cpp
[7.901s] -- Up-to-date: /home/husarion/uros_ws/install/micro_ros_msgs/include/micro_ros_msgs/msg/detail/entity__rosidl_typesupport_introspection_cpp.hpp
[7.901s] -- Up-to-date: /home/husarion/uros_ws/install/micro_ros_msgs/include/micro_ros_msgs/msg/detail/graph__rosidl_typesupport_introspection_cpp.hpp
[7.902s] -- Up-to-date: /home/husarion/uros_ws/install/micro_ros_msgs/include/micro_ros_msgs/msg/detail/node__type_support.cpp
[7.902s] -- Up-to-date: /home/husarion/uros_ws/install/micro_ros_msgs/include/micro_ros_msgs/msg/detail/entity__type_support.cpp
[7.903s] -- Up-to-date: /home/husarion/uros_ws/install/micro_ros_msgs/lib/libmicro_ros_msgs__rosidl_typesupport_introspection_cpp.so
[7.903s] -- Up-to-date: /home/husarion/uros_ws/install/micro_ros_msgs/lib/libmicro_ros_msgs__rosidl_typesupport_cpp.so
[7.903s] -- Up-to-date: /home/husarion/uros_ws/install/micro_ros_msgs/share/micro_ros_msgs/environment/pythonpath.sh
[7.904s] -- Installing: /home/husarion/uros_ws/install/micro_ros_msgs/share/micro_ros_msgs/environment/pythonpath.dsv
[7.904s] -- Installing: /home/husarion/uros_ws/install/micro_ros_msgs/lib/python3.8/site-packages/micro_ros_msgs/__init__.py
[8.131s] Compiling '/home/husarion/uros_ws/install/micro_ros_msgs/lib/python3.8/site-packages/micro_ros_msgs/__init__.py'...
[8.156s] -- Up-to-date: /home/husarion/uros_ws/install/micro_ros_msgs/lib/python3.8/site-packages/micro_ros_msgs/msg
[8.158s] -- Up-to-date: /home/husarion/uros_ws/install/micro_ros_msgs/lib/python3.8/site-packages/micro_ros_msgs/msg/_graph.py
[8.160s] -- Up-to-date: /home/husarion/uros_ws/install/micro_ros_msgs/lib/python3.8/site-packages/micro_ros_msgs/msg/_entity_s.c
[8.161s] -- Up-to-date: /home/husarion/uros_ws/install/micro_ros_msgs/lib/python3.8/site-packages/micro_ros_msgs/msg/__init__.py
[8.162s] -- Up-to-date: /home/husarion/uros_ws/install/micro_ros_msgs/lib/python3.8/site-packages/micro_ros_msgs/msg/_node.py
[8.163s] -- Up-to-date: /home/husarion/uros_ws/install/micro_ros_msgs/lib/python3.8/site-packages/micro_ros_msgs/msg/_graph_s.c
[8.163s] -- Up-to-date: /home/husarion/uros_ws/install/micro_ros_msgs/lib/python3.8/site-packages/micro_ros_msgs/msg/_entity.py
[8.164s] -- Up-to-date: /home/husarion/uros_ws/install/micro_ros_msgs/lib/python3.8/site-packages/micro_ros_msgs/msg/_node_s.c
[8.164s] -- Up-to-date: /home/husarion/uros_ws/install/micro_ros_msgs/lib/python3.8/site-packages/micro_ros_msgs/micro_ros_msgs_s__rosidl_typesupport_fastrtps_c.cpython-38-x86_64-linux-gnu.so
[8.165s] -- Up-to-date: /home/husarion/uros_ws/install/micro_ros_msgs/lib/python3.8/site-packages/micro_ros_msgs/micro_ros_msgs_s__rosidl_typesupport_introspection_c.cpython-38-x86_64-linux-gnu.so
[8.167s] -- Up-to-date: /home/husarion/uros_ws/install/micro_ros_msgs/lib/python3.8/site-packages/micro_ros_msgs/micro_ros_msgs_s__rosidl_typesupport_c.cpython-38-x86_64-linux-gnu.so
[8.173s] -- Up-to-date: /home/husarion/uros_ws/install/micro_ros_msgs/lib/libmicro_ros_msgs__python.so
[8.174s] -- Up-to-date: /home/husarion/uros_ws/install/micro_ros_msgs/share/micro_ros_msgs/msg/Graph.idl
[8.175s] -- Up-to-date: /home/husarion/uros_ws/install/micro_ros_msgs/share/micro_ros_msgs/msg/Node.idl
[8.176s] -- Up-to-date: /home/husarion/uros_ws/install/micro_ros_msgs/share/micro_ros_msgs/msg/Entity.idl
[8.177s] -- Up-to-date: /home/husarion/uros_ws/install/micro_ros_msgs/share/micro_ros_msgs/msg/Graph.msg
[8.178s] -- Up-to-date: /home/husarion/uros_ws/install/micro_ros_msgs/share/micro_ros_msgs/msg/Node.msg
[8.179s] -- Up-to-date: /home/husarion/uros_ws/install/micro_ros_msgs/share/micro_ros_msgs/msg/Entity.msg
[8.180s] -- Up-to-date: /home/husarion/uros_ws/install/micro_ros_msgs/share/ament_index/resource_index/package_run_dependencies/micro_ros_msgs
[8.181s] -- Installing: /home/husarion/uros_ws/install/micro_ros_msgs/share/ament_index/resource_index/parent_prefix_path/micro_ros_msgs
[8.181s] -- Up-to-date: /home/husarion/uros_ws/install/micro_ros_msgs/share/micro_ros_msgs/environment/ament_prefix_path.sh
[8.182s] -- Installing: /home/husarion/uros_ws/install/micro_ros_msgs/share/micro_ros_msgs/environment/ament_prefix_path.dsv
[8.183s] -- Up-to-date: /home/husarion/uros_ws/install/micro_ros_msgs/share/micro_ros_msgs/environment/path.sh
[8.184s] -- Installing: /home/husarion/uros_ws/install/micro_ros_msgs/share/micro_ros_msgs/environment/path.dsv
[8.184s] -- Up-to-date: /home/husarion/uros_ws/install/micro_ros_msgs/share/micro_ros_msgs/local_setup.bash
[8.185s] -- Up-to-date: /home/husarion/uros_ws/install/micro_ros_msgs/share/micro_ros_msgs/local_setup.sh
[8.185s] -- Up-to-date: /home/husarion/uros_ws/install/micro_ros_msgs/share/micro_ros_msgs/local_setup.zsh
[8.186s] -- Installing: /home/husarion/uros_ws/install/micro_ros_msgs/share/micro_ros_msgs/local_setup.dsv
[8.186s] -- Installing: /home/husarion/uros_ws/install/micro_ros_msgs/share/micro_ros_msgs/package.dsv
[8.187s] -- Up-to-date: /home/husarion/uros_ws/install/micro_ros_msgs/share/ament_index/resource_index/packages/micro_ros_msgs
[8.187s] -- Up-to-date: /home/husarion/uros_ws/install/micro_ros_msgs/share/micro_ros_msgs/cmake/micro_ros_msgs__rosidl_generator_cExport.cmake
[8.188s] -- Installing: /home/husarion/uros_ws/install/micro_ros_msgs/share/micro_ros_msgs/cmake/micro_ros_msgs__rosidl_generator_cExport-noconfig.cmake
[8.189s] -- Up-to-date: /home/husarion/uros_ws/install/micro_ros_msgs/share/micro_ros_msgs/cmake/micro_ros_msgs__rosidl_typesupport_introspection_cExport.cmake
[8.189s] -- Installing: /home/husarion/uros_ws/install/micro_ros_msgs/share/micro_ros_msgs/cmake/micro_ros_msgs__rosidl_typesupport_introspection_cExport-noconfig.cmake
[8.191s] -- Up-to-date: /home/husarion/uros_ws/install/micro_ros_msgs/share/micro_ros_msgs/cmake/micro_ros_msgs__rosidl_typesupport_cExport.cmake
[8.192s] -- Installing: /home/husarion/uros_ws/install/micro_ros_msgs/share/micro_ros_msgs/cmake/micro_ros_msgs__rosidl_typesupport_cExport-noconfig.cmake
[8.194s] -- Up-to-date: /home/husarion/uros_ws/install/micro_ros_msgs/share/micro_ros_msgs/cmake/micro_ros_msgs__rosidl_generator_cppExport.cmake
[8.196s] -- Up-to-date: /home/husarion/uros_ws/install/micro_ros_msgs/share/micro_ros_msgs/cmake/micro_ros_msgs__rosidl_typesupport_introspection_cppExport.cmake
[8.196s] -- Installing: /home/husarion/uros_ws/install/micro_ros_msgs/share/micro_ros_msgs/cmake/micro_ros_msgs__rosidl_typesupport_introspection_cppExport-noconfig.cmake
[8.198s] -- Up-to-date: /home/husarion/uros_ws/install/micro_ros_msgs/share/micro_ros_msgs/cmake/micro_ros_msgs__rosidl_typesupport_cppExport.cmake
[8.199s] -- Installing: /home/husarion/uros_ws/install/micro_ros_msgs/share/micro_ros_msgs/cmake/micro_ros_msgs__rosidl_typesupport_cppExport-noconfig.cmake
[8.199s] -- Up-to-date: /home/husarion/uros_ws/install/micro_ros_msgs/share/micro_ros_msgs/cmake/rosidl_cmake-extras.cmake
[8.200s] -- Up-to-date: /home/husarion/uros_ws/install/micro_ros_msgs/share/micro_ros_msgs/cmake/ament_cmake_export_dependencies-extras.cmake
[8.201s] -- Up-to-date: /home/husarion/uros_ws/install/micro_ros_msgs/share/micro_ros_msgs/cmake/ament_cmake_export_libraries-extras.cmake
[8.202s] -- Up-to-date: /home/husarion/uros_ws/install/micro_ros_msgs/share/micro_ros_msgs/cmake/ament_cmake_export_targets-extras.cmake
[8.202s] -- Up-to-date: /home/husarion/uros_ws/install/micro_ros_msgs/share/micro_ros_msgs/cmake/ament_cmake_export_include_directories-extras.cmake
[8.203s] -- Up-to-date: /home/husarion/uros_ws/install/micro_ros_msgs/share/micro_ros_msgs/cmake/rosidl_cmake_export_typesupport_libraries-extras.cmake
[8.203s] -- Up-to-date: /home/husarion/uros_ws/install/micro_ros_msgs/share/micro_ros_msgs/cmake/rosidl_cmake_export_typesupport_targets-extras.cmake
[8.204s] -- Up-to-date: /home/husarion/uros_ws/install/micro_ros_msgs/share/micro_ros_msgs/cmake/micro_ros_msgsConfig.cmake
[8.204s] -- Up-to-date: /home/husarion/uros_ws/install/micro_ros_msgs/share/micro_ros_msgs/cmake/micro_ros_msgsConfig-version.cmake
[8.205s] -- Up-to-date: /home/husarion/uros_ws/install/micro_ros_msgs/share/micro_ros_msgs/package.xml
[8.221s] Invoked command in '/home/husarion/uros_ws/build/micro_ros_msgs' returned '0': CMAKE_PREFIX_PATH=${CMAKE_PREFIX_PATH}:/home/husarion/ROS2swarm/install/thymio_driver:/home/husarion/ROS2swarm/install/ros2swarm:/home/husarion/ROS2swarm/install/launch_gazebo:/opt/ros/foxy /usr/bin/cmake --install /home/husarion/uros_ws/build/micro_ros_msgs
